0.0001 	 	Subj ID: pilot_global_14.047.17_jari2
0.0005 	 	Run: 2014-07-17 13:45:15.513938
0.0005 	 	Age: 18
0.0005 	 	Group: Control
0.0005 	 	--------------------------------------------------------
0.0005 	 	INFO
0.0005 	 	timestamp CUE
0.0005 	 	timestamp STIM  [state for each rule G1 G2 L1 L2 : 0,1,2,3] RULE [current rule]
0.0006 	 	timestamp TGT   [states for each card / Up, Right, Down, Left: 0,1,2,3; 0,1,2,3;...]
0.0006 	 	timestamp RESP  [correct: 1/0] [current rule: G1, G2, L1, L2] ANSWER [card selected: 1(up), 2(right), 3(down), 4(left)]
0.0006 	 	timestamp FEEDB [correct/fail] [correct answers] of [series length]
0.0006 	 	--------------------------------------------------------
5.5299 	 	Running set .\configs\sets\letters_of_patches_2-test.json
5.5301 	 	Using deck: 0: 0,3,0,0 | 1: 2,2,0,0 | 2: 3,1,0,0 | 3: 1,0,0,0 
12.6782 	 	CUE
13.1912 	 	STIM   1, 0, 0, 0 RULE G1
13.5412 	 	TGT    3,3,0,0; 1,2,0,0; 2,1,0,0; 0,0,0,0
15.2006 	 	RESP   0 G1 ANSWER -4
15.2006 	 	FEEDB  FAIL 0 of 7
16.2813 	 	CUE
16.7979 	 	STIM   0, 2, 0, 0 RULE G1
17.1481 	 	TGT    3,3,0,0; 1,2,0,0; 2,1,0,0; 0,0,0,0
17.5432 	 	RESP   0 G1 ANSWER -2
17.5432 	 	FEEDB  FAIL 0 of 7
18.6009 	 	CUE
19.1187 	 	STIM   2, 3, 0, 0 RULE G1
19.4687 	 	TGT    3,3,0,0; 1,2,0,0; 2,1,0,0; 0,0,0,0
20.1745 	 	RESP   1 G1 ANSWER 3
20.1746 	 	FEEDB  CORRECT 1 of 7
21.2393 	 	CUE
21.7570 	 	STIM   0, 1, 0, 0 RULE G1
22.1073 	 	TGT    3,3,0,0; 1,2,0,0; 2,1,0,0; 0,0,0,0
23.5002 	 	RESP   0 G1 ANSWER -3
23.5003 	 	FEEDB  FAIL 1 of 7
24.5451 	 	CUE
25.0632 	 	STIM   2, 3, 0, 0 RULE G1
25.4129 	 	TGT    3,3,0,0; 1,2,0,0; 2,1,0,0; 0,0,0,0
26.5544 	 	RESP   1 G1 ANSWER 3
26.5544 	 	FEEDB  CORRECT 2 of 7
27.6174 	 	CUE
28.1367 	 	STIM   2, 2, 0, 0 RULE G1
28.4853 	 	TGT    3,3,0,0; 1,2,0,0; 2,1,0,0; 0,0,0,0
28.9539 	 	RESP   1 G1 ANSWER 3
28.9539 	 	FEEDB  CORRECT 3 of 7
30.0053 	 	CUE
30.5227 	 	STIM   0, 2, 0, 0 RULE G1
30.8732 	 	TGT    3,3,0,0; 1,2,0,0; 2,1,0,0; 0,0,0,0
31.9602 	 	RESP   1 G1 ANSWER 4
31.9602 	 	FEEDB  CORRECT 4 of 7
33.0151 	 	CUE
33.5290 	 	STIM   2, 2, 0, 0 RULE G1
33.8786 	 	TGT    3,3,0,0; 1,2,0,0; 2,1,0,0; 0,0,0,0
37.6692 	 	RESP   1 G1 ANSWER 3
37.6692 	 	FEEDB  CORRECT 5 of 7
38.7546 	 	CUE
39.2720 	 	STIM   1, 3, 0, 0 RULE G1
39.6223 	 	TGT    3,3,0,0; 1,2,0,0; 2,1,0,0; 0,0,0,0
41.2194 	 	RESP   1 G1 ANSWER 2
41.2194 	 	FEEDB  CORRECT 6 of 7
42.2814 	 	CUE
42.7953 	 	STIM   0, 1, 0, 0 RULE G1
43.1458 	 	TGT    3,3,0,0; 1,2,0,0; 2,1,0,0; 0,0,0,0
59.0107 	 	RESP   1 G1 ANSWER 4
59.0107 	 	FEEDB  CORRECT 7 of 7
60.0618 	 	CUE
60.5780 	 	STIM   2, 3, 0, 0 RULE G2
60.9282 	 	TGT    3,3,0,0; 1,2,0,0; 2,1,0,0; 0,0,0,0
61.7132 	 	RESP   0 G2 ANSWER -3
61.7132 	 	FEEDB  FAIL 0 of 7
62.7652 	 	CUE
63.2826 	 	STIM   0, 2, 0, 0 RULE G2
63.6330 	 	TGT    3,3,0,0; 1,2,0,0; 2,1,0,0; 0,0,0,0
65.3592 	 	RESP   0 G2 ANSWER -4
65.3592 	 	FEEDB  FAIL 0 of 7
66.4231 	 	CUE
66.9398 	 	STIM   3, 1, 0, 0 RULE G2
67.2895 	 	TGT    3,3,0,0; 1,2,0,0; 2,1,0,0; 0,0,0,0
67.7662 	 	RESP   1 G2 ANSWER 3
67.7662 	 	FEEDB  CORRECT 1 of 7
68.8264 	 	CUE
69.3436 	 	STIM   0, 3, 0, 0 RULE G2
69.6941 	 	TGT    3,3,0,0; 1,2,0,0; 2,1,0,0; 0,0,0,0
70.1810 	 	RESP   1 G2 ANSWER 1
70.1811 	 	FEEDB  CORRECT 2 of 7
71.2351 	 	CUE
71.7490 	 	STIM   0, 1, 0, 0 RULE G2
72.0988 	 	TGT    3,3,0,0; 1,2,0,0; 2,1,0,0; 0,0,0,0
75.2025 	 	RESP   1 G2 ANSWER 3
75.2025 	 	FEEDB  CORRECT 3 of 7
76.2730 	 	CUE
76.7909 	 	STIM   0, 2, 0, 0 RULE G2
77.1414 	 	TGT    3,3,0,0; 1,2,0,0; 2,1,0,0; 0,0,0,0
77.6092 	 	RESP   1 G2 ANSWER 2
77.6092 	 	FEEDB  CORRECT 4 of 7
78.6779 	 	CUE
79.1954 	 	STIM   3, 0, 0, 0 RULE G2
79.5455 	 	TGT    3,3,0,0; 1,2,0,0; 2,1,0,0; 0,0,0,0
79.9361 	 	RESP   1 G2 ANSWER 4
79.9361 	 	FEEDB  CORRECT 5 of 7
80.9820 	 	CUE
81.4993 	 	STIM   2, 0, 0, 0 RULE G2
81.8499 	 	TGT    3,3,0,0; 1,2,0,0; 2,1,0,0; 0,0,0,0
82.7669 	 	RESP   1 G2 ANSWER 4
82.7669 	 	FEEDB  CORRECT 6 of 7
83.8371 	 	CUE
84.3545 	 	STIM   2, 2, 0, 0 RULE G2
84.7051 	 	TGT    3,3,0,0; 1,2,0,0; 2,1,0,0; 0,0,0,0
85.1496 	 	RESP   1 G2 ANSWER 2
85.1497 	 	FEEDB  CORRECT 7 of 7
86.1929 	 	CUE
86.7153 	 	STIM   3, 1, 0, 0 RULE G1
87.0595 	 	TGT    3,3,0,0; 1,2,0,0; 2,1,0,0; 0,0,0,0
87.5163 	 	RESP   0 G1 ANSWER -3
87.5163 	 	FEEDB  FAIL 0 of 5
88.5623 	 	CUE
89.0802 	 	STIM   3, 1, 0, 0 RULE G1
89.4302 	 	TGT    3,3,0,0; 1,2,0,0; 2,1,0,0; 0,0,0,0
89.7792 	 	RESP   1 G1 ANSWER 1
89.7792 	 	FEEDB  CORRECT 1 of 5
90.8502 	 	CUE
91.3676 	 	STIM   3, 2, 0, 0 RULE G1
91.7179 	 	TGT    3,3,0,0; 1,2,0,0; 2,1,0,0; 0,0,0,0
92.2819 	 	RESP   0 G1 ANSWER -2
92.2819 	 	FEEDB  FAIL 1 of 5
93.3210 	 	CUE
93.8387 	 	STIM   3, 1, 0, 0 RULE G1
94.1891 	 	TGT    3,3,0,0; 1,2,0,0; 2,1,0,0; 0,0,0,0
94.8487 	 	RESP   0 G1 ANSWER -3
94.8487 	 	FEEDB  FAIL 1 of 5
95.8964 	 	CUE
96.4107 	 	STIM   1, 0, 0, 0 RULE G1
96.7605 	 	TGT    3,3,0,0; 1,2,0,0; 2,1,0,0; 0,0,0,0
97.4791 	 	RESP   1 G1 ANSWER 2
97.4792 	 	FEEDB  CORRECT 2 of 5
98.5306 	 	CUE
99.0485 	 	STIM   2, 3, 0, 0 RULE G1
99.3984 	 	TGT    3,3,0,0; 1,2,0,0; 2,1,0,0; 0,0,0,0
100.0780 	 	RESP   1 G1 ANSWER 3
100.0781 	 	FEEDB  CORRECT 3 of 5
101.1232 	 	CUE
101.6370 	 	STIM   2, 3, 0, 0 RULE G1
101.9869 	 	TGT    3,3,0,0; 1,2,0,0; 2,1,0,0; 0,0,0,0
102.9087 	 	RESP   1 G1 ANSWER 3
102.9087 	 	FEEDB  CORRECT 4 of 5
103.9574 	 	CUE
104.4747 	 	STIM   1, 1, 0, 0 RULE G1
104.8252 	 	TGT    3,3,0,0; 1,2,0,0; 2,1,0,0; 0,0,0,0
105.7312 	 	RESP   1 G1 ANSWER 2
105.7313 	 	FEEDB  CORRECT 5 of 5
106.7792 	 	CUE
107.2965 	 	STIM   3, 0, 0, 0 RULE G2
107.6470 	 	TGT    3,3,0,0; 1,2,0,0; 2,1,0,0; 0,0,0,0
108.5536 	 	RESP   0 G2 ANSWER -1
108.5536 	 	FEEDB  FAIL 0 of 5
109.6057 	 	CUE
110.1202 	 	STIM   0, 2, 0, 0 RULE G2
110.4688 	 	TGT    3,3,0,0; 1,2,0,0; 2,1,0,0; 0,0,0,0
112.0721 	 	RESP   0 G2 ANSWER -3
112.0721 	 	FEEDB  FAIL 0 of 5
113.1288 	 	CUE
113.6480 	 	STIM   2, 3, 0, 0 RULE G2
113.9922 	 	TGT    3,3,0,0; 1,2,0,0; 2,1,0,0; 0,0,0,0
115.2382 	 	RESP   0 G2 ANSWER -3
115.2383 	 	FEEDB  FAIL 0 of 5
116.2796 	 	CUE
116.7977 	 	STIM   0, 3, 0, 0 RULE G2
117.1479 	 	TGT    3,3,0,0; 1,2,0,0; 2,1,0,0; 0,0,0,0
118.3488 	 	RESP   0 G2 ANSWER -4
118.3488 	 	FEEDB  FAIL 0 of 5
119.4020 	 	CUE
119.9202 	 	STIM   1, 0, 0, 0 RULE G2
120.2700 	 	TGT    3,3,0,0; 1,2,0,0; 2,1,0,0; 0,0,0,0
121.3153 	 	RESP   0 G2 ANSWER -2
121.3153 	 	FEEDB  FAIL 0 of 5
122.3575 	 	CUE
122.8753 	 	STIM   3, 0, 0, 0 RULE G2
123.2254 	 	TGT    3,3,0,0; 1,2,0,0; 2,1,0,0; 0,0,0,0
124.6337 	 	RESP   0 G2 ANSWER -1
124.6337 	 	FEEDB  FAIL 0 of 5
125.6804 	 	CUE
126.1981 	 	STIM   0, 3, 0, 0 RULE G2
126.5483 	 	TGT    3,3,0,0; 1,2,0,0; 2,1,0,0; 0,0,0,0
128.6317 	 	RESP   0 G2 ANSWER -4
128.6317 	 	FEEDB  FAIL 0 of 5
129.6755 	 	CUE
130.1903 	 	STIM   1, 3, 0, 0 RULE G2
130.5389 	 	TGT    3,3,0,0; 1,2,0,0; 2,1,0,0; 0,0,0,0
131.6863 	 	RESP   0 G2 ANSWER -2
131.6863 	 	FEEDB  FAIL 0 of 5
132.7267 	 	CUE
133.2443 	 	STIM   2, 2, 0, 0 RULE G2
133.5945 	 	TGT    3,3,0,0; 1,2,0,0; 2,1,0,0; 0,0,0,0
134.1809 	 	RESP   1 G2 ANSWER 2
134.1809 	 	FEEDB  CORRECT 1 of 5
135.2310 	 	CUE
135.7488 	 	STIM   2, 3, 0, 0 RULE G2
136.0994 	 	TGT    3,3,0,0; 1,2,0,0; 2,1,0,0; 0,0,0,0
136.7237 	 	RESP   1 G2 ANSWER 1
136.7238 	 	FEEDB  CORRECT 2 of 5
137.7740 	 	CUE
138.2883 	 	STIM   0, 2, 0, 0 RULE G2
138.6371 	 	TGT    3,3,0,0; 1,2,0,0; 2,1,0,0; 0,0,0,0
139.1387 	 	RESP   1 G2 ANSWER 2
139.1387 	 	FEEDB  CORRECT 3 of 5
140.1903 	 	CUE
140.7079 	 	STIM   3, 0, 0, 0 RULE G2
141.0584 	 	TGT    3,3,0,0; 1,2,0,0; 2,1,0,0; 0,0,0,0
141.5853 	 	RESP   1 G2 ANSWER 4
141.5853 	 	FEEDB  CORRECT 4 of 5
142.6329 	 	CUE
143.1475 	 	STIM   2, 2, 0, 0 RULE G2
143.4960 	 	TGT    3,3,0,0; 1,2,0,0; 2,1,0,0; 0,0,0,0
144.3598 	 	RESP   0 G2 ANSWER -3
144.3598 	 	FEEDB  FAIL 4 of 5
145.3996 	 	CUE
145.9176 	 	STIM   0, 1, 0, 0 RULE G2
146.2675 	 	TGT    3,3,0,0; 1,2,0,0; 2,1,0,0; 0,0,0,0
146.9906 	 	RESP   1 G2 ANSWER 3
146.9906 	 	FEEDB  CORRECT 5 of 5
148.0396 	 	CUE
148.5559 	 	STIM   0, 1, 0, 0 RULE G1
148.9060 	 	TGT    3,3,0,0; 1,2,0,0; 2,1,0,0; 0,0,0,0
149.7892 	 	RESP   0 G1 ANSWER -3
149.7892 	 	FEEDB  FAIL 0 of 6
150.8433 	 	CUE
151.3607 	 	STIM   0, 2, 0, 0 RULE G1
151.7112 	 	TGT    3,3,0,0; 1,2,0,0; 2,1,0,0; 0,0,0,0
152.5718 	 	RESP   1 G1 ANSWER 4
152.5718 	 	FEEDB  CORRECT 1 of 6
153.6317 	 	CUE
154.1492 	 	STIM   2, 2, 0, 0 RULE G1
154.4995 	 	TGT    3,3,0,0; 1,2,0,0; 2,1,0,0; 0,0,0,0
156.0183 	 	RESP   1 G1 ANSWER 3
156.0183 	 	FEEDB  CORRECT 2 of 6
157.0762 	 	CUE
157.5951 	 	STIM   1, 3, 0, 0 RULE G1
157.9393 	 	TGT    3,3,0,0; 1,2,0,0; 2,1,0,0; 0,0,0,0
158.7127 	 	RESP   1 G1 ANSWER 2
158.7127 	 	FEEDB  CORRECT 3 of 6
159.7596 	 	CUE
160.2769 	 	STIM   0, 3, 0, 0 RULE G1
160.6274 	 	TGT    3,3,0,0; 1,2,0,0; 2,1,0,0; 0,0,0,0
161.8231 	 	RESP   0 G1 ANSWER -3
161.8231 	 	FEEDB  FAIL 3 of 6
162.8701 	 	CUE
163.3844 	 	STIM   2, 3, 0, 0 RULE G1
163.7331 	 	TGT    3,3,0,0; 1,2,0,0; 2,1,0,0; 0,0,0,0
164.3018 	 	RESP   1 G1 ANSWER 3
164.3019 	 	FEEDB  CORRECT 4 of 6
165.3529 	 	CUE
165.8707 	 	STIM   0, 3, 0, 0 RULE G1
166.2208 	 	TGT    3,3,0,0; 1,2,0,0; 2,1,0,0; 0,0,0,0
167.0448 	 	RESP   1 G1 ANSWER 4
167.0448 	 	FEEDB  CORRECT 5 of 6
168.0942 	 	CUE
168.6091 	 	STIM   3, 1, 0, 0 RULE G1
168.9596 	 	TGT    3,3,0,0; 1,2,0,0; 2,1,0,0; 0,0,0,0
169.6912 	 	RESP   1 G1 ANSWER 1
169.6912 	 	FEEDB  CORRECT 6 of 6
170.7463 	 	CUE
171.2700 	 	STIM   0, 2, 0, 0 RULE G2
171.6141 	 	TGT    3,3,0,0; 1,2,0,0; 2,1,0,0; 0,0,0,0
173.1694 	 	RESP   0 G2 ANSWER -4
173.1694 	 	FEEDB  FAIL 0 of 6
174.2234 	 	CUE
174.7384 	 	STIM   3, 2, 0, 0 RULE G2
175.0874 	 	TGT    3,3,0,0; 1,2,0,0; 2,1,0,0; 0,0,0,0
175.5762 	 	RESP   0 G2 ANSWER -1
175.5763 	 	FEEDB  FAIL 0 of 6
176.6237 	 	CUE
177.1413 	 	STIM   3, 0, 0, 0 RULE G2
177.4916 	 	TGT    3,3,0,0; 1,2,0,0; 2,1,0,0; 0,0,0,0
177.9191 	 	RESP   1 G2 ANSWER 4
177.9192 	 	FEEDB  CORRECT 1 of 6
178.9785 	 	CUE
179.4955 	 	STIM   1, 3, 0, 0 RULE G2
179.8460 	 	TGT    3,3,0,0; 1,2,0,0; 2,1,0,0; 0,0,0,0
181.2371 	 	RESP   1 G2 ANSWER 1
181.2371 	 	FEEDB  CORRECT 2 of 6
182.2894 	 	CUE
182.8034 	 	STIM   0, 1, 0, 0 RULE G2
183.1520 	 	TGT    3,3,0,0; 1,2,0,0; 2,1,0,0; 0,0,0,0
183.6042 	 	RESP   1 G2 ANSWER 3
183.6042 	 	FEEDB  CORRECT 3 of 6
184.6551 	 	CUE
185.1726 	 	STIM   1, 3, 0, 0 RULE G2
185.5229 	 	TGT    3,3,0,0; 1,2,0,0; 2,1,0,0; 0,0,0,0
186.6987 	 	RESP   0 G2 ANSWER -2
186.6987 	 	FEEDB  FAIL 3 of 6
187.7479 	 	CUE
188.2616 	 	STIM   2, 3, 0, 0 RULE G2
188.6120 	 	TGT    3,3,0,0; 1,2,0,0; 2,1,0,0; 0,0,0,0
189.0258 	 	RESP   1 G2 ANSWER 1
189.0258 	 	FEEDB  CORRECT 4 of 6
190.0652 	 	CUE
190.5825 	 	STIM   3, 0, 0, 0 RULE G2
190.9331 	 	TGT    3,3,0,0; 1,2,0,0; 2,1,0,0; 0,0,0,0
191.7443 	 	RESP   0 G2 ANSWER -1
191.7443 	 	FEEDB  FAIL 4 of 6
192.8036 	 	CUE
193.3208 	 	STIM   0, 3, 0, 0 RULE G2
193.6713 	 	TGT    3,3,0,0; 1,2,0,0; 2,1,0,0; 0,0,0,0
194.1351 	 	RESP   1 G2 ANSWER 1
194.1351 	 	FEEDB  CORRECT 5 of 6
195.1743 	 	CUE
195.6922 	 	STIM   2, 3, 0, 0 RULE G2
196.0424 	 	TGT    3,3,0,0; 1,2,0,0; 2,1,0,0; 0,0,0,0
196.7257 	 	RESP   1 G2 ANSWER 1
196.7258 	 	FEEDB  CORRECT 6 of 6
197.7656 	 	Running set .\configs\sets\faces_of_patches_1-test.json
197.7658 	 	Using deck: 0: 1,0,0,0 | 1: 2,3,0,0 | 2: 0,2,0,0 | 3: 3,1,0,0 
198.7827 	 	CUE
199.2986 	 	STIM   1, 1, 0, 0 RULE G1
199.6489 	 	TGT    0,0,0,0; 1,3,0,0; 3,2,0,0; 2,1,0,0
202.9547 	 	RESP   1 G1 ANSWER 2
202.9547 	 	FEEDB  CORRECT 1 of 5
204.0408 	 	CUE
204.5582 	 	STIM   1, 0, 0, 0 RULE G1
204.9086 	 	TGT    0,0,0,0; 1,3,0,0; 3,2,0,0; 2,1,0,0
206.4248 	 	RESP   1 G1 ANSWER 2
206.4248 	 	FEEDB  CORRECT 2 of 5
208.2648 	 	CUE
208.7828 	 	STIM   0, 1, 0, 0 RULE G1
209.1329 	 	TGT    0,0,0,0; 1,3,0,0; 3,2,0,0; 2,1,0,0
211.1663 	 	RESP   1 G1 ANSWER 1
211.1663 	 	FEEDB  CORRECT 3 of 5
212.2055 	 	CUE
212.7234 	 	STIM   1, 0, 0, 0 RULE G1
213.0736 	 	TGT    0,0,0,0; 1,3,0,0; 3,2,0,0; 2,1,0,0
213.7493 	 	RESP   0 G1 ANSWER -1
213.7493 	 	FEEDB  FAIL 3 of 5
214.8104 	 	CUE
215.3277 	 	STIM   0, 2, 0, 0 RULE G1
215.6782 	 	TGT    0,0,0,0; 1,3,0,0; 3,2,0,0; 2,1,0,0
218.0112 	 	RESP   0 G1 ANSWER -3
218.0112 	 	FEEDB  FAIL 3 of 5
219.6418 	 	CUE
220.1560 	 	STIM   2, 3, 0, 0 RULE G1
220.5037 	 	TGT    0,0,0,0; 1,3,0,0; 3,2,0,0; 2,1,0,0
222.9926 	 	RESP   0 G1 ANSWER -1
222.9926 	 	FEEDB  FAIL 3 of 5
224.0440 	 	CUE
224.5614 	 	STIM   0, 1, 0, 0 RULE G1
224.9120 	 	TGT    0,0,0,0; 1,3,0,0; 3,2,0,0; 2,1,0,0
226.0232 	 	RESP   1 G1 ANSWER 1
226.0232 	 	FEEDB  CORRECT 4 of 5
227.0829 	 	CUE
227.6003 	 	STIM   3, 1, 0, 0 RULE G1
227.9509 	 	TGT    0,0,0,0; 1,3,0,0; 3,2,0,0; 2,1,0,0
229.6531 	 	RESP   1 G1 ANSWER 3
229.6531 	 	FEEDB  CORRECT 5 of 5
230.7228 	 	CUE
231.2402 	 	STIM   0, 1, 0, 0 RULE G2
231.5907 	 	TGT    0,0,0,0; 1,3,0,0; 3,2,0,0; 2,1,0,0
232.6360 	 	RESP   0 G2 ANSWER -1
232.6360 	 	FEEDB  FAIL 0 of 6
233.6821 	 	CUE
234.1963 	 	STIM   0, 2, 0, 0 RULE G2
234.5461 	 	TGT    0,0,0,0; 1,3,0,0; 3,2,0,0; 2,1,0,0
235.9143 	 	RESP   0 G2 ANSWER -2
235.9143 	 	FEEDB  FAIL 0 of 6
236.9844 	 	CUE
237.5020 	 	STIM   2, 2, 0, 0 RULE G2
237.8522 	 	TGT    0,0,0,0; 1,3,0,0; 3,2,0,0; 2,1,0,0
242.2387 	 	RESP   0 G2 ANSWER -1
242.2388 	 	FEEDB  FAIL 0 of 6
243.2958 	 	CUE
243.8137 	 	STIM   3, 0, 0, 0 RULE G2
244.1636 	 	TGT    0,0,0,0; 1,3,0,0; 3,2,0,0; 2,1,0,0
246.8606 	 	RESP   0 G2 ANSWER -3
246.8607 	 	FEEDB  FAIL 0 of 6
247.9082 	 	CUE
248.4225 	 	STIM   3, 1, 0, 0 RULE G2
248.7723 	 	TGT    0,0,0,0; 1,3,0,0; 3,2,0,0; 2,1,0,0
249.2032 	 	RESP   1 G2 ANSWER 4
249.2033 	 	FEEDB  CORRECT 1 of 6
250.2584 	 	CUE
250.7763 	 	STIM   3, 0, 0, 0 RULE G2
251.1265 	 	TGT    0,0,0,0; 1,3,0,0; 3,2,0,0; 2,1,0,0
251.5702 	 	RESP   1 G2 ANSWER 1
251.5702 	 	FEEDB  CORRECT 2 of 6
252.6359 	 	CUE
253.1509 	 	STIM   1, 2, 0, 0 RULE G2
253.4975 	 	TGT    0,0,0,0; 1,3,0,0; 3,2,0,0; 2,1,0,0
253.8652 	 	RESP   1 G2 ANSWER 3
253.8652 	 	FEEDB  CORRECT 3 of 6
254.9172 	 	CUE
255.4346 	 	STIM   3, 3, 0, 0 RULE G2
255.7851 	 	TGT    0,0,0,0; 1,3,0,0; 3,2,0,0; 2,1,0,0
256.2162 	 	RESP   1 G2 ANSWER 2
256.2162 	 	FEEDB  CORRECT 4 of 6
257.2882 	 	CUE
257.8060 	 	STIM   2, 0, 0, 0 RULE G2
258.1559 	 	TGT    0,0,0,0; 1,3,0,0; 3,2,0,0; 2,1,0,0
258.7987 	 	RESP   1 G2 ANSWER 1
258.7987 	 	FEEDB  CORRECT 5 of 6
259.8429 	 	CUE
260.3603 	 	STIM   0, 3, 0, 0 RULE G2
260.7108 	 	TGT    0,0,0,0; 1,3,0,0; 3,2,0,0; 2,1,0,0
261.1015 	 	RESP   1 G2 ANSWER 2
261.1016 	 	FEEDB  CORRECT 6 of 6
262.1483 	 	CUE
262.6649 	 	STIM   0, 1, 0, 0 RULE G1
263.0152 	 	TGT    0,0,0,0; 1,3,0,0; 3,2,0,0; 2,1,0,0
263.4043 	 	RESP   0 G1 ANSWER -4
263.4043 	 	FEEDB  FAIL 0 of 7
264.4512 	 	CUE
264.9690 	 	STIM   0, 3, 0, 0 RULE G1
265.3190 	 	TGT    0,0,0,0; 1,3,0,0; 3,2,0,0; 2,1,0,0
267.8261 	 	RESP   0 G1 ANSWER -3
267.8262 	 	FEEDB  FAIL 0 of 7
268.8800 	 	CUE
269.3942 	 	STIM   3, 1, 0, 0 RULE G1
269.7440 	 	TGT    0,0,0,0; 1,3,0,0; 3,2,0,0; 2,1,0,0
270.3768 	 	RESP   0 G1 ANSWER -4
270.3768 	 	FEEDB  FAIL 0 of 7
271.4306 	 	CUE
271.9486 	 	STIM   0, 1, 0, 0 RULE G1
272.2985 	 	TGT    0,0,0,0; 1,3,0,0; 3,2,0,0; 2,1,0,0
274.0233 	 	RESP   0 G1 ANSWER -2
274.0233 	 	FEEDB  FAIL 0 of 7
275.0722 	 	CUE
275.5885 	 	STIM   1, 0, 0, 0 RULE G1
275.9388 	 	TGT    0,0,0,0; 1,3,0,0; 3,2,0,0; 2,1,0,0
277.6212 	 	RESP   1 G1 ANSWER 2
277.6212 	 	FEEDB  CORRECT 1 of 7
278.6776 	 	CUE
279.1949 	 	STIM   0, 2, 0, 0 RULE G1
279.5452 	 	TGT    0,0,0,0; 1,3,0,0; 3,2,0,0; 2,1,0,0
280.6279 	 	RESP   1 G1 ANSWER 1
280.6280 	 	FEEDB  CORRECT 2 of 7
281.6828 	 	CUE
282.2002 	 	STIM   3, 3, 0, 0 RULE G1
282.5507 	 	TGT    0,0,0,0; 1,3,0,0; 3,2,0,0; 2,1,0,0
283.3703 	 	RESP   0 G1 ANSWER -4
283.3703 	 	FEEDB  FAIL 2 of 7
284.4211 	 	CUE
284.9389 	 	STIM   3, 3, 0, 0 RULE G1
285.2889 	 	TGT    0,0,0,0; 1,3,0,0; 3,2,0,0; 2,1,0,0
285.7612 	 	RESP   0 G1 ANSWER -2
285.7612 	 	FEEDB  FAIL 2 of 7
286.8137 	 	CUE
287.3281 	 	STIM   0, 2, 0, 0 RULE G1
287.6769 	 	TGT    0,0,0,0; 1,3,0,0; 3,2,0,0; 2,1,0,0
288.6958 	 	RESP   1 G1 ANSWER 1
288.6958 	 	FEEDB  CORRECT 3 of 7
289.7476 	 	CUE
290.2650 	 	STIM   1, 2, 0, 0 RULE G1
290.6155 	 	TGT    0,0,0,0; 1,3,0,0; 3,2,0,0; 2,1,0,0
291.9662 	 	RESP   1 G1 ANSWER 2
291.9662 	 	FEEDB  CORRECT 4 of 7
293.0205 	 	CUE
293.5380 	 	STIM   3, 0, 0, 0 RULE G1
293.8883 	 	TGT    0,0,0,0; 1,3,0,0; 3,2,0,0; 2,1,0,0
294.6687 	 	RESP   0 G1 ANSWER -4
294.6687 	 	FEEDB  FAIL 4 of 7
295.7086 	 	CUE
296.2258 	 	STIM   0, 3, 0, 0 RULE G1
296.5764 	 	TGT    0,0,0,0; 1,3,0,0; 3,2,0,0; 2,1,0,0
297.2193 	 	RESP   1 G1 ANSWER 1
297.2193 	 	FEEDB  CORRECT 5 of 7
298.2679 	 	CUE
298.7826 	 	STIM   1, 1, 0, 0 RULE G1
299.1309 	 	TGT    0,0,0,0; 1,3,0,0; 3,2,0,0; 2,1,0,0
300.4099 	 	RESP   1 G1 ANSWER 2
300.4100 	 	FEEDB  CORRECT 6 of 7
301.4522 	 	CUE
301.9705 	 	STIM   2, 0, 0, 0 RULE G1
302.3202 	 	TGT    0,0,0,0; 1,3,0,0; 3,2,0,0; 2,1,0,0
302.9926 	 	RESP   1 G1 ANSWER 4
302.9927 	 	FEEDB  CORRECT 7 of 7
304.0406 	 	CUE
304.5580 	 	STIM   3, 1, 0, 0 RULE G2
304.9085 	 	TGT    0,0,0,0; 1,3,0,0; 3,2,0,0; 2,1,0,0
305.7673 	 	RESP   0 G2 ANSWER -3
305.7673 	 	FEEDB  FAIL 0 of 5
306.8316 	 	CUE
307.3464 	 	STIM   2, 3, 0, 0 RULE G2
307.6968 	 	TGT    0,0,0,0; 1,3,0,0; 3,2,0,0; 2,1,0,0
308.1977 	 	RESP   0 G2 ANSWER -4
308.1977 	 	FEEDB  FAIL 0 of 5
309.2497 	 	CUE
309.7676 	 	STIM   1, 1, 0, 0 RULE G2
310.1177 	 	TGT    0,0,0,0; 1,3,0,0; 3,2,0,0; 2,1,0,0
310.6448 	 	RESP   1 G2 ANSWER 4
310.6448 	 	FEEDB  CORRECT 1 of 5
311.6877 	 	CUE
312.2052 	 	STIM   3, 0, 0, 0 RULE G2
312.5556 	 	TGT    0,0,0,0; 1,3,0,0; 3,2,0,0; 2,1,0,0
312.9239 	 	RESP   1 G2 ANSWER 1
312.9239 	 	FEEDB  CORRECT 2 of 5
313.9802 	 	CUE
314.4945 	 	STIM   0, 1, 0, 0 RULE G2
314.8433 	 	TGT    0,0,0,0; 1,3,0,0; 3,2,0,0; 2,1,0,0
315.3302 	 	RESP   1 G2 ANSWER 4
315.3302 	 	FEEDB  CORRECT 3 of 5
316.3796 	 	CUE
316.8975 	 	STIM   3, 1, 0, 0 RULE G2
317.2474 	 	TGT    0,0,0,0; 1,3,0,0; 3,2,0,0; 2,1,0,0
317.7133 	 	RESP   1 G2 ANSWER 4
317.7133 	 	FEEDB  CORRECT 4 of 5
318.7675 	 	CUE
319.2848 	 	STIM   3, 1, 0, 0 RULE G2
319.6353 	 	TGT    0,0,0,0; 1,3,0,0; 3,2,0,0; 2,1,0,0
319.9843 	 	RESP   1 G2 ANSWER 4
319.9843 	 	FEEDB  CORRECT 5 of 5
321.0398 	 	CUE
321.5561 	 	STIM   2, 0, 0, 0 RULE G1
321.9063 	 	TGT    0,0,0,0; 1,3,0,0; 3,2,0,0; 2,1,0,0
324.3741 	 	RESP   1 G1 ANSWER 4
324.3741 	 	FEEDB  CORRECT 1 of 6
325.4295 	 	CUE
325.9474 	 	STIM   2, 2, 0, 0 RULE G1
326.2973 	 	TGT    0,0,0,0; 1,3,0,0; 3,2,0,0; 2,1,0,0
326.8448 	 	RESP   0 G1 ANSWER -3
326.8448 	 	FEEDB  FAIL 1 of 6
327.8892 	 	CUE
328.4033 	 	STIM   2, 3, 0, 0 RULE G1
328.7521 	 	TGT    0,0,0,0; 1,3,0,0; 3,2,0,0; 2,1,0,0
331.5144 	 	RESP   0 G1 ANSWER -3
331.5144 	 	FEEDB  FAIL 1 of 6
332.5641 	 	CUE
333.0785 	 	STIM   2, 3, 0, 0 RULE G1
333.4271 	 	TGT    0,0,0,0; 1,3,0,0; 3,2,0,0; 2,1,0,0
333.8573 	 	RESP   0 G1 ANSWER -2
333.8573 	 	FEEDB  FAIL 1 of 6
334.8971 	 	CUE
335.4144 	 	STIM   0, 1, 0, 0 RULE G1
335.7649 	 	TGT    0,0,0,0; 1,3,0,0; 3,2,0,0; 2,1,0,0
336.2317 	 	RESP   0 G1 ANSWER -4
336.2317 	 	FEEDB  FAIL 1 of 6
337.3014 	 	CUE
337.8190 	 	STIM   2, 2, 0, 0 RULE G1
338.1691 	 	TGT    0,0,0,0; 1,3,0,0; 3,2,0,0; 2,1,0,0
339.3022 	 	RESP   1 G1 ANSWER 4
339.3022 	 	FEEDB  CORRECT 2 of 6
340.3737 	 	CUE
340.8977 	 	STIM   3, 3, 0, 0 RULE G1
341.2414 	 	TGT    0,0,0,0; 1,3,0,0; 3,2,0,0; 2,1,0,0
343.1323 	 	RESP   0 G1 ANSWER -4
343.1323 	 	FEEDB  FAIL 2 of 6
344.1806 	 	CUE
344.6984 	 	STIM   0, 3, 0, 0 RULE G1
345.0486 	 	TGT    0,0,0,0; 1,3,0,0; 3,2,0,0; 2,1,0,0
345.8592 	 	RESP   1 G1 ANSWER 1
345.8592 	 	FEEDB  CORRECT 3 of 6
346.9024 	 	CUE
347.4198 	 	STIM   0, 2, 0, 0 RULE G1
347.7702 	 	TGT    0,0,0,0; 1,3,0,0; 3,2,0,0; 2,1,0,0
349.4013 	 	RESP   0 G1 ANSWER -2
349.4013 	 	FEEDB  FAIL 3 of 6
350.4468 	 	CUE
350.9601 	 	STIM   0, 2, 0, 0 RULE G1
351.3099 	 	TGT    0,0,0,0; 1,3,0,0; 3,2,0,0; 2,1,0,0
351.9763 	 	RESP   1 G1 ANSWER 1
351.9763 	 	FEEDB  CORRECT 4 of 6
353.0302 	 	CUE
353.5477 	 	STIM   1, 0, 0, 0 RULE G1
353.8983 	 	TGT    0,0,0,0; 1,3,0,0; 3,2,0,0; 2,1,0,0
354.7588 	 	RESP   1 G1 ANSWER 2
354.7588 	 	FEEDB  CORRECT 5 of 6
355.8069 	 	CUE
356.3210 	 	STIM   1, 0, 0, 0 RULE G1
356.6699 	 	TGT    0,0,0,0; 1,3,0,0; 3,2,0,0; 2,1,0,0
357.3252 	 	RESP   0 G1 ANSWER -1
357.3253 	 	FEEDB  FAIL 5 of 6
358.3731 	 	CUE
358.8910 	 	STIM   3, 0, 0, 0 RULE G1
359.2411 	 	TGT    0,0,0,0; 1,3,0,0; 3,2,0,0; 2,1,0,0
367.3042 	 	RESP   0 G1 ANSWER -4
367.3042 	 	FEEDB  FAIL 5 of 6
368.3748 	 	CUE
368.8927 	 	STIM   3, 1, 0, 0 RULE G1
369.2426 	 	TGT    0,0,0,0; 1,3,0,0; 3,2,0,0; 2,1,0,0
370.8947 	 	RESP   1 G1 ANSWER 3
370.8948 	 	FEEDB  CORRECT 6 of 6
371.9650 	 	CUE
372.4823 	 	STIM   3, 3, 0, 0 RULE G2
372.8329 	 	TGT    0,0,0,0; 1,3,0,0; 3,2,0,0; 2,1,0,0
373.7253 	 	RESP   0 G2 ANSWER -4
373.7253 	 	FEEDB  FAIL 0 of 7
374.7703 	 	CUE
375.2876 	 	STIM   1, 1, 0, 0 RULE G2
375.6379 	 	TGT    0,0,0,0; 1,3,0,0; 3,2,0,0; 2,1,0,0
376.5478 	 	RESP   0 G2 ANSWER -2
376.5478 	 	FEEDB  FAIL 0 of 7
377.5917 	 	CUE
378.1092 	 	STIM   0, 1, 0, 0 RULE G2
378.4597 	 	TGT    0,0,0,0; 1,3,0,0; 3,2,0,0; 2,1,0,0
379.1382 	 	RESP   0 G2 ANSWER -1
379.1383 	 	FEEDB  FAIL 0 of 7
380.1797 	 	CUE
380.6975 	 	STIM   2, 0, 0, 0 RULE G2
381.0478 	 	TGT    0,0,0,0; 1,3,0,0; 3,2,0,0; 2,1,0,0
381.6973 	 	RESP   1 G2 ANSWER 1
381.6973 	 	FEEDB  CORRECT 1 of 7
382.7559 	 	CUE
383.2694 	 	STIM   0, 2, 0, 0 RULE G2
383.6192 	 	TGT    0,0,0,0; 1,3,0,0; 3,2,0,0; 2,1,0,0
384.0879 	 	RESP   1 G2 ANSWER 3
384.0879 	 	FEEDB  CORRECT 2 of 7
385.1388 	 	CUE
385.6566 	 	STIM   0, 1, 0, 0 RULE G2
386.0070 	 	TGT    0,0,0,0; 1,3,0,0; 3,2,0,0; 2,1,0,0
386.4388 	 	RESP   1 G2 ANSWER 4
386.4388 	 	FEEDB  CORRECT 3 of 7
387.4946 	 	CUE
388.0112 	 	STIM   2, 0, 0, 0 RULE G2
388.3611 	 	TGT    0,0,0,0; 1,3,0,0; 3,2,0,0; 2,1,0,0
388.9418 	 	RESP   1 G2 ANSWER 1
388.9418 	 	FEEDB  CORRECT 4 of 7
389.9814 	 	CUE
390.4987 	 	STIM   2, 2, 0, 0 RULE G2
390.8492 	 	TGT    0,0,0,0; 1,3,0,0; 3,2,0,0; 2,1,0,0
391.2362 	 	RESP   1 G2 ANSWER 3
391.2362 	 	FEEDB  CORRECT 5 of 7
392.2852 	 	CUE
392.8031 	 	STIM   3, 3, 0, 0 RULE G2
393.1531 	 	TGT    0,0,0,0; 1,3,0,0; 3,2,0,0; 2,1,0,0
393.6112 	 	RESP   1 G2 ANSWER 2
393.6112 	 	FEEDB  CORRECT 6 of 7
394.6610 	 	CUE
395.1752 	 	STIM   3, 3, 0, 0 RULE G2
395.5244 	 	TGT    0,0,0,0; 1,3,0,0; 3,2,0,0; 2,1,0,0
395.9462 	 	RESP   1 G2 ANSWER 2
395.9462 	 	FEEDB  CORRECT 7 of 7
398.0539 	 	Running set .\configs\sets\faces_of_patches_3-test.json
398.0541 	 	Using deck: 0: 0,1,0,0 | 1: 2,3,0,0 | 2: 3,2,0,0 | 3: 1,0,0,0 
399.8534 	 	CUE
400.3667 	 	STIM   0, 3, 0, 0 RULE G2
400.7172 	 	TGT    3,1,0,0; 1,3,0,0; 2,2,0,0; 0,0,0,0
401.2952 	 	RESP   1 G2 ANSWER 2
401.2953 	 	FEEDB  CORRECT 1 of 5
402.3370 	 	CUE
402.8568 	 	STIM   2, 0, 0, 0 RULE G2
403.2049 	 	TGT    3,1,0,0; 1,3,0,0; 2,2,0,0; 0,0,0,0
403.5422 	 	RESP   1 G2 ANSWER 4
403.5423 	 	FEEDB  CORRECT 2 of 5
404.5912 	 	CUE
405.1086 	 	STIM   0, 3, 0, 0 RULE G2
405.4592 	 	TGT    3,1,0,0; 1,3,0,0; 2,2,0,0; 0,0,0,0
405.9013 	 	RESP   1 G2 ANSWER 2
405.9013 	 	FEEDB  CORRECT 3 of 5
406.9627 	 	CUE
407.4800 	 	STIM   3, 0, 0, 0 RULE G2
407.8303 	 	TGT    3,1,0,0; 1,3,0,0; 2,2,0,0; 0,0,0,0
408.2438 	 	RESP   1 G2 ANSWER 4
408.2438 	 	FEEDB  CORRECT 4 of 5
409.2997 	 	CUE
409.8177 	 	STIM   0, 2, 0, 0 RULE G2
410.1677 	 	TGT    3,1,0,0; 1,3,0,0; 2,2,0,0; 0,0,0,0
410.5867 	 	RESP   1 G2 ANSWER 3
410.5867 	 	FEEDB  CORRECT 5 of 5
411.6544 	 	CUE
412.1718 	 	STIM   3, 2, 0, 0 RULE G1
412.5221 	 	TGT    3,1,0,0; 1,3,0,0; 2,2,0,0; 0,0,0,0
412.8737 	 	RESP   0 G1 ANSWER -3
412.8737 	 	FEEDB  FAIL 0 of 6
413.9419 	 	CUE
414.4593 	 	STIM   0, 1, 0, 0 RULE G1
414.8098 	 	TGT    3,1,0,0; 1,3,0,0; 2,2,0,0; 0,0,0,0
415.3443 	 	RESP   0 G1 ANSWER -1
415.3444 	 	FEEDB  FAIL 0 of 6
417.4329 	 	CUE
417.9494 	 	STIM   3, 3, 0, 0 RULE G1
418.2992 	 	TGT    3,1,0,0; 1,3,0,0; 2,2,0,0; 0,0,0,0
418.7026 	 	RESP   0 G1 ANSWER -2
418.7026 	 	FEEDB  FAIL 0 of 6
419.7692 	 	CUE
420.2866 	 	STIM   1, 0, 0, 0 RULE G1
420.6370 	 	TGT    3,1,0,0; 1,3,0,0; 2,2,0,0; 0,0,0,0
421.0534 	 	RESP   0 G1 ANSWER -4
421.0534 	 	FEEDB  FAIL 0 of 6
422.1234 	 	CUE
422.6412 	 	STIM   1, 2, 0, 0 RULE G1
422.9915 	 	TGT    3,1,0,0; 1,3,0,0; 2,2,0,0; 0,0,0,0
425.4751 	 	RESP   0 G1 ANSWER -1
425.4752 	 	FEEDB  FAIL 0 of 6
426.5314 	 	CUE
427.0490 	 	STIM   1, 1, 0, 0 RULE G1
427.3993 	 	TGT    3,1,0,0; 1,3,0,0; 2,2,0,0; 0,0,0,0
430.1208 	 	RESP   1 G1 ANSWER 2
430.1208 	 	FEEDB  CORRECT 1 of 6
431.1898 	 	CUE
431.7076 	 	STIM   3, 3, 0, 0 RULE G1
432.0578 	 	TGT    3,1,0,0; 1,3,0,0; 2,2,0,0; 0,0,0,0
433.1912 	 	RESP   1 G1 ANSWER 1
433.1912 	 	FEEDB  CORRECT 2 of 6
434.2493 	 	CUE
434.7639 	 	STIM   1, 1, 0, 0 RULE G1
435.1133 	 	TGT    3,1,0,0; 1,3,0,0; 2,2,0,0; 0,0,0,0
437.5252 	 	RESP   0 G1 ANSWER -3
437.5252 	 	FEEDB  FAIL 2 of 6
438.5749 	 	CUE
439.0889 	 	STIM   2, 0, 0, 0 RULE G1
439.4380 	 	TGT    3,1,0,0; 1,3,0,0; 2,2,0,0; 0,0,0,0
441.1873 	 	RESP   0 G1 ANSWER -4
441.1873 	 	FEEDB  FAIL 2 of 6
442.2281 	 	CUE
442.7448 	 	STIM   1, 0, 0, 0 RULE G1
443.0946 	 	TGT    3,1,0,0; 1,3,0,0; 2,2,0,0; 0,0,0,0
444.7297 	 	RESP   1 G1 ANSWER 2
444.7298 	 	FEEDB  CORRECT 3 of 6
445.7837 	 	CUE
446.3010 	 	STIM   1, 1, 0, 0 RULE G1
446.6513 	 	TGT    3,1,0,0; 1,3,0,0; 2,2,0,0; 0,0,0,0
448.0717 	 	RESP   0 G1 ANSWER -3
448.0718 	 	FEEDB  FAIL 3 of 6
449.1249 	 	CUE
449.6407 	 	STIM   1, 1, 0, 0 RULE G1
449.9908 	 	TGT    3,1,0,0; 1,3,0,0; 2,2,0,0; 0,0,0,0
451.9580 	 	RESP   0 G1 ANSWER -4
451.9580 	 	FEEDB  FAIL 3 of 6
453.0135 	 	CUE
453.5310 	 	STIM   3, 3, 0, 0 RULE G1
453.8814 	 	TGT    3,1,0,0; 1,3,0,0; 2,2,0,0; 0,0,0,0
454.4928 	 	RESP   0 G1 ANSWER -2
454.4928 	 	FEEDB  FAIL 3 of 6
455.5345 	 	CUE
456.0520 	 	STIM   0, 3, 0, 0 RULE G1
456.4024 	 	TGT    3,1,0,0; 1,3,0,0; 2,2,0,0; 0,0,0,0
459.5306 	 	RESP   1 G1 ANSWER 4
459.5306 	 	FEEDB  CORRECT 4 of 6
460.5785 	 	CUE
461.0948 	 	STIM   1, 2, 0, 0 RULE G1
461.4451 	 	TGT    3,1,0,0; 1,3,0,0; 2,2,0,0; 0,0,0,0
461.9132 	 	RESP   0 G1 ANSWER -3
461.9133 	 	FEEDB  FAIL 4 of 6
462.9817 	 	CUE
463.4991 	 	STIM   2, 1, 0, 0 RULE G1
463.8496 	 	TGT    3,1,0,0; 1,3,0,0; 2,2,0,0; 0,0,0,0
465.2233 	 	RESP   0 G1 ANSWER -2
465.2233 	 	FEEDB  FAIL 4 of 6
466.2710 	 	CUE
466.7889 	 	STIM   2, 1, 0, 0 RULE G1
467.1386 	 	TGT    3,1,0,0; 1,3,0,0; 2,2,0,0; 0,0,0,0
470.6342 	 	RESP   0 G1 ANSWER -4
470.6342 	 	FEEDB  FAIL 4 of 6
471.6898 	 	CUE
472.2039 	 	STIM   2, 0, 0, 0 RULE G1
472.5545 	 	TGT    3,1,0,0; 1,3,0,0; 2,2,0,0; 0,0,0,0
473.9443 	 	RESP   1 G1 ANSWER 3
473.9443 	 	FEEDB  CORRECT 5 of 6
474.9924 	 	CUE
475.5104 	 	STIM   1, 2, 0, 0 RULE G1
475.8605 	 	TGT    3,1,0,0; 1,3,0,0; 2,2,0,0; 0,0,0,0
476.2872 	 	RESP   0 G1 ANSWER -3
476.2872 	 	FEEDB  FAIL 5 of 6
477.3300 	 	CUE
477.8479 	 	STIM   0, 3, 0, 0 RULE G1
478.1979 	 	TGT    3,1,0,0; 1,3,0,0; 2,2,0,0; 0,0,0,0
478.9977 	 	RESP   0 G1 ANSWER -2
478.9977 	 	FEEDB  FAIL 5 of 6
480.0683 	 	CUE
480.5863 	 	STIM   3, 3, 0, 0 RULE G1
480.9362 	 	TGT    3,1,0,0; 1,3,0,0; 2,2,0,0; 0,0,0,0
483.5878 	 	RESP   1 G1 ANSWER 1
483.5878 	 	FEEDB  CORRECT 6 of 6
484.6283 	 	CUE
485.1457 	 	STIM   3, 3, 0, 0 RULE G2
485.4947 	 	TGT    3,1,0,0; 1,3,0,0; 2,2,0,0; 0,0,0,0
487.5536 	 	RESP   0 G2 ANSWER -1
487.5537 	 	FEEDB  FAIL 0 of 6
488.6042 	 	CUE
489.1182 	 	STIM   0, 2, 0, 0 RULE G2
489.4687 	 	TGT    3,1,0,0; 1,3,0,0; 2,2,0,0; 0,0,0,0
489.8886 	 	RESP   1 G2 ANSWER 3
489.8886 	 	FEEDB  CORRECT 1 of 6
490.9382 	 	CUE
491.4560 	 	STIM   3, 3, 0, 0 RULE G2
491.8065 	 	TGT    3,1,0,0; 1,3,0,0; 2,2,0,0; 0,0,0,0
492.1432 	 	RESP   1 G2 ANSWER 2
492.1432 	 	FEEDB  CORRECT 2 of 6
493.1924 	 	CUE
493.7103 	 	STIM   3, 0, 0, 0 RULE G2
494.0602 	 	TGT    3,1,0,0; 1,3,0,0; 2,2,0,0; 0,0,0,0
494.5022 	 	RESP   1 G2 ANSWER 4
494.5022 	 	FEEDB  CORRECT 3 of 6
495.5470 	 	CUE
496.0642 	 	STIM   2, 0, 0, 0 RULE G2
496.4147 	 	TGT    3,1,0,0; 1,3,0,0; 2,2,0,0; 0,0,0,0
496.8132 	 	RESP   1 G2 ANSWER 4
496.8132 	 	FEEDB  CORRECT 4 of 6
497.8678 	 	CUE
498.3853 	 	STIM   0, 2, 0, 0 RULE G2
498.7358 	 	TGT    3,1,0,0; 1,3,0,0; 2,2,0,0; 0,0,0,0
499.1078 	 	RESP   1 G2 ANSWER 3
499.1078 	 	FEEDB  CORRECT 5 of 6
500.1552 	 	CUE
500.6731 	 	STIM   2, 0, 0, 0 RULE G2
501.0230 	 	TGT    3,1,0,0; 1,3,0,0; 2,2,0,0; 0,0,0,0
501.4027 	 	RESP   1 G2 ANSWER 4
501.4028 	 	FEEDB  CORRECT 6 of 6
502.4442 	 	CUE
502.9604 	 	STIM   3, 3, 0, 0 RULE G1
503.3106 	 	TGT    3,1,0,0; 1,3,0,0; 2,2,0,0; 0,0,0,0
503.6897 	 	RESP   0 G1 ANSWER -2
503.6897 	 	FEEDB  FAIL 0 of 5
504.7305 	 	CUE
505.2478 	 	STIM   1, 2, 0, 0 RULE G1
505.5983 	 	TGT    3,1,0,0; 1,3,0,0; 2,2,0,0; 0,0,0,0
506.1362 	 	RESP   0 G1 ANSWER -3
506.1362 	 	FEEDB  FAIL 0 of 5
507.1912 	 	CUE
507.7053 	 	STIM   3, 0, 0, 0 RULE G1
508.0526 	 	TGT    3,1,0,0; 1,3,0,0; 2,2,0,0; 0,0,0,0
510.1502 	 	RESP   1 G1 ANSWER 1
510.1502 	 	FEEDB  CORRECT 1 of 5
511.1934 	 	CUE
511.7101 	 	STIM   1, 0, 0, 0 RULE G1
512.0600 	 	TGT    3,1,0,0; 1,3,0,0; 2,2,0,0; 0,0,0,0
514.1802 	 	RESP   0 G1 ANSWER -3
514.1802 	 	FEEDB  FAIL 1 of 5
515.2497 	 	CUE
515.7688 	 	STIM   2, 3, 0, 0 RULE G1
516.1173 	 	TGT    3,1,0,0; 1,3,0,0; 2,2,0,0; 0,0,0,0
516.8432 	 	RESP   0 G1 ANSWER -2
516.8432 	 	FEEDB  FAIL 1 of 5
517.8877 	 	CUE
518.4053 	 	STIM   0, 3, 0, 0 RULE G1
518.7559 	 	TGT    3,1,0,0; 1,3,0,0; 2,2,0,0; 0,0,0,0
519.2978 	 	RESP   1 G1 ANSWER 4
519.2978 	 	FEEDB  CORRECT 2 of 5
520.3471 	 	CUE
520.8617 	 	STIM   2, 0, 0, 0 RULE G1
521.2100 	 	TGT    3,1,0,0; 1,3,0,0; 2,2,0,0; 0,0,0,0
523.9034 	 	RESP   0 G1 ANSWER -2
523.9034 	 	FEEDB  FAIL 2 of 5
524.9563 	 	CUE
525.4710 	 	STIM   1, 0, 0, 0 RULE G1
525.8188 	 	TGT    3,1,0,0; 1,3,0,0; 2,2,0,0; 0,0,0,0
527.4936 	 	RESP   0 G1 ANSWER -1
527.4937 	 	FEEDB  FAIL 2 of 5
528.5474 	 	CUE
529.0583 	 	STIM   1, 1, 0, 0 RULE G1
529.4086 	 	TGT    3,1,0,0; 1,3,0,0; 2,2,0,0; 0,0,0,0
529.8685 	 	RESP   0 G1 ANSWER -1
529.8685 	 	FEEDB  FAIL 2 of 5
530.9114 	 	CUE
531.4292 	 	STIM   2, 1, 0, 0 RULE G1
531.7797 	 	TGT    3,1,0,0; 1,3,0,0; 2,2,0,0; 0,0,0,0
534.6902 	 	RESP   0 G1 ANSWER -4
534.6903 	 	FEEDB  FAIL 2 of 5
535.7421 	 	CUE
536.2561 	 	STIM   0, 3, 0, 0 RULE G1
536.6052 	 	TGT    3,1,0,0; 1,3,0,0; 2,2,0,0; 0,0,0,0
538.4083 	 	RESP   0 G1 ANSWER -3
538.4083 	 	FEEDB  FAIL 2 of 5
539.4639 	 	CUE
539.9779 	 	STIM   0, 2, 0, 0 RULE G1
540.3285 	 	TGT    3,1,0,0; 1,3,0,0; 2,2,0,0; 0,0,0,0
543.4298 	 	RESP   0 G1 ANSWER -2
543.4298 	 	FEEDB  FAIL 2 of 5
544.4746 	 	CUE
544.9889 	 	STIM   3, 0, 0, 0 RULE G1
545.3377 	 	TGT    3,1,0,0; 1,3,0,0; 2,2,0,0; 0,0,0,0
545.9722 	 	RESP   0 G1 ANSWER -4
545.9722 	 	FEEDB  FAIL 2 of 5
547.0242 	 	CUE
547.5421 	 	STIM   3, 0, 0, 0 RULE G1
547.8923 	 	TGT    3,1,0,0; 1,3,0,0; 2,2,0,0; 0,0,0,0
548.2993 	 	RESP   1 G1 ANSWER 1
548.2993 	 	FEEDB  CORRECT 3 of 5
549.3501 	 	CUE
549.8649 	 	STIM   3, 2, 0, 0 RULE G1
550.2131 	 	TGT    3,1,0,0; 1,3,0,0; 2,2,0,0; 0,0,0,0
550.7300 	 	RESP   1 G1 ANSWER 1
550.7300 	 	FEEDB  CORRECT 4 of 5
551.7834 	 	CUE
552.3007 	 	STIM   3, 2, 0, 0 RULE G1
552.6512 	 	TGT    3,1,0,0; 1,3,0,0; 2,2,0,0; 0,0,0,0
552.9206 	 	RESP   0 G1 ANSWER -3
552.9206 	 	FEEDB  FAIL 4 of 5
553.9751 	 	CUE
554.4888 	 	STIM   2, 1, 0, 0 RULE G1
554.8385 	 	TGT    3,1,0,0; 1,3,0,0; 2,2,0,0; 0,0,0,0
555.3037 	 	RESP   0 G1 ANSWER -1
555.3037 	 	FEEDB  FAIL 4 of 5
556.3582 	 	CUE
556.8758 	 	STIM   2, 1, 0, 0 RULE G1
557.2260 	 	TGT    3,1,0,0; 1,3,0,0; 2,2,0,0; 0,0,0,0
558.6943 	 	RESP   0 G1 ANSWER -1
558.6943 	 	FEEDB  FAIL 4 of 5
559.7647 	 	CUE
560.2820 	 	STIM   3, 0, 0, 0 RULE G1
560.6325 	 	TGT    3,1,0,0; 1,3,0,0; 2,2,0,0; 0,0,0,0
561.0448 	 	RESP   0 G1 ANSWER -4
561.0448 	 	FEEDB  FAIL 4 of 5
562.0900 	 	CUE
562.6049 	 	STIM   3, 2, 0, 0 RULE G1
562.9530 	 	TGT    3,1,0,0; 1,3,0,0; 2,2,0,0; 0,0,0,0
563.4117 	 	RESP   0 G1 ANSWER -3
563.4117 	 	FEEDB  FAIL 4 of 5
564.4564 	 	CUE
564.9738 	 	STIM   3, 0, 0, 0 RULE G1
565.3242 	 	TGT    3,1,0,0; 1,3,0,0; 2,2,0,0; 0,0,0,0
565.6748 	 	RESP   0 G1 ANSWER -4
565.6748 	 	FEEDB  FAIL 4 of 5
566.7443 	 	CUE
567.2617 	 	STIM   3, 0, 0, 0 RULE G1
567.6119 	 	TGT    3,1,0,0; 1,3,0,0; 2,2,0,0; 0,0,0,0
568.3452 	 	RESP   0 G1 ANSWER -4
568.3452 	 	FEEDB  FAIL 4 of 5
569.3987 	 	CUE
569.9161 	 	STIM   1, 0, 0, 0 RULE G1
570.2667 	 	TGT    3,1,0,0; 1,3,0,0; 2,2,0,0; 0,0,0,0
570.5923 	 	RESP   0 G1 ANSWER -4
570.5923 	 	FEEDB  FAIL 4 of 5
571.6402 	 	CUE
572.1544 	 	STIM   2, 3, 0, 0 RULE G1
572.5042 	 	TGT    3,1,0,0; 1,3,0,0; 2,2,0,0; 0,0,0,0
572.9828 	 	RESP   0 G1 ANSWER -2
572.9828 	 	FEEDB  FAIL 4 of 5
574.0237 	 	CUE
574.5416 	 	STIM   3, 2, 0, 0 RULE G1
574.8916 	 	TGT    3,1,0,0; 1,3,0,0; 2,2,0,0; 0,0,0,0
575.6858 	 	RESP   0 G1 ANSWER -3
575.6858 	 	FEEDB  FAIL 4 of 5
576.7293 	 	CUE
577.2466 	 	STIM   1, 0, 0, 0 RULE G1
577.5969 	 	TGT    3,1,0,0; 1,3,0,0; 2,2,0,0; 0,0,0,0
577.9162 	 	RESP   0 G1 ANSWER -4
577.9162 	 	FEEDB  FAIL 4 of 5
578.9661 	 	CUE
579.4839 	 	STIM   1, 2, 0, 0 RULE G1
579.8342 	 	TGT    3,1,0,0; 1,3,0,0; 2,2,0,0; 0,0,0,0
580.4031 	 	RESP   0 G1 ANSWER -3
580.4032 	 	FEEDB  FAIL 4 of 5
581.4592 	 	CUE
581.9733 	 	STIM   3, 0, 0, 0 RULE G1
582.3221 	 	TGT    3,1,0,0; 1,3,0,0; 2,2,0,0; 0,0,0,0
583.8575 	 	RESP   0 G1 ANSWER -3
583.8575 	 	FEEDB  FAIL 4 of 5
584.9103 	 	CUE
585.4284 	 	STIM   3, 2, 0, 0 RULE G1
585.7786 	 	TGT    3,1,0,0; 1,3,0,0; 2,2,0,0; 0,0,0,0
586.6323 	 	RESP   0 G1 ANSWER -3
586.6323 	 	FEEDB  FAIL 4 of 5
587.6824 	 	CUE
588.1998 	 	STIM   1, 0, 0, 0 RULE G1
588.5503 	 	TGT    3,1,0,0; 1,3,0,0; 2,2,0,0; 0,0,0,0
588.8947 	 	RESP   0 G1 ANSWER -4
588.8948 	 	FEEDB  FAIL 4 of 5
589.9376 	 	CUE
590.4581 	 	STIM   1, 1, 0, 0 RULE G1
590.8044 	 	TGT    3,1,0,0; 1,3,0,0; 2,2,0,0; 0,0,0,0
591.3897 	 	RESP   0 G1 ANSWER -1
591.3898 	 	FEEDB  FAIL 4 of 5
592.4410 	 	CUE
592.9583 	 	STIM   3, 3, 0, 0 RULE G1
593.3089 	 	TGT    3,1,0,0; 1,3,0,0; 2,2,0,0; 0,0,0,0
593.7570 	 	RESP   0 G1 ANSWER -2
593.7570 	 	FEEDB  FAIL 4 of 5
594.8186 	 	CUE
595.3322 	 	STIM   1, 0, 0, 0 RULE G1
595.6800 	 	TGT    3,1,0,0; 1,3,0,0; 2,2,0,0; 0,0,0,0
596.0433 	 	RESP   0 G1 ANSWER -4
596.0433 	 	FEEDB  FAIL 4 of 5
597.0827 	 	CUE
597.6006 	 	STIM   2, 1, 0, 0 RULE G1
597.9505 	 	TGT    3,1,0,0; 1,3,0,0; 2,2,0,0; 0,0,0,0
598.3863 	 	RESP   0 G1 ANSWER -1
598.3863 	 	FEEDB  FAIL 4 of 5
599.4421 	 	CUE
599.9562 	 	STIM   2, 1, 0, 0 RULE G1
600.3050 	 	TGT    3,1,0,0; 1,3,0,0; 2,2,0,0; 0,0,0,0
600.6570 	 	RESP   0 G1 ANSWER -1
600.6571 	 	FEEDB  FAIL 4 of 5
601.7081 	 	CUE
602.2255 	 	STIM   2, 3, 0, 0 RULE G1
602.5760 	 	TGT    3,1,0,0; 1,3,0,0; 2,2,0,0; 0,0,0,0
603.0237 	 	RESP   0 G1 ANSWER -2
603.0237 	 	FEEDB  FAIL 4 of 5
604.0958 	 	CUE
604.6136 	 	STIM   2, 0, 0, 0 RULE G1
604.9634 	 	TGT    3,1,0,0; 1,3,0,0; 2,2,0,0; 0,0,0,0
605.2867 	 	RESP   0 G1 ANSWER -4
605.2867 	 	FEEDB  FAIL 4 of 5
606.3330 	 	CUE
606.8506 	 	STIM   0, 2, 0, 0 RULE G1
607.2009 	 	TGT    3,1,0,0; 1,3,0,0; 2,2,0,0; 0,0,0,0
607.7179 	 	RESP   0 G1 ANSWER -3
607.7179 	 	FEEDB  FAIL 4 of 5
608.7761 	 	CUE
609.2901 	 	STIM   3, 2, 0, 0 RULE G1
609.6389 	 	TGT    3,1,0,0; 1,3,0,0; 2,2,0,0; 0,0,0,0
610.0603 	 	RESP   0 G1 ANSWER -3
610.0603 	 	FEEDB  FAIL 4 of 5
611.1083 	 	CUE
611.6262 	 	STIM   1, 2, 0, 0 RULE G1
611.9763 	 	TGT    3,1,0,0; 1,3,0,0; 2,2,0,0; 0,0,0,0
612.3472 	 	RESP   0 G1 ANSWER -3
612.3473 	 	FEEDB  FAIL 4 of 5
613.4009 	 	CUE
613.9176 	 	STIM   3, 3, 0, 0 RULE G1
614.2639 	 	TGT    3,1,0,0; 1,3,0,0; 2,2,0,0; 0,0,0,0
614.6903 	 	RESP   0 G1 ANSWER -2
614.6903 	 	FEEDB  FAIL 4 of 5
615.7338 	 	CUE
616.2512 	 	STIM   2, 3, 0, 0 RULE G1
616.6017 	 	TGT    3,1,0,0; 1,3,0,0; 2,2,0,0; 0,0,0,0
617.0167 	 	RESP   0 G1 ANSWER -2
617.0167 	 	FEEDB  FAIL 4 of 5
618.0760 	 	CUE
618.5906 	 	STIM   0, 2, 0, 0 RULE G1
618.9390 	 	TGT    3,1,0,0; 1,3,0,0; 2,2,0,0; 0,0,0,0
619.4238 	 	RESP   0 G1 ANSWER -2
619.4238 	 	FEEDB  FAIL 4 of 5
620.4758 	 	CUE
620.9931 	 	STIM   0, 3, 0, 0 RULE G1
621.3435 	 	TGT    3,1,0,0; 1,3,0,0; 2,2,0,0; 0,0,0,0
621.7826 	 	RESP   0 G1 ANSWER -2
621.7826 	 	FEEDB  FAIL 4 of 5
622.8352 	 	CUE
623.3493 	 	STIM   3, 2, 0, 0 RULE G1
623.6980 	 	TGT    3,1,0,0; 1,3,0,0; 2,2,0,0; 0,0,0,0
624.1652 	 	RESP   0 G1 ANSWER -3
624.1652 	 	FEEDB  FAIL 4 of 5
625.2176 	 	CUE
625.7355 	 	STIM   2, 0, 0, 0 RULE G1
626.0855 	 	TGT    3,1,0,0; 1,3,0,0; 2,2,0,0; 0,0,0,0
626.9638 	 	RESP   0 G1 ANSWER -4
626.9638 	 	FEEDB  FAIL 4 of 5
628.0113 	 	CUE
628.5255 	 	STIM   1, 1, 0, 0 RULE G1
628.8738 	 	TGT    3,1,0,0; 1,3,0,0; 2,2,0,0; 0,0,0,0
629.3068 	 	RESP   0 G1 ANSWER -1
629.3068 	 	FEEDB  FAIL 4 of 5
630.3604 	 	CUE
630.8779 	 	STIM   1, 2, 0, 0 RULE G1
631.2283 	 	TGT    3,1,0,0; 1,3,0,0; 2,2,0,0; 0,0,0,0
632.3531 	 	RESP   0 G1 ANSWER -3
632.3531 	 	FEEDB  FAIL 4 of 5
633.4042 	 	CUE
633.9185 	 	STIM   3, 2, 0, 0 RULE G1
634.2672 	 	TGT    3,1,0,0; 1,3,0,0; 2,2,0,0; 0,0,0,0
634.7444 	 	RESP   0 G1 ANSWER -3
634.7444 	 	FEEDB  FAIL 4 of 5
635.7871 	 	CUE
636.3046 	 	STIM   0, 2, 0, 0 RULE G1
636.6552 	 	TGT    3,1,0,0; 1,3,0,0; 2,2,0,0; 0,0,0,0
636.9829 	 	RESP   0 G1 ANSWER -3
636.9830 	 	FEEDB  FAIL 4 of 5
638.0310 	 	CUE
638.5459 	 	STIM   0, 2, 0, 0 RULE G1
638.8922 	 	TGT    3,1,0,0; 1,3,0,0; 2,2,0,0; 0,0,0,0
639.3257 	 	RESP   0 G1 ANSWER -3
639.3258 	 	FEEDB  FAIL 4 of 5
640.3787 	 	CUE
640.8962 	 	STIM   3, 3, 0, 0 RULE G1
641.2467 	 	TGT    3,1,0,0; 1,3,0,0; 2,2,0,0; 0,0,0,0
641.6447 	 	RESP   0 G1 ANSWER -2
641.6447 	 	FEEDB  FAIL 4 of 5
642.7013 	 	CUE
643.2175 	 	STIM   1, 1, 0, 0 RULE G1
643.5677 	 	TGT    3,1,0,0; 1,3,0,0; 2,2,0,0; 0,0,0,0
644.0592 	 	RESP   0 G1 ANSWER -1
644.0593 	 	FEEDB  FAIL 4 of 5
645.1040 	 	CUE
645.6219 	 	STIM   0, 1, 0, 0 RULE G1
645.9719 	 	TGT    3,1,0,0; 1,3,0,0; 2,2,0,0; 0,0,0,0
646.3303 	 	RESP   0 G1 ANSWER -1
646.3303 	 	FEEDB  FAIL 4 of 5
647.3800 	 	CUE
647.8926 	 	STIM   3, 2, 0, 0 RULE G1
648.2428 	 	TGT    3,1,0,0; 1,3,0,0; 2,2,0,0; 0,0,0,0
648.5453 	 	RESP   0 G1 ANSWER -3
648.5453 	 	FEEDB  FAIL 4 of 5
649.5957 	 	CUE
650.1131 	 	STIM   3, 0, 0, 0 RULE G1
650.4636 	 	TGT    3,1,0,0; 1,3,0,0; 2,2,0,0; 0,0,0,0
650.8638 	 	RESP   0 G1 ANSWER -4
650.8638 	 	FEEDB  FAIL 4 of 5
651.9216 	 	CUE
652.4359 	 	STIM   2, 3, 0, 0 RULE G1
652.7846 	 	TGT    3,1,0,0; 1,3,0,0; 2,2,0,0; 0,0,0,0
653.2228 	 	RESP   0 G1 ANSWER -2
653.2228 	 	FEEDB  FAIL 4 of 5
654.2708 	 	CUE
654.7886 	 	STIM   0, 2, 0, 0 RULE G1
655.1387 	 	TGT    3,1,0,0; 1,3,0,0; 2,2,0,0; 0,0,0,0
655.4697 	 	RESP   0 G1 ANSWER -3
655.4697 	 	FEEDB  FAIL 4 of 5
656.5149 	 	CUE
657.0295 	 	STIM   0, 3, 0, 0 RULE G1
657.3762 	 	TGT    3,1,0,0; 1,3,0,0; 2,2,0,0; 0,0,0,0
657.7886 	 	RESP   0 G1 ANSWER -2
657.7886 	 	FEEDB  FAIL 4 of 5
658.8291 	 	CUE
659.3469 	 	STIM   3, 2, 0, 0 RULE G1
659.6973 	 	TGT    3,1,0,0; 1,3,0,0; 2,2,0,0; 0,0,0,0
660.0273 	 	RESP   0 G1 ANSWER -3
660.0273 	 	FEEDB  FAIL 4 of 5
661.0713 	 	CUE
661.5846 	 	STIM   3, 3, 0, 0 RULE G1
661.9344 	 	TGT    3,1,0,0; 1,3,0,0; 2,2,0,0; 0,0,0,0
662.3783 	 	RESP   0 G1 ANSWER -2
662.3783 	 	FEEDB  FAIL 4 of 5
663.4211 	 	CUE
663.9385 	 	STIM   2, 3, 0, 0 RULE G1
664.2889 	 	TGT    3,1,0,0; 1,3,0,0; 2,2,0,0; 0,0,0,0
664.9848 	 	RESP   0 G1 ANSWER -2
664.9848 	 	FEEDB  FAIL 4 of 5
666.0302 	 	CUE
666.5442 	 	STIM   3, 3, 0, 0 RULE G1
666.8934 	 	TGT    3,1,0,0; 1,3,0,0; 2,2,0,0; 0,0,0,0
667.2717 	 	RESP   0 G1 ANSWER -2
667.2717 	 	FEEDB  FAIL 4 of 5
668.3132 	 	CUE
668.8307 	 	STIM   1, 1, 0, 0 RULE G1
669.1811 	 	TGT    3,1,0,0; 1,3,0,0; 2,2,0,0; 0,0,0,0
669.6548 	 	RESP   0 G1 ANSWER -1
669.6548 	 	FEEDB  FAIL 4 of 5
670.7026 	 	CUE
671.2187 	 	STIM   0, 1, 0, 0 RULE G1
671.5690 	 	TGT    3,1,0,0; 1,3,0,0; 2,2,0,0; 0,0,0,0
671.9333 	 	RESP   0 G1 ANSWER -1
671.9333 	 	FEEDB  FAIL 4 of 5
672.9883 	 	CUE
673.5063 	 	STIM   1, 0, 0, 0 RULE G1
673.8562 	 	TGT    3,1,0,0; 1,3,0,0; 2,2,0,0; 0,0,0,0
674.3003 	 	RESP   0 G1 ANSWER -4
674.3003 	 	FEEDB  FAIL 4 of 5
675.3443 	 	CUE
675.8604 	 	STIM   0, 1, 0, 0 RULE G1
676.2107 	 	TGT    3,1,0,0; 1,3,0,0; 2,2,0,0; 0,0,0,0
676.6673 	 	RESP   0 G1 ANSWER -1
676.6673 	 	FEEDB  FAIL 4 of 5
677.7140 	 	CUE
678.2314 	 	STIM   2, 3, 0, 0 RULE G1
678.5818 	 	TGT    3,1,0,0; 1,3,0,0; 2,2,0,0; 0,0,0,0
678.9297 	 	RESP   0 G1 ANSWER -2
678.9298 	 	FEEDB  FAIL 4 of 5
679.9900 	 	CUE
680.5040 	 	STIM   2, 3, 0, 0 RULE G1
680.8524 	 	TGT    3,1,0,0; 1,3,0,0; 2,2,0,0; 0,0,0,0
681.1208 	 	RESP   0 G1 ANSWER -2
681.1208 	 	FEEDB  FAIL 4 of 5
682.1719 	 	CUE
682.6898 	 	STIM   3, 0, 0, 0 RULE G1
683.0398 	 	TGT    3,1,0,0; 1,3,0,0; 2,2,0,0; 0,0,0,0
683.4237 	 	RESP   0 G1 ANSWER -4
683.4237 	 	FEEDB  FAIL 4 of 5
684.4829 	 	CUE
684.9973 	 	STIM   3, 2, 0, 0 RULE G1
685.3442 	 	TGT    3,1,0,0; 1,3,0,0; 2,2,0,0; 0,0,0,0
685.7748 	 	RESP   0 G1 ANSWER -3
685.7749 	 	FEEDB  FAIL 4 of 5
686.8138 	 	CUE
687.3315 	 	STIM   2, 0, 0, 0 RULE G1
687.6820 	 	TGT    3,1,0,0; 1,3,0,0; 2,2,0,0; 0,0,0,0
688.0212 	 	RESP   0 G1 ANSWER -4
688.0212 	 	FEEDB  FAIL 4 of 5
689.0693 	 	CUE
689.5859 	 	STIM   0, 1, 0, 0 RULE G1
689.9357 	 	TGT    3,1,0,0; 1,3,0,0; 2,2,0,0; 0,0,0,0
690.3165 	 	RESP   0 G1 ANSWER -1
690.3165 	 	FEEDB  FAIL 4 of 5
691.3555 	 	CUE
691.8729 	 	STIM   2, 3, 0, 0 RULE G1
692.2234 	 	TGT    3,1,0,0; 1,3,0,0; 2,2,0,0; 0,0,0,0
692.6273 	 	RESP   0 G1 ANSWER -2
692.6273 	 	FEEDB  FAIL 4 of 5
693.6780 	 	CUE
694.1942 	 	STIM   2, 3, 0, 0 RULE G1
694.5445 	 	TGT    3,1,0,0; 1,3,0,0; 2,2,0,0; 0,0,0,0
694.9697 	 	RESP   0 G1 ANSWER -2
694.9697 	 	FEEDB  FAIL 4 of 5
696.0138 	 	CUE
696.5317 	 	STIM   2, 3, 0, 0 RULE G1
696.8818 	 	TGT    3,1,0,0; 1,3,0,0; 2,2,0,0; 0,0,0,0
697.1048 	 	RESP   0 G1 ANSWER -2
697.1048 	 	FEEDB  FAIL 4 of 5
698.1557 	 	CUE
698.6731 	 	STIM   3, 0, 0, 0 RULE G1
699.0191 	 	TGT    3,1,0,0; 1,3,0,0; 2,2,0,0; 0,0,0,0
699.3438 	 	RESP   0 G1 ANSWER -4
699.3438 	 	FEEDB  FAIL 4 of 5
700.3888 	 	CUE
700.9061 	 	STIM   1, 2, 0, 0 RULE G1
701.2566 	 	TGT    3,1,0,0; 1,3,0,0; 2,2,0,0; 0,0,0,0
701.5908 	 	RESP   0 G1 ANSWER -3
701.5908 	 	FEEDB  FAIL 4 of 5
702.6475 	 	CUE
703.1621 	 	STIM   3, 3, 0, 0 RULE G1
703.5108 	 	TGT    3,1,0,0; 1,3,0,0; 2,2,0,0; 0,0,0,0
703.8930 	 	RESP   0 G1 ANSWER -2
703.8931 	 	FEEDB  FAIL 4 of 5
704.9468 	 	CUE
705.4648 	 	STIM   0, 2, 0, 0 RULE G1
705.8149 	 	TGT    3,1,0,0; 1,3,0,0; 2,2,0,0; 0,0,0,0
706.4123 	 	RESP   0 G1 ANSWER -3
706.4123 	 	FEEDB  FAIL 4 of 5
707.4686 	 	CUE
707.9858 	 	STIM   2, 0, 0, 0 RULE G1
708.3362 	 	TGT    3,1,0,0; 1,3,0,0; 2,2,0,0; 0,0,0,0
708.8190 	 	RESP   0 G1 ANSWER -4
708.8190 	 	FEEDB  FAIL 4 of 5
709.8725 	 	CUE
710.3906 	 	STIM   1, 1, 0, 0 RULE G1
710.7408 	 	TGT    3,1,0,0; 1,3,0,0; 2,2,0,0; 0,0,0,0
711.8094 	 	RESP   0 G1 ANSWER -3
711.8095 	 	FEEDB  FAIL 4 of 5
712.8613 	 	CUE
713.3792 	 	STIM   1, 2, 0, 0 RULE G1
713.7296 	 	TGT    3,1,0,0; 1,3,0,0; 2,2,0,0; 0,0,0,0
714.5843 	 	RESP   0 G1 ANSWER -4
714.5843 	 	FEEDB  FAIL 4 of 5
715.6334 	 	CUE
716.1509 	 	STIM   0, 3, 0, 0 RULE G1
716.5013 	 	TGT    3,1,0,0; 1,3,0,0; 2,2,0,0; 0,0,0,0
717.1748 	 	RESP   0 G1 ANSWER -1
717.1748 	 	FEEDB  FAIL 4 of 5
718.2261 	 	CUE
718.7408 	 	STIM   0, 2, 0, 0 RULE G1
719.0892 	 	TGT    3,1,0,0; 1,3,0,0; 2,2,0,0; 0,0,0,0
719.6458 	 	RESP   0 G1 ANSWER -3
719.6458 	 	FEEDB  FAIL 4 of 5
720.6927 	 	CUE
721.2101 	 	STIM   3, 0, 0, 0 RULE G1
721.5607 	 	TGT    3,1,0,0; 1,3,0,0; 2,2,0,0; 0,0,0,0
722.8920 	 	RESP   0 G1 ANSWER -2
722.8920 	 	FEEDB  FAIL 4 of 5
723.9330 	 	CUE
724.4497 	 	STIM   2, 3, 0, 0 RULE G1
724.7996 	 	TGT    3,1,0,0; 1,3,0,0; 2,2,0,0; 0,0,0,0
725.5868 	 	RESP   0 G1 ANSWER -4
725.5868 	 	FEEDB  FAIL 4 of 5
726.6369 	 	CUE
727.1543 	 	STIM   3, 2, 0, 0 RULE G1
727.5048 	 	TGT    3,1,0,0; 1,3,0,0; 2,2,0,0; 0,0,0,0
728.9767 	 	RESP   1 G1 ANSWER 1
728.9768 	 	FEEDB  CORRECT 5 of 5
730.0461 	 	CUE
730.5610 	 	STIM   0, 1, 0, 0 RULE G2
730.9108 	 	TGT    3,1,0,0; 1,3,0,0; 2,2,0,0; 0,0,0,0
732.8949 	 	RESP   1 G2 ANSWER 1
732.8949 	 	FEEDB  CORRECT 1 of 7
733.9515 	 	CUE
734.4680 	 	STIM   2, 0, 0, 0 RULE G2
734.8179 	 	TGT    3,1,0,0; 1,3,0,0; 2,2,0,0; 0,0,0,0
735.1658 	 	RESP   1 G2 ANSWER 4
735.1658 	 	FEEDB  CORRECT 2 of 7
736.2209 	 	CUE
736.7387 	 	STIM   0, 3, 0, 0 RULE G2
737.0889 	 	TGT    3,1,0,0; 1,3,0,0; 2,2,0,0; 0,0,0,0
737.4368 	 	RESP   1 G2 ANSWER 2
737.4368 	 	FEEDB  CORRECT 3 of 7
738.4986 	 	CUE
739.0120 	 	STIM   0, 2, 0, 0 RULE G2
739.3598 	 	TGT    3,1,0,0; 1,3,0,0; 2,2,0,0; 0,0,0,0
740.1953 	 	RESP   1 G2 ANSWER 3
740.1953 	 	FEEDB  CORRECT 4 of 7
741.2469 	 	CUE
741.7645 	 	STIM   1, 0, 0, 0 RULE G2
742.1148 	 	TGT    3,1,0,0; 1,3,0,0; 2,2,0,0; 0,0,0,0
742.5062 	 	RESP   1 G2 ANSWER 4
742.5062 	 	FEEDB  CORRECT 5 of 7
743.5579 	 	CUE
744.0712 	 	STIM   3, 2, 0, 0 RULE G2
744.4191 	 	TGT    3,1,0,0; 1,3,0,0; 2,2,0,0; 0,0,0,0
744.9288 	 	RESP   1 G2 ANSWER 3
744.9288 	 	FEEDB  CORRECT 6 of 7
745.9720 	 	CUE
746.4899 	 	STIM   0, 1, 0, 0 RULE G2
746.8399 	 	TGT    3,1,0,0; 1,3,0,0; 2,2,0,0; 0,0,0,0
747.2798 	 	RESP   1 G2 ANSWER 1
747.2798 	 	FEEDB  CORRECT 7 of 7
748.3280 	 	CUE
748.8441 	 	STIM   2, 3, 0, 0 RULE G1
749.1944 	 	TGT    3,1,0,0; 1,3,0,0; 2,2,0,0; 0,0,0,0
749.6389 	 	RESP   0 G1 ANSWER -2
749.6389 	 	FEEDB  FAIL 0 of 7
750.6810 	 	CUE
751.1984 	 	STIM   0, 1, 0, 0 RULE G1
751.5489 	 	TGT    3,1,0,0; 1,3,0,0; 2,2,0,0; 0,0,0,0
752.1253 	 	RESP   0 G1 ANSWER -3
752.1253 	 	FEEDB  FAIL 0 of 7
753.1856 	 	CUE
753.7035 	 	STIM   0, 3, 0, 0 RULE G1
754.0533 	 	TGT    3,1,0,0; 1,3,0,0; 2,2,0,0; 0,0,0,0
754.6202 	 	RESP   1 G1 ANSWER 4
754.6202 	 	FEEDB  CORRECT 1 of 7
755.6735 	 	CUE
756.1908 	 	STIM   1, 2, 0, 0 RULE G1
756.5414 	 	TGT    3,1,0,0; 1,3,0,0; 2,2,0,0; 0,0,0,0
757.0428 	 	RESP   0 G1 ANSWER -1
757.0428 	 	FEEDB  FAIL 1 of 7
758.1110 	 	CUE
758.6288 	 	STIM   2, 0, 0, 0 RULE G1
758.9789 	 	TGT    3,1,0,0; 1,3,0,0; 2,2,0,0; 0,0,0,0
759.4898 	 	RESP   0 G1 ANSWER -2
759.4898 	 	FEEDB  FAIL 1 of 7
760.5368 	 	CUE
761.0503 	 	STIM   0, 1, 0, 0 RULE G1
761.4002 	 	TGT    3,1,0,0; 1,3,0,0; 2,2,0,0; 0,0,0,0
761.9123 	 	RESP   0 G1 ANSWER -3
761.9123 	 	FEEDB  FAIL 1 of 7
762.9531 	 	CUE
763.4710 	 	STIM   0, 2, 0, 0 RULE G1
763.8211 	 	TGT    3,1,0,0; 1,3,0,0; 2,2,0,0; 0,0,0,0
764.2153 	 	RESP   0 G1 ANSWER -1
764.2153 	 	FEEDB  FAIL 1 of 7
765.2621 	 	CUE
765.7768 	 	STIM   1, 0, 0, 0 RULE G1
766.1253 	 	TGT    3,1,0,0; 1,3,0,0; 2,2,0,0; 0,0,0,0
766.6543 	 	RESP   1 G1 ANSWER 2
766.6543 	 	FEEDB  CORRECT 2 of 7
767.6955 	 	CUE
768.2129 	 	STIM   1, 0, 0, 0 RULE G1
768.5634 	 	TGT    3,1,0,0; 1,3,0,0; 2,2,0,0; 0,0,0,0
769.1648 	 	RESP   1 G1 ANSWER 2
769.1648 	 	FEEDB  CORRECT 3 of 7
770.2332 	 	CUE
770.7509 	 	STIM   3, 3, 0, 0 RULE G1
771.1011 	 	TGT    3,1,0,0; 1,3,0,0; 2,2,0,0; 0,0,0,0
771.8513 	 	RESP   0 G1 ANSWER -4
771.8514 	 	FEEDB  FAIL 3 of 7
772.9097 	 	CUE
773.4266 	 	STIM   1, 0, 0, 0 RULE G1
773.7727 	 	TGT    3,1,0,0; 1,3,0,0; 2,2,0,0; 0,0,0,0
774.1543 	 	RESP   1 G1 ANSWER 2
774.1543 	 	FEEDB  CORRECT 4 of 7
775.2090 	 	CUE
775.7267 	 	STIM   0, 1, 0, 0 RULE G1
776.0770 	 	TGT    3,1,0,0; 1,3,0,0; 2,2,0,0; 0,0,0,0
776.6414 	 	RESP   0 G1 ANSWER -3
776.6414 	 	FEEDB  FAIL 4 of 7
777.6973 	 	CUE
778.2145 	 	STIM   0, 3, 0, 0 RULE G1
778.5651 	 	TGT    3,1,0,0; 1,3,0,0; 2,2,0,0; 0,0,0,0
779.1678 	 	RESP   1 G1 ANSWER 4
779.1678 	 	FEEDB  CORRECT 5 of 7
780.2182 	 	CUE
780.7361 	 	STIM   0, 2, 0, 0 RULE G1
781.0861 	 	TGT    3,1,0,0; 1,3,0,0; 2,2,0,0; 0,0,0,0
781.5668 	 	RESP   0 G1 ANSWER -3
781.5668 	 	FEEDB  FAIL 5 of 7
782.6062 	 	CUE
783.1235 	 	STIM   2, 3, 0, 0 RULE G1
783.4741 	 	TGT    3,1,0,0; 1,3,0,0; 2,2,0,0; 0,0,0,0
784.2054 	 	RESP   0 G1 ANSWER -4
784.2054 	 	FEEDB  FAIL 5 of 7
785.2490 	 	CUE
785.7634 	 	STIM   3, 0, 0, 0 RULE G1
786.1120 	 	TGT    3,1,0,0; 1,3,0,0; 2,2,0,0; 0,0,0,0
786.7640 	 	RESP   0 G1 ANSWER -2
786.7640 	 	FEEDB  FAIL 5 of 7
787.8152 	 	CUE
788.3331 	 	STIM   0, 1, 0, 0 RULE G1
788.6836 	 	TGT    3,1,0,0; 1,3,0,0; 2,2,0,0; 0,0,0,0
789.3548 	 	RESP   0 G1 ANSWER -3
789.3548 	 	FEEDB  FAIL 5 of 7
790.4070 	 	CUE
790.9210 	 	STIM   0, 2, 0, 0 RULE G1
791.2715 	 	TGT    3,1,0,0; 1,3,0,0; 2,2,0,0; 0,0,0,0
791.8493 	 	RESP   0 G1 ANSWER -1
791.8493 	 	FEEDB  FAIL 5 of 7
792.8913 	 	CUE
793.4103 	 	STIM   1, 0, 0, 0 RULE G1
793.7594 	 	TGT    3,1,0,0; 1,3,0,0; 2,2,0,0; 0,0,0,0
794.2483 	 	RESP   1 G1 ANSWER 2
794.2483 	 	FEEDB  CORRECT 6 of 7
795.2959 	 	CUE
795.8133 	 	STIM   1, 2, 0, 0 RULE G1
796.1638 	 	TGT    3,1,0,0; 1,3,0,0; 2,2,0,0; 0,0,0,0
796.5033 	 	RESP   0 G1 ANSWER -3
796.5033 	 	FEEDB  FAIL 6 of 7
797.5568 	 	CUE
798.0712 	 	STIM   1, 1, 0, 0 RULE G1
798.4181 	 	TGT    3,1,0,0; 1,3,0,0; 2,2,0,0; 0,0,0,0
798.9258 	 	RESP   0 G1 ANSWER -3
798.9258 	 	FEEDB  FAIL 6 of 7
799.9710 	 	CUE
800.4888 	 	STIM   1, 0, 0, 0 RULE G1
800.8388 	 	TGT    3,1,0,0; 1,3,0,0; 2,2,0,0; 0,0,0,0
801.1808 	 	RESP   1 G1 ANSWER 2
801.1809 	 	FEEDB  CORRECT 7 of 7
802.2147 	 	Running set .\configs\sets\letters_of_patches_3-test.json
802.2150 	 	Using deck: 0: 2,0,0,0 | 1: 0,2,0,0 | 2: 1,3,0,0 | 3: 3,1,0,0 
803.2452 	 	CUE
803.7628 	 	STIM   2, 2, 0, 0 RULE G1
804.1116 	 	TGT    1,0,0,0; 3,2,0,0; 0,3,0,0; 2,1,0,0
805.0909 	 	RESP   0 G1 ANSWER -2
805.0909 	 	FEEDB  FAIL 0 of 7
806.1491 	 	CUE
806.6671 	 	STIM   1, 3, 0, 0 RULE G1
807.0169 	 	TGT    1,0,0,0; 3,2,0,0; 0,3,0,0; 2,1,0,0
808.0732 	 	RESP   1 G1 ANSWER 1
808.0733 	 	FEEDB  CORRECT 1 of 7
809.1379 	 	CUE
809.6557 	 	STIM   2, 0, 0, 0 RULE G1
810.0057 	 	TGT    1,0,0,0; 3,2,0,0; 0,3,0,0; 2,1,0,0
810.7999 	 	RESP   0 G1 ANSWER -3
810.7999 	 	FEEDB  FAIL 1 of 7
811.8594 	 	CUE
812.3772 	 	STIM   3, 3, 0, 0 RULE G1
812.7275 	 	TGT    1,0,0,0; 3,2,0,0; 0,3,0,0; 2,1,0,0
813.6308 	 	RESP   1 G1 ANSWER 2
813.6308 	 	FEEDB  CORRECT 2 of 7
814.7148 	 	CUE
815.2324 	 	STIM   3, 1, 0, 0 RULE G1
815.5828 	 	TGT    1,0,0,0; 3,2,0,0; 0,3,0,0; 2,1,0,0
816.3252 	 	RESP   1 G1 ANSWER 2
816.3253 	 	FEEDB  CORRECT 3 of 7
817.3730 	 	CUE
817.8871 	 	STIM   3, 1, 0, 0 RULE G1
818.2376 	 	TGT    1,0,0,0; 3,2,0,0; 0,3,0,0; 2,1,0,0
818.7559 	 	RESP   1 G1 ANSWER 2
818.7560 	 	FEEDB  CORRECT 4 of 7
819.8072 	 	CUE
820.3251 	 	STIM   1, 3, 0, 0 RULE G1
820.6756 	 	TGT    1,0,0,0; 3,2,0,0; 0,3,0,0; 2,1,0,0
822.4663 	 	RESP   1 G1 ANSWER 1
822.4664 	 	FEEDB  CORRECT 5 of 7
823.5313 	 	CUE
824.0487 	 	STIM   2, 3, 0, 0 RULE G1
824.3989 	 	TGT    1,0,0,0; 3,2,0,0; 0,3,0,0; 2,1,0,0
825.2568 	 	RESP   0 G1 ANSWER -1
825.2569 	 	FEEDB  FAIL 5 of 7
826.3027 	 	CUE
826.8201 	 	STIM   1, 3, 0, 0 RULE G1
827.1705 	 	TGT    1,0,0,0; 3,2,0,0; 0,3,0,0; 2,1,0,0
827.6877 	 	RESP   1 G1 ANSWER 1
827.6877 	 	FEEDB  CORRECT 6 of 7
828.7404 	 	CUE
829.2580 	 	STIM   2, 0, 0, 0 RULE G1
829.6086 	 	TGT    1,0,0,0; 3,2,0,0; 0,3,0,0; 2,1,0,0
830.6623 	 	RESP   1 G1 ANSWER 4
830.6623 	 	FEEDB  CORRECT 7 of 7
831.7459 	 	CUE
832.2636 	 	STIM   0, 0, 0, 0 RULE G2
832.6141 	 	TGT    1,0,0,0; 3,2,0,0; 0,3,0,0; 2,1,0,0
834.4843 	 	RESP   0 G2 ANSWER -3
834.4843 	 	FEEDB  FAIL 0 of 5
835.5402 	 	CUE
836.0545 	 	STIM   2, 0, 0, 0 RULE G2
836.4042 	 	TGT    1,0,0,0; 3,2,0,0; 0,3,0,0; 2,1,0,0
838.7858 	 	RESP   0 G2 ANSWER -3
838.7859 	 	FEEDB  FAIL 0 of 5
840.8639 	 	CUE
841.3818 	 	STIM   1, 2, 0, 0 RULE G2
841.7306 	 	TGT    1,0,0,0; 3,2,0,0; 0,3,0,0; 2,1,0,0
844.2392 	 	RESP   0 G2 ANSWER -1
844.2393 	 	FEEDB  FAIL 0 of 5
845.3044 	 	CUE
845.8217 	 	STIM   3, 0, 0, 0 RULE G2
846.1720 	 	TGT    1,0,0,0; 3,2,0,0; 0,3,0,0; 2,1,0,0
847.0779 	 	RESP   0 G2 ANSWER -2
847.0779 	 	FEEDB  FAIL 0 of 5
848.1426 	 	CUE
848.6605 	 	STIM   0, 1, 0, 0 RULE G2
849.0106 	 	TGT    1,0,0,0; 3,2,0,0; 0,3,0,0; 2,1,0,0
851.4676 	 	RESP   0 G2 ANSWER -3
851.4677 	 	FEEDB  FAIL 0 of 5
852.5211 	 	CUE
853.0356 	 	STIM   2, 2, 0, 0 RULE G2
853.3854 	 	TGT    1,0,0,0; 3,2,0,0; 0,3,0,0; 2,1,0,0
853.9144 	 	RESP   0 G2 ANSWER -4
853.9144 	 	FEEDB  FAIL 0 of 5
854.9550 	 	CUE
855.4728 	 	STIM   2, 2, 0, 0 RULE G2
855.8229 	 	TGT    1,0,0,0; 3,2,0,0; 0,3,0,0; 2,1,0,0
856.3214 	 	RESP   1 G2 ANSWER 2
856.3214 	 	FEEDB  CORRECT 1 of 5
857.4097 	 	CUE
857.9271 	 	STIM   1, 1, 0, 0 RULE G2
858.2776 	 	TGT    1,0,0,0; 3,2,0,0; 0,3,0,0; 2,1,0,0
859.0397 	 	RESP   1 G2 ANSWER 4
859.0397 	 	FEEDB  CORRECT 2 of 5
860.0854 	 	CUE
860.5998 	 	STIM   1, 3, 0, 0 RULE G2
860.9490 	 	TGT    1,0,0,0; 3,2,0,0; 0,3,0,0; 2,1,0,0
862.0302 	 	RESP   1 G2 ANSWER 3
862.0302 	 	FEEDB  CORRECT 3 of 5
863.0699 	 	CUE
863.5880 	 	STIM   0, 1, 0, 0 RULE G2
863.9379 	 	TGT    1,0,0,0; 3,2,0,0; 0,3,0,0; 2,1,0,0
864.4774 	 	RESP   1 G2 ANSWER 4
864.4774 	 	FEEDB  CORRECT 4 of 5
865.5247 	 	CUE
866.0421 	 	STIM   1, 1, 0, 0 RULE G2
866.3926 	 	TGT    1,0,0,0; 3,2,0,0; 0,3,0,0; 2,1,0,0
866.8998 	 	RESP   1 G2 ANSWER 4
866.8998 	 	FEEDB  CORRECT 5 of 5
867.9623 	 	CUE
868.4815 	 	STIM   0, 2, 0, 0 RULE G1
868.8301 	 	TGT    1,0,0,0; 3,2,0,0; 0,3,0,0; 2,1,0,0
869.4028 	 	RESP   0 G1 ANSWER -2
869.4029 	 	FEEDB  FAIL 0 of 6
870.4503 	 	CUE
870.9676 	 	STIM   1, 1, 0, 0 RULE G1
871.3182 	 	TGT    1,0,0,0; 3,2,0,0; 0,3,0,0; 2,1,0,0
872.1772 	 	RESP   1 G1 ANSWER 1
872.1773 	 	FEEDB  CORRECT 1 of 6
873.2268 	 	CUE
873.7411 	 	STIM   3, 0, 0, 0 RULE G1
874.0898 	 	TGT    1,0,0,0; 3,2,0,0; 0,3,0,0; 2,1,0,0
874.7120 	 	RESP   1 G1 ANSWER 2
874.7120 	 	FEEDB  CORRECT 2 of 6
875.7597 	 	CUE
876.2776 	 	STIM   3, 1, 0, 0 RULE G1
876.6280 	 	TGT    1,0,0,0; 3,2,0,0; 0,3,0,0; 2,1,0,0
877.2547 	 	RESP   1 G1 ANSWER 2
877.2547 	 	FEEDB  CORRECT 3 of 6
878.3028 	 	CUE
878.8169 	 	STIM   3, 0, 0, 0 RULE G1
879.1658 	 	TGT    1,0,0,0; 3,2,0,0; 0,3,0,0; 2,1,0,0
879.6218 	 	RESP   1 G1 ANSWER 2
879.6218 	 	FEEDB  CORRECT 4 of 6
880.6689 	 	CUE
881.1865 	 	STIM   2, 0, 0, 0 RULE G1
881.5370 	 	TGT    1,0,0,0; 3,2,0,0; 0,3,0,0; 2,1,0,0
883.0918 	 	RESP   1 G1 ANSWER 4
883.0918 	 	FEEDB  CORRECT 5 of 6
884.1468 	 	CUE
884.6615 	 	STIM   0, 1, 0, 0 RULE G1
885.0097 	 	TGT    1,0,0,0; 3,2,0,0; 0,3,0,0; 2,1,0,0
886.1223 	 	RESP   1 G1 ANSWER 3
886.1223 	 	FEEDB  CORRECT 6 of 6
887.1641 	 	CUE
887.6820 	 	STIM   2, 3, 0, 0 RULE G2
888.0319 	 	TGT    1,0,0,0; 3,2,0,0; 0,3,0,0; 2,1,0,0
888.8651 	 	RESP   0 G2 ANSWER -4
888.8652 	 	FEEDB  FAIL 0 of 7
889.9190 	 	CUE
890.4370 	 	STIM   0, 0, 0, 0 RULE G2
890.7869 	 	TGT    1,0,0,0; 3,2,0,0; 0,3,0,0; 2,1,0,0
891.7994 	 	RESP   0 G2 ANSWER -3
891.7994 	 	FEEDB  FAIL 0 of 7
892.8460 	 	CUE
893.3607 	 	STIM   2, 0, 0, 0 RULE G2
893.7091 	 	TGT    1,0,0,0; 3,2,0,0; 0,3,0,0; 2,1,0,0
894.4783 	 	RESP   1 G2 ANSWER 1
894.4783 	 	FEEDB  CORRECT 1 of 7
895.5295 	 	CUE
896.0470 	 	STIM   3, 1, 0, 0 RULE G2
896.3975 	 	TGT    1,0,0,0; 3,2,0,0; 0,3,0,0; 2,1,0,0
897.2848 	 	RESP   1 G2 ANSWER 4
897.2848 	 	FEEDB  CORRECT 2 of 7
898.3396 	 	CUE
898.8534 	 	STIM   0, 1, 0, 0 RULE G2
899.2025 	 	TGT    1,0,0,0; 3,2,0,0; 0,3,0,0; 2,1,0,0
900.0753 	 	RESP   1 G2 ANSWER 4
900.0754 	 	FEEDB  CORRECT 3 of 7
901.1230 	 	CUE
901.6407 	 	STIM   2, 3, 0, 0 RULE G2
901.9909 	 	TGT    1,0,0,0; 3,2,0,0; 0,3,0,0; 2,1,0,0
902.5546 	 	RESP   1 G2 ANSWER 3
902.5547 	 	FEEDB  CORRECT 4 of 7
903.5944 	 	CUE
904.1118 	 	STIM   1, 2, 0, 0 RULE G2
904.4623 	 	TGT    1,0,0,0; 3,2,0,0; 0,3,0,0; 2,1,0,0
905.1129 	 	RESP   1 G2 ANSWER 2
905.1129 	 	FEEDB  CORRECT 5 of 7
906.1823 	 	CUE
906.6999 	 	STIM   2, 3, 0, 0 RULE G2
907.0502 	 	TGT    1,0,0,0; 3,2,0,0; 0,3,0,0; 2,1,0,0
907.7114 	 	RESP   1 G2 ANSWER 3
907.7114 	 	FEEDB  CORRECT 6 of 7
908.7587 	 	CUE
909.2754 	 	STIM   0, 1, 0, 0 RULE G2
909.6218 	 	TGT    1,0,0,0; 3,2,0,0; 0,3,0,0; 2,1,0,0
910.1664 	 	RESP   1 G2 ANSWER 4
910.1664 	 	FEEDB  CORRECT 7 of 7
911.2082 	 	CUE
911.7257 	 	STIM   3, 0, 0, 0 RULE G1
912.0761 	 	TGT    1,0,0,0; 3,2,0,0; 0,3,0,0; 2,1,0,0
912.6774 	 	RESP   0 G1 ANSWER -1
912.6774 	 	FEEDB  FAIL 0 of 5
913.7459 	 	CUE
914.2638 	 	STIM   3, 0, 0, 0 RULE G1
914.6143 	 	TGT    1,0,0,0; 3,2,0,0; 0,3,0,0; 2,1,0,0
916.2993 	 	RESP   1 G1 ANSWER 2
916.2993 	 	FEEDB  CORRECT 1 of 5
917.3696 	 	CUE
917.8869 	 	STIM   3, 0, 0, 0 RULE G1
918.2374 	 	TGT    1,0,0,0; 3,2,0,0; 0,3,0,0; 2,1,0,0
918.7299 	 	RESP   1 G1 ANSWER 2
918.7299 	 	FEEDB  CORRECT 2 of 5
919.7791 	 	CUE
920.2942 	 	STIM   0, 1, 0, 0 RULE G1
920.6420 	 	TGT    1,0,0,0; 3,2,0,0; 0,3,0,0; 2,1,0,0
921.8563 	 	RESP   1 G1 ANSWER 3
921.8563 	 	FEEDB  CORRECT 3 of 5
922.8961 	 	CUE
923.4141 	 	STIM   0, 1, 0, 0 RULE G1
923.7640 	 	TGT    1,0,0,0; 3,2,0,0; 0,3,0,0; 2,1,0,0
924.6232 	 	RESP   1 G1 ANSWER 3
924.6232 	 	FEEDB  CORRECT 4 of 5
925.6680 	 	CUE
926.1856 	 	STIM   3, 1, 0, 0 RULE G1
926.5361 	 	TGT    1,0,0,0; 3,2,0,0; 0,3,0,0; 2,1,0,0
932.2673 	 	RESP   1 G1 ANSWER 2
932.2674 	 	FEEDB  CORRECT 5 of 5
933.3169 	 	CUE
933.8330 	 	STIM   2, 2, 0, 0 RULE G2
934.1833 	 	TGT    1,0,0,0; 3,2,0,0; 0,3,0,0; 2,1,0,0
935.2499 	 	RESP   0 G2 ANSWER -4
935.2499 	 	FEEDB  FAIL 0 of 6
936.3042 	 	CUE
936.8216 	 	STIM   3, 1, 0, 0 RULE G2
937.1721 	 	TGT    1,0,0,0; 3,2,0,0; 0,3,0,0; 2,1,0,0
937.9205 	 	RESP   1 G2 ANSWER 4
937.9205 	 	FEEDB  CORRECT 1 of 6
938.9757 	 	CUE
939.4935 	 	STIM   1, 2, 0, 0 RULE G2
939.8434 	 	TGT    1,0,0,0; 3,2,0,0; 0,3,0,0; 2,1,0,0
940.9108 	 	RESP   0 G2 ANSWER -4
940.9108 	 	FEEDB  FAIL 1 of 6
941.9811 	 	CUE
942.4990 	 	STIM   2, 3, 0, 0 RULE G2
942.8490 	 	TGT    1,0,0,0; 3,2,0,0; 0,3,0,0; 2,1,0,0
943.4299 	 	RESP   1 G2 ANSWER 3
943.4299 	 	FEEDB  CORRECT 2 of 6
944.4759 	 	CUE
944.9905 	 	STIM   0, 0, 0, 0 RULE G2
945.3371 	 	TGT    1,0,0,0; 3,2,0,0; 0,3,0,0; 2,1,0,0
946.2520 	 	RESP   1 G2 ANSWER 1
946.2521 	 	FEEDB  CORRECT 3 of 6
947.3077 	 	CUE
947.8250 	 	STIM   3, 0, 0, 0 RULE G2
948.1756 	 	TGT    1,0,0,0; 3,2,0,0; 0,3,0,0; 2,1,0,0
949.2987 	 	RESP   1 G2 ANSWER 1
949.2988 	 	FEEDB  CORRECT 4 of 6
950.3467 	 	CUE
950.8642 	 	STIM   3, 3, 0, 0 RULE G2
951.2145 	 	TGT    1,0,0,0; 3,2,0,0; 0,3,0,0; 2,1,0,0
952.8486 	 	RESP   0 G2 ANSWER -2
952.8486 	 	FEEDB  FAIL 4 of 6
953.9031 	 	CUE
954.4207 	 	STIM   2, 3, 0, 0 RULE G2
954.7708 	 	TGT    1,0,0,0; 3,2,0,0; 0,3,0,0; 2,1,0,0
955.9113 	 	RESP   0 G2 ANSWER -4
955.9113 	 	FEEDB  FAIL 4 of 6
956.9600 	 	CUE
957.4767 	 	STIM   1, 2, 0, 0 RULE G2
957.8265 	 	TGT    1,0,0,0; 3,2,0,0; 0,3,0,0; 2,1,0,0
959.3579 	 	RESP   0 G2 ANSWER -1
959.3579 	 	FEEDB  FAIL 4 of 6
960.3984 	 	CUE
960.9160 	 	STIM   1, 2, 0, 0 RULE G2
961.2663 	 	TGT    1,0,0,0; 3,2,0,0; 0,3,0,0; 2,1,0,0
962.0524 	 	RESP   0 G2 ANSWER -1
962.0524 	 	FEEDB  FAIL 4 of 6
963.1033 	 	CUE
963.6209 	 	STIM   2, 2, 0, 0 RULE G2
963.9711 	 	TGT    1,0,0,0; 3,2,0,0; 0,3,0,0; 2,1,0,0
964.8509 	 	RESP   0 G2 ANSWER -4
964.8509 	 	FEEDB  FAIL 4 of 6
965.8964 	 	CUE
966.4111 	 	STIM   0, 0, 0, 0 RULE G2
966.7595 	 	TGT    1,0,0,0; 3,2,0,0; 0,3,0,0; 2,1,0,0
968.6491 	 	RESP   0 G2 ANSWER -3
968.6491 	 	FEEDB  FAIL 4 of 6
969.7039 	 	CUE
970.2165 	 	STIM   1, 2, 0, 0 RULE G2
970.5668 	 	TGT    1,0,0,0; 3,2,0,0; 0,3,0,0; 2,1,0,0
971.6875 	 	RESP   0 G2 ANSWER -1
971.6876 	 	FEEDB  FAIL 4 of 6
972.7373 	 	CUE
973.2555 	 	STIM   2, 3, 0, 0 RULE G2
973.6056 	 	TGT    1,0,0,0; 3,2,0,0; 0,3,0,0; 2,1,0,0
974.5266 	 	RESP   1 G2 ANSWER 3
974.5266 	 	FEEDB  CORRECT 5 of 6
975.5763 	 	CUE
976.0939 	 	STIM   3, 0, 0, 0 RULE G2
976.4441 	 	TGT    1,0,0,0; 3,2,0,0; 0,3,0,0; 2,1,0,0
977.0529 	 	RESP   1 G2 ANSWER 1
977.0529 	 	FEEDB  CORRECT 6 of 6
979.5006 	 	Running set .\configs\sets\letters_of_patches_4-test.json
979.5008 	 	Using deck: 0: 3,2,0,0 | 1: 0,3,0,0 | 2: 2,1,0,0 | 3: 1,0,0,0 
980.9357 	 	CUE
981.4536 	 	STIM   2, 3, 0, 0 RULE G2
981.8036 	 	TGT    2,2,0,0; 3,3,0,0; 1,1,0,0; 0,0,0,0
982.5143 	 	RESP   1 G2 ANSWER 2
982.5143 	 	FEEDB  CORRECT 1 of 5
983.5807 	 	CUE
984.0946 	 	STIM   1, 0, 0, 0 RULE G2
984.4421 	 	TGT    2,2,0,0; 3,3,0,0; 1,1,0,0; 0,0,0,0
985.8242 	 	RESP   1 G2 ANSWER 4
985.8242 	 	FEEDB  CORRECT 2 of 5
986.8633 	 	CUE
987.3813 	 	STIM   2, 3, 0, 0 RULE G2
987.7311 	 	TGT    2,2,0,0; 3,3,0,0; 1,1,0,0; 0,0,0,0
991.0779 	 	RESP   1 G2 ANSWER 2
991.0779 	 	FEEDB  CORRECT 3 of 5
992.5467 	 	CUE
993.0608 	 	STIM   3, 0, 0, 0 RULE G2
993.4085 	 	TGT    2,2,0,0; 3,3,0,0; 1,1,0,0; 0,0,0,0
993.8044 	 	RESP   1 G2 ANSWER 4
993.8044 	 	FEEDB  CORRECT 4 of 5
994.8613 	 	CUE
995.3791 	 	STIM   3, 2, 0, 0 RULE G2
995.7291 	 	TGT    2,2,0,0; 3,3,0,0; 1,1,0,0; 0,0,0,0
996.0353 	 	RESP   1 G2 ANSWER 1
996.0354 	 	FEEDB  CORRECT 5 of 5
997.0854 	 	CUE
997.5999 	 	STIM   3, 0, 0, 0 RULE G1
997.9500 	 	TGT    2,2,0,0; 3,3,0,0; 1,1,0,0; 0,0,0,0
998.3863 	 	RESP   0 G1 ANSWER -4
998.3864 	 	FEEDB  FAIL 0 of 7
999.4533 	 	CUE
999.9707 	 	STIM   3, 1, 0, 0 RULE G1
1000.3212 	 	TGT    2,2,0,0; 3,3,0,0; 1,1,0,0; 0,0,0,0
1002.3444 	 	RESP   1 G1 ANSWER 2
1002.3444 	 	FEEDB  CORRECT 1 of 7
1003.3980 	 	CUE
1003.9115 	 	STIM   3, 2, 0, 0 RULE G1
1004.2618 	 	TGT    2,2,0,0; 3,3,0,0; 1,1,0,0; 0,0,0,0
1004.9429 	 	RESP   1 G1 ANSWER 2
1004.9429 	 	FEEDB  CORRECT 2 of 7
1005.9984 	 	CUE
1006.5163 	 	STIM   0, 1, 0, 0 RULE G1
1006.8662 	 	TGT    2,2,0,0; 3,3,0,0; 1,1,0,0; 0,0,0,0
1007.3580 	 	RESP   0 G1 ANSWER -2
1007.3580 	 	FEEDB  FAIL 2 of 7
1008.4198 	 	CUE
1008.9371 	 	STIM   1, 3, 0, 0 RULE G1
1009.2875 	 	TGT    2,2,0,0; 3,3,0,0; 1,1,0,0; 0,0,0,0
1010.3885 	 	RESP   1 G1 ANSWER 3
1010.3885 	 	FEEDB  CORRECT 3 of 7
1011.4463 	 	CUE
1011.9600 	 	STIM   1, 3, 0, 0 RULE G1
1012.3098 	 	TGT    2,2,0,0; 3,3,0,0; 1,1,0,0; 0,0,0,0
1013.2109 	 	RESP   1 G1 ANSWER 3
1013.2109 	 	FEEDB  CORRECT 4 of 7
1014.2804 	 	CUE
1014.7978 	 	STIM   2, 0, 0, 0 RULE G1
1015.1483 	 	TGT    2,2,0,0; 3,3,0,0; 1,1,0,0; 0,0,0,0
1015.7854 	 	RESP   1 G1 ANSWER 1
1015.7854 	 	FEEDB  CORRECT 5 of 7
1016.8516 	 	CUE
1017.3694 	 	STIM   0, 2, 0, 0 RULE G1
1017.7195 	 	TGT    2,2,0,0; 3,3,0,0; 1,1,0,0; 0,0,0,0
1019.8714 	 	RESP   1 G1 ANSWER 4
1019.8714 	 	FEEDB  CORRECT 6 of 7
1021.2598 	 	CUE
1021.7772 	 	STIM   0, 3, 0, 0 RULE G1
1022.1277 	 	TGT    2,2,0,0; 3,3,0,0; 1,1,0,0; 0,0,0,0
1022.5584 	 	RESP   0 G1 ANSWER -2
1022.5584 	 	FEEDB  FAIL 6 of 7
1023.6144 	 	CUE
1024.1319 	 	STIM   2, 1, 0, 0 RULE G1
1024.4823 	 	TGT    2,2,0,0; 3,3,0,0; 1,1,0,0; 0,0,0,0
1024.8689 	 	RESP   1 G1 ANSWER 1
1024.8689 	 	FEEDB  CORRECT 7 of 7
1025.9182 	 	CUE
1026.4361 	 	STIM   2, 3, 0, 0 RULE G2
1026.7861 	 	TGT    2,2,0,0; 3,3,0,0; 1,1,0,0; 0,0,0,0
1027.1398 	 	RESP   0 G2 ANSWER -1
1027.1399 	 	FEEDB  FAIL 0 of 7
1028.1934 	 	CUE
1028.7082 	 	STIM   3, 1, 0, 0 RULE G2
1029.0570 	 	TGT    2,2,0,0; 3,3,0,0; 1,1,0,0; 0,0,0,0
1029.7464 	 	RESP   0 G2 ANSWER -4
1029.7464 	 	FEEDB  FAIL 0 of 7
1030.7937 	 	CUE
1031.3116 	 	STIM   0, 3, 0, 0 RULE G2
1031.6616 	 	TGT    2,2,0,0; 3,3,0,0; 1,1,0,0; 0,0,0,0
1032.0013 	 	RESP   1 G2 ANSWER 2
1032.0013 	 	FEEDB  CORRECT 1 of 7
1033.0528 	 	CUE
1033.5675 	 	STIM   1, 3, 0, 0 RULE G2
1033.9158 	 	TGT    2,2,0,0; 3,3,0,0; 1,1,0,0; 0,0,0,0
1034.4564 	 	RESP   0 G2 ANSWER -3
1034.4564 	 	FEEDB  FAIL 1 of 7
1035.5029 	 	CUE
1036.0201 	 	STIM   3, 1, 0, 0 RULE G2
1036.3706 	 	TGT    2,2,0,0; 3,3,0,0; 1,1,0,0; 0,0,0,0
1036.9748 	 	RESP   0 G2 ANSWER -4
1036.9748 	 	FEEDB  FAIL 1 of 7
1038.0240 	 	CUE
1038.5418 	 	STIM   1, 0, 0, 0 RULE G2
1038.8917 	 	TGT    2,2,0,0; 3,3,0,0; 1,1,0,0; 0,0,0,0
1039.3899 	 	RESP   0 G2 ANSWER -3
1039.3899 	 	FEEDB  FAIL 1 of 7
1040.4450 	 	CUE
1040.9625 	 	STIM   3, 0, 0, 0 RULE G2
1041.3129 	 	TGT    2,2,0,0; 3,3,0,0; 1,1,0,0; 0,0,0,0
1042.3804 	 	RESP   0 G2 ANSWER -2
1042.3804 	 	FEEDB  FAIL 1 of 7
1043.4505 	 	CUE
1043.9679 	 	STIM   3, 2, 0, 0 RULE G2
1044.3185 	 	TGT    2,2,0,0; 3,3,0,0; 1,1,0,0; 0,0,0,0
1044.7069 	 	RESP   1 G2 ANSWER 1
1044.7070 	 	FEEDB  CORRECT 2 of 7
1045.7558 	 	CUE
1046.2725 	 	STIM   0, 2, 0, 0 RULE G2
1046.6226 	 	TGT    2,2,0,0; 3,3,0,0; 1,1,0,0; 0,0,0,0
1047.1059 	 	RESP   1 G2 ANSWER 1
1047.1059 	 	FEEDB  CORRECT 3 of 7
1048.1591 	 	CUE
1048.6765 	 	STIM   2, 1, 0, 0 RULE G2
1049.0270 	 	TGT    2,2,0,0; 3,3,0,0; 1,1,0,0; 0,0,0,0
1049.6007 	 	RESP   1 G2 ANSWER 3
1049.6008 	 	FEEDB  CORRECT 4 of 7
1050.6482 	 	CUE
1051.1648 	 	STIM   2, 0, 0, 0 RULE G2
1051.5151 	 	TGT    2,2,0,0; 3,3,0,0; 1,1,0,0; 0,0,0,0
1051.8715 	 	RESP   1 G2 ANSWER 4
1051.8715 	 	FEEDB  CORRECT 5 of 7
1052.9177 	 	CUE
1053.4355 	 	STIM   0, 3, 0, 0 RULE G2
1053.7855 	 	TGT    2,2,0,0; 3,3,0,0; 1,1,0,0; 0,0,0,0
1054.8620 	 	RESP   1 G2 ANSWER 2
1054.8620 	 	FEEDB  CORRECT 6 of 7
1055.9132 	 	CUE
1056.4280 	 	STIM   3, 1, 0, 0 RULE G2
1056.7743 	 	TGT    2,2,0,0; 3,3,0,0; 1,1,0,0; 0,0,0,0
1057.2609 	 	RESP   1 G2 ANSWER 3
1057.2610 	 	FEEDB  CORRECT 7 of 7
1058.3111 	 	CUE
1058.8284 	 	STIM   1, 3, 0, 0 RULE G1
1059.1789 	 	TGT    2,2,0,0; 3,3,0,0; 1,1,0,0; 0,0,0,0
1059.7874 	 	RESP   0 G1 ANSWER -2
1059.7875 	 	FEEDB  FAIL 0 of 5
1060.8370 	 	CUE
1061.3517 	 	STIM   2, 0, 0, 0 RULE G1
1061.7000 	 	TGT    2,2,0,0; 3,3,0,0; 1,1,0,0; 0,0,0,0
1062.6101 	 	RESP   0 G1 ANSWER -4
1062.6101 	 	FEEDB  FAIL 0 of 5
1063.6539 	 	CUE
1064.1717 	 	STIM   3, 1, 0, 0 RULE G1
1064.5223 	 	TGT    2,2,0,0; 3,3,0,0; 1,1,0,0; 0,0,0,0
1064.8809 	 	RESP   0 G1 ANSWER -3
1064.8810 	 	FEEDB  FAIL 0 of 5
1065.9248 	 	CUE
1066.4426 	 	STIM   0, 3, 0, 0 RULE G1
1066.7927 	 	TGT    2,2,0,0; 3,3,0,0; 1,1,0,0; 0,0,0,0
1067.6874 	 	RESP   1 G1 ANSWER 4
1067.6874 	 	FEEDB  CORRECT 1 of 5
1068.7342 	 	CUE
1069.2484 	 	STIM   1, 0, 0, 0 RULE G1
1069.5980 	 	TGT    2,2,0,0; 3,3,0,0; 1,1,0,0; 0,0,0,0
1070.2544 	 	RESP   1 G1 ANSWER 3
1070.2544 	 	FEEDB  CORRECT 2 of 5
1071.3016 	 	CUE
1071.8189 	 	STIM   2, 3, 0, 0 RULE G1
1072.1694 	 	TGT    2,2,0,0; 3,3,0,0; 1,1,0,0; 0,0,0,0
1072.7489 	 	RESP   0 G1 ANSWER -3
1072.7489 	 	FEEDB  FAIL 2 of 5
1073.7940 	 	CUE
1074.3087 	 	STIM   2, 0, 0, 0 RULE G1
1074.6570 	 	TGT    2,2,0,0; 3,3,0,0; 1,1,0,0; 0,0,0,0
1075.2119 	 	RESP   0 G1 ANSWER -2
1075.2120 	 	FEEDB  FAIL 2 of 5
1076.2606 	 	CUE
1076.7779 	 	STIM   1, 3, 0, 0 RULE G1
1077.1284 	 	TGT    2,2,0,0; 3,3,0,0; 1,1,0,0; 0,0,0,0
1078.4182 	 	RESP   1 G1 ANSWER 3
1078.4182 	 	FEEDB  CORRECT 3 of 5
1079.4833 	 	CUE
1080.0006 	 	STIM   0, 2, 0, 0 RULE G1
1080.3512 	 	TGT    2,2,0,0; 3,3,0,0; 1,1,0,0; 0,0,0,0
1082.2484 	 	RESP   1 G1 ANSWER 4
1082.2484 	 	FEEDB  CORRECT 4 of 5
1083.3071 	 	CUE
1083.8244 	 	STIM   1, 2, 0, 0 RULE G1
1084.1747 	 	TGT    2,2,0,0; 3,3,0,0; 1,1,0,0; 0,0,0,0
1085.2469 	 	RESP   1 G1 ANSWER 3
1085.2469 	 	FEEDB  CORRECT 5 of 5
1086.2956 	 	CUE
1086.8130 	 	STIM   3, 1, 0, 0 RULE G2
1087.1635 	 	TGT    2,2,0,0; 3,3,0,0; 1,1,0,0; 0,0,0,0
1088.5256 	 	RESP   0 G2 ANSWER -4
1088.5257 	 	FEEDB  FAIL 0 of 6
1089.5682 	 	CUE
1090.0860 	 	STIM   2, 3, 0, 0 RULE G2
1090.4364 	 	TGT    2,2,0,0; 3,3,0,0; 1,1,0,0; 0,0,0,0
1091.5477 	 	RESP   0 G2 ANSWER -1
1091.5477 	 	FEEDB  FAIL 0 of 6
1092.5904 	 	CUE
1093.1100 	 	STIM   2, 3, 0, 0 RULE G2
1093.4586 	 	TGT    2,2,0,0; 3,3,0,0; 1,1,0,0; 0,0,0,0
1095.1139 	 	RESP   0 G2 ANSWER -1
1095.1139 	 	FEEDB  FAIL 0 of 6
1096.1639 	 	CUE
1096.6810 	 	STIM   1, 2, 0, 0 RULE G2
1097.0316 	 	TGT    2,2,0,0; 3,3,0,0; 1,1,0,0; 0,0,0,0
1097.4329 	 	RESP   1 G2 ANSWER 1
1097.4329 	 	FEEDB  CORRECT 1 of 6
1098.4847 	 	CUE
1099.0021 	 	STIM   2, 3, 0, 0 RULE G2
1099.3527 	 	TGT    2,2,0,0; 3,3,0,0; 1,1,0,0; 0,0,0,0
1099.6075 	 	RESP   1 G2 ANSWER 2
1099.6075 	 	FEEDB  CORRECT 2 of 6
1100.6550 	 	CUE
1101.1728 	 	STIM   3, 1, 0, 0 RULE G2
1101.5233 	 	TGT    2,2,0,0; 3,3,0,0; 1,1,0,0; 0,0,0,0
1102.3504 	 	RESP   1 G2 ANSWER 3
1102.3504 	 	FEEDB  CORRECT 3 of 6
1103.3979 	 	CUE
1103.9117 	 	STIM   1, 3, 0, 0 RULE G2
1104.2616 	 	TGT    2,2,0,0; 3,3,0,0; 1,1,0,0; 0,0,0,0
1106.7320 	 	RESP   0 G2 ANSWER -3
1106.7320 	 	FEEDB  FAIL 3 of 6
1107.7848 	 	CUE
1108.3026 	 	STIM   1, 2, 0, 0 RULE G2
1108.6526 	 	TGT    2,2,0,0; 3,3,0,0; 1,1,0,0; 0,0,0,0
1110.9140 	 	RESP   0 G2 ANSWER -3
1110.9140 	 	FEEDB  FAIL 3 of 6
1111.9630 	 	CUE
1112.4773 	 	STIM   0, 3, 0, 0 RULE G2
1112.8270 	 	TGT    2,2,0,0; 3,3,0,0; 1,1,0,0; 0,0,0,0
1113.2329 	 	RESP   1 G2 ANSWER 2
1113.2330 	 	FEEDB  CORRECT 4 of 6
1114.2802 	 	CUE
1114.7976 	 	STIM   0, 3, 0, 0 RULE G2
1115.1481 	 	TGT    2,2,0,0; 3,3,0,0; 1,1,0,0; 0,0,0,0
1115.6557 	 	RESP   1 G2 ANSWER 2
1115.6557 	 	FEEDB  CORRECT 5 of 6
1116.7077 	 	CUE
1117.2217 	 	STIM   0, 1, 0, 0 RULE G2
1117.5692 	 	TGT    2,2,0,0; 3,3,0,0; 1,1,0,0; 0,0,0,0
1118.5423 	 	RESP   1 G2 ANSWER 3
1118.5423 	 	FEEDB  CORRECT 6 of 6
1119.5898 	 	CUE
1120.1075 	 	STIM   1, 3, 0, 0 RULE G1
1120.4580 	 	TGT    2,2,0,0; 3,3,0,0; 1,1,0,0; 0,0,0,0
1120.9489 	 	RESP   0 G1 ANSWER -2
1120.9490 	 	FEEDB  FAIL 0 of 6
1121.9943 	 	CUE
1122.5121 	 	STIM   0, 2, 0, 0 RULE G1
1122.8621 	 	TGT    2,2,0,0; 3,3,0,0; 1,1,0,0; 0,0,0,0
1123.9394 	 	RESP   1 G1 ANSWER 4
1123.9395 	 	FEEDB  CORRECT 1 of 6
1124.9869 	 	CUE
1125.5015 	 	STIM   1, 0, 0, 0 RULE G1
1125.8509 	 	TGT    2,2,0,0; 3,3,0,0; 1,1,0,0; 0,0,0,0
1126.4905 	 	RESP   1 G1 ANSWER 3
1126.4905 	 	FEEDB  CORRECT 2 of 6
1127.5378 	 	CUE
1128.0553 	 	STIM   2, 3, 0, 0 RULE G1
1128.4059 	 	TGT    2,2,0,0; 3,3,0,0; 1,1,0,0; 0,0,0,0
1129.1291 	 	RESP   0 G1 ANSWER -2
1129.1291 	 	FEEDB  FAIL 2 of 6
1130.1809 	 	CUE
1130.6950 	 	STIM   0, 1, 0, 0 RULE G1
1131.0438 	 	TGT    2,2,0,0; 3,3,0,0; 1,1,0,0; 0,0,0,0
1131.8953 	 	RESP   1 G1 ANSWER 4
1131.8953 	 	FEEDB  CORRECT 3 of 6
1132.9476 	 	CUE
1133.4655 	 	STIM   2, 1, 0, 0 RULE G1
1133.8155 	 	TGT    2,2,0,0; 3,3,0,0; 1,1,0,0; 0,0,0,0
1134.2064 	 	RESP   1 G1 ANSWER 1
1134.2064 	 	FEEDB  CORRECT 4 of 6
1135.2558 	 	CUE
1135.7700 	 	STIM   1, 3, 0, 0 RULE G1
1136.1199 	 	TGT    2,2,0,0; 3,3,0,0; 1,1,0,0; 0,0,0,0
1136.9889 	 	RESP   1 G1 ANSWER 3
1136.9889 	 	FEEDB  CORRECT 5 of 6
1138.0403 	 	CUE
1138.5580 	 	STIM   1, 0, 0, 0 RULE G1
1138.9082 	 	TGT    2,2,0,0; 3,3,0,0; 1,1,0,0; 0,0,0,0
1141.0270 	 	RESP   0 G1 ANSWER -2
1141.0270 	 	FEEDB  FAIL 5 of 6
1142.0978 	 	CUE
1142.6152 	 	STIM   1, 0, 0, 0 RULE G1
1142.9657 	 	TGT    2,2,0,0; 3,3,0,0; 1,1,0,0; 0,0,0,0
1143.3780 	 	RESP   0 G1 ANSWER -4
1143.3780 	 	FEEDB  FAIL 5 of 6
1144.4256 	 	CUE
1144.9400 	 	STIM   3, 0, 0, 0 RULE G1
1145.2867 	 	TGT    2,2,0,0; 3,3,0,0; 1,1,0,0; 0,0,0,0
1146.4164 	 	RESP   1 G1 ANSWER 2
1146.4164 	 	FEEDB  CORRECT 6 of 6
