0.0001 	 	Subj ID: pilot_stim2_21.07.14_kati
0.0005 	 	Run: 2014-07-21 11:13:22.606655
0.0005 	 	Age: 18
0.0006 	 	Group: Control
0.0006 	 	--------------------------------------------------------
0.0006 	 	INFO
0.0006 	 	timestamp CUE
0.0006 	 	timestamp STIM  [state for each rule G1 G2 L1 L2 : 0,1,2,3] RULE [current rule]
0.0006 	 	timestamp TGT   [states for each card / Up, Right, Down, Left: 0,1,2,3; 0,1,2,3;...]
0.0006 	 	timestamp RESP  [correct: 1/0] [current rule: G1, G2, L1, L2] ANSWER [card selected: 1(up), 2(right), 3(down), 4(left)]
0.0006 	 	timestamp FEEDB [correct/fail] [correct answers] of [series length]
0.0006 	 	--------------------------------------------------------
345.8001 	 	Running set .\configs\sets\faces_of_letters_1i.json
345.8003 	 	Using deck: 0: 0,0,0,3 | 1: 2,2,3,2 | 2: 1,1,1,0 | 3: 3,3,2,1 
350.1917 	 	CUE
350.7058 	 	STIM   0, 1, 0, 1 RULE L1
351.0559 	 	TGT    2,0,0,3; 0,2,3,2; 3,1,1,0; 1,3,2,1
377.6193 	 	RESP   0 L1 ANSWER -4
377.6193 	 	FEEDB  FAIL 0 of 6
378.7067 	 	CUE
379.2241 	 	STIM   1, 2, 1, 3 RULE L1
379.5746 	 	TGT    2,0,0,3; 0,2,3,2; 3,1,1,0; 1,3,2,1
383.2162 	 	RESP   0 L1 ANSWER -2
383.2162 	 	FEEDB  FAIL 0 of 6
384.2834 	 	CUE
384.8013 	 	STIM   0, 1, 0, 1 RULE L1
385.1513 	 	TGT    2,0,0,3; 0,2,3,2; 3,1,1,0; 1,3,2,1
387.0226 	 	RESP   0 L1 ANSWER -3
387.0226 	 	FEEDB  FAIL 0 of 6
388.1070 	 	CUE
388.6248 	 	STIM   2, 3, 1, 2 RULE L1
388.9753 	 	TGT    2,0,0,3; 0,2,3,2; 3,1,1,0; 1,3,2,1
389.9812 	 	RESP   0 L1 ANSWER -4
389.9812 	 	FEEDB  FAIL 0 of 6
391.0306 	 	CUE
391.5471 	 	STIM   3, 0, 3, 1 RULE L1
391.8974 	 	TGT    2,0,0,3; 0,2,3,2; 3,1,1,0; 1,3,2,1
394.2427 	 	RESP   0 L1 ANSWER -1
394.2427 	 	FEEDB  FAIL 0 of 6
395.3038 	 	CUE
395.8216 	 	STIM   3, 2, 2, 3 RULE L1
396.1715 	 	TGT    2,0,0,3; 0,2,3,2; 3,1,1,0; 1,3,2,1
399.0009 	 	RESP   0 L1 ANSWER -2
399.0009 	 	FEEDB  FAIL 0 of 6
400.0625 	 	CUE
400.5802 	 	STIM   1, 0, 3, 0 RULE L1
400.9305 	 	TGT    2,0,0,3; 0,2,3,2; 3,1,1,0; 1,3,2,1
415.7522 	 	RESP   0 L1 ANSWER -1
415.7522 	 	FEEDB  FAIL 0 of 6
416.7960 	 	CUE
417.3107 	 	STIM   3, 0, 3, 1 RULE L1
417.6609 	 	TGT    2,0,0,3; 0,2,3,2; 3,1,1,0; 1,3,2,1
425.9153 	 	RESP   0 L1 ANSWER -3
425.9153 	 	FEEDB  FAIL 0 of 6
426.9786 	 	CUE
427.4960 	 	STIM   2, 2, 1, 1 RULE L1
427.8463 	 	TGT    2,0,0,3; 0,2,3,2; 3,1,1,0; 1,3,2,1
466.1748 	 	RESP   1 L1 ANSWER 3
466.1748 	 	FEEDB  CORRECT 1 of 6
467.2198 	 	CUE
467.7364 	 	STIM   1, 1, 0, 2 RULE L1
468.0863 	 	TGT    2,0,0,3; 0,2,3,2; 3,1,1,0; 1,3,2,1
472.8598 	 	RESP   1 L1 ANSWER 1
472.8599 	 	FEEDB  CORRECT 2 of 6
473.9477 	 	CUE
474.4650 	 	STIM   3, 0, 2, 2 RULE L1
474.8156 	 	TGT    2,0,0,3; 0,2,3,2; 3,1,1,0; 1,3,2,1
475.9860 	 	RESP   1 L1 ANSWER 4
475.9860 	 	FEEDB  CORRECT 3 of 6
477.0532 	 	CUE
477.5710 	 	STIM   0, 3, 1, 3 RULE L1
477.9214 	 	TGT    2,0,0,3; 0,2,3,2; 3,1,1,0; 1,3,2,1
480.3598 	 	RESP   1 L1 ANSWER 3
480.3598 	 	FEEDB  CORRECT 4 of 6
481.4342 	 	CUE
481.9489 	 	STIM   1, 2, 0, 0 RULE L1
482.2957 	 	TGT    2,0,0,3; 0,2,3,2; 3,1,1,0; 1,3,2,1
483.5744 	 	RESP   1 L1 ANSWER 1
483.5744 	 	FEEDB  CORRECT 5 of 6
484.6171 	 	CUE
485.1347 	 	STIM   1, 1, 3, 3 RULE L1
485.4850 	 	TGT    2,0,0,3; 0,2,3,2; 3,1,1,0; 1,3,2,1
486.3009 	 	RESP   1 L1 ANSWER 2
486.3009 	 	FEEDB  CORRECT 6 of 6
487.3553 	 	CUE
487.8732 	 	STIM   1, 1, 0, 2 RULE L2
488.2232 	 	TGT    2,0,0,3; 0,2,3,2; 3,1,1,0; 1,3,2,1
490.1548 	 	RESP   0 L2 ANSWER -1
490.1548 	 	FEEDB  FAIL 0 of 5
491.2125 	 	CUE
491.7303 	 	STIM   1, 0, 1, 2 RULE L2
492.0801 	 	TGT    2,0,0,3; 0,2,3,2; 3,1,1,0; 1,3,2,1
494.6408 	 	RESP   1 L2 ANSWER 2
494.6408 	 	FEEDB  CORRECT 1 of 5
495.7043 	 	CUE
496.2216 	 	STIM   0, 0, 2, 0 RULE L2
496.5719 	 	TGT    2,0,0,3; 0,2,3,2; 3,1,1,0; 1,3,2,1
498.6627 	 	RESP   1 L2 ANSWER 3
498.6627 	 	FEEDB  CORRECT 2 of 5
499.7283 	 	CUE
500.2457 	 	STIM   2, 2, 2, 0 RULE L2
500.5960 	 	TGT    2,0,0,3; 0,2,3,2; 3,1,1,0; 1,3,2,1
503.3083 	 	RESP   1 L2 ANSWER 3
503.3083 	 	FEEDB  CORRECT 3 of 5
504.3579 	 	CUE
504.8726 	 	STIM   1, 2, 1, 3 RULE L2
505.2209 	 	TGT    2,0,0,3; 0,2,3,2; 3,1,1,0; 1,3,2,1
506.3307 	 	RESP   0 L2 ANSWER -4
506.3308 	 	FEEDB  FAIL 3 of 5
507.3753 	 	CUE
507.8933 	 	STIM   3, 3, 3, 3 RULE L2
508.2432 	 	TGT    2,0,0,3; 0,2,3,2; 3,1,1,0; 1,3,2,1
510.1928 	 	RESP   0 L2 ANSWER -2
510.1928 	 	FEEDB  FAIL 3 of 5
511.2492 	 	CUE
511.7669 	 	STIM   2, 1, 2, 2 RULE L2
512.1168 	 	TGT    2,0,0,3; 0,2,3,2; 3,1,1,0; 1,3,2,1
513.3913 	 	RESP   0 L2 ANSWER -3
513.3913 	 	FEEDB  FAIL 3 of 5
514.4382 	 	CUE
514.9562 	 	STIM   1, 1, 3, 3 RULE L2
515.3061 	 	TGT    2,0,0,3; 0,2,3,2; 3,1,1,0; 1,3,2,1
521.7713 	 	RESP   1 L2 ANSWER 1
521.7713 	 	FEEDB  CORRECT 4 of 5
522.8373 	 	CUE
523.3547 	 	STIM   0, 3, 0, 0 RULE L2
523.7049 	 	TGT    2,0,0,3; 0,2,3,2; 3,1,1,0; 1,3,2,1
526.0249 	 	RESP   0 L2 ANSWER -2
526.0249 	 	FEEDB  FAIL 4 of 5
527.0823 	 	CUE
527.5964 	 	STIM   0, 0, 2, 0 RULE L2
527.9461 	 	TGT    2,0,0,3; 0,2,3,2; 3,1,1,0; 1,3,2,1
529.3193 	 	RESP   0 L2 ANSWER -1
529.3193 	 	FEEDB  FAIL 4 of 5
530.3672 	 	CUE
530.8854 	 	STIM   3, 0, 2, 2 RULE L2
531.2352 	 	TGT    2,0,0,3; 0,2,3,2; 3,1,1,0; 1,3,2,1
532.5577 	 	RESP   0 L2 ANSWER -3
532.5577 	 	FEEDB  FAIL 4 of 5
533.6067 	 	CUE
534.1243 	 	STIM   0, 0, 2, 0 RULE L2
534.4745 	 	TGT    2,0,0,3; 0,2,3,2; 3,1,1,0; 1,3,2,1
538.4028 	 	RESP   0 L2 ANSWER -2
538.4028 	 	FEEDB  FAIL 4 of 5
539.4555 	 	CUE
539.9699 	 	STIM   2, 2, 1, 1 RULE L2
540.3185 	 	TGT    2,0,0,3; 0,2,3,2; 3,1,1,0; 1,3,2,1
541.8012 	 	RESP   0 L2 ANSWER -3
541.8013 	 	FEEDB  FAIL 4 of 5
542.8467 	 	CUE
543.3610 	 	STIM   3, 3, 0, 2 RULE L2
543.7082 	 	TGT    2,0,0,3; 0,2,3,2; 3,1,1,0; 1,3,2,1
544.6798 	 	RESP   0 L2 ANSWER -4
544.6798 	 	FEEDB  FAIL 4 of 5
545.7289 	 	CUE
546.2478 	 	STIM   1, 0, 1, 2 RULE L2
546.5967 	 	TGT    2,0,0,3; 0,2,3,2; 3,1,1,0; 1,3,2,1
547.7903 	 	RESP   1 L2 ANSWER 2
547.7903 	 	FEEDB  CORRECT 5 of 5
548.8346 	 	CUE
549.3522 	 	STIM   0, 3, 0, 0 RULE L1
549.7025 	 	TGT    2,0,0,3; 0,2,3,2; 3,1,1,0; 1,3,2,1
551.8843 	 	RESP   0 L1 ANSWER -2
551.8843 	 	FEEDB  FAIL 0 of 5
552.9292 	 	CUE
553.4435 	 	STIM   1, 2, 0, 0 RULE L1
553.7934 	 	TGT    2,0,0,3; 0,2,3,2; 3,1,1,0; 1,3,2,1
556.3378 	 	RESP   0 L1 ANSWER -4
556.3379 	 	FEEDB  FAIL 0 of 5
557.3883 	 	CUE
557.9029 	 	STIM   3, 0, 2, 2 RULE L1
558.2513 	 	TGT    2,0,0,3; 0,2,3,2; 3,1,1,0; 1,3,2,1
561.2232 	 	RESP   0 L1 ANSWER -3
561.2233 	 	FEEDB  FAIL 0 of 5
562.2923 	 	CUE
562.8103 	 	STIM   2, 1, 2, 2 RULE L1
563.1602 	 	TGT    2,0,0,3; 0,2,3,2; 3,1,1,0; 1,3,2,1
565.9571 	 	RESP   1 L1 ANSWER 4
565.9571 	 	FEEDB  CORRECT 1 of 5
567.0047 	 	CUE
567.5194 	 	STIM   1, 1, 3, 3 RULE L1
567.8692 	 	TGT    2,0,0,3; 0,2,3,2; 3,1,1,0; 1,3,2,1
568.8918 	 	RESP   1 L1 ANSWER 2
568.8918 	 	FEEDB  CORRECT 2 of 5
569.9398 	 	CUE
570.4576 	 	STIM   2, 3, 1, 2 RULE L1
570.8078 	 	TGT    2,0,0,3; 0,2,3,2; 3,1,1,0; 1,3,2,1
572.1298 	 	RESP   1 L1 ANSWER 3
572.1298 	 	FEEDB  CORRECT 3 of 5
573.1789 	 	CUE
573.6970 	 	STIM   2, 1, 2, 2 RULE L1
574.0468 	 	TGT    2,0,0,3; 0,2,3,2; 3,1,1,0; 1,3,2,1
575.9679 	 	RESP   1 L1 ANSWER 4
575.9679 	 	FEEDB  CORRECT 4 of 5
577.0257 	 	CUE
577.5397 	 	STIM   2, 3, 1, 2 RULE L1
577.8875 	 	TGT    2,0,0,3; 0,2,3,2; 3,1,1,0; 1,3,2,1
580.1101 	 	RESP   1 L1 ANSWER 3
580.1102 	 	FEEDB  CORRECT 5 of 5
581.1771 	 	CUE
581.6949 	 	STIM   2, 1, 3, 1 RULE L2
582.0446 	 	TGT    2,0,0,3; 0,2,3,2; 3,1,1,0; 1,3,2,1
583.5483 	 	RESP   0 L2 ANSWER -2
583.5483 	 	FEEDB  FAIL 0 of 7
584.6040 	 	CUE
585.1180 	 	STIM   1, 0, 1, 2 RULE L2
585.4679 	 	TGT    2,0,0,3; 0,2,3,2; 3,1,1,0; 1,3,2,1
586.6988 	 	RESP   0 L2 ANSWER -1
586.6988 	 	FEEDB  FAIL 0 of 7
587.7391 	 	CUE
588.2568 	 	STIM   3, 3, 0, 2 RULE L2
588.6070 	 	TGT    2,0,0,3; 0,2,3,2; 3,1,1,0; 1,3,2,1
590.2648 	 	RESP   1 L2 ANSWER 2
590.2648 	 	FEEDB  CORRECT 1 of 7
591.3158 	 	CUE
591.8302 	 	STIM   2, 2, 1, 1 RULE L2
592.1800 	 	TGT    2,0,0,3; 0,2,3,2; 3,1,1,0; 1,3,2,1
593.6233 	 	RESP   1 L2 ANSWER 4
593.6233 	 	FEEDB  CORRECT 2 of 7
594.6851 	 	CUE
595.2025 	 	STIM   3, 2, 0, 1 RULE L2
595.5530 	 	TGT    2,0,0,3; 0,2,3,2; 3,1,1,0; 1,3,2,1
598.1088 	 	RESP   0 L2 ANSWER -1
598.1088 	 	FEEDB  FAIL 2 of 7
599.1764 	 	CUE
599.6943 	 	STIM   2, 2, 2, 0 RULE L2
600.0444 	 	TGT    2,0,0,3; 0,2,3,2; 3,1,1,0; 1,3,2,1
602.7467 	 	RESP   1 L2 ANSWER 3
602.7468 	 	FEEDB  CORRECT 3 of 7
603.8186 	 	CUE
604.3360 	 	STIM   0, 3, 1, 3 RULE L2
604.6865 	 	TGT    2,0,0,3; 0,2,3,2; 3,1,1,0; 1,3,2,1
605.7454 	 	RESP   0 L2 ANSWER -4
605.7454 	 	FEEDB  FAIL 3 of 7
606.7950 	 	CUE
607.3088 	 	STIM   1, 2, 1, 3 RULE L2
607.6586 	 	TGT    2,0,0,3; 0,2,3,2; 3,1,1,0; 1,3,2,1
609.6873 	 	RESP   1 L2 ANSWER 1
609.6873 	 	FEEDB  CORRECT 4 of 7
610.7481 	 	CUE
611.2655 	 	STIM   2, 3, 3, 0 RULE L2
611.6158 	 	TGT    2,0,0,3; 0,2,3,2; 3,1,1,0; 1,3,2,1
612.8298 	 	RESP   0 L2 ANSWER -1
612.8298 	 	FEEDB  FAIL 4 of 7
613.8703 	 	CUE
614.3879 	 	STIM   0, 3, 1, 3 RULE L2
614.7382 	 	TGT    2,0,0,3; 0,2,3,2; 3,1,1,0; 1,3,2,1
615.6523 	 	RESP   0 L2 ANSWER -3
615.6523 	 	FEEDB  FAIL 4 of 7
616.6920 	 	CUE
617.2118 	 	STIM   1, 2, 0, 0 RULE L2
617.5599 	 	TGT    2,0,0,3; 0,2,3,2; 3,1,1,0; 1,3,2,1
618.8908 	 	RESP   0 L2 ANSWER -2
618.8908 	 	FEEDB  FAIL 4 of 7
619.9478 	 	CUE
620.4657 	 	STIM   0, 1, 2, 3 RULE L2
620.8161 	 	TGT    2,0,0,3; 0,2,3,2; 3,1,1,0; 1,3,2,1
622.6808 	 	RESP   0 L2 ANSWER -4
622.6808 	 	FEEDB  FAIL 4 of 7
623.7268 	 	CUE
624.2407 	 	STIM   1, 0, 3, 0 RULE L2
624.5895 	 	TGT    2,0,0,3; 0,2,3,2; 3,1,1,0; 1,3,2,1
625.7993 	 	RESP   0 L2 ANSWER -4
625.7994 	 	FEEDB  FAIL 4 of 7
626.8441 	 	CUE
627.3616 	 	STIM   0, 1, 0, 1 RULE L2
627.7120 	 	TGT    2,0,0,3; 0,2,3,2; 3,1,1,0; 1,3,2,1
628.9255 	 	RESP   0 L2 ANSWER -1
628.9255 	 	FEEDB  FAIL 4 of 7
629.9661 	 	CUE
630.4841 	 	STIM   1, 2, 1, 3 RULE L2
630.8344 	 	TGT    2,0,0,3; 0,2,3,2; 3,1,1,0; 1,3,2,1
633.3553 	 	RESP   0 L2 ANSWER -4
633.3553 	 	FEEDB  FAIL 4 of 7
634.4244 	 	CUE
634.9419 	 	STIM   3, 2, 0, 1 RULE L2
635.2922 	 	TGT    2,0,0,3; 0,2,3,2; 3,1,1,0; 1,3,2,1
636.4419 	 	RESP   0 L2 ANSWER -3
636.4419 	 	FEEDB  FAIL 4 of 7
637.5135 	 	CUE
638.0308 	 	STIM   0, 3, 1, 3 RULE L2
638.3813 	 	TGT    2,0,0,3; 0,2,3,2; 3,1,1,0; 1,3,2,1
639.0643 	 	RESP   0 L2 ANSWER -4
639.0643 	 	FEEDB  FAIL 4 of 7
640.1218 	 	CUE
640.6366 	 	STIM   3, 2, 2, 3 RULE L2
640.9859 	 	TGT    2,0,0,3; 0,2,3,2; 3,1,1,0; 1,3,2,1
646.0446 	 	RESP   0 L2 ANSWER -4
646.0447 	 	FEEDB  FAIL 4 of 7
647.1309 	 	CUE
647.6488 	 	STIM   0, 0, 1, 1 RULE L2
647.9987 	 	TGT    2,0,0,3; 0,2,3,2; 3,1,1,0; 1,3,2,1
649.5873 	 	RESP   0 L2 ANSWER -3
649.5873 	 	FEEDB  FAIL 4 of 7
650.6403 	 	CUE
651.1551 	 	STIM   3, 2, 0, 1 RULE L2
651.5055 	 	TGT    2,0,0,3; 0,2,3,2; 3,1,1,0; 1,3,2,1
654.0088 	 	RESP   0 L2 ANSWER -1
654.0088 	 	FEEDB  FAIL 4 of 7
655.0668 	 	CUE
655.5818 	 	STIM   3, 0, 2, 2 RULE L2
655.9300 	 	TGT    2,0,0,3; 0,2,3,2; 3,1,1,0; 1,3,2,1
658.1508 	 	RESP   0 L2 ANSWER -1
658.1509 	 	FEEDB  FAIL 4 of 7
659.2064 	 	CUE
659.7211 	 	STIM   1, 1, 3, 3 RULE L2
660.0708 	 	TGT    2,0,0,3; 0,2,3,2; 3,1,1,0; 1,3,2,1
662.1971 	 	RESP   0 L2 ANSWER -3
662.1971 	 	FEEDB  FAIL 4 of 7
663.2467 	 	CUE
663.7618 	 	STIM   3, 3, 3, 3 RULE L2
664.1116 	 	TGT    2,0,0,3; 0,2,3,2; 3,1,1,0; 1,3,2,1
666.6352 	 	RESP   1 L2 ANSWER 1
666.6352 	 	FEEDB  CORRECT 5 of 7
667.6893 	 	CUE
668.2036 	 	STIM   2, 2, 1, 1 RULE L2
668.5533 	 	TGT    2,0,0,3; 0,2,3,2; 3,1,1,0; 1,3,2,1
669.8253 	 	RESP   1 L2 ANSWER 4
669.8253 	 	FEEDB  CORRECT 6 of 7
670.8745 	 	CUE
671.3923 	 	STIM   3, 0, 3, 1 RULE L2
671.7425 	 	TGT    2,0,0,3; 0,2,3,2; 3,1,1,0; 1,3,2,1
673.1353 	 	RESP   0 L2 ANSWER -1
673.1353 	 	FEEDB  FAIL 6 of 7
674.1804 	 	CUE
674.6985 	 	STIM   0, 3, 1, 3 RULE L2
675.0483 	 	TGT    2,0,0,3; 0,2,3,2; 3,1,1,0; 1,3,2,1
678.3809 	 	RESP   1 L2 ANSWER 1
678.3809 	 	FEEDB  CORRECT 7 of 7
679.4248 	 	CUE
679.9411 	 	STIM   2, 1, 3, 1 RULE L1
680.2913 	 	TGT    2,0,0,3; 0,2,3,2; 3,1,1,0; 1,3,2,1
682.5788 	 	RESP   0 L1 ANSWER -3
682.5788 	 	FEEDB  FAIL 0 of 7
683.6341 	 	CUE
684.1489 	 	STIM   3, 3, 3, 3 RULE L1
684.4992 	 	TGT    2,0,0,3; 0,2,3,2; 3,1,1,0; 1,3,2,1
688.0719 	 	RESP   0 L1 ANSWER -1
688.0719 	 	FEEDB  FAIL 0 of 7
689.1411 	 	CUE
689.6590 	 	STIM   1, 2, 1, 3 RULE L1
690.0090 	 	TGT    2,0,0,3; 0,2,3,2; 3,1,1,0; 1,3,2,1
691.2143 	 	RESP   0 L1 ANSWER -2
691.2143 	 	FEEDB  FAIL 0 of 7
692.2685 	 	CUE
692.7831 	 	STIM   2, 3, 1, 2 RULE L1
693.1314 	 	TGT    2,0,0,3; 0,2,3,2; 3,1,1,0; 1,3,2,1
694.2609 	 	RESP   0 L1 ANSWER -4
694.2609 	 	FEEDB  FAIL 0 of 7
695.3024 	 	CUE
695.8205 	 	STIM   1, 2, 0, 0 RULE L1
696.1704 	 	TGT    2,0,0,3; 0,2,3,2; 3,1,1,0; 1,3,2,1
697.0033 	 	RESP   1 L1 ANSWER 1
697.0033 	 	FEEDB  CORRECT 1 of 7
698.0574 	 	CUE
698.5752 	 	STIM   2, 1, 3, 1 RULE L1
698.9254 	 	TGT    2,0,0,3; 0,2,3,2; 3,1,1,0; 1,3,2,1
699.7705 	 	RESP   1 L1 ANSWER 2
699.7705 	 	FEEDB  CORRECT 2 of 7
700.8156 	 	CUE
701.3304 	 	STIM   1, 1, 0, 2 RULE L1
701.6806 	 	TGT    2,0,0,3; 0,2,3,2; 3,1,1,0; 1,3,2,1
703.2884 	 	RESP   1 L1 ANSWER 1
703.2884 	 	FEEDB  CORRECT 3 of 7
704.3385 	 	CUE
704.8537 	 	STIM   1, 1, 3, 3 RULE L1
705.2036 	 	TGT    2,0,0,3; 0,2,3,2; 3,1,1,0; 1,3,2,1
707.0945 	 	RESP   1 L1 ANSWER 2
707.0945 	 	FEEDB  CORRECT 4 of 7
708.1440 	 	CUE
708.6606 	 	STIM   2, 2, 1, 1 RULE L1
709.0104 	 	TGT    2,0,0,3; 0,2,3,2; 3,1,1,0; 1,3,2,1
710.2369 	 	RESP   1 L1 ANSWER 3
710.2369 	 	FEEDB  CORRECT 5 of 7
711.2817 	 	CUE
711.7998 	 	STIM   1, 2, 0, 0 RULE L1
712.1496 	 	TGT    2,0,0,3; 0,2,3,2; 3,1,1,0; 1,3,2,1
712.9554 	 	RESP   1 L1 ANSWER 1
712.9554 	 	FEEDB  CORRECT 6 of 7
714.0032 	 	CUE
714.5211 	 	STIM   1, 0, 3, 0 RULE L1
714.8714 	 	TGT    2,0,0,3; 0,2,3,2; 3,1,1,0; 1,3,2,1
715.9858 	 	RESP   1 L1 ANSWER 2
715.9858 	 	FEEDB  CORRECT 7 of 7
717.0292 	 	CUE
717.5441 	 	STIM   2, 1, 3, 1 RULE L2
717.8935 	 	TGT    2,0,0,3; 0,2,3,2; 3,1,1,0; 1,3,2,1
718.5849 	 	RESP   0 L2 ANSWER -2
718.5849 	 	FEEDB  FAIL 0 of 6
719.6304 	 	CUE
720.1479 	 	STIM   2, 3, 1, 2 RULE L2
720.4984 	 	TGT    2,0,0,3; 0,2,3,2; 3,1,1,0; 1,3,2,1
726.0448 	 	RESP   0 L2 ANSWER -4
726.0449 	 	FEEDB  FAIL 0 of 6
727.0978 	 	CUE
727.6126 	 	STIM   0, 1, 2, 3 RULE L2
727.9618 	 	TGT    2,0,0,3; 0,2,3,2; 3,1,1,0; 1,3,2,1
729.9069 	 	RESP   0 L2 ANSWER -4
729.9070 	 	FEEDB  FAIL 0 of 6
730.9554 	 	CUE
731.4695 	 	STIM   2, 3, 3, 0 RULE L2
731.8192 	 	TGT    2,0,0,3; 0,2,3,2; 3,1,1,0; 1,3,2,1
734.2328 	 	RESP   1 L2 ANSWER 3
734.2329 	 	FEEDB  CORRECT 1 of 6
735.2793 	 	CUE
735.7937 	 	STIM   3, 3, 3, 3 RULE L2
736.1436 	 	TGT    2,0,0,3; 0,2,3,2; 3,1,1,0; 1,3,2,1
738.6949 	 	RESP   1 L2 ANSWER 1
738.6949 	 	FEEDB  CORRECT 2 of 6
739.7378 	 	CUE
740.2517 	 	STIM   2, 1, 2, 2 RULE L2
740.6019 	 	TGT    2,0,0,3; 0,2,3,2; 3,1,1,0; 1,3,2,1
743.7003 	 	RESP   1 L2 ANSWER 2
743.7004 	 	FEEDB  CORRECT 3 of 6
744.7471 	 	CUE
745.2613 	 	STIM   1, 0, 1, 2 RULE L2
745.6111 	 	TGT    2,0,0,3; 0,2,3,2; 3,1,1,0; 1,3,2,1
749.0734 	 	RESP   0 L2 ANSWER -1
749.0734 	 	FEEDB  FAIL 3 of 6
750.1223 	 	CUE
750.6375 	 	STIM   1, 1, 3, 3 RULE L2
750.9872 	 	TGT    2,0,0,3; 0,2,3,2; 3,1,1,0; 1,3,2,1
754.3429 	 	RESP   1 L2 ANSWER 1
754.3429 	 	FEEDB  CORRECT 4 of 6
755.4125 	 	CUE
755.9300 	 	STIM   2, 3, 1, 2 RULE L2
756.2804 	 	TGT    2,0,0,3; 0,2,3,2; 3,1,1,0; 1,3,2,1
758.2528 	 	RESP   1 L2 ANSWER 2
758.2528 	 	FEEDB  CORRECT 5 of 6
759.3068 	 	CUE
759.8215 	 	STIM   3, 3, 3, 3 RULE L2
760.1709 	 	TGT    2,0,0,3; 0,2,3,2; 3,1,1,0; 1,3,2,1
762.9303 	 	RESP   1 L2 ANSWER 1
762.9303 	 	FEEDB  CORRECT 6 of 6
