0.0007 	 	Subj ID: testi
0.0007 	 	Run: 2014-07-17 11:26:10.386000
0.0007 	 	Age: 18
0.0007 	 	Group: Control
0.0007 	 	--------------------------------------------------------
0.0007 	 	INFO
0.0007 	 	timestamp CUE
0.0008 	 	timestamp STIM  [state for each rule G1 G2 L1 L2 : 0,1,2,3] RULE [current rule]
0.0008 	 	timestamp TGT   [states for each card / Up, Right, Down, Left: 0,1,2,3; 0,1,2,3;...]
0.0008 	 	timestamp RESP  [correct: 1/0] [current rule: G1, G2, L1, L2] ANSWER [card selected: 1(up), 2(right), 3(down), 4(left)]
0.0008 	 	timestamp FEEDB [correct/fail] [correct answers] of [series length]
0.0008 	 	--------------------------------------------------------
3.7943 	 	Running set .\configs\sets\noise_of_letters_2-test.json
3.7945 	 	Using deck: 0: 0,0,2,0 | 1: 0,0,1,3 | 2: 0,0,3,2 | 3: 0,0,0,1 
4.1419 	 	CUE
4.6430 	 	STIM   0, 0, 1, 0 RULE L1
4.9558 	 	TGT    0,0,2,0; 0,0,1,3; 0,0,3,2; 0,0,0,1
6.4092 	 	RESP   1 L1 ANSWER 2
6.4092 	 	FEEDB  CORRECT 1 of 6
7.4280 	 	CUE
7.9289 	 	STIM   0, 0, 0, 0 RULE L1
8.2456 	 	TGT    0,0,2,0; 0,0,1,3; 0,0,3,2; 0,0,0,1
8.9852 	 	RESP   1 L1 ANSWER 4
8.9853 	 	FEEDB  CORRECT 2 of 6
10.0023 	 	CUE
10.5030 	 	STIM   0, 0, 2, 3 RULE L1
10.8174 	 	TGT    0,0,2,0; 0,0,1,3; 0,0,3,2; 0,0,0,1
11.2650 	 	RESP   1 L1 ANSWER 1
11.2650 	 	FEEDB  CORRECT 3 of 6
12.3195 	 	CUE
12.8201 	 	STIM   0, 0, 0, 2 RULE L1
13.1220 	 	TGT    0,0,2,0; 0,0,1,3; 0,0,3,2; 0,0,0,1
13.7130 	 	RESP   1 L1 ANSWER 4
13.7130 	 	FEEDB  CORRECT 4 of 6
14.7563 	 	CUE
15.2571 	 	STIM   0, 0, 3, 3 RULE L1
15.5603 	 	TGT    0,0,2,0; 0,0,1,3; 0,0,3,2; 0,0,0,1
16.3128 	 	RESP   1 L1 ANSWER 3
16.3129 	 	FEEDB  CORRECT 5 of 6
17.3801 	 	CUE
17.8802 	 	STIM   0, 0, 2, 2 RULE L1
18.1822 	 	TGT    0,0,2,0; 0,0,1,3; 0,0,3,2; 0,0,0,1
18.7207 	 	RESP   1 L1 ANSWER 1
18.7208 	 	FEEDB  CORRECT 6 of 6
19.7422 	 	CUE
20.2422 	 	STIM   0, 0, 1, 2 RULE L2
20.5535 	 	TGT    0,0,2,0; 0,0,1,3; 0,0,3,2; 0,0,0,1
21.1767 	 	RESP   0 L2 ANSWER -2
21.1767 	 	FEEDB  FAIL 0 of 5
22.1965 	 	CUE
22.6973 	 	STIM   0, 0, 2, 2 RULE L2
23.0083 	 	TGT    0,0,2,0; 0,0,1,3; 0,0,3,2; 0,0,0,1
29.6084 	 	RESP   1 L2 ANSWER 3
29.6084 	 	FEEDB  CORRECT 1 of 5
30.6624 	 	CUE
31.1626 	 	STIM   0, 0, 0, 3 RULE L2
31.4753 	 	TGT    0,0,2,0; 0,0,1,3; 0,0,3,2; 0,0,0,1
32.6403 	 	RESP   1 L2 ANSWER 2
32.6403 	 	FEEDB  CORRECT 2 of 5
33.6600 	 	CUE
34.1607 	 	STIM   0, 0, 0, 2 RULE L2
34.4646 	 	TGT    0,0,2,0; 0,0,1,3; 0,0,3,2; 0,0,0,1
36.4405 	 	RESP   1 L2 ANSWER 3
36.4405 	 	FEEDB  CORRECT 3 of 5
37.4597 	 	CUE
37.9598 	 	STIM   0, 0, 1, 2 RULE L2
38.2721 	 	TGT    0,0,2,0; 0,0,1,3; 0,0,3,2; 0,0,0,1
39.0561 	 	RESP   1 L2 ANSWER 3
39.0561 	 	FEEDB  CORRECT 4 of 5
40.0742 	 	CUE
40.5749 	 	STIM   0, 0, 0, 0 RULE L2
40.8773 	 	TGT    0,0,2,0; 0,0,1,3; 0,0,3,2; 0,0,0,1
42.9844 	 	RESP   1 L2 ANSWER 1
42.9844 	 	FEEDB  CORRECT 5 of 5
44.0589 	 	CUE
44.5590 	 	STIM   0, 0, 3, 1 RULE L1
44.8687 	 	TGT    0,0,2,0; 0,0,1,3; 0,0,3,2; 0,0,0,1
45.8239 	 	RESP   0 L1 ANSWER -4
45.8239 	 	FEEDB  FAIL 0 of 7
46.8440 	 	CUE
47.3441 	 	STIM   0, 0, 3, 0 RULE L1
47.6576 	 	TGT    0,0,2,0; 0,0,1,3; 0,0,3,2; 0,0,0,1
49.5118 	 	RESP   1 L1 ANSWER 3
49.5118 	 	FEEDB  CORRECT 1 of 7
50.5308 	 	CUE
51.0312 	 	STIM   0, 0, 1, 2 RULE L1
51.3482 	 	TGT    0,0,2,0; 0,0,1,3; 0,0,3,2; 0,0,0,1
52.5597 	 	RESP   1 L1 ANSWER 2
52.5597 	 	FEEDB  CORRECT 2 of 7
53.6453 	 	CUE
54.1453 	 	STIM   0, 0, 2, 1 RULE L1
54.4544 	 	TGT    0,0,2,0; 0,0,1,3; 0,0,3,2; 0,0,0,1
55.1836 	 	RESP   1 L1 ANSWER 1
55.1836 	 	FEEDB  CORRECT 3 of 7
56.2017 	 	CUE
56.7024 	 	STIM   0, 0, 1, 2 RULE L1
57.0095 	 	TGT    0,0,2,0; 0,0,1,3; 0,0,3,2; 0,0,0,1
57.6234 	 	RESP   1 L1 ANSWER 2
57.6235 	 	FEEDB  CORRECT 4 of 7
58.6792 	 	CUE
59.1795 	 	STIM   0, 0, 1, 1 RULE L1
59.4811 	 	TGT    0,0,2,0; 0,0,1,3; 0,0,3,2; 0,0,0,1
60.0874 	 	RESP   1 L1 ANSWER 2
60.0874 	 	FEEDB  CORRECT 5 of 7
61.1057 	 	CUE
61.6065 	 	STIM   0, 0, 1, 0 RULE L1
61.9192 	 	TGT    0,0,2,0; 0,0,1,3; 0,0,3,2; 0,0,0,1
62.4553 	 	RESP   1 L1 ANSWER 2
62.4553 	 	FEEDB  CORRECT 6 of 7
63.4738 	 	CUE
63.9747 	 	STIM   0, 0, 1, 1 RULE L1
64.2907 	 	TGT    0,0,2,0; 0,0,1,3; 0,0,3,2; 0,0,0,1
64.8632 	 	RESP   1 L1 ANSWER 2
64.8632 	 	FEEDB  CORRECT 7 of 7
65.8836 	 	CUE
66.3838 	 	STIM   0, 0, 1, 1 RULE L2
66.6954 	 	TGT    0,0,2,0; 0,0,1,3; 0,0,3,2; 0,0,0,1
67.1672 	 	RESP   0 L2 ANSWER -2
67.1672 	 	FEEDB  FAIL 0 of 6
68.1872 	 	CUE
68.6878 	 	STIM   0, 0, 0, 2 RULE L2
69.0001 	 	TGT    0,0,2,0; 0,0,1,3; 0,0,3,2; 0,0,0,1
70.2631 	 	RESP   1 L2 ANSWER 3
70.2631 	 	FEEDB  CORRECT 1 of 6
71.2807 	 	CUE
71.7809 	 	STIM   0, 0, 1, 0 RULE L2
72.0895 	 	TGT    0,0,2,0; 0,0,1,3; 0,0,3,2; 0,0,0,1
73.7109 	 	RESP   1 L2 ANSWER 1
73.7109 	 	FEEDB  CORRECT 2 of 6
74.7293 	 	CUE
75.2299 	 	STIM   0, 0, 2, 2 RULE L2
75.5464 	 	TGT    0,0,2,0; 0,0,1,3; 0,0,3,2; 0,0,0,1
77.3028 	 	RESP   1 L2 ANSWER 3
77.3028 	 	FEEDB  CORRECT 3 of 6
78.3231 	 	CUE
78.8231 	 	STIM   0, 0, 3, 0 RULE L2
79.1369 	 	TGT    0,0,2,0; 0,0,1,3; 0,0,3,2; 0,0,0,1
80.3427 	 	RESP   1 L2 ANSWER 1
80.3427 	 	FEEDB  CORRECT 4 of 6
81.3622 	 	CUE
81.8621 	 	STIM   0, 0, 1, 0 RULE L2
82.1763 	 	TGT    0,0,2,0; 0,0,1,3; 0,0,3,2; 0,0,0,1
83.2226 	 	RESP   1 L2 ANSWER 1
83.2226 	 	FEEDB  CORRECT 5 of 6
84.2406 	 	CUE
84.7412 	 	STIM   0, 0, 2, 2 RULE L2
85.0486 	 	TGT    0,0,2,0; 0,0,1,3; 0,0,3,2; 0,0,0,1
86.8305 	 	RESP   1 L2 ANSWER 3
86.8305 	 	FEEDB  CORRECT 6 of 6
87.8517 	 	CUE
88.3526 	 	STIM   0, 0, 1, 1 RULE L1
88.6558 	 	TGT    0,0,2,0; 0,0,1,3; 0,0,3,2; 0,0,0,1
89.5824 	 	RESP   0 L1 ANSWER -4
89.5825 	 	FEEDB  FAIL 0 of 5
90.6015 	 	CUE
91.1016 	 	STIM   0, 0, 1, 0 RULE L1
91.4114 	 	TGT    0,0,2,0; 0,0,1,3; 0,0,3,2; 0,0,0,1
93.0383 	 	RESP   1 L1 ANSWER 2
93.0383 	 	FEEDB  CORRECT 1 of 5
94.0571 	 	CUE
94.5576 	 	STIM   0, 0, 2, 2 RULE L1
94.8681 	 	TGT    0,0,2,0; 0,0,1,3; 0,0,3,2; 0,0,0,1
95.4869 	 	RESP   1 L1 ANSWER 1
95.4869 	 	FEEDB  CORRECT 2 of 5
96.5067 	 	CUE
97.0065 	 	STIM   0, 0, 1, 1 RULE L1
97.3231 	 	TGT    0,0,2,0; 0,0,1,3; 0,0,3,2; 0,0,0,1
98.6941 	 	RESP   1 L1 ANSWER 2
98.6941 	 	FEEDB  CORRECT 3 of 5
99.7127 	 	CUE
100.2127 	 	STIM   0, 0, 1, 2 RULE L1
100.5294 	 	TGT    0,0,2,0; 0,0,1,3; 0,0,3,2; 0,0,0,1
100.9500 	 	RESP   1 L1 ANSWER 2
100.9500 	 	FEEDB  CORRECT 4 of 5
101.9698 	 	CUE
102.4698 	 	STIM   0, 0, 3, 1 RULE L1
102.7840 	 	TGT    0,0,2,0; 0,0,1,3; 0,0,3,2; 0,0,0,1
103.4299 	 	RESP   1 L1 ANSWER 3
103.4299 	 	FEEDB  CORRECT 5 of 5
104.4523 	 	CUE
104.9529 	 	STIM   0, 0, 3, 0 RULE L2
105.2555 	 	TGT    0,0,2,0; 0,0,1,3; 0,0,3,2; 0,0,0,1
105.8750 	 	RESP   0 L2 ANSWER -3
105.8750 	 	FEEDB  FAIL 0 of 7
106.8927 	 	CUE
107.3930 	 	STIM   0, 0, 1, 0 RULE L2
107.7105 	 	TGT    0,0,2,0; 0,0,1,3; 0,0,3,2; 0,0,0,1
109.6060 	 	RESP   1 L2 ANSWER 1
109.6060 	 	FEEDB  CORRECT 1 of 7
110.6241 	 	CUE
111.1241 	 	STIM   0, 0, 1, 0 RULE L2
111.4345 	 	TGT    0,0,2,0; 0,0,1,3; 0,0,3,2; 0,0,0,1
112.2136 	 	RESP   1 L2 ANSWER 1
112.2137 	 	FEEDB  CORRECT 2 of 7
113.2328 	 	CUE
113.7331 	 	STIM   0, 0, 1, 0 RULE L2
114.0397 	 	TGT    0,0,2,0; 0,0,1,3; 0,0,3,2; 0,0,0,1
114.4616 	 	RESP   1 L2 ANSWER 1
114.4616 	 	FEEDB  CORRECT 3 of 7
115.4836 	 	CUE
115.9842 	 	STIM   0, 0, 0, 3 RULE L2
116.2943 	 	TGT    0,0,2,0; 0,0,1,3; 0,0,3,2; 0,0,0,1
116.9655 	 	RESP   0 L2 ANSWER -4
116.9655 	 	FEEDB  FAIL 3 of 7
117.9839 	 	CUE
118.4843 	 	STIM   0, 0, 2, 2 RULE L2
118.7993 	 	TGT    0,0,2,0; 0,0,1,3; 0,0,3,2; 0,0,0,1
121.1254 	 	RESP   1 L2 ANSWER 3
121.1254 	 	FEEDB  CORRECT 4 of 7
122.1437 	 	CUE
122.6444 	 	STIM   0, 0, 1, 1 RULE L2
122.9574 	 	TGT    0,0,2,0; 0,0,1,3; 0,0,3,2; 0,0,0,1
123.9732 	 	RESP   0 L2 ANSWER -3
123.9733 	 	FEEDB  FAIL 4 of 7
124.9929 	 	CUE
125.4935 	 	STIM   0, 0, 2, 2 RULE L2
125.7965 	 	TGT    0,0,2,0; 0,0,1,3; 0,0,3,2; 0,0,0,1
127.0372 	 	RESP   1 L2 ANSWER 3
127.0372 	 	FEEDB  CORRECT 5 of 7
128.0604 	 	CUE
128.5606 	 	STIM   0, 0, 3, 1 RULE L2
128.8693 	 	TGT    0,0,2,0; 0,0,1,3; 0,0,3,2; 0,0,0,1
129.7011 	 	RESP   1 L2 ANSWER 4
129.7011 	 	FEEDB  CORRECT 6 of 7
130.7181 	 	CUE
131.2187 	 	STIM   0, 0, 2, 1 RULE L2
131.5246 	 	TGT    0,0,2,0; 0,0,1,3; 0,0,3,2; 0,0,0,1
132.1410 	 	RESP   1 L2 ANSWER 4
132.1410 	 	FEEDB  CORRECT 7 of 7
133.1460 	 	Running set .\configs\sets\noise_of_shapes_1-test.json
133.1461 	 	Using deck: 0: 0,0,1,0 | 1: 0,0,2,1 | 2: 0,0,3,3 | 3: 0,0,0,2 
134.5468 	 	CUE
135.0469 	 	STIM   0, 0, 1, 1 RULE L2
135.3489 	 	TGT    0,0,1,0; 0,0,2,1; 0,0,3,3; 0,0,0,2
137.3088 	 	RESP   1 L2 ANSWER 2
137.3088 	 	FEEDB  CORRECT 1 of 6
138.3827 	 	CUE
138.8830 	 	STIM   0, 0, 1, 2 RULE L2
139.1899 	 	TGT    0,0,1,0; 0,0,2,1; 0,0,3,3; 0,0,0,2
140.0768 	 	RESP   1 L2 ANSWER 4
140.0768 	 	FEEDB  CORRECT 2 of 6
141.1544 	 	CUE
141.6551 	 	STIM   0, 0, 0, 1 RULE L2
141.9620 	 	TGT    0,0,1,0; 0,0,2,1; 0,0,3,3; 0,0,0,2
142.7326 	 	RESP   1 L2 ANSWER 2
142.7326 	 	FEEDB  CORRECT 3 of 6
143.7539 	 	CUE
144.2541 	 	STIM   0, 0, 1, 2 RULE L2
144.5673 	 	TGT    0,0,1,0; 0,0,2,1; 0,0,3,3; 0,0,0,2
145.2205 	 	RESP   1 L2 ANSWER 4
145.2205 	 	FEEDB  CORRECT 4 of 6
146.2401 	 	CUE
146.7402 	 	STIM   0, 0, 1, 2 RULE L2
147.0556 	 	TGT    0,0,1,0; 0,0,2,1; 0,0,3,3; 0,0,0,2
147.8925 	 	RESP   1 L2 ANSWER 4
147.8925 	 	FEEDB  CORRECT 5 of 6
148.9524 	 	CUE
149.4532 	 	STIM   0, 0, 3, 0 RULE L2
149.7609 	 	TGT    0,0,1,0; 0,0,2,1; 0,0,3,3; 0,0,0,2
150.4124 	 	RESP   0 L2 ANSWER -3
150.4124 	 	FEEDB  FAIL 5 of 6
151.4317 	 	CUE
151.9323 	 	STIM   0, 0, 1, 1 RULE L2
152.2492 	 	TGT    0,0,1,0; 0,0,2,1; 0,0,3,3; 0,0,0,2
153.9082 	 	RESP   1 L2 ANSWER 2
153.9083 	 	FEEDB  CORRECT 6 of 6
154.9392 	 	CUE
155.4394 	 	STIM   0, 0, 3, 1 RULE L1
155.7562 	 	TGT    0,0,1,0; 0,0,2,1; 0,0,3,3; 0,0,0,2
157.0042 	 	RESP   0 L1 ANSWER -2
157.0042 	 	FEEDB  FAIL 0 of 5
158.0227 	 	CUE
158.5236 	 	STIM   0, 0, 0, 1 RULE L1
158.8290 	 	TGT    0,0,1,0; 0,0,2,1; 0,0,3,3; 0,0,0,2
159.4681 	 	RESP   1 L1 ANSWER 4
159.4681 	 	FEEDB  CORRECT 1 of 5
160.5268 	 	CUE
161.0276 	 	STIM   0, 0, 1, 3 RULE L1
161.3340 	 	TGT    0,0,1,0; 0,0,2,1; 0,0,3,3; 0,0,0,2
161.9810 	 	RESP   1 L1 ANSWER 1
161.9810 	 	FEEDB  CORRECT 2 of 5
163.0147 	 	CUE
163.5147 	 	STIM   0, 0, 0, 3 RULE L1
163.8223 	 	TGT    0,0,1,0; 0,0,2,1; 0,0,3,3; 0,0,0,2
164.8440 	 	RESP   1 L1 ANSWER 4
164.8440 	 	FEEDB  CORRECT 3 of 5
165.8776 	 	CUE
166.3778 	 	STIM   0, 0, 0, 0 RULE L1
166.6947 	 	TGT    0,0,1,0; 0,0,2,1; 0,0,3,3; 0,0,0,2
167.2518 	 	RESP   1 L1 ANSWER 4
167.2518 	 	FEEDB  CORRECT 4 of 5
168.3063 	 	CUE
168.8069 	 	STIM   0, 0, 2, 0 RULE L1
169.1161 	 	TGT    0,0,1,0; 0,0,2,1; 0,0,3,3; 0,0,0,2
169.6998 	 	RESP   1 L1 ANSWER 2
169.6998 	 	FEEDB  CORRECT 5 of 5
170.7210 	 	CUE
171.2220 	 	STIM   0, 0, 1, 1 RULE L2
171.5376 	 	TGT    0,0,1,0; 0,0,2,1; 0,0,3,3; 0,0,0,2
173.5076 	 	RESP   0 L2 ANSWER -1
173.5076 	 	FEEDB  FAIL 0 of 5
174.5274 	 	CUE
175.0281 	 	STIM   0, 0, 1, 1 RULE L2
175.3452 	 	TGT    0,0,1,0; 0,0,2,1; 0,0,3,3; 0,0,0,2
176.5635 	 	RESP   1 L2 ANSWER 2
176.5635 	 	FEEDB  CORRECT 1 of 5
177.6249 	 	CUE
178.1252 	 	STIM   0, 0, 2, 3 RULE L2
178.4347 	 	TGT    0,0,1,0; 0,0,2,1; 0,0,3,3; 0,0,0,2
181.1794 	 	RESP   1 L2 ANSWER 3
181.1794 	 	FEEDB  CORRECT 2 of 5
182.2003 	 	CUE
182.7005 	 	STIM   0, 0, 3, 0 RULE L2
183.0105 	 	TGT    0,0,1,0; 0,0,2,1; 0,0,3,3; 0,0,0,2
184.6352 	 	RESP   1 L2 ANSWER 1
184.6352 	 	FEEDB  CORRECT 3 of 5
185.6557 	 	CUE
186.1563 	 	STIM   0, 0, 1, 3 RULE L2
186.4673 	 	TGT    0,0,1,0; 0,0,2,1; 0,0,3,3; 0,0,0,2
187.3552 	 	RESP   1 L2 ANSWER 3
187.3552 	 	FEEDB  CORRECT 4 of 5
188.3764 	 	CUE
188.8765 	 	STIM   0, 0, 0, 0 RULE L2
189.1895 	 	TGT    0,0,1,0; 0,0,2,1; 0,0,3,3; 0,0,0,2
190.8830 	 	RESP   1 L2 ANSWER 1
190.8830 	 	FEEDB  CORRECT 5 of 5
191.9043 	 	CUE
192.4045 	 	STIM   0, 0, 3, 1 RULE L1
192.7131 	 	TGT    0,0,1,0; 0,0,2,1; 0,0,3,3; 0,0,0,2
193.8510 	 	RESP   0 L1 ANSWER -2
193.8510 	 	FEEDB  FAIL 0 of 7
194.8921 	 	CUE
195.3927 	 	STIM   0, 0, 3, 2 RULE L1
195.7025 	 	TGT    0,0,1,0; 0,0,2,1; 0,0,3,3; 0,0,0,2
197.3788 	 	RESP   1 L1 ANSWER 3
197.3788 	 	FEEDB  CORRECT 1 of 7
198.4015 	 	CUE
198.9018 	 	STIM   0, 0, 2, 3 RULE L1
199.2094 	 	TGT    0,0,1,0; 0,0,2,1; 0,0,3,3; 0,0,0,2
205.2346 	 	RESP   0 L1 ANSWER -3
205.2346 	 	FEEDB  FAIL 1 of 7
206.2551 	 	CUE
206.7550 	 	STIM   0, 0, 1, 2 RULE L1
207.0583 	 	TGT    0,0,1,0; 0,0,2,1; 0,0,3,3; 0,0,0,2
207.8105 	 	RESP   1 L1 ANSWER 1
207.8105 	 	FEEDB  CORRECT 2 of 7
208.8293 	 	CUE
209.3301 	 	STIM   0, 0, 3, 1 RULE L1
209.6469 	 	TGT    0,0,1,0; 0,0,2,1; 0,0,3,3; 0,0,0,2
210.1384 	 	RESP   1 L1 ANSWER 3
210.1384 	 	FEEDB  CORRECT 3 of 7
211.1585 	 	CUE
211.6593 	 	STIM   0, 0, 1, 3 RULE L1
211.9682 	 	TGT    0,0,1,0; 0,0,2,1; 0,0,3,3; 0,0,0,2
212.4743 	 	RESP   1 L1 ANSWER 1
212.4743 	 	FEEDB  CORRECT 4 of 7
213.4946 	 	CUE
213.9953 	 	STIM   0, 0, 0, 0 RULE L1
214.3062 	 	TGT    0,0,1,0; 0,0,2,1; 0,0,3,3; 0,0,0,2
214.8986 	 	RESP   1 L1 ANSWER 4
214.8986 	 	FEEDB  CORRECT 5 of 7
215.9186 	 	CUE
216.4194 	 	STIM   0, 0, 2, 0 RULE L1
216.7277 	 	TGT    0,0,1,0; 0,0,2,1; 0,0,3,3; 0,0,0,2
217.1062 	 	RESP   1 L1 ANSWER 2
217.1062 	 	FEEDB  CORRECT 6 of 7
218.1292 	 	CUE
218.6294 	 	STIM   0, 0, 2, 3 RULE L1
218.9321 	 	TGT    0,0,1,0; 0,0,2,1; 0,0,3,3; 0,0,0,2
219.3221 	 	RESP   1 L1 ANSWER 2
219.3221 	 	FEEDB  CORRECT 7 of 7
220.3432 	 	CUE
220.8434 	 	STIM   0, 0, 0, 1 RULE L2
221.1531 	 	TGT    0,0,1,0; 0,0,2,1; 0,0,3,3; 0,0,0,2
221.7700 	 	RESP   0 L2 ANSWER -4
221.7700 	 	FEEDB  FAIL 0 of 7
222.8336 	 	CUE
223.3335 	 	STIM   0, 0, 2, 2 RULE L2
223.6414 	 	TGT    0,0,1,0; 0,0,2,1; 0,0,3,3; 0,0,0,2
224.8579 	 	RESP   1 L2 ANSWER 4
224.8579 	 	FEEDB  CORRECT 1 of 7
225.8814 	 	CUE
226.3817 	 	STIM   0, 0, 1, 3 RULE L2
226.6975 	 	TGT    0,0,1,0; 0,0,2,1; 0,0,3,3; 0,0,0,2
227.8818 	 	RESP   1 L2 ANSWER 3
227.8818 	 	FEEDB  CORRECT 2 of 7
228.9003 	 	CUE
229.4007 	 	STIM   0, 0, 0, 1 RULE L2
229.7035 	 	TGT    0,0,1,0; 0,0,2,1; 0,0,3,3; 0,0,0,2
231.4817 	 	RESP   1 L2 ANSWER 2
231.4817 	 	FEEDB  CORRECT 3 of 7
232.5013 	 	CUE
233.0018 	 	STIM   0, 0, 3, 0 RULE L2
233.3106 	 	TGT    0,0,1,0; 0,0,2,1; 0,0,3,3; 0,0,0,2
234.1535 	 	RESP   1 L2 ANSWER 1
234.1535 	 	FEEDB  CORRECT 4 of 7
235.1729 	 	CUE
235.6729 	 	STIM   0, 0, 1, 1 RULE L2
235.9826 	 	TGT    0,0,1,0; 0,0,2,1; 0,0,3,3; 0,0,0,2
237.1215 	 	RESP   1 L2 ANSWER 2
237.1215 	 	FEEDB  CORRECT 5 of 7
238.1415 	 	CUE
238.6420 	 	STIM   0, 0, 3, 0 RULE L2
238.9553 	 	TGT    0,0,1,0; 0,0,2,1; 0,0,3,3; 0,0,0,2
241.2253 	 	RESP   1 L2 ANSWER 1
241.2253 	 	FEEDB  CORRECT 6 of 7
242.2443 	 	CUE
242.7452 	 	STIM   0, 0, 3, 0 RULE L2
243.0468 	 	TGT    0,0,1,0; 0,0,2,1; 0,0,3,3; 0,0,0,2
243.9772 	 	RESP   1 L2 ANSWER 1
243.9772 	 	FEEDB  CORRECT 7 of 7
244.9977 	 	CUE
245.4982 	 	STIM   0, 0, 2, 3 RULE L1
245.8023 	 	TGT    0,0,1,0; 0,0,2,1; 0,0,3,3; 0,0,0,2
246.8011 	 	RESP   0 L1 ANSWER -3
246.8012 	 	FEEDB  FAIL 0 of 6
247.8220 	 	CUE
248.3225 	 	STIM   0, 0, 1, 1 RULE L1
248.6246 	 	TGT    0,0,1,0; 0,0,2,1; 0,0,3,3; 0,0,0,2
249.1851 	 	RESP   1 L1 ANSWER 1
249.1851 	 	FEEDB  CORRECT 1 of 6
250.2042 	 	CUE
250.7044 	 	STIM   0, 0, 3, 0 RULE L1
251.0126 	 	TGT    0,0,1,0; 0,0,2,1; 0,0,3,3; 0,0,0,2
251.7130 	 	RESP   1 L1 ANSWER 3
251.7130 	 	FEEDB  CORRECT 2 of 6
252.7334 	 	CUE
253.2336 	 	STIM   0, 0, 2, 3 RULE L1
253.5510 	 	TGT    0,0,1,0; 0,0,2,1; 0,0,3,3; 0,0,0,2
254.4890 	 	RESP   1 L1 ANSWER 2
254.4890 	 	FEEDB  CORRECT 3 of 6
255.5078 	 	CUE
256.0085 	 	STIM   0, 0, 2, 2 RULE L1
256.3232 	 	TGT    0,0,1,0; 0,0,2,1; 0,0,3,3; 0,0,0,2
257.7288 	 	RESP   1 L1 ANSWER 2
257.7288 	 	FEEDB  CORRECT 4 of 6
258.7500 	 	CUE
259.2507 	 	STIM   0, 0, 2, 2 RULE L1
259.5630 	 	TGT    0,0,1,0; 0,0,2,1; 0,0,3,3; 0,0,0,2
260.4887 	 	RESP   1 L1 ANSWER 2
260.4887 	 	FEEDB  CORRECT 5 of 6
261.5074 	 	CUE
262.0078 	 	STIM   0, 0, 3, 0 RULE L1
262.3185 	 	TGT    0,0,1,0; 0,0,2,1; 0,0,3,3; 0,0,0,2
263.4807 	 	RESP   1 L1 ANSWER 3
263.4807 	 	FEEDB  CORRECT 6 of 6
265.5935 	 	Running set .\configs\sets\noise_of_letters_1-test.json
265.5937 	 	Using deck: 0: 0,0,3,2 | 1: 0,0,1,0 | 2: 0,0,0,3 | 3: 0,0,2,1 
266.5708 	 	CUE
267.0709 	 	STIM   0, 0, 0, 0 RULE L1
267.3786 	 	TGT    0,0,3,2; 0,0,1,0; 0,0,0,3; 0,0,2,1
268.3364 	 	RESP   1 L1 ANSWER 3
268.3364 	 	FEEDB  CORRECT 1 of 7
269.3999 	 	CUE
269.9010 	 	STIM   0, 0, 1, 2 RULE L1
270.2175 	 	TGT    0,0,3,2; 0,0,1,0; 0,0,0,3; 0,0,2,1
271.6083 	 	RESP   1 L1 ANSWER 2
271.6084 	 	FEEDB  CORRECT 2 of 7
272.6683 	 	CUE
273.1691 	 	STIM   0, 0, 1, 3 RULE L1
273.4741 	 	TGT    0,0,3,2; 0,0,1,0; 0,0,0,3; 0,0,2,1
274.9522 	 	RESP   1 L1 ANSWER 2
274.9522 	 	FEEDB  CORRECT 3 of 7
275.9698 	 	CUE
276.4703 	 	STIM   0, 0, 1, 2 RULE L1
276.7808 	 	TGT    0,0,3,2; 0,0,1,0; 0,0,0,3; 0,0,2,1
277.2081 	 	RESP   1 L1 ANSWER 2
277.2081 	 	FEEDB  CORRECT 4 of 7
278.2535 	 	CUE
278.7543 	 	STIM   0, 0, 2, 3 RULE L1
279.0685 	 	TGT    0,0,3,2; 0,0,1,0; 0,0,0,3; 0,0,2,1
279.5040 	 	RESP   1 L1 ANSWER 4
279.5041 	 	FEEDB  CORRECT 5 of 7
280.5438 	 	CUE
281.0443 	 	STIM   0, 0, 3, 1 RULE L1
281.3564 	 	TGT    0,0,3,2; 0,0,1,0; 0,0,0,3; 0,0,2,1
281.7840 	 	RESP   1 L1 ANSWER 1
281.7840 	 	FEEDB  CORRECT 6 of 7
282.8028 	 	CUE
283.3034 	 	STIM   0, 0, 3, 1 RULE L1
283.6109 	 	TGT    0,0,3,2; 0,0,1,0; 0,0,0,3; 0,0,2,1
284.2401 	 	RESP   1 L1 ANSWER 1
284.2401 	 	FEEDB  CORRECT 7 of 7
285.3110 	 	CUE
285.8115 	 	STIM   0, 0, 0, 1 RULE L2
286.1159 	 	TGT    0,0,3,2; 0,0,1,0; 0,0,0,3; 0,0,2,1
286.4639 	 	RESP   0 L2 ANSWER -3
286.4639 	 	FEEDB  FAIL 0 of 6
287.5133 	 	CUE
288.0135 	 	STIM   0, 0, 2, 2 RULE L2
288.3203 	 	TGT    0,0,3,2; 0,0,1,0; 0,0,0,3; 0,0,2,1
290.3998 	 	RESP   1 L2 ANSWER 1
290.3998 	 	FEEDB  CORRECT 1 of 6
291.4183 	 	CUE
291.9186 	 	STIM   0, 0, 2, 2 RULE L2
292.2281 	 	TGT    0,0,3,2; 0,0,1,0; 0,0,0,3; 0,0,2,1
293.6876 	 	RESP   1 L2 ANSWER 1
293.6876 	 	FEEDB  CORRECT 2 of 6
294.7062 	 	CUE
295.2068 	 	STIM   0, 0, 2, 2 RULE L2
295.5179 	 	TGT    0,0,3,2; 0,0,1,0; 0,0,0,3; 0,0,2,1
296.1756 	 	RESP   1 L2 ANSWER 1
296.1756 	 	FEEDB  CORRECT 3 of 6
297.2224 	 	CUE
297.7229 	 	STIM   0, 0, 3, 3 RULE L2
298.0397 	 	TGT    0,0,3,2; 0,0,1,0; 0,0,0,3; 0,0,2,1
300.1834 	 	RESP   1 L2 ANSWER 3
300.1834 	 	FEEDB  CORRECT 4 of 6
301.2527 	 	CUE
301.7530 	 	STIM   0, 0, 1, 1 RULE L2
302.0643 	 	TGT    0,0,3,2; 0,0,1,0; 0,0,0,3; 0,0,2,1
303.2952 	 	RESP   1 L2 ANSWER 4
303.2952 	 	FEEDB  CORRECT 5 of 6
304.3136 	 	CUE
304.8141 	 	STIM   0, 0, 3, 1 RULE L2
305.1205 	 	TGT    0,0,3,2; 0,0,1,0; 0,0,0,3; 0,0,2,1
305.9832 	 	RESP   1 L2 ANSWER 4
305.9832 	 	FEEDB  CORRECT 6 of 6
307.0033 	 	CUE
307.5042 	 	STIM   0, 0, 2, 3 RULE L1
307.8091 	 	TGT    0,0,3,2; 0,0,1,0; 0,0,0,3; 0,0,2,1
308.7111 	 	RESP   0 L1 ANSWER -2
308.7111 	 	FEEDB  FAIL 0 of 6
309.7306 	 	CUE
310.2312 	 	STIM   0, 0, 2, 2 RULE L1
310.5479 	 	TGT    0,0,3,2; 0,0,1,0; 0,0,0,3; 0,0,2,1
312.0709 	 	RESP   0 L1 ANSWER -1
312.0710 	 	FEEDB  FAIL 0 of 6
313.0902 	 	CUE
313.5903 	 	STIM   0, 0, 3, 1 RULE L1
313.9046 	 	TGT    0,0,3,2; 0,0,1,0; 0,0,0,3; 0,0,2,1
314.5029 	 	RESP   1 L1 ANSWER 1
314.5029 	 	FEEDB  CORRECT 1 of 6
315.5213 	 	CUE
316.0215 	 	STIM   0, 0, 1, 3 RULE L1
316.3260 	 	TGT    0,0,3,2; 0,0,1,0; 0,0,0,3; 0,0,2,1
317.3668 	 	RESP   1 L1 ANSWER 2
317.3668 	 	FEEDB  CORRECT 2 of 6
318.4111 	 	CUE
318.9115 	 	STIM   0, 0, 2, 0 RULE L1
319.2152 	 	TGT    0,0,3,2; 0,0,1,0; 0,0,0,3; 0,0,2,1
319.9587 	 	RESP   1 L1 ANSWER 4
319.9587 	 	FEEDB  CORRECT 3 of 6
320.9779 	 	CUE
321.4786 	 	STIM   0, 0, 2, 3 RULE L1
321.7870 	 	TGT    0,0,3,2; 0,0,1,0; 0,0,0,3; 0,0,2,1
322.4707 	 	RESP   1 L1 ANSWER 4
322.4707 	 	FEEDB  CORRECT 4 of 6
323.4884 	 	CUE
323.9887 	 	STIM   0, 0, 1, 3 RULE L1
324.2919 	 	TGT    0,0,3,2; 0,0,1,0; 0,0,0,3; 0,0,2,1
324.7905 	 	RESP   1 L1 ANSWER 2
324.7905 	 	FEEDB  CORRECT 5 of 6
325.8640 	 	CUE
326.3647 	 	STIM   0, 0, 0, 2 RULE L1
326.6801 	 	TGT    0,0,3,2; 0,0,1,0; 0,0,0,3; 0,0,2,1
327.5504 	 	RESP   0 L1 ANSWER -4
327.5505 	 	FEEDB  FAIL 5 of 6
328.5690 	 	CUE
329.0698 	 	STIM   0, 0, 1, 2 RULE L1
329.3854 	 	TGT    0,0,3,2; 0,0,1,0; 0,0,0,3; 0,0,2,1
330.0064 	 	RESP   1 L1 ANSWER 2
330.0064 	 	FEEDB  CORRECT 6 of 6
331.0309 	 	CUE
331.5309 	 	STIM   0, 0, 0, 0 RULE L2
331.8404 	 	TGT    0,0,3,2; 0,0,1,0; 0,0,0,3; 0,0,2,1
332.4143 	 	RESP   0 L2 ANSWER -3
332.4143 	 	FEEDB  FAIL 0 of 7
333.4348 	 	CUE
333.9350 	 	STIM   0, 0, 0, 2 RULE L2
334.2450 	 	TGT    0,0,3,2; 0,0,1,0; 0,0,0,3; 0,0,2,1
336.1582 	 	RESP   0 L2 ANSWER -2
336.1582 	 	FEEDB  FAIL 0 of 7
337.1783 	 	CUE
337.6791 	 	STIM   0, 0, 0, 0 RULE L2
337.9859 	 	TGT    0,0,3,2; 0,0,1,0; 0,0,0,3; 0,0,2,1
339.5981 	 	RESP   0 L2 ANSWER -1
339.5981 	 	FEEDB  FAIL 0 of 7
340.6161 	 	CUE
341.1162 	 	STIM   0, 0, 3, 1 RULE L2
341.4261 	 	TGT    0,0,3,2; 0,0,1,0; 0,0,0,3; 0,0,2,1
344.3659 	 	RESP   0 L2 ANSWER -3
344.3659 	 	FEEDB  FAIL 0 of 7
345.3846 	 	CUE
345.8853 	 	STIM   0, 0, 3, 1 RULE L2
346.2022 	 	TGT    0,0,3,2; 0,0,1,0; 0,0,0,3; 0,0,2,1
347.2939 	 	RESP   1 L2 ANSWER 4
347.2940 	 	FEEDB  CORRECT 1 of 7
348.3129 	 	CUE
348.8135 	 	STIM   0, 0, 3, 1 RULE L2
349.1248 	 	TGT    0,0,3,2; 0,0,1,0; 0,0,0,3; 0,0,2,1
349.8297 	 	RESP   1 L2 ANSWER 4
349.8298 	 	FEEDB  CORRECT 2 of 7
350.8484 	 	CUE
351.3485 	 	STIM   0, 0, 2, 3 RULE L2
351.6632 	 	TGT    0,0,3,2; 0,0,1,0; 0,0,0,3; 0,0,2,1
352.5417 	 	RESP   1 L2 ANSWER 3
352.5417 	 	FEEDB  CORRECT 3 of 7
353.5924 	 	CUE
354.0926 	 	STIM   0, 0, 3, 0 RULE L2
354.4020 	 	TGT    0,0,3,2; 0,0,1,0; 0,0,0,3; 0,0,2,1
355.1495 	 	RESP   0 L2 ANSWER -3
355.1495 	 	FEEDB  FAIL 3 of 7
356.1666 	 	CUE
356.6667 	 	STIM   0, 0, 1, 3 RULE L2
356.9737 	 	TGT    0,0,3,2; 0,0,1,0; 0,0,0,3; 0,0,2,1
358.7894 	 	RESP   1 L2 ANSWER 3
358.7894 	 	FEEDB  CORRECT 4 of 7
359.8074 	 	CUE
360.3078 	 	STIM   0, 0, 3, 0 RULE L2
360.6143 	 	TGT    0,0,3,2; 0,0,1,0; 0,0,0,3; 0,0,2,1
364.7652 	 	RESP   1 L2 ANSWER 2
364.7653 	 	FEEDB  CORRECT 5 of 7
365.7837 	 	CUE
366.2840 	 	STIM   0, 0, 2, 2 RULE L2
366.5929 	 	TGT    0,0,3,2; 0,0,1,0; 0,0,0,3; 0,0,2,1
368.0291 	 	RESP   1 L2 ANSWER 1
368.0291 	 	FEEDB  CORRECT 6 of 7
369.0472 	 	CUE
369.5481 	 	STIM   0, 0, 2, 2 RULE L2
369.8494 	 	TGT    0,0,3,2; 0,0,1,0; 0,0,0,3; 0,0,2,1
370.6770 	 	RESP   1 L2 ANSWER 1
370.6770 	 	FEEDB  CORRECT 7 of 7
371.6969 	 	CUE
372.1971 	 	STIM   0, 0, 1, 3 RULE L1
372.5047 	 	TGT    0,0,3,2; 0,0,1,0; 0,0,0,3; 0,0,2,1
373.9249 	 	RESP   0 L1 ANSWER -3
373.9249 	 	FEEDB  FAIL 0 of 5
374.9455 	 	CUE
375.4464 	 	STIM   0, 0, 0, 0 RULE L1
375.7612 	 	TGT    0,0,3,2; 0,0,1,0; 0,0,0,3; 0,0,2,1
376.2608 	 	RESP   1 L1 ANSWER 3
376.2608 	 	FEEDB  CORRECT 1 of 5
377.2794 	 	CUE
377.7793 	 	STIM   0, 0, 3, 3 RULE L1
378.0825 	 	TGT    0,0,3,2; 0,0,1,0; 0,0,0,3; 0,0,2,1
379.2048 	 	RESP   1 L1 ANSWER 1
379.2048 	 	FEEDB  CORRECT 2 of 5
380.2249 	 	CUE
380.7254 	 	STIM   0, 0, 0, 0 RULE L1
381.0384 	 	TGT    0,0,3,2; 0,0,1,0; 0,0,0,3; 0,0,2,1
381.6207 	 	RESP   1 L1 ANSWER 3
381.6207 	 	FEEDB  CORRECT 3 of 5
382.6387 	 	CUE
383.1394 	 	STIM   0, 0, 2, 3 RULE L1
383.4431 	 	TGT    0,0,3,2; 0,0,1,0; 0,0,0,3; 0,0,2,1
384.1965 	 	RESP   1 L1 ANSWER 4
384.1965 	 	FEEDB  CORRECT 4 of 5
385.2144 	 	CUE
385.7146 	 	STIM   0, 0, 0, 1 RULE L1
386.0316 	 	TGT    0,0,3,2; 0,0,1,0; 0,0,0,3; 0,0,2,1
386.6525 	 	RESP   1 L1 ANSWER 3
386.6525 	 	FEEDB  CORRECT 5 of 5
387.6752 	 	CUE
388.1756 	 	STIM   0, 0, 0, 0 RULE L2
388.4865 	 	TGT    0,0,3,2; 0,0,1,0; 0,0,0,3; 0,0,2,1
389.1004 	 	RESP   0 L2 ANSWER -3
389.1004 	 	FEEDB  FAIL 0 of 5
390.1187 	 	CUE
390.6187 	 	STIM   0, 0, 2, 3 RULE L2
390.9247 	 	TGT    0,0,3,2; 0,0,1,0; 0,0,0,3; 0,0,2,1
392.1803 	 	RESP   1 L2 ANSWER 3
392.1803 	 	FEEDB  CORRECT 1 of 5
393.2004 	 	CUE
393.7008 	 	STIM   0, 0, 0, 2 RULE L2
394.0142 	 	TGT    0,0,3,2; 0,0,1,0; 0,0,0,3; 0,0,2,1
400.7960 	 	RESP   0 L2 ANSWER -2
400.7960 	 	FEEDB  FAIL 1 of 5
401.8145 	 	CUE
402.3152 	 	STIM   0, 0, 3, 3 RULE L2
402.6314 	 	TGT    0,0,3,2; 0,0,1,0; 0,0,0,3; 0,0,2,1
404.8360 	 	RESP   1 L2 ANSWER 3
404.8360 	 	FEEDB  CORRECT 2 of 5
405.8535 	 	CUE
406.3542 	 	STIM   0, 0, 1, 2 RULE L2
406.6561 	 	TGT    0,0,3,2; 0,0,1,0; 0,0,0,3; 0,0,2,1
408.0997 	 	RESP   1 L2 ANSWER 1
408.0998 	 	FEEDB  CORRECT 3 of 5
409.1186 	 	CUE
409.6193 	 	STIM   0, 0, 3, 3 RULE L2
409.9292 	 	TGT    0,0,3,2; 0,0,1,0; 0,0,0,3; 0,0,2,1
413.0596 	 	RESP   1 L2 ANSWER 3
413.0596 	 	FEEDB  CORRECT 4 of 5
414.0817 	 	CUE
414.5824 	 	STIM   0, 0, 1, 2 RULE L2
414.8890 	 	TGT    0,0,3,2; 0,0,1,0; 0,0,0,3; 0,0,2,1
416.5715 	 	RESP   1 L2 ANSWER 1
416.5715 	 	FEEDB  CORRECT 5 of 5
417.5765 	 	Running set .\configs\sets\noise_of_shapes_2-test.json
417.5767 	 	Using deck: 0: 0,0,2,0 | 1: 0,0,3,2 | 2: 0,0,0,3 | 3: 0,0,1,1 
418.7026 	 	CUE
419.2026 	 	STIM   0, 0, 1, 3 RULE L2
419.5150 	 	TGT    0,0,2,0; 0,0,3,2; 0,0,0,3; 0,0,1,1
421.2913 	 	RESP   1 L2 ANSWER 3
421.2913 	 	FEEDB  CORRECT 1 of 7
422.3195 	 	CUE
422.8197 	 	STIM   0, 0, 1, 0 RULE L2
423.1222 	 	TGT    0,0,2,0; 0,0,3,2; 0,0,0,3; 0,0,1,1
424.6033 	 	RESP   1 L2 ANSWER 1
424.6033 	 	FEEDB  CORRECT 2 of 7
425.6559 	 	CUE
426.1558 	 	STIM   0, 0, 0, 2 RULE L2
426.4622 	 	TGT    0,0,2,0; 0,0,3,2; 0,0,0,3; 0,0,1,1
428.0111 	 	RESP   1 L2 ANSWER 2
428.0112 	 	FEEDB  CORRECT 3 of 7
429.0623 	 	CUE
429.5629 	 	STIM   0, 0, 2, 1 RULE L2
429.8690 	 	TGT    0,0,2,0; 0,0,3,2; 0,0,0,3; 0,0,1,1
431.4430 	 	RESP   1 L2 ANSWER 4
431.4430 	 	FEEDB  CORRECT 4 of 7
432.4630 	 	CUE
432.9630 	 	STIM   0, 0, 1, 0 RULE L2
433.2758 	 	TGT    0,0,2,0; 0,0,3,2; 0,0,0,3; 0,0,1,1
435.0029 	 	RESP   1 L2 ANSWER 1
435.0029 	 	FEEDB  CORRECT 5 of 7
436.0583 	 	CUE
436.5591 	 	STIM   0, 0, 2, 3 RULE L2
436.8662 	 	TGT    0,0,2,0; 0,0,3,2; 0,0,0,3; 0,0,1,1
438.3787 	 	RESP   1 L2 ANSWER 3
438.3787 	 	FEEDB  CORRECT 6 of 7
439.3986 	 	CUE
439.8992 	 	STIM   0, 0, 1, 3 RULE L2
440.2062 	 	TGT    0,0,2,0; 0,0,3,2; 0,0,0,3; 0,0,1,1
441.2507 	 	RESP   1 L2 ANSWER 3
441.2507 	 	FEEDB  CORRECT 7 of 7
442.2704 	 	CUE
442.7704 	 	STIM   0, 0, 2, 1 RULE L1
443.0786 	 	TGT    0,0,2,0; 0,0,3,2; 0,0,0,3; 0,0,1,1
445.8745 	 	RESP   1 L1 ANSWER 1
445.8745 	 	FEEDB  CORRECT 1 of 5
446.8962 	 	CUE
447.3964 	 	STIM   0, 0, 2, 1 RULE L1
447.7045 	 	TGT    0,0,2,0; 0,0,3,2; 0,0,0,3; 0,0,1,1
449.3626 	 	RESP   0 L1 ANSWER -4
449.3627 	 	FEEDB  FAIL 1 of 5
450.3842 	 	CUE
450.8847 	 	STIM   0, 0, 1, 3 RULE L1
451.1948 	 	TGT    0,0,2,0; 0,0,3,2; 0,0,0,3; 0,0,1,1
452.4344 	 	RESP   1 L1 ANSWER 4
452.4344 	 	FEEDB  CORRECT 2 of 5
453.4868 	 	CUE
453.9877 	 	STIM   0, 0, 1, 2 RULE L1
454.3010 	 	TGT    0,0,2,0; 0,0,3,2; 0,0,0,3; 0,0,1,1
455.8502 	 	RESP   0 L1 ANSWER -2
455.8502 	 	FEEDB  FAIL 2 of 5
456.8984 	 	CUE
457.3988 	 	STIM   0, 0, 3, 1 RULE L1
457.7078 	 	TGT    0,0,2,0; 0,0,3,2; 0,0,0,3; 0,0,1,1
458.3461 	 	RESP   1 L1 ANSWER 2
458.3461 	 	FEEDB  CORRECT 3 of 5
459.4071 	 	CUE
459.9079 	 	STIM   0, 0, 0, 0 RULE L1
460.2128 	 	TGT    0,0,2,0; 0,0,3,2; 0,0,0,3; 0,0,1,1
460.9060 	 	RESP   1 L1 ANSWER 3
460.9060 	 	FEEDB  CORRECT 4 of 5
461.9589 	 	CUE
462.4589 	 	STIM   0, 0, 3, 3 RULE L1
462.7678 	 	TGT    0,0,2,0; 0,0,3,2; 0,0,0,3; 0,0,1,1
463.4340 	 	RESP   1 L1 ANSWER 2
463.4340 	 	FEEDB  CORRECT 5 of 5
464.4737 	 	CUE
464.9740 	 	STIM   0, 0, 2, 2 RULE L2
465.2895 	 	TGT    0,0,2,0; 0,0,3,2; 0,0,0,3; 0,0,1,1
466.0099 	 	RESP   0 L2 ANSWER -1
466.0099 	 	FEEDB  FAIL 0 of 6
467.0291 	 	CUE
467.5291 	 	STIM   0, 0, 2, 1 RULE L2
467.8446 	 	TGT    0,0,2,0; 0,0,3,2; 0,0,0,3; 0,0,1,1
469.8018 	 	RESP   1 L2 ANSWER 4
469.8018 	 	FEEDB  CORRECT 1 of 6
470.8225 	 	CUE
471.3232 	 	STIM   0, 0, 1, 0 RULE L2
471.6355 	 	TGT    0,0,2,0; 0,0,3,2; 0,0,0,3; 0,0,1,1
472.8176 	 	RESP   1 L2 ANSWER 1
472.8177 	 	FEEDB  CORRECT 2 of 6
473.8369 	 	CUE
474.3373 	 	STIM   0, 0, 2, 1 RULE L2
474.6415 	 	TGT    0,0,2,0; 0,0,3,2; 0,0,0,3; 0,0,1,1
476.0255 	 	RESP   1 L2 ANSWER 4
476.0256 	 	FEEDB  CORRECT 3 of 6
477.1080 	 	CUE
477.6084 	 	STIM   0, 0, 0, 1 RULE L2
477.9147 	 	TGT    0,0,2,0; 0,0,3,2; 0,0,0,3; 0,0,1,1
479.3214 	 	RESP   0 L2 ANSWER -1
479.3214 	 	FEEDB  FAIL 3 of 6
480.3423 	 	CUE
480.8425 	 	STIM   0, 0, 0, 0 RULE L2
481.1545 	 	TGT    0,0,2,0; 0,0,3,2; 0,0,0,3; 0,0,1,1
482.8493 	 	RESP   1 L2 ANSWER 1
482.8493 	 	FEEDB  CORRECT 4 of 6
483.8696 	 	CUE
484.3696 	 	STIM   0, 0, 0, 2 RULE L2
484.6781 	 	TGT    0,0,2,0; 0,0,3,2; 0,0,0,3; 0,0,1,1
486.0651 	 	RESP   1 L2 ANSWER 2
486.0652 	 	FEEDB  CORRECT 5 of 6
487.0984 	 	CUE
487.5987 	 	STIM   0, 0, 3, 0 RULE L2
487.9012 	 	TGT    0,0,2,0; 0,0,3,2; 0,0,0,3; 0,0,1,1
489.4171 	 	RESP   1 L2 ANSWER 1
489.4171 	 	FEEDB  CORRECT 6 of 6
490.4378 	 	CUE
490.9378 	 	STIM   0, 0, 3, 3 RULE L1
491.2413 	 	TGT    0,0,2,0; 0,0,3,2; 0,0,0,3; 0,0,1,1
492.4330 	 	RESP   0 L1 ANSWER -3
492.4330 	 	FEEDB  FAIL 0 of 7
493.4526 	 	CUE
493.9529 	 	STIM   0, 0, 1, 2 RULE L1
494.2640 	 	TGT    0,0,2,0; 0,0,3,2; 0,0,0,3; 0,0,1,1
497.7688 	 	RESP   0 L1 ANSWER -2
497.7688 	 	FEEDB  FAIL 0 of 7
498.7885 	 	CUE
499.2890 	 	STIM   0, 0, 2, 2 RULE L1
499.5912 	 	TGT    0,0,2,0; 0,0,3,2; 0,0,0,3; 0,0,1,1
500.1607 	 	RESP   1 L1 ANSWER 1
500.1607 	 	FEEDB  CORRECT 1 of 7
501.1814 	 	CUE
501.6821 	 	STIM   0, 0, 1, 2 RULE L1
501.9959 	 	TGT    0,0,2,0; 0,0,3,2; 0,0,0,3; 0,0,1,1
502.8166 	 	RESP   1 L1 ANSWER 4
502.8166 	 	FEEDB  CORRECT 2 of 7
503.8346 	 	CUE
504.3353 	 	STIM   0, 0, 3, 1 RULE L1
504.6513 	 	TGT    0,0,2,0; 0,0,3,2; 0,0,0,3; 0,0,1,1
505.1365 	 	RESP   1 L1 ANSWER 2
505.1365 	 	FEEDB  CORRECT 3 of 7
506.1544 	 	CUE
506.6553 	 	STIM   0, 0, 2, 3 RULE L1
506.9725 	 	TGT    0,0,2,0; 0,0,3,2; 0,0,0,3; 0,0,1,1
507.7844 	 	RESP   1 L1 ANSWER 1
507.7845 	 	FEEDB  CORRECT 4 of 7
508.8045 	 	CUE
509.3044 	 	STIM   0, 0, 3, 3 RULE L1
509.6112 	 	TGT    0,0,2,0; 0,0,3,2; 0,0,0,3; 0,0,1,1
510.1604 	 	RESP   1 L1 ANSWER 2
510.1604 	 	FEEDB  CORRECT 5 of 7
511.1787 	 	CUE
511.6795 	 	STIM   0, 0, 3, 1 RULE L1
511.9826 	 	TGT    0,0,2,0; 0,0,3,2; 0,0,0,3; 0,0,1,1
513.5044 	 	RESP   1 L1 ANSWER 2
513.5044 	 	FEEDB  CORRECT 6 of 7
514.5232 	 	CUE
515.0236 	 	STIM   0, 0, 1, 0 RULE L1
515.3391 	 	TGT    0,0,2,0; 0,0,3,2; 0,0,0,3; 0,0,1,1
516.0802 	 	RESP   1 L1 ANSWER 4
516.0802 	 	FEEDB  CORRECT 7 of 7
517.1017 	 	CUE
517.6017 	 	STIM   0, 0, 3, 0 RULE L2
517.9111 	 	TGT    0,0,2,0; 0,0,3,2; 0,0,0,3; 0,0,1,1
518.4642 	 	RESP   0 L2 ANSWER -2
518.4642 	 	FEEDB  FAIL 0 of 5
519.4832 	 	CUE
519.9837 	 	STIM   0, 0, 3, 3 RULE L2
520.2991 	 	TGT    0,0,2,0; 0,0,3,2; 0,0,0,3; 0,0,1,1
521.2000 	 	RESP   0 L2 ANSWER -2
521.2000 	 	FEEDB  FAIL 0 of 5
522.2182 	 	CUE
522.7188 	 	STIM   0, 0, 2, 1 RULE L2
523.0212 	 	TGT    0,0,2,0; 0,0,3,2; 0,0,0,3; 0,0,1,1
524.3359 	 	RESP   1 L2 ANSWER 4
524.3359 	 	FEEDB  CORRECT 1 of 5
525.3540 	 	CUE
525.8549 	 	STIM   0, 0, 2, 1 RULE L2
526.1608 	 	TGT    0,0,2,0; 0,0,3,2; 0,0,0,3; 0,0,1,1
527.2559 	 	RESP   0 L2 ANSWER -1
527.2559 	 	FEEDB  FAIL 1 of 5
528.2748 	 	CUE
528.7750 	 	STIM   0, 0, 2, 2 RULE L2
529.0833 	 	TGT    0,0,2,0; 0,0,3,2; 0,0,0,3; 0,0,1,1
530.2477 	 	RESP   0 L2 ANSWER -3
530.2478 	 	FEEDB  FAIL 1 of 5
531.2668 	 	CUE
531.7671 	 	STIM   0, 0, 0, 2 RULE L2
532.0726 	 	TGT    0,0,2,0; 0,0,3,2; 0,0,0,3; 0,0,1,1
532.6717 	 	RESP   1 L2 ANSWER 2
532.6717 	 	FEEDB  CORRECT 2 of 5
533.6910 	 	CUE
534.1912 	 	STIM   0, 0, 0, 2 RULE L2
534.4941 	 	TGT    0,0,2,0; 0,0,3,2; 0,0,0,3; 0,0,1,1
534.9836 	 	RESP   1 L2 ANSWER 2
534.9836 	 	FEEDB  CORRECT 3 of 5
536.0048 	 	CUE
536.5052 	 	STIM   0, 0, 3, 0 RULE L2
536.8153 	 	TGT    0,0,2,0; 0,0,3,2; 0,0,0,3; 0,0,1,1
539.0395 	 	RESP   1 L2 ANSWER 1
539.0395 	 	FEEDB  CORRECT 4 of 5
540.0574 	 	CUE
540.5574 	 	STIM   0, 0, 2, 1 RULE L2
540.8734 	 	TGT    0,0,2,0; 0,0,3,2; 0,0,0,3; 0,0,1,1
541.9433 	 	RESP   1 L2 ANSWER 4
541.9434 	 	FEEDB  CORRECT 5 of 5
542.9653 	 	CUE
543.4654 	 	STIM   0, 0, 3, 1 RULE L1
543.7792 	 	TGT    0,0,2,0; 0,0,3,2; 0,0,0,3; 0,0,1,1
544.9672 	 	RESP   0 L1 ANSWER -4
544.9672 	 	FEEDB  FAIL 0 of 6
545.9874 	 	CUE
546.4875 	 	STIM   0, 0, 2, 2 RULE L1
546.8020 	 	TGT    0,0,2,0; 0,0,3,2; 0,0,0,3; 0,0,1,1
547.4872 	 	RESP   1 L1 ANSWER 1
547.4872 	 	FEEDB  CORRECT 1 of 6
548.5070 	 	CUE
549.0076 	 	STIM   0, 0, 1, 2 RULE L1
549.3236 	 	TGT    0,0,2,0; 0,0,3,2; 0,0,0,3; 0,0,1,1
550.0391 	 	RESP   1 L1 ANSWER 4
550.0391 	 	FEEDB  CORRECT 2 of 6
551.0582 	 	CUE
551.5587 	 	STIM   0, 0, 1, 2 RULE L1
551.8620 	 	TGT    0,0,2,0; 0,0,3,2; 0,0,0,3; 0,0,1,1
552.3750 	 	RESP   1 L1 ANSWER 4
552.3750 	 	FEEDB  CORRECT 3 of 6
553.3962 	 	CUE
553.8968 	 	STIM   0, 0, 0, 0 RULE L1
554.2000 	 	TGT    0,0,2,0; 0,0,3,2; 0,0,0,3; 0,0,1,1
555.8148 	 	RESP   1 L1 ANSWER 3
555.8148 	 	FEEDB  CORRECT 4 of 6
556.8345 	 	CUE
557.3350 	 	STIM   0, 0, 3, 0 RULE L1
557.6402 	 	TGT    0,0,2,0; 0,0,3,2; 0,0,0,3; 0,0,1,1
558.3508 	 	RESP   1 L1 ANSWER 2
558.3508 	 	FEEDB  CORRECT 5 of 6
559.3716 	 	CUE
559.8720 	 	STIM   0, 0, 3, 1 RULE L1
560.1786 	 	TGT    0,0,2,0; 0,0,3,2; 0,0,0,3; 0,0,1,1
560.7987 	 	RESP   1 L1 ANSWER 2
560.7987 	 	FEEDB  CORRECT 6 of 6
