0.0001 	 	Subj ID: pilot_global_14.07.18_lauri
0.0004 	 	Run: 2014-07-18 07:45:08.414776
0.0005 	 	Age: 18
0.0005 	 	Group: Control
0.0005 	 	--------------------------------------------------------
0.0005 	 	INFO
0.0005 	 	timestamp CUE
0.0005 	 	timestamp STIM  [state for each rule G1 G2 L1 L2 : 0,1,2,3] RULE [current rule]
0.0005 	 	timestamp TGT   [states for each card / Up, Right, Down, Left: 0,1,2,3; 0,1,2,3;...]
0.0005 	 	timestamp RESP  [correct: 1/0] [current rule: G1, G2, L1, L2] ANSWER [card selected: 1(up), 2(right), 3(down), 4(left)]
0.0005 	 	timestamp FEEDB [correct/fail] [correct answers] of [series length]
0.0005 	 	--------------------------------------------------------
1.4241 	 	Running set .\configs\sets\letters_of_patches_1-test.json
1.4243 	 	Using deck: 0: 3,0,0,0 | 1: 1,2,0,0 | 2: 2,1,0,0 | 3: 0,3,0,0 
7.9818 	 	CUE
8.4994 	 	STIM   3, 1, 0, 0 RULE G1
8.8482 	 	TGT    3,0,0,0; 2,2,0,0; 0,1,0,0; 1,3,0,0
9.9552 	 	RESP   0 G1 ANSWER -3
9.9552 	 	FEEDB  FAIL 0 of 7
11.0192 	 	CUE
11.5369 	 	STIM   3, 3, 0, 0 RULE G1
11.8871 	 	TGT    3,0,0,0; 2,2,0,0; 0,1,0,0; 1,3,0,0
12.3856 	 	RESP   1 G1 ANSWER 1
12.3857 	 	FEEDB  CORRECT 1 of 7
13.4400 	 	CUE
13.9580 	 	STIM   3, 1, 0, 0 RULE G1
14.3079 	 	TGT    3,0,0,0; 2,2,0,0; 0,1,0,0; 1,3,0,0
14.7766 	 	RESP   1 G1 ANSWER 1
14.7766 	 	FEEDB  CORRECT 2 of 7
15.8449 	 	CUE
16.3622 	 	STIM   2, 0, 0, 0 RULE G1
16.7126 	 	TGT    3,0,0,0; 2,2,0,0; 0,1,0,0; 1,3,0,0
17.2629 	 	RESP   1 G1 ANSWER 2
17.2629 	 	FEEDB  CORRECT 3 of 7
18.3323 	 	CUE
18.8502 	 	STIM   1, 1, 0, 0 RULE G1
19.2002 	 	TGT    3,0,0,0; 2,2,0,0; 0,1,0,0; 1,3,0,0
19.7102 	 	RESP   1 G1 ANSWER 4
19.7102 	 	FEEDB  CORRECT 4 of 7
20.7705 	 	CUE
21.2879 	 	STIM   2, 1, 0, 0 RULE G1
21.6382 	 	TGT    3,0,0,0; 2,2,0,0; 0,1,0,0; 1,3,0,0
22.1090 	 	RESP   1 G1 ANSWER 2
22.1091 	 	FEEDB  CORRECT 5 of 7
23.1745 	 	CUE
23.6923 	 	STIM   1, 0, 0, 0 RULE G1
24.0428 	 	TGT    3,0,0,0; 2,2,0,0; 0,1,0,0; 1,3,0,0
24.5077 	 	RESP   1 G1 ANSWER 4
24.5078 	 	FEEDB  CORRECT 6 of 7
25.5790 	 	CUE
26.0968 	 	STIM   2, 3, 0, 0 RULE G1
26.4469 	 	TGT    3,0,0,0; 2,2,0,0; 0,1,0,0; 1,3,0,0
26.9947 	 	RESP   1 G1 ANSWER 2
26.9947 	 	FEEDB  CORRECT 7 of 7
28.0506 	 	CUE
28.5680 	 	STIM   1, 2, 0, 0 RULE G2
28.9183 	 	TGT    3,0,0,0; 2,2,0,0; 0,1,0,0; 1,3,0,0
29.6172 	 	RESP   0 G2 ANSWER -4
29.6172 	 	FEEDB  FAIL 0 of 7
30.6718 	 	CUE
31.1892 	 	STIM   1, 0, 0, 0 RULE G2
31.5397 	 	TGT    3,0,0,0; 2,2,0,0; 0,1,0,0; 1,3,0,0
31.9762 	 	RESP   1 G2 ANSWER 1
31.9762 	 	FEEDB  CORRECT 1 of 7
33.0429 	 	CUE
33.5603 	 	STIM   1, 1, 0, 0 RULE G2
33.9108 	 	TGT    3,0,0,0; 2,2,0,0; 0,1,0,0; 1,3,0,0
34.3747 	 	RESP   1 G2 ANSWER 3
34.3747 	 	FEEDB  CORRECT 2 of 7
35.4306 	 	CUE
35.9484 	 	STIM   0, 3, 0, 0 RULE G2
36.2983 	 	TGT    3,0,0,0; 2,2,0,0; 0,1,0,0; 1,3,0,0
36.9496 	 	RESP   1 G2 ANSWER 4
36.9496 	 	FEEDB  CORRECT 3 of 7
38.0020 	 	CUE
38.5194 	 	STIM   1, 0, 0, 0 RULE G2
38.8698 	 	TGT    3,0,0,0; 2,2,0,0; 0,1,0,0; 1,3,0,0
39.3482 	 	RESP   0 G2 ANSWER -4
39.3482 	 	FEEDB  FAIL 3 of 7
40.3908 	 	CUE
40.9075 	 	STIM   1, 1, 0, 0 RULE G2
41.2573 	 	TGT    3,0,0,0; 2,2,0,0; 0,1,0,0; 1,3,0,0
41.8353 	 	RESP   1 G2 ANSWER 3
41.8354 	 	FEEDB  CORRECT 4 of 7
42.8775 	 	CUE
43.3949 	 	STIM   2, 0, 0, 0 RULE G2
43.7454 	 	TGT    3,0,0,0; 2,2,0,0; 0,1,0,0; 1,3,0,0
44.1538 	 	RESP   1 G2 ANSWER 1
44.1539 	 	FEEDB  CORRECT 5 of 7
45.2048 	 	CUE
45.7187 	 	STIM   1, 0, 0, 0 RULE G2
46.0664 	 	TGT    3,0,0,0; 2,2,0,0; 0,1,0,0; 1,3,0,0
46.5046 	 	RESP   1 G2 ANSWER 1
46.5046 	 	FEEDB  CORRECT 6 of 7
47.5526 	 	CUE
48.0704 	 	STIM   1, 2, 0, 0 RULE G2
48.4205 	 	TGT    3,0,0,0; 2,2,0,0; 0,1,0,0; 1,3,0,0
48.7757 	 	RESP   1 G2 ANSWER 2
48.7758 	 	FEEDB  CORRECT 7 of 7
49.8250 	 	CUE
50.3411 	 	STIM   1, 2, 0, 0 RULE G1
50.6915 	 	TGT    3,0,0,0; 2,2,0,0; 0,1,0,0; 1,3,0,0
51.0706 	 	RESP   0 G1 ANSWER -2
51.0706 	 	FEEDB  FAIL 0 of 6
52.1110 	 	CUE
52.6287 	 	STIM   0, 3, 0, 0 RULE G1
52.9791 	 	TGT    3,0,0,0; 2,2,0,0; 0,1,0,0; 1,3,0,0
53.5732 	 	RESP   0 G1 ANSWER -2
53.5732 	 	FEEDB  FAIL 0 of 6
54.6156 	 	CUE
55.1331 	 	STIM   3, 3, 0, 0 RULE G1
55.4835 	 	TGT    3,0,0,0; 2,2,0,0; 0,1,0,0; 1,3,0,0
55.8922 	 	RESP   1 G1 ANSWER 1
55.8922 	 	FEEDB  CORRECT 1 of 6
56.9414 	 	CUE
57.4557 	 	STIM   2, 1, 0, 0 RULE G1
57.8045 	 	TGT    3,0,0,0; 2,2,0,0; 0,1,0,0; 1,3,0,0
58.3227 	 	RESP   1 G1 ANSWER 2
58.3227 	 	FEEDB  CORRECT 2 of 6
59.3909 	 	CUE
59.9089 	 	STIM   0, 2, 0, 0 RULE G1
60.2588 	 	TGT    3,0,0,0; 2,2,0,0; 0,1,0,0; 1,3,0,0
61.0976 	 	RESP   1 G1 ANSWER 3
61.0976 	 	FEEDB  CORRECT 3 of 6
62.1508 	 	CUE
62.6653 	 	STIM   0, 3, 0, 0 RULE G1
63.0142 	 	TGT    3,0,0,0; 2,2,0,0; 0,1,0,0; 1,3,0,0
63.5042 	 	RESP   1 G1 ANSWER 3
63.5042 	 	FEEDB  CORRECT 4 of 6
64.5504 	 	CUE
65.0682 	 	STIM   0, 2, 0, 0 RULE G1
65.4183 	 	TGT    3,0,0,0; 2,2,0,0; 0,1,0,0; 1,3,0,0
65.8952 	 	RESP   1 G1 ANSWER 3
65.8952 	 	FEEDB  CORRECT 5 of 6
66.9550 	 	CUE
67.4724 	 	STIM   0, 0, 0, 0 RULE G1
67.8229 	 	TGT    3,0,0,0; 2,2,0,0; 0,1,0,0; 1,3,0,0
68.4774 	 	RESP   1 G1 ANSWER 3
68.4774 	 	FEEDB  CORRECT 6 of 6
69.5276 	 	CUE
70.0444 	 	STIM   2, 0, 0, 0 RULE G2
70.3940 	 	TGT    3,0,0,0; 2,2,0,0; 0,1,0,0; 1,3,0,0
70.9567 	 	RESP   0 G2 ANSWER -2
70.9567 	 	FEEDB  FAIL 0 of 5
71.9976 	 	CUE
72.5149 	 	STIM   1, 0, 0, 0 RULE G2
72.8655 	 	TGT    3,0,0,0; 2,2,0,0; 0,1,0,0; 1,3,0,0
73.3392 	 	RESP   1 G2 ANSWER 1
73.3392 	 	FEEDB  CORRECT 1 of 5
74.3899 	 	CUE
74.9046 	 	STIM   1, 2, 0, 0 RULE G2
75.2529 	 	TGT    3,0,0,0; 2,2,0,0; 0,1,0,0; 1,3,0,0
75.6823 	 	RESP   1 G2 ANSWER 2
75.6823 	 	FEEDB  CORRECT 2 of 5
76.7228 	 	CUE
77.2402 	 	STIM   0, 0, 0, 0 RULE G2
77.5906 	 	TGT    3,0,0,0; 2,2,0,0; 0,1,0,0; 1,3,0,0
78.0332 	 	RESP   1 G2 ANSWER 1
78.0332 	 	FEEDB  CORRECT 3 of 5
79.0822 	 	CUE
79.5965 	 	STIM   1, 2, 0, 0 RULE G2
79.9451 	 	TGT    3,0,0,0; 2,2,0,0; 0,1,0,0; 1,3,0,0
80.3437 	 	RESP   1 G2 ANSWER 2
80.3437 	 	FEEDB  CORRECT 4 of 5
81.3979 	 	CUE
81.9158 	 	STIM   0, 2, 0, 0 RULE G2
82.2657 	 	TGT    3,0,0,0; 2,2,0,0; 0,1,0,0; 1,3,0,0
82.5747 	 	RESP   1 G2 ANSWER 2
82.5747 	 	FEEDB  CORRECT 5 of 5
83.6201 	 	CUE
84.1363 	 	STIM   0, 2, 0, 0 RULE G1
84.4866 	 	TGT    3,0,0,0; 2,2,0,0; 0,1,0,0; 1,3,0,0
84.8217 	 	RESP   0 G1 ANSWER -2
84.8217 	 	FEEDB  FAIL 0 of 5
85.8730 	 	CUE
86.3904 	 	STIM   2, 3, 0, 0 RULE G1
86.7408 	 	TGT    3,0,0,0; 2,2,0,0; 0,1,0,0; 1,3,0,0
87.2761 	 	RESP   1 G1 ANSWER 2
87.2761 	 	FEEDB  CORRECT 1 of 5
88.3339 	 	CUE
88.8478 	 	STIM   2, 0, 0, 0 RULE G1
89.1951 	 	TGT    3,0,0,0; 2,2,0,0; 0,1,0,0; 1,3,0,0
89.7713 	 	RESP   1 G1 ANSWER 2
89.7713 	 	FEEDB  CORRECT 2 of 5
90.8153 	 	CUE
91.3326 	 	STIM   2, 3, 0, 0 RULE G1
91.6832 	 	TGT    3,0,0,0; 2,2,0,0; 0,1,0,0; 1,3,0,0
92.0343 	 	RESP   1 G1 ANSWER 2
92.0343 	 	FEEDB  CORRECT 3 of 5
93.1029 	 	CUE
93.6205 	 	STIM   3, 2, 0, 0 RULE G1
93.9709 	 	TGT    3,0,0,0; 2,2,0,0; 0,1,0,0; 1,3,0,0
94.3527 	 	RESP   1 G1 ANSWER 1
94.3527 	 	FEEDB  CORRECT 4 of 5
95.4068 	 	CUE
95.9248 	 	STIM   3, 2, 0, 0 RULE G1
96.2748 	 	TGT    3,0,0,0; 2,2,0,0; 0,1,0,0; 1,3,0,0
96.6557 	 	RESP   1 G1 ANSWER 1
96.6558 	 	FEEDB  CORRECT 5 of 5
97.6959 	 	CUE
98.2121 	 	STIM   0, 0, 0, 0 RULE G2
98.5624 	 	TGT    3,0,0,0; 2,2,0,0; 0,1,0,0; 1,3,0,0
99.3102 	 	RESP   0 G2 ANSWER -3
99.3102 	 	FEEDB  FAIL 0 of 6
100.3492 	 	CUE
100.8670 	 	STIM   3, 2, 0, 0 RULE G2
101.2170 	 	TGT    3,0,0,0; 2,2,0,0; 0,1,0,0; 1,3,0,0
101.5492 	 	RESP   1 G2 ANSWER 2
101.5492 	 	FEEDB  CORRECT 1 of 6
102.6202 	 	CUE
103.1376 	 	STIM   3, 3, 0, 0 RULE G2
103.4880 	 	TGT    3,0,0,0; 2,2,0,0; 0,1,0,0; 1,3,0,0
104.0760 	 	RESP   1 G2 ANSWER 4
104.0760 	 	FEEDB  CORRECT 2 of 6
105.1296 	 	CUE
105.6441 	 	STIM   2, 3, 0, 0 RULE G2
105.9929 	 	TGT    3,0,0,0; 2,2,0,0; 0,1,0,0; 1,3,0,0
106.6667 	 	RESP   1 G2 ANSWER 4
106.6667 	 	FEEDB  CORRECT 3 of 6
107.7129 	 	CUE
108.2302 	 	STIM   2, 1, 0, 0 RULE G2
108.5807 	 	TGT    3,0,0,0; 2,2,0,0; 0,1,0,0; 1,3,0,0
109.1772 	 	RESP   1 G2 ANSWER 3
109.1773 	 	FEEDB  CORRECT 4 of 6
110.2187 	 	CUE
110.7353 	 	STIM   1, 2, 0, 0 RULE G2
111.0854 	 	TGT    3,0,0,0; 2,2,0,0; 0,1,0,0; 1,3,0,0
111.6003 	 	RESP   1 G2 ANSWER 2
111.6003 	 	FEEDB  CORRECT 5 of 6
112.6552 	 	CUE
113.1726 	 	STIM   3, 2, 0, 0 RULE G2
113.5231 	 	TGT    3,0,0,0; 2,2,0,0; 0,1,0,0; 1,3,0,0
113.9273 	 	RESP   1 G2 ANSWER 2
113.9273 	 	FEEDB  CORRECT 6 of 6
114.9791 	 	Running set .\configs\sets\faces_of_patches_2-test.json
114.9794 	 	Using deck: 0: 0,3,0,0 | 1: 3,1,0,0 | 2: 2,2,0,0 | 3: 1,0,0,0 
116.4456 	 	CUE
116.9635 	 	STIM   0, 1, 0, 0 RULE G2
117.3133 	 	TGT    1,3,0,0; 3,1,0,0; 0,2,0,0; 2,0,0,0
118.2528 	 	RESP   1 G2 ANSWER 2
118.2528 	 	FEEDB  CORRECT 1 of 7
119.3005 	 	CUE
119.8250 	 	STIM   2, 1, 0, 0 RULE G2
120.1685 	 	TGT    1,3,0,0; 3,1,0,0; 0,2,0,0; 2,0,0,0
121.0994 	 	RESP   0 G2 ANSWER -4
121.0994 	 	FEEDB  FAIL 1 of 7
122.1390 	 	CUE
122.6569 	 	STIM   0, 0, 0, 0 RULE G2
123.0074 	 	TGT    1,3,0,0; 3,1,0,0; 0,2,0,0; 2,0,0,0
123.4342 	 	RESP   1 G2 ANSWER 4
123.4342 	 	FEEDB  CORRECT 2 of 7
124.4768 	 	CUE
124.9946 	 	STIM   3, 0, 0, 0 RULE G2
125.3447 	 	TGT    1,3,0,0; 3,1,0,0; 0,2,0,0; 2,0,0,0
125.8332 	 	RESP   1 G2 ANSWER 4
125.8332 	 	FEEDB  CORRECT 3 of 7
126.8983 	 	CUE
127.4157 	 	STIM   2, 2, 0, 0 RULE G2
127.7660 	 	TGT    1,3,0,0; 3,1,0,0; 0,2,0,0; 2,0,0,0
128.1838 	 	RESP   1 G2 ANSWER 3
128.1838 	 	FEEDB  CORRECT 4 of 7
129.9372 	 	CUE
130.4546 	 	STIM   1, 2, 0, 0 RULE G2
130.8049 	 	TGT    1,3,0,0; 3,1,0,0; 0,2,0,0; 2,0,0,0
131.2787 	 	RESP   1 G2 ANSWER 3
131.2787 	 	FEEDB  CORRECT 5 of 7
132.7087 	 	CUE
133.2260 	 	STIM   1, 1, 0, 0 RULE G2
133.5766 	 	TGT    1,3,0,0; 3,1,0,0; 0,2,0,0; 2,0,0,0
133.9972 	 	RESP   1 G2 ANSWER 2
133.9972 	 	FEEDB  CORRECT 6 of 7
135.4970 	 	CUE
136.0149 	 	STIM   3, 3, 0, 0 RULE G2
136.3649 	 	TGT    1,3,0,0; 3,1,0,0; 0,2,0,0; 2,0,0,0
136.7637 	 	RESP   1 G2 ANSWER 1
136.7637 	 	FEEDB  CORRECT 7 of 7
137.8348 	 	CUE
138.3522 	 	STIM   2, 2, 0, 0 RULE G1
138.7027 	 	TGT    1,3,0,0; 3,1,0,0; 0,2,0,0; 2,0,0,0
139.1144 	 	RESP   0 G1 ANSWER -3
139.1144 	 	FEEDB  FAIL 0 of 5
140.1568 	 	CUE
140.6734 	 	STIM   1, 2, 0, 0 RULE G1
141.0237 	 	TGT    1,3,0,0; 3,1,0,0; 0,2,0,0; 2,0,0,0
142.9047 	 	RESP   0 G1 ANSWER -2
142.9048 	 	FEEDB  FAIL 0 of 5
143.9630 	 	CUE
144.4803 	 	STIM   0, 3, 0, 0 RULE G1
144.8306 	 	TGT    1,3,0,0; 3,1,0,0; 0,2,0,0; 2,0,0,0
145.2312 	 	RESP   0 G1 ANSWER -2
145.2312 	 	FEEDB  FAIL 0 of 5
146.2833 	 	CUE
146.8011 	 	STIM   0, 0, 0, 0 RULE G1
147.1512 	 	TGT    1,3,0,0; 3,1,0,0; 0,2,0,0; 2,0,0,0
148.7818 	 	RESP   0 G1 ANSWER -4
148.7818 	 	FEEDB  FAIL 0 of 5
149.8248 	 	CUE
150.3409 	 	STIM   3, 3, 0, 0 RULE G1
150.6913 	 	TGT    1,3,0,0; 3,1,0,0; 0,2,0,0; 2,0,0,0
152.0600 	 	RESP   1 G1 ANSWER 2
152.0600 	 	FEEDB  CORRECT 1 of 5
153.1291 	 	CUE
153.6472 	 	STIM   1, 0, 0, 0 RULE G1
153.9975 	 	TGT    1,3,0,0; 3,1,0,0; 0,2,0,0; 2,0,0,0
155.8346 	 	RESP   1 G1 ANSWER 1
155.8346 	 	FEEDB  CORRECT 2 of 5
156.8878 	 	CUE
157.4040 	 	STIM   2, 1, 0, 0 RULE G1
157.7542 	 	TGT    1,3,0,0; 3,1,0,0; 0,2,0,0; 2,0,0,0
158.7608 	 	RESP   0 G1 ANSWER -2
158.7608 	 	FEEDB  FAIL 2 of 5
159.8083 	 	CUE
160.3259 	 	STIM   3, 0, 0, 0 RULE G1
160.6762 	 	TGT    1,3,0,0; 3,1,0,0; 0,2,0,0; 2,0,0,0
161.6233 	 	RESP   1 G1 ANSWER 2
161.6233 	 	FEEDB  CORRECT 3 of 5
162.6635 	 	CUE
163.1872 	 	STIM   1, 2, 0, 0 RULE G1
163.5314 	 	TGT    1,3,0,0; 3,1,0,0; 0,2,0,0; 2,0,0,0
165.2852 	 	RESP   1 G1 ANSWER 1
165.2852 	 	FEEDB  CORRECT 4 of 5
166.3537 	 	CUE
166.8715 	 	STIM   2, 3, 0, 0 RULE G1
167.2213 	 	TGT    1,3,0,0; 3,1,0,0; 0,2,0,0; 2,0,0,0
168.2438 	 	RESP   1 G1 ANSWER 4
168.2438 	 	FEEDB  CORRECT 5 of 5
169.3089 	 	CUE
169.8271 	 	STIM   3, 2, 0, 0 RULE G2
170.1767 	 	TGT    1,3,0,0; 3,1,0,0; 0,2,0,0; 2,0,0,0
170.8267 	 	RESP   0 G2 ANSWER -2
170.8267 	 	FEEDB  FAIL 0 of 5
171.8805 	 	CUE
172.3979 	 	STIM   3, 2, 0, 0 RULE G2
172.7484 	 	TGT    1,3,0,0; 3,1,0,0; 0,2,0,0; 2,0,0,0
173.3933 	 	RESP   0 G2 ANSWER -2
173.3933 	 	FEEDB  FAIL 0 of 5
174.4398 	 	CUE
174.9545 	 	STIM   2, 3, 0, 0 RULE G2
175.3028 	 	TGT    1,3,0,0; 3,1,0,0; 0,2,0,0; 2,0,0,0
175.7603 	 	RESP   1 G2 ANSWER 1
175.7603 	 	FEEDB  CORRECT 1 of 5
176.8062 	 	CUE
177.3235 	 	STIM   2, 3, 0, 0 RULE G2
177.6741 	 	TGT    1,3,0,0; 3,1,0,0; 0,2,0,0; 2,0,0,0
178.4469 	 	RESP   1 G2 ANSWER 1
178.4469 	 	FEEDB  CORRECT 2 of 5
179.4991 	 	CUE
180.0139 	 	STIM   3, 3, 0, 0 RULE G2
180.3621 	 	TGT    1,3,0,0; 3,1,0,0; 0,2,0,0; 2,0,0,0
180.8618 	 	RESP   1 G2 ANSWER 1
180.8618 	 	FEEDB  CORRECT 3 of 5
181.9156 	 	CUE
182.4329 	 	STIM   1, 1, 0, 0 RULE G2
182.7835 	 	TGT    1,3,0,0; 3,1,0,0; 0,2,0,0; 2,0,0,0
183.3163 	 	RESP   1 G2 ANSWER 2
183.3163 	 	FEEDB  CORRECT 4 of 5
184.3865 	 	CUE
184.9044 	 	STIM   0, 3, 0, 0 RULE G2
185.2544 	 	TGT    1,3,0,0; 3,1,0,0; 0,2,0,0; 2,0,0,0
185.9073 	 	RESP   1 G2 ANSWER 1
185.9073 	 	FEEDB  CORRECT 5 of 5
186.9595 	 	CUE
187.4757 	 	STIM   2, 2, 0, 0 RULE G1
187.8260 	 	TGT    1,3,0,0; 3,1,0,0; 0,2,0,0; 2,0,0,0
188.4818 	 	RESP   0 G1 ANSWER -3
188.4819 	 	FEEDB  FAIL 0 of 7
189.5293 	 	CUE
190.0470 	 	STIM   1, 0, 0, 0 RULE G1
190.3972 	 	TGT    1,3,0,0; 3,1,0,0; 0,2,0,0; 2,0,0,0
192.1281 	 	RESP   1 G1 ANSWER 1
192.1281 	 	FEEDB  CORRECT 1 of 7
193.1705 	 	CUE
193.6872 	 	STIM   1, 0, 0, 0 RULE G1
194.0373 	 	TGT    1,3,0,0; 3,1,0,0; 0,2,0,0; 2,0,0,0
195.5743 	 	RESP   0 G1 ANSWER -3
195.5743 	 	FEEDB  FAIL 1 of 7
196.6324 	 	CUE
197.1467 	 	STIM   0, 0, 0, 0 RULE G1
197.4935 	 	TGT    1,3,0,0; 3,1,0,0; 0,2,0,0; 2,0,0,0
199.2685 	 	RESP   0 G1 ANSWER -1
199.2685 	 	FEEDB  FAIL 1 of 7
200.3170 	 	CUE
200.8337 	 	STIM   2, 2, 0, 0 RULE G1
201.1835 	 	TGT    1,3,0,0; 3,1,0,0; 0,2,0,0; 2,0,0,0
202.4108 	 	RESP   1 G1 ANSWER 4
202.4108 	 	FEEDB  CORRECT 2 of 7
203.4548 	 	CUE
203.9728 	 	STIM   1, 2, 0, 0 RULE G1
204.3226 	 	TGT    1,3,0,0; 3,1,0,0; 0,2,0,0; 2,0,0,0
205.2413 	 	RESP   0 G1 ANSWER -3
205.2413 	 	FEEDB  FAIL 2 of 7
206.2933 	 	CUE
206.8113 	 	STIM   1, 0, 0, 0 RULE G1
207.1612 	 	TGT    1,3,0,0; 3,1,0,0; 0,2,0,0; 2,0,0,0
208.1359 	 	RESP   0 G1 ANSWER -4
208.1359 	 	FEEDB  FAIL 2 of 7
209.1818 	 	CUE
209.7000 	 	STIM   1, 0, 0, 0 RULE G1
210.0498 	 	TGT    1,3,0,0; 3,1,0,0; 0,2,0,0; 2,0,0,0
211.3823 	 	RESP   0 G1 ANSWER -3
211.3823 	 	FEEDB  FAIL 2 of 7
212.4212 	 	CUE
212.9393 	 	STIM   3, 2, 0, 0 RULE G1
213.2890 	 	TGT    1,3,0,0; 3,1,0,0; 0,2,0,0; 2,0,0,0
213.9892 	 	RESP   1 G1 ANSWER 2
213.9893 	 	FEEDB  CORRECT 3 of 7
215.0428 	 	CUE
215.5604 	 	STIM   3, 2, 0, 0 RULE G1
215.9109 	 	TGT    1,3,0,0; 3,1,0,0; 0,2,0,0; 2,0,0,0
216.8278 	 	RESP   0 G1 ANSWER -3
216.8278 	 	FEEDB  FAIL 3 of 7
217.8981 	 	CUE
218.4155 	 	STIM   3, 2, 0, 0 RULE G1
218.7660 	 	TGT    1,3,0,0; 3,1,0,0; 0,2,0,0; 2,0,0,0
219.4182 	 	RESP   1 G1 ANSWER 2
219.4183 	 	FEEDB  CORRECT 4 of 7
220.4707 	 	CUE
220.9873 	 	STIM   3, 2, 0, 0 RULE G1
221.3371 	 	TGT    1,3,0,0; 3,1,0,0; 0,2,0,0; 2,0,0,0
221.9533 	 	RESP   0 G1 ANSWER -1
221.9534 	 	FEEDB  FAIL 4 of 7
223.0075 	 	CUE
223.5250 	 	STIM   2, 1, 0, 0 RULE G1
223.8755 	 	TGT    1,3,0,0; 3,1,0,0; 0,2,0,0; 2,0,0,0
224.8958 	 	RESP   1 G1 ANSWER 4
224.8958 	 	FEEDB  CORRECT 5 of 7
225.9630 	 	CUE
226.4804 	 	STIM   3, 0, 0, 0 RULE G1
226.8309 	 	TGT    1,3,0,0; 3,1,0,0; 0,2,0,0; 2,0,0,0
227.3583 	 	RESP   1 G1 ANSWER 2
227.3583 	 	FEEDB  CORRECT 6 of 7
228.4019 	 	CUE
228.9185 	 	STIM   1, 2, 0, 0 RULE G1
229.2684 	 	TGT    1,3,0,0; 3,1,0,0; 0,2,0,0; 2,0,0,0
230.0927 	 	RESP   1 G1 ANSWER 1
230.0927 	 	FEEDB  CORRECT 7 of 7
231.1387 	 	CUE
231.6565 	 	STIM   3, 0, 0, 0 RULE G2
232.0069 	 	TGT    1,3,0,0; 3,1,0,0; 0,2,0,0; 2,0,0,0
232.3718 	 	RESP   0 G2 ANSWER -2
232.3718 	 	FEEDB  FAIL 0 of 6
233.4431 	 	CUE
233.9609 	 	STIM   0, 3, 0, 0 RULE G2
234.3109 	 	TGT    1,3,0,0; 3,1,0,0; 0,2,0,0; 2,0,0,0
235.2903 	 	RESP   0 G2 ANSWER -3
235.2903 	 	FEEDB  FAIL 0 of 6
236.3364 	 	CUE
236.8512 	 	STIM   0, 1, 0, 0 RULE G2
237.1995 	 	TGT    1,3,0,0; 3,1,0,0; 0,2,0,0; 2,0,0,0
238.2088 	 	RESP   0 G2 ANSWER -4
238.2088 	 	FEEDB  FAIL 0 of 6
239.2536 	 	CUE
239.7718 	 	STIM   0, 1, 0, 0 RULE G2
240.1215 	 	TGT    1,3,0,0; 3,1,0,0; 0,2,0,0; 2,0,0,0
241.0793 	 	RESP   1 G2 ANSWER 2
241.0793 	 	FEEDB  CORRECT 1 of 6
242.1255 	 	CUE
242.6448 	 	STIM   3, 2, 0, 0 RULE G2
242.9937 	 	TGT    1,3,0,0; 3,1,0,0; 0,2,0,0; 2,0,0,0
243.3263 	 	RESP   0 G2 ANSWER -2
243.3263 	 	FEEDB  FAIL 1 of 6
244.3798 	 	CUE
244.8976 	 	STIM   2, 3, 0, 0 RULE G2
245.2476 	 	TGT    1,3,0,0; 3,1,0,0; 0,2,0,0; 2,0,0,0
246.0689 	 	RESP   0 G2 ANSWER -4
246.0689 	 	FEEDB  FAIL 1 of 6
247.1193 	 	CUE
247.6361 	 	STIM   0, 1, 0, 0 RULE G2
247.9862 	 	TGT    1,3,0,0; 3,1,0,0; 0,2,0,0; 2,0,0,0
254.4648 	 	RESP   0 G2 ANSWER -3
254.4648 	 	FEEDB  FAIL 1 of 6
255.5336 	 	CUE
256.0510 	 	STIM   2, 1, 0, 0 RULE G2
256.4015 	 	TGT    1,3,0,0; 3,1,0,0; 0,2,0,0; 2,0,0,0
257.1433 	 	RESP   0 G2 ANSWER -4
257.1433 	 	FEEDB  FAIL 1 of 6
258.1949 	 	CUE
258.7088 	 	STIM   1, 2, 0, 0 RULE G2
259.0562 	 	TGT    1,3,0,0; 3,1,0,0; 0,2,0,0; 2,0,0,0
259.4464 	 	RESP   1 G2 ANSWER 3
259.4464 	 	FEEDB  CORRECT 2 of 6
260.4926 	 	CUE
261.0102 	 	STIM   0, 1, 0, 0 RULE G2
261.3606 	 	TGT    1,3,0,0; 3,1,0,0; 0,2,0,0; 2,0,0,0
261.7093 	 	RESP   1 G2 ANSWER 2
261.7093 	 	FEEDB  CORRECT 3 of 6
262.7650 	 	CUE
263.2812 	 	STIM   1, 2, 0, 0 RULE G2
263.6315 	 	TGT    1,3,0,0; 3,1,0,0; 0,2,0,0; 2,0,0,0
263.9642 	 	RESP   1 G2 ANSWER 3
263.9642 	 	FEEDB  CORRECT 4 of 6
265.0176 	 	CUE
265.5352 	 	STIM   2, 3, 0, 0 RULE G2
265.8857 	 	TGT    1,3,0,0; 3,1,0,0; 0,2,0,0; 2,0,0,0
266.2348 	 	RESP   1 G2 ANSWER 1
266.2348 	 	FEEDB  CORRECT 5 of 6
267.2949 	 	CUE
267.8089 	 	STIM   0, 0, 0, 0 RULE G2
268.1561 	 	TGT    1,3,0,0; 3,1,0,0; 0,2,0,0; 2,0,0,0
268.5618 	 	RESP   1 G2 ANSWER 4
268.5619 	 	FEEDB  CORRECT 6 of 6
269.6094 	 	CUE
270.1268 	 	STIM   2, 3, 0, 0 RULE G1
270.4772 	 	TGT    1,3,0,0; 3,1,0,0; 0,2,0,0; 2,0,0,0
270.7768 	 	RESP   0 G1 ANSWER -1
270.7768 	 	FEEDB  FAIL 0 of 6
271.8368 	 	CUE
272.3503 	 	STIM   0, 3, 0, 0 RULE G1
272.6981 	 	TGT    1,3,0,0; 3,1,0,0; 0,2,0,0; 2,0,0,0
273.8553 	 	RESP   0 G1 ANSWER -4
273.8554 	 	FEEDB  FAIL 0 of 6
274.9026 	 	CUE
275.4202 	 	STIM   0, 3, 0, 0 RULE G1
275.7705 	 	TGT    1,3,0,0; 3,1,0,0; 0,2,0,0; 2,0,0,0
277.3093 	 	RESP   0 G1 ANSWER -4
277.3093 	 	FEEDB  FAIL 0 of 6
278.3653 	 	CUE
278.8792 	 	STIM   1, 1, 0, 0 RULE G1
279.2265 	 	TGT    1,3,0,0; 3,1,0,0; 0,2,0,0; 2,0,0,0
279.7724 	 	RESP   0 G1 ANSWER -2
279.7724 	 	FEEDB  FAIL 0 of 6
280.8133 	 	CUE
281.3308 	 	STIM   2, 3, 0, 0 RULE G1
281.6812 	 	TGT    1,3,0,0; 3,1,0,0; 0,2,0,0; 2,0,0,0
282.7308 	 	RESP   1 G1 ANSWER 4
282.7309 	 	FEEDB  CORRECT 1 of 6
283.8021 	 	CUE
284.3196 	 	STIM   1, 0, 0, 0 RULE G1
284.6700 	 	TGT    1,3,0,0; 3,1,0,0; 0,2,0,0; 2,0,0,0
286.6889 	 	RESP   1 G1 ANSWER 1
286.6889 	 	FEEDB  CORRECT 2 of 6
287.7593 	 	CUE
288.2767 	 	STIM   2, 3, 0, 0 RULE G1
288.6272 	 	TGT    1,3,0,0; 3,1,0,0; 0,2,0,0; 2,0,0,0
289.6234 	 	RESP   1 G1 ANSWER 4
289.6234 	 	FEEDB  CORRECT 3 of 6
290.6661 	 	CUE
291.1823 	 	STIM   1, 1, 0, 0 RULE G1
291.5325 	 	TGT    1,3,0,0; 3,1,0,0; 0,2,0,0; 2,0,0,0
292.8459 	 	RESP   1 G1 ANSWER 1
292.8459 	 	FEEDB  CORRECT 4 of 6
293.8874 	 	CUE
294.4049 	 	STIM   1, 2, 0, 0 RULE G1
294.7552 	 	TGT    1,3,0,0; 3,1,0,0; 0,2,0,0; 2,0,0,0
295.3404 	 	RESP   0 G1 ANSWER -3
295.3404 	 	FEEDB  FAIL 4 of 6
296.3917 	 	CUE
296.9096 	 	STIM   2, 1, 0, 0 RULE G1
297.2595 	 	TGT    1,3,0,0; 3,1,0,0; 0,2,0,0; 2,0,0,0
298.0030 	 	RESP   1 G1 ANSWER 4
298.0031 	 	FEEDB  CORRECT 5 of 6
299.0512 	 	CUE
299.5660 	 	STIM   3, 0, 0, 0 RULE G1
299.9148 	 	TGT    1,3,0,0; 3,1,0,0; 0,2,0,0; 2,0,0,0
300.2499 	 	RESP   1 G1 ANSWER 2
300.2499 	 	FEEDB  CORRECT 6 of 6
303.5090 	 	Running set .\configs\sets\letters_of_patches_2-test.json
303.5092 	 	Using deck: 0: 3,2,0,0 | 1: 2,1,0,0 | 2: 1,0,0,0 | 3: 0,3,0,0 
304.3064 	 	CUE
304.8243 	 	STIM   0, 0, 0, 0 RULE G1
305.1741 	 	TGT    3,2,0,0; 0,1,0,0; 2,0,0,0; 1,3,0,0
306.9348 	 	RESP   1 G1 ANSWER 2
306.9348 	 	FEEDB  CORRECT 1 of 7
307.9965 	 	CUE
308.5142 	 	STIM   2, 3, 0, 0 RULE G1
308.8645 	 	TGT    3,2,0,0; 0,1,0,0; 2,0,0,0; 1,3,0,0
309.3014 	 	RESP   1 G1 ANSWER 3
309.3014 	 	FEEDB  CORRECT 2 of 7
310.3505 	 	CUE
310.8685 	 	STIM   3, 3, 0, 0 RULE G1
311.2185 	 	TGT    3,2,0,0; 0,1,0,0; 2,0,0,0; 1,3,0,0
311.6363 	 	RESP   1 G1 ANSWER 1
311.6364 	 	FEEDB  CORRECT 3 of 7
312.7053 	 	CUE
313.2227 	 	STIM   3, 0, 0, 0 RULE G1
313.5729 	 	TGT    3,2,0,0; 0,1,0,0; 2,0,0,0; 1,3,0,0
313.8033 	 	RESP   1 G1 ANSWER 1
313.8033 	 	FEEDB  CORRECT 4 of 7
314.8591 	 	CUE
315.3764 	 	STIM   0, 3, 0, 0 RULE G1
315.7270 	 	TGT    3,2,0,0; 0,1,0,0; 2,0,0,0; 1,3,0,0
316.3296 	 	RESP   1 G1 ANSWER 2
316.3297 	 	FEEDB  CORRECT 5 of 7
317.3842 	 	CUE
317.8988 	 	STIM   1, 2, 0, 0 RULE G1
318.2481 	 	TGT    3,2,0,0; 0,1,0,0; 2,0,0,0; 1,3,0,0
318.6729 	 	RESP   1 G1 ANSWER 4
318.6729 	 	FEEDB  CORRECT 6 of 7
319.7180 	 	CUE
320.2352 	 	STIM   2, 1, 0, 0 RULE G1
320.5858 	 	TGT    3,2,0,0; 0,1,0,0; 2,0,0,0; 1,3,0,0
321.0314 	 	RESP   0 G1 ANSWER -2
321.0314 	 	FEEDB  FAIL 6 of 7
322.0888 	 	CUE
322.6066 	 	STIM   0, 2, 0, 0 RULE G1
322.9568 	 	TGT    3,2,0,0; 0,1,0,0; 2,0,0,0; 1,3,0,0
323.4464 	 	RESP   1 G1 ANSWER 2
323.4464 	 	FEEDB  CORRECT 7 of 7
324.4932 	 	CUE
325.0107 	 	STIM   2, 1, 0, 0 RULE G2
325.3612 	 	TGT    3,2,0,0; 0,1,0,0; 2,0,0,0; 1,3,0,0
325.7414 	 	RESP   0 G2 ANSWER -3
325.7414 	 	FEEDB  FAIL 0 of 7
326.7853 	 	CUE
327.2989 	 	STIM   0, 0, 0, 0 RULE G2
327.6488 	 	TGT    3,2,0,0; 0,1,0,0; 2,0,0,0; 1,3,0,0
328.2199 	 	RESP   1 G2 ANSWER 3
328.2199 	 	FEEDB  CORRECT 1 of 7
329.2685 	 	CUE
329.7864 	 	STIM   2, 3, 0, 0 RULE G2
330.1364 	 	TGT    3,2,0,0; 0,1,0,0; 2,0,0,0; 1,3,0,0
330.7229 	 	RESP   1 G2 ANSWER 4
330.7230 	 	FEEDB  CORRECT 2 of 7
331.7901 	 	CUE
332.3075 	 	STIM   0, 2, 0, 0 RULE G2
332.6579 	 	TGT    3,2,0,0; 0,1,0,0; 2,0,0,0; 1,3,0,0
333.1213 	 	RESP   1 G2 ANSWER 1
333.1213 	 	FEEDB  CORRECT 3 of 7
334.1674 	 	CUE
334.6813 	 	STIM   2, 1, 0, 0 RULE G2
335.0286 	 	TGT    3,2,0,0; 0,1,0,0; 2,0,0,0; 1,3,0,0
335.4643 	 	RESP   1 G2 ANSWER 2
335.4643 	 	FEEDB  CORRECT 4 of 7
336.5152 	 	CUE
337.0327 	 	STIM   2, 1, 0, 0 RULE G2
337.3831 	 	TGT    3,2,0,0; 0,1,0,0; 2,0,0,0; 1,3,0,0
337.8633 	 	RESP   1 G2 ANSWER 2
337.8633 	 	FEEDB  CORRECT 5 of 7
338.9201 	 	CUE
339.4374 	 	STIM   3, 1, 0, 0 RULE G2
339.7877 	 	TGT    3,2,0,0; 0,1,0,0; 2,0,0,0; 1,3,0,0
340.2218 	 	RESP   1 G2 ANSWER 2
340.2218 	 	FEEDB  CORRECT 6 of 7
341.2738 	 	CUE
341.7917 	 	STIM   2, 3, 0, 0 RULE G2
342.1417 	 	TGT    3,2,0,0; 0,1,0,0; 2,0,0,0; 1,3,0,0
343.0764 	 	RESP   1 G2 ANSWER 4
343.0764 	 	FEEDB  CORRECT 7 of 7
344.1457 	 	CUE
344.6636 	 	STIM   2, 2, 0, 0 RULE G1
345.0136 	 	TGT    3,2,0,0; 0,1,0,0; 2,0,0,0; 1,3,0,0
345.5713 	 	RESP   0 G1 ANSWER -1
345.5714 	 	FEEDB  FAIL 0 of 5
346.6206 	 	CUE
347.1352 	 	STIM   0, 2, 0, 0 RULE G1
347.4851 	 	TGT    3,2,0,0; 0,1,0,0; 2,0,0,0; 1,3,0,0
347.9143 	 	RESP   1 G1 ANSWER 2
347.9143 	 	FEEDB  CORRECT 1 of 5
348.9547 	 	CUE
349.4723 	 	STIM   1, 2, 0, 0 RULE G1
349.8228 	 	TGT    3,2,0,0; 0,1,0,0; 2,0,0,0; 1,3,0,0
350.2488 	 	RESP   1 G1 ANSWER 4
350.2488 	 	FEEDB  CORRECT 2 of 5
351.2970 	 	CUE
351.8118 	 	STIM   3, 3, 0, 0 RULE G1
352.1600 	 	TGT    3,2,0,0; 0,1,0,0; 2,0,0,0; 1,3,0,0
352.6159 	 	RESP   1 G1 ANSWER 1
352.6159 	 	FEEDB  CORRECT 3 of 5
353.6634 	 	CUE
354.1807 	 	STIM   2, 3, 0, 0 RULE G1
354.5313 	 	TGT    3,2,0,0; 0,1,0,0; 2,0,0,0; 1,3,0,0
354.8869 	 	RESP   1 G1 ANSWER 3
354.8869 	 	FEEDB  CORRECT 4 of 5
355.9394 	 	CUE
356.4535 	 	STIM   2, 1, 0, 0 RULE G1
356.8022 	 	TGT    3,2,0,0; 0,1,0,0; 2,0,0,0; 1,3,0,0
357.1254 	 	RESP   1 G1 ANSWER 3
357.1254 	 	FEEDB  CORRECT 5 of 5
358.1714 	 	CUE
358.6892 	 	STIM   3, 0, 0, 0 RULE G2
359.0393 	 	TGT    3,2,0,0; 0,1,0,0; 2,0,0,0; 1,3,0,0
359.3884 	 	RESP   0 G2 ANSWER -1
359.3884 	 	FEEDB  FAIL 0 of 5
360.4593 	 	CUE
360.9769 	 	STIM   1, 0, 0, 0 RULE G2
361.3270 	 	TGT    3,2,0,0; 0,1,0,0; 2,0,0,0; 1,3,0,0
361.6914 	 	RESP   0 G2 ANSWER -4
361.6914 	 	FEEDB  FAIL 0 of 5
362.7300 	 	CUE
363.2475 	 	STIM   3, 3, 0, 0 RULE G2
363.5981 	 	TGT    3,2,0,0; 0,1,0,0; 2,0,0,0; 1,3,0,0
364.1459 	 	RESP   1 G2 ANSWER 4
364.1459 	 	FEEDB  CORRECT 1 of 5
365.2052 	 	CUE
365.7195 	 	STIM   1, 0, 0, 0 RULE G2
366.0689 	 	TGT    3,2,0,0; 0,1,0,0; 2,0,0,0; 1,3,0,0
367.0803 	 	RESP   1 G2 ANSWER 3
367.0803 	 	FEEDB  CORRECT 2 of 5
368.1230 	 	CUE
368.6411 	 	STIM   3, 1, 0, 0 RULE G2
368.9909 	 	TGT    3,2,0,0; 0,1,0,0; 2,0,0,0; 1,3,0,0
369.4634 	 	RESP   1 G2 ANSWER 2
369.4634 	 	FEEDB  CORRECT 3 of 5
370.5276 	 	CUE
371.0449 	 	STIM   1, 1, 0, 0 RULE G2
371.3954 	 	TGT    3,2,0,0; 0,1,0,0; 2,0,0,0; 1,3,0,0
371.7344 	 	RESP   1 G2 ANSWER 2
371.7344 	 	FEEDB  CORRECT 4 of 5
372.7866 	 	CUE
373.3009 	 	STIM   2, 1, 0, 0 RULE G2
373.6497 	 	TGT    3,2,0,0; 0,1,0,0; 2,0,0,0; 1,3,0,0
374.0209 	 	RESP   1 G2 ANSWER 2
374.0209 	 	FEEDB  CORRECT 5 of 5
375.0690 	 	CUE
375.5869 	 	STIM   3, 0, 0, 0 RULE G1
375.9372 	 	TGT    3,2,0,0; 0,1,0,0; 2,0,0,0; 1,3,0,0
376.3238 	 	RESP   0 G1 ANSWER -3
376.3238 	 	FEEDB  FAIL 0 of 6
377.3777 	 	CUE
377.8921 	 	STIM   0, 2, 0, 0 RULE G1
378.2413 	 	TGT    3,2,0,0; 0,1,0,0; 2,0,0,0; 1,3,0,0
378.6909 	 	RESP   1 G1 ANSWER 2
378.6909 	 	FEEDB  CORRECT 1 of 6
379.7445 	 	CUE
380.2619 	 	STIM   2, 1, 0, 0 RULE G1
380.6124 	 	TGT    3,2,0,0; 0,1,0,0; 2,0,0,0; 1,3,0,0
381.0494 	 	RESP   0 G1 ANSWER -2
381.0494 	 	FEEDB  FAIL 1 of 6
382.1032 	 	CUE
382.6171 	 	STIM   0, 2, 0, 0 RULE G1
382.9666 	 	TGT    3,2,0,0; 0,1,0,0; 2,0,0,0; 1,3,0,0
383.5684 	 	RESP   1 G1 ANSWER 2
383.5684 	 	FEEDB  CORRECT 2 of 6
384.6201 	 	CUE
385.1375 	 	STIM   1, 1, 0, 0 RULE G1
385.4880 	 	TGT    3,2,0,0; 0,1,0,0; 2,0,0,0; 1,3,0,0
385.8794 	 	RESP   1 G1 ANSWER 4
385.8794 	 	FEEDB  CORRECT 3 of 6
386.9289 	 	CUE
387.4425 	 	STIM   1, 2, 0, 0 RULE G1
387.7923 	 	TGT    3,2,0,0; 0,1,0,0; 2,0,0,0; 1,3,0,0
388.0859 	 	RESP   1 G1 ANSWER 4
388.0859 	 	FEEDB  CORRECT 4 of 6
389.1281 	 	CUE
389.6460 	 	STIM   2, 1, 0, 0 RULE G1
389.9961 	 	TGT    3,2,0,0; 0,1,0,0; 2,0,0,0; 1,3,0,0
390.3090 	 	RESP   1 G1 ANSWER 3
390.3090 	 	FEEDB  CORRECT 5 of 6
391.3533 	 	CUE
391.8676 	 	STIM   0, 0, 0, 0 RULE G1
392.2168 	 	TGT    3,2,0,0; 0,1,0,0; 2,0,0,0; 1,3,0,0
392.5239 	 	RESP   1 G1 ANSWER 2
392.5239 	 	FEEDB  CORRECT 6 of 6
393.5697 	 	CUE
394.0873 	 	STIM   1, 2, 0, 0 RULE G2
394.4376 	 	TGT    3,2,0,0; 0,1,0,0; 2,0,0,0; 1,3,0,0
395.0823 	 	RESP   0 G2 ANSWER -4
395.0823 	 	FEEDB  FAIL 0 of 6
396.1412 	 	CUE
396.6589 	 	STIM   1, 1, 0, 0 RULE G2
397.0088 	 	TGT    3,2,0,0; 0,1,0,0; 2,0,0,0; 1,3,0,0
397.6094 	 	RESP   1 G2 ANSWER 2
397.6094 	 	FEEDB  CORRECT 1 of 6
398.6625 	 	CUE
399.1801 	 	STIM   0, 3, 0, 0 RULE G2
399.5304 	 	TGT    3,2,0,0; 0,1,0,0; 2,0,0,0; 1,3,0,0
399.9601 	 	RESP   1 G2 ANSWER 4
399.9602 	 	FEEDB  CORRECT 2 of 6
400.9998 	 	CUE
401.5176 	 	STIM   1, 1, 0, 0 RULE G2
401.8682 	 	TGT    3,2,0,0; 0,1,0,0; 2,0,0,0; 1,3,0,0
402.8789 	 	RESP   0 G2 ANSWER -4
402.8790 	 	FEEDB  FAIL 2 of 6
403.9235 	 	CUE
404.4399 	 	STIM   3, 1, 0, 0 RULE G2
404.7902 	 	TGT    3,2,0,0; 0,1,0,0; 2,0,0,0; 1,3,0,0
405.2294 	 	RESP   1 G2 ANSWER 2
405.2294 	 	FEEDB  CORRECT 3 of 6
406.2762 	 	CUE
406.7941 	 	STIM   2, 3, 0, 0 RULE G2
407.1442 	 	TGT    3,2,0,0; 0,1,0,0; 2,0,0,0; 1,3,0,0
407.5804 	 	RESP   1 G2 ANSWER 4
407.5805 	 	FEEDB  CORRECT 4 of 6
408.6355 	 	CUE
409.1498 	 	STIM   3, 0, 0, 0 RULE G2
409.4987 	 	TGT    3,2,0,0; 0,1,0,0; 2,0,0,0; 1,3,0,0
409.9710 	 	RESP   1 G2 ANSWER 3
409.9710 	 	FEEDB  CORRECT 5 of 6
411.0181 	 	CUE
411.5360 	 	STIM   3, 0, 0, 0 RULE G2
411.8865 	 	TGT    3,2,0,0; 0,1,0,0; 2,0,0,0; 1,3,0,0
412.3140 	 	RESP   1 G2 ANSWER 3
412.3140 	 	FEEDB  CORRECT 6 of 6
413.3420 	 	Running set .\configs\sets\faces_of_patches_1-test.json
413.3422 	 	Using deck: 0: 1,2,0,0 | 1: 3,1,0,0 | 2: 0,3,0,0 | 3: 2,0,0,0 
414.6420 	 	CUE
415.1594 	 	STIM   1, 1, 0, 0 RULE G1
415.5096 	 	TGT    2,2,0,0; 3,1,0,0; 1,3,0,0; 0,0,0,0
419.7105 	 	RESP   1 G1 ANSWER 3
419.7105 	 	FEEDB  CORRECT 1 of 5
420.7569 	 	CUE
421.2711 	 	STIM   0, 2, 0, 0 RULE G1
421.6209 	 	TGT    2,2,0,0; 3,1,0,0; 1,3,0,0; 0,0,0,0
422.0769 	 	RESP   0 G1 ANSWER -1
422.0769 	 	FEEDB  FAIL 1 of 5
423.1404 	 	CUE
423.6582 	 	STIM   1, 2, 0, 0 RULE G1
424.0083 	 	TGT    2,2,0,0; 3,1,0,0; 1,3,0,0; 0,0,0,0
424.8679 	 	RESP   1 G1 ANSWER 3
424.8679 	 	FEEDB  CORRECT 2 of 5
425.9292 	 	CUE
426.4469 	 	STIM   2, 0, 0, 0 RULE G1
426.7972 	 	TGT    2,2,0,0; 3,1,0,0; 1,3,0,0; 0,0,0,0
427.8023 	 	RESP   1 G1 ANSWER 1
427.8023 	 	FEEDB  CORRECT 3 of 5
428.8512 	 	CUE
429.3689 	 	STIM   3, 0, 0, 0 RULE G1
429.7192 	 	TGT    2,2,0,0; 3,1,0,0; 1,3,0,0; 0,0,0,0
430.1929 	 	RESP   1 G1 ANSWER 2
430.1929 	 	FEEDB  CORRECT 4 of 5
431.9068 	 	CUE
432.4244 	 	STIM   3, 2, 0, 0 RULE G1
432.7747 	 	TGT    2,2,0,0; 3,1,0,0; 1,3,0,0; 0,0,0,0
433.2154 	 	RESP   1 G1 ANSWER 2
433.2154 	 	FEEDB  CORRECT 5 of 5
434.2609 	 	CUE
434.7789 	 	STIM   2, 3, 0, 0 RULE G2
435.1287 	 	TGT    2,2,0,0; 3,1,0,0; 1,3,0,0; 0,0,0,0
436.2219 	 	RESP   0 G2 ANSWER -1
436.2219 	 	FEEDB  FAIL 0 of 6
437.2833 	 	CUE
437.8012 	 	STIM   0, 1, 0, 0 RULE G2
438.1509 	 	TGT    2,2,0,0; 3,1,0,0; 1,3,0,0; 0,0,0,0
439.9241 	 	RESP   1 G2 ANSWER 2
439.9242 	 	FEEDB  CORRECT 1 of 6
440.9777 	 	CUE
441.4926 	 	STIM   2, 3, 0, 0 RULE G2
441.8413 	 	TGT    2,2,0,0; 3,1,0,0; 1,3,0,0; 0,0,0,0
442.5790 	 	RESP   1 G2 ANSWER 3
442.5790 	 	FEEDB  CORRECT 2 of 6
443.6282 	 	CUE
444.1455 	 	STIM   1, 1, 0, 0 RULE G2
444.4961 	 	TGT    2,2,0,0; 3,1,0,0; 1,3,0,0; 0,0,0,0
445.0174 	 	RESP   1 G2 ANSWER 2
445.0175 	 	FEEDB  CORRECT 3 of 6
446.0705 	 	CUE
446.5853 	 	STIM   1, 1, 0, 0 RULE G2
446.9337 	 	TGT    2,2,0,0; 3,1,0,0; 1,3,0,0; 0,0,0,0
447.3604 	 	RESP   1 G2 ANSWER 2
447.3604 	 	FEEDB  CORRECT 4 of 6
448.4035 	 	CUE
448.9210 	 	STIM   1, 2, 0, 0 RULE G2
449.2714 	 	TGT    2,2,0,0; 3,1,0,0; 1,3,0,0; 0,0,0,0
449.6394 	 	RESP   1 G2 ANSWER 1
449.6394 	 	FEEDB  CORRECT 5 of 6
450.7081 	 	CUE
451.2255 	 	STIM   1, 0, 0, 0 RULE G2
451.5757 	 	TGT    2,2,0,0; 3,1,0,0; 1,3,0,0; 0,0,0,0
452.0140 	 	RESP   1 G2 ANSWER 4
452.0140 	 	FEEDB  CORRECT 6 of 6
453.0618 	 	CUE
453.5798 	 	STIM   3, 2, 0, 0 RULE G1
453.9300 	 	TGT    2,2,0,0; 3,1,0,0; 1,3,0,0; 0,0,0,0
454.4929 	 	RESP   0 G1 ANSWER -1
454.4929 	 	FEEDB  FAIL 0 of 7
455.5502 	 	CUE
456.0676 	 	STIM   3, 3, 0, 0 RULE G1
456.4179 	 	TGT    2,2,0,0; 3,1,0,0; 1,3,0,0; 0,0,0,0
456.6920 	 	RESP   1 G1 ANSWER 2
456.6920 	 	FEEDB  CORRECT 1 of 7
457.7374 	 	CUE
458.2549 	 	STIM   3, 2, 0, 0 RULE G1
458.6053 	 	TGT    2,2,0,0; 3,1,0,0; 1,3,0,0; 0,0,0,0
458.8589 	 	RESP   1 G1 ANSWER 2
458.8589 	 	FEEDB  CORRECT 2 of 7
459.9125 	 	CUE
460.4262 	 	STIM   2, 3, 0, 0 RULE G1
460.7760 	 	TGT    2,2,0,0; 3,1,0,0; 1,3,0,0; 0,0,0,0
462.0490 	 	RESP   1 G1 ANSWER 1
462.0490 	 	FEEDB  CORRECT 3 of 7
463.0969 	 	CUE
463.6151 	 	STIM   3, 3, 0, 0 RULE G1
463.9649 	 	TGT    2,2,0,0; 3,1,0,0; 1,3,0,0; 0,0,0,0
464.3359 	 	RESP   1 G1 ANSWER 2
464.3360 	 	FEEDB  CORRECT 4 of 7
465.3846 	 	CUE
465.9022 	 	STIM   1, 2, 0, 0 RULE G1
466.2525 	 	TGT    2,2,0,0; 3,1,0,0; 1,3,0,0; 0,0,0,0
466.6630 	 	RESP   1 G1 ANSWER 3
466.6630 	 	FEEDB  CORRECT 5 of 7
467.7106 	 	CUE
468.2248 	 	STIM   1, 2, 0, 0 RULE G1
468.5736 	 	TGT    2,2,0,0; 3,1,0,0; 1,3,0,0; 0,0,0,0
468.8300 	 	RESP   1 G1 ANSWER 3
468.8300 	 	FEEDB  CORRECT 6 of 7
469.8762 	 	CUE
470.3938 	 	STIM   2, 3, 0, 0 RULE G1
470.7442 	 	TGT    2,2,0,0; 3,1,0,0; 1,3,0,0; 0,0,0,0
471.1005 	 	RESP   1 G1 ANSWER 1
471.1005 	 	FEEDB  CORRECT 7 of 7
472.1483 	 	CUE
472.6650 	 	STIM   1, 2, 0, 0 RULE G2
473.0148 	 	TGT    2,2,0,0; 3,1,0,0; 1,3,0,0; 0,0,0,0
473.4035 	 	RESP   0 G2 ANSWER -3
473.4035 	 	FEEDB  FAIL 0 of 5
474.4512 	 	CUE
474.9687 	 	STIM   1, 1, 0, 0 RULE G2
475.3191 	 	TGT    2,2,0,0; 3,1,0,0; 1,3,0,0; 0,0,0,0
475.6984 	 	RESP   1 G2 ANSWER 2
475.6984 	 	FEEDB  CORRECT 1 of 5
476.7435 	 	CUE
477.2570 	 	STIM   1, 1, 0, 0 RULE G2
477.6068 	 	TGT    2,2,0,0; 3,1,0,0; 1,3,0,0; 0,0,0,0
477.9850 	 	RESP   1 G2 ANSWER 2
477.9850 	 	FEEDB  CORRECT 2 of 5
479.0261 	 	CUE
479.5440 	 	STIM   3, 0, 0, 0 RULE G2
479.8943 	 	TGT    2,2,0,0; 3,1,0,0; 1,3,0,0; 0,0,0,0
480.6319 	 	RESP   1 G2 ANSWER 4
480.6319 	 	FEEDB  CORRECT 3 of 5
481.6827 	 	CUE
482.1989 	 	STIM   2, 0, 0, 0 RULE G2
482.5492 	 	TGT    2,2,0,0; 3,1,0,0; 1,3,0,0; 0,0,0,0
482.9267 	 	RESP   1 G2 ANSWER 4
482.9267 	 	FEEDB  CORRECT 4 of 5
483.9685 	 	CUE
484.4864 	 	STIM   3, 0, 0, 0 RULE G2
484.8368 	 	TGT    2,2,0,0; 3,1,0,0; 1,3,0,0; 0,0,0,0
485.2134 	 	RESP   1 G2 ANSWER 4
485.2134 	 	FEEDB  CORRECT 5 of 5
486.2576 	 	CUE
486.7742 	 	STIM   3, 0, 0, 0 RULE G1
487.1240 	 	TGT    2,2,0,0; 3,1,0,0; 1,3,0,0; 0,0,0,0
487.5404 	 	RESP   0 G1 ANSWER -4
487.5404 	 	FEEDB  FAIL 0 of 6
488.5939 	 	CUE
489.1113 	 	STIM   3, 3, 0, 0 RULE G1
489.4618 	 	TGT    2,2,0,0; 3,1,0,0; 1,3,0,0; 0,0,0,0
489.7075 	 	RESP   1 G1 ANSWER 2
489.7075 	 	FEEDB  CORRECT 1 of 6
490.7527 	 	CUE
491.2669 	 	STIM   1, 1, 0, 0 RULE G1
491.6158 	 	TGT    2,2,0,0; 3,1,0,0; 1,3,0,0; 0,0,0,0
492.3860 	 	RESP   1 G1 ANSWER 3
492.3860 	 	FEEDB  CORRECT 2 of 6
493.4360 	 	CUE
493.9534 	 	STIM   1, 0, 0, 0 RULE G1
494.3038 	 	TGT    2,2,0,0; 3,1,0,0; 1,3,0,0; 0,0,0,0
494.8888 	 	RESP   1 G1 ANSWER 3
494.8888 	 	FEEDB  CORRECT 3 of 6
495.9571 	 	CUE
496.4749 	 	STIM   2, 3, 0, 0 RULE G1
496.8255 	 	TGT    2,2,0,0; 3,1,0,0; 1,3,0,0; 0,0,0,0
497.2795 	 	RESP   1 G1 ANSWER 1
497.2795 	 	FEEDB  CORRECT 4 of 6
498.3452 	 	CUE
498.8629 	 	STIM   0, 3, 0, 0 RULE G1
499.2128 	 	TGT    2,2,0,0; 3,1,0,0; 1,3,0,0; 0,0,0,0
499.9342 	 	RESP   0 G1 ANSWER -3
499.9342 	 	FEEDB  FAIL 4 of 6
500.9997 	 	CUE
501.5175 	 	STIM   2, 1, 0, 0 RULE G1
501.8679 	 	TGT    2,2,0,0; 3,1,0,0; 1,3,0,0; 0,0,0,0
502.5810 	 	RESP   1 G1 ANSWER 1
502.5810 	 	FEEDB  CORRECT 5 of 6
503.6253 	 	CUE
504.1395 	 	STIM   1, 1, 0, 0 RULE G1
504.4893 	 	TGT    2,2,0,0; 3,1,0,0; 1,3,0,0; 0,0,0,0
505.1795 	 	RESP   1 G1 ANSWER 3
505.1795 	 	FEEDB  CORRECT 6 of 6
506.2260 	 	CUE
506.7439 	 	STIM   2, 3, 0, 0 RULE G2
507.0939 	 	TGT    2,2,0,0; 3,1,0,0; 1,3,0,0; 0,0,0,0
507.5624 	 	RESP   0 G2 ANSWER -1
507.5625 	 	FEEDB  FAIL 0 of 7
508.6306 	 	CUE
509.1480 	 	STIM   3, 3, 0, 0 RULE G2
509.4985 	 	TGT    2,2,0,0; 3,1,0,0; 1,3,0,0; 0,0,0,0
509.9370 	 	RESP   1 G2 ANSWER 3
509.9370 	 	FEEDB  CORRECT 1 of 7
510.9900 	 	CUE
511.5041 	 	STIM   1, 2, 0, 0 RULE G2
511.8529 	 	TGT    2,2,0,0; 3,1,0,0; 1,3,0,0; 0,0,0,0
512.3680 	 	RESP   1 G2 ANSWER 1
512.3680 	 	FEEDB  CORRECT 2 of 7
513.4226 	 	CUE
513.9400 	 	STIM   0, 1, 0, 0 RULE G2
514.2905 	 	TGT    2,2,0,0; 3,1,0,0; 1,3,0,0; 0,0,0,0
514.6711 	 	RESP   1 G2 ANSWER 2
514.6711 	 	FEEDB  CORRECT 3 of 7
515.7170 	 	CUE
516.2303 	 	STIM   2, 0, 0, 0 RULE G2
516.5781 	 	TGT    2,2,0,0; 3,1,0,0; 1,3,0,0; 0,0,0,0
517.0134 	 	RESP   1 G2 ANSWER 4
517.0135 	 	FEEDB  CORRECT 4 of 7
518.0642 	 	CUE
518.5821 	 	STIM   3, 3, 0, 0 RULE G2
518.9322 	 	TGT    2,2,0,0; 3,1,0,0; 1,3,0,0; 0,0,0,0
519.4287 	 	RESP   1 G2 ANSWER 3
519.4288 	 	FEEDB  CORRECT 5 of 7
520.4731 	 	CUE
520.9880 	 	STIM   0, 1, 0, 0 RULE G2
521.3368 	 	TGT    2,2,0,0; 3,1,0,0; 1,3,0,0; 0,0,0,0
521.7555 	 	RESP   1 G2 ANSWER 2
521.7555 	 	FEEDB  CORRECT 6 of 7
522.8067 	 	CUE
523.3241 	 	STIM   2, 0, 0, 0 RULE G2
523.6745 	 	TGT    2,2,0,0; 3,1,0,0; 1,3,0,0; 0,0,0,0
524.0818 	 	RESP   1 G2 ANSWER 4
524.0818 	 	FEEDB  CORRECT 7 of 7
526.7154 	 	Running set .\configs\sets\faces_of_patches_3-test.json
526.7157 	 	Using deck: 0: 3,3,0,0 | 1: 2,1,0,0 | 2: 0,0,0,0 | 3: 1,2,0,0 
528.2170 	 	CUE
528.7344 	 	STIM   3, 1, 0, 0 RULE G2
529.0842 	 	TGT    3,3,0,0; 0,1,0,0; 1,0,0,0; 2,2,0,0
532.1660 	 	RESP   0 G2 ANSWER -1
532.1660 	 	FEEDB  FAIL 0 of 5
533.2136 	 	CUE
533.7274 	 	STIM   3, 1, 0, 0 RULE G2
534.0766 	 	TGT    3,3,0,0; 0,1,0,0; 1,0,0,0; 2,2,0,0
534.5090 	 	RESP   1 G2 ANSWER 2
534.5090 	 	FEEDB  CORRECT 1 of 5
535.5799 	 	CUE
536.0973 	 	STIM   0, 3, 0, 0 RULE G2
536.4478 	 	TGT    3,3,0,0; 0,1,0,0; 1,0,0,0; 2,2,0,0
536.8678 	 	RESP   1 G2 ANSWER 1
536.8678 	 	FEEDB  CORRECT 2 of 5
537.9217 	 	CUE
538.4359 	 	STIM   3, 1, 0, 0 RULE G2
538.7856 	 	TGT    3,3,0,0; 0,1,0,0; 1,0,0,0; 2,2,0,0
539.0985 	 	RESP   1 G2 ANSWER 2
539.0985 	 	FEEDB  CORRECT 3 of 5
540.1381 	 	CUE
540.6560 	 	STIM   2, 3, 0, 0 RULE G2
541.0060 	 	TGT    3,3,0,0; 0,1,0,0; 1,0,0,0; 2,2,0,0
541.3855 	 	RESP   1 G2 ANSWER 1
541.3855 	 	FEEDB  CORRECT 4 of 5
542.4427 	 	CUE
542.9600 	 	STIM   3, 0, 0, 0 RULE G2
543.3104 	 	TGT    3,3,0,0; 0,1,0,0; 1,0,0,0; 2,2,0,0
543.6885 	 	RESP   1 G2 ANSWER 3
543.6885 	 	FEEDB  CORRECT 5 of 5
544.7468 	 	CUE
545.2642 	 	STIM   1, 2, 0, 0 RULE G1
545.6147 	 	TGT    3,3,0,0; 0,1,0,0; 1,0,0,0; 2,2,0,0
546.2549 	 	RESP   0 G1 ANSWER -4
546.2550 	 	FEEDB  FAIL 0 of 6
547.3027 	 	CUE
547.8193 	 	STIM   1, 3, 0, 0 RULE G1
548.1692 	 	TGT    3,3,0,0; 0,1,0,0; 1,0,0,0; 2,2,0,0
548.6300 	 	RESP   0 G1 ANSWER -1
548.6300 	 	FEEDB  FAIL 0 of 6
549.6725 	 	CUE
550.1899 	 	STIM   1, 2, 0, 0 RULE G1
550.5404 	 	TGT    3,3,0,0; 0,1,0,0; 1,0,0,0; 2,2,0,0
551.0445 	 	RESP   0 G1 ANSWER -4
551.0445 	 	FEEDB  FAIL 0 of 6
552.0933 	 	CUE
552.6111 	 	STIM   0, 3, 0, 0 RULE G1
552.9612 	 	TGT    3,3,0,0; 0,1,0,0; 1,0,0,0; 2,2,0,0
553.6835 	 	RESP   0 G1 ANSWER -1
553.6835 	 	FEEDB  FAIL 0 of 6
554.7333 	 	CUE
555.2494 	 	STIM   3, 2, 0, 0 RULE G1
555.5997 	 	TGT    3,3,0,0; 0,1,0,0; 1,0,0,0; 2,2,0,0
556.8816 	 	RESP   0 G1 ANSWER -3
556.8817 	 	FEEDB  FAIL 0 of 6
557.9206 	 	CUE
558.4387 	 	STIM   0, 0, 0, 0 RULE G1
558.7889 	 	TGT    3,3,0,0; 0,1,0,0; 1,0,0,0; 2,2,0,0
560.4080 	 	RESP   1 G1 ANSWER 2
560.4080 	 	FEEDB  CORRECT 1 of 6
561.4776 	 	CUE
561.9949 	 	STIM   2, 1, 0, 0 RULE G1
562.3452 	 	TGT    3,3,0,0; 0,1,0,0; 1,0,0,0; 2,2,0,0
564.0699 	 	RESP   1 G1 ANSWER 4
564.0699 	 	FEEDB  CORRECT 2 of 6
565.1186 	 	CUE
565.6352 	 	STIM   1, 2, 0, 0 RULE G1
565.9850 	 	TGT    3,3,0,0; 0,1,0,0; 1,0,0,0; 2,2,0,0
567.1485 	 	RESP   1 G1 ANSWER 3
567.1485 	 	FEEDB  CORRECT 3 of 6
568.1895 	 	CUE
568.7076 	 	STIM   3, 0, 0, 0 RULE G1
569.0574 	 	TGT    3,3,0,0; 0,1,0,0; 1,0,0,0; 2,2,0,0
570.1630 	 	RESP   1 G1 ANSWER 1
570.1630 	 	FEEDB  CORRECT 4 of 6
571.2117 	 	CUE
571.7299 	 	STIM   1, 2, 0, 0 RULE G1
572.0796 	 	TGT    3,3,0,0; 0,1,0,0; 1,0,0,0; 2,2,0,0
574.9125 	 	RESP   0 G1 ANSWER -1
574.9126 	 	FEEDB  FAIL 4 of 6
575.9550 	 	CUE
576.4717 	 	STIM   2, 1, 0, 0 RULE G1
576.8219 	 	TGT    3,3,0,0; 0,1,0,0; 1,0,0,0; 2,2,0,0
577.3515 	 	RESP   1 G1 ANSWER 4
577.3516 	 	FEEDB  CORRECT 5 of 6
578.3916 	 	CUE
578.9090 	 	STIM   2, 1, 0, 0 RULE G1
579.2596 	 	TGT    3,3,0,0; 0,1,0,0; 1,0,0,0; 2,2,0,0
579.7824 	 	RESP   1 G1 ANSWER 4
579.7824 	 	FEEDB  CORRECT 6 of 6
580.8309 	 	CUE
581.3473 	 	STIM   3, 2, 0, 0 RULE G2
581.6976 	 	TGT    3,3,0,0; 0,1,0,0; 1,0,0,0; 2,2,0,0
582.5570 	 	RESP   0 G2 ANSWER -1
582.5570 	 	FEEDB  FAIL 0 of 6
583.6180 	 	CUE
584.1353 	 	STIM   0, 2, 0, 0 RULE G2
584.4859 	 	TGT    3,3,0,0; 0,1,0,0; 1,0,0,0; 2,2,0,0
585.8434 	 	RESP   0 G2 ANSWER -3
585.8434 	 	FEEDB  FAIL 0 of 6
586.8903 	 	CUE
587.4084 	 	STIM   0, 0, 0, 0 RULE G2
587.7586 	 	TGT    3,3,0,0; 0,1,0,0; 1,0,0,0; 2,2,0,0
588.6660 	 	RESP   0 G2 ANSWER -2
588.6660 	 	FEEDB  FAIL 0 of 6
589.7125 	 	CUE
590.2323 	 	STIM   2, 3, 0, 0 RULE G2
590.5804 	 	TGT    3,3,0,0; 0,1,0,0; 1,0,0,0; 2,2,0,0
591.1046 	 	RESP   1 G2 ANSWER 1
591.1046 	 	FEEDB  CORRECT 1 of 6
592.1501 	 	CUE
592.6679 	 	STIM   0, 2, 0, 0 RULE G2
593.0179 	 	TGT    3,3,0,0; 0,1,0,0; 1,0,0,0; 2,2,0,0
593.3835 	 	RESP   1 G2 ANSWER 4
593.3835 	 	FEEDB  CORRECT 2 of 6
594.4427 	 	CUE
594.9568 	 	STIM   0, 3, 0, 0 RULE G2
595.3056 	 	TGT    3,3,0,0; 0,1,0,0; 1,0,0,0; 2,2,0,0
595.6386 	 	RESP   1 G2 ANSWER 1
595.6386 	 	FEEDB  CORRECT 3 of 6
596.6920 	 	CUE
597.2093 	 	STIM   3, 1, 0, 0 RULE G2
597.5598 	 	TGT    3,3,0,0; 0,1,0,0; 1,0,0,0; 2,2,0,0
597.8692 	 	RESP   1 G2 ANSWER 2
597.8692 	 	FEEDB  CORRECT 4 of 6
598.9138 	 	CUE
599.4304 	 	STIM   0, 3, 0, 0 RULE G2
599.7807 	 	TGT    3,3,0,0; 0,1,0,0; 1,0,0,0; 2,2,0,0
600.1640 	 	RESP   1 G2 ANSWER 1
600.1640 	 	FEEDB  CORRECT 5 of 6
601.2167 	 	CUE
601.7346 	 	STIM   2, 3, 0, 0 RULE G2
602.0846 	 	TGT    3,3,0,0; 0,1,0,0; 1,0,0,0; 2,2,0,0
602.4431 	 	RESP   1 G2 ANSWER 1
602.4431 	 	FEEDB  CORRECT 6 of 6
603.4891 	 	CUE
604.0053 	 	STIM   0, 3, 0, 0 RULE G1
604.3555 	 	TGT    3,3,0,0; 0,1,0,0; 1,0,0,0; 2,2,0,0
604.5940 	 	RESP   0 G1 ANSWER -1
604.5940 	 	FEEDB  FAIL 0 of 5
605.6417 	 	CUE
606.1590 	 	STIM   0, 3, 0, 0 RULE G1
606.5096 	 	TGT    3,3,0,0; 0,1,0,0; 1,0,0,0; 2,2,0,0
607.6965 	 	RESP   1 G1 ANSWER 2
607.6965 	 	FEEDB  CORRECT 1 of 5
608.7641 	 	CUE
609.2815 	 	STIM   3, 1, 0, 0 RULE G1
609.6320 	 	TGT    3,3,0,0; 0,1,0,0; 1,0,0,0; 2,2,0,0
610.8706 	 	RESP   1 G1 ANSWER 1
610.8706 	 	FEEDB  CORRECT 2 of 5
611.9244 	 	CUE
612.4391 	 	STIM   1, 3, 0, 0 RULE G1
612.7879 	 	TGT    3,3,0,0; 0,1,0,0; 1,0,0,0; 2,2,0,0
613.1656 	 	RESP   1 G1 ANSWER 3
613.1656 	 	FEEDB  CORRECT 3 of 5
614.2071 	 	CUE
614.7250 	 	STIM   3, 1, 0, 0 RULE G1
615.0751 	 	TGT    3,3,0,0; 0,1,0,0; 1,0,0,0; 2,2,0,0
615.8123 	 	RESP   0 G1 ANSWER -2
615.8123 	 	FEEDB  FAIL 3 of 5
616.8634 	 	CUE
617.3800 	 	STIM   2, 3, 0, 0 RULE G1
617.7302 	 	TGT    3,3,0,0; 0,1,0,0; 1,0,0,0; 2,2,0,0
618.3872 	 	RESP   1 G1 ANSWER 4
618.3872 	 	FEEDB  CORRECT 4 of 5
619.4334 	 	CUE
619.9509 	 	STIM   3, 0, 0, 0 RULE G1
620.3014 	 	TGT    3,3,0,0; 0,1,0,0; 1,0,0,0; 2,2,0,0
621.1055 	 	RESP   0 G1 ANSWER -3
621.1055 	 	FEEDB  FAIL 4 of 5
622.1599 	 	CUE
622.6747 	 	STIM   1, 2, 0, 0 RULE G1
623.0229 	 	TGT    3,3,0,0; 0,1,0,0; 1,0,0,0; 2,2,0,0
626.0310 	 	RESP   1 G1 ANSWER 3
626.0310 	 	FEEDB  CORRECT 5 of 5
627.0821 	 	CUE
627.5988 	 	STIM   3, 1, 0, 0 RULE G2
627.9485 	 	TGT    3,3,0,0; 0,1,0,0; 1,0,0,0; 2,2,0,0
629.9250 	 	RESP   0 G2 ANSWER -3
629.9250 	 	FEEDB  FAIL 0 of 7
630.9776 	 	CUE
631.4916 	 	STIM   0, 2, 0, 0 RULE G2
631.8391 	 	TGT    3,3,0,0; 0,1,0,0; 1,0,0,0; 2,2,0,0
633.3158 	 	RESP   0 G2 ANSWER -1
633.3158 	 	FEEDB  FAIL 0 of 7
634.3610 	 	CUE
634.8782 	 	STIM   1, 1, 0, 0 RULE G2
635.2287 	 	TGT    3,3,0,0; 0,1,0,0; 1,0,0,0; 2,2,0,0
636.4261 	 	RESP   0 G2 ANSWER -1
636.4261 	 	FEEDB  FAIL 0 of 7
637.4715 	 	CUE
637.9856 	 	STIM   0, 2, 0, 0 RULE G2
638.3344 	 	TGT    3,3,0,0; 0,1,0,0; 1,0,0,0; 2,2,0,0
639.0006 	 	RESP   0 G2 ANSWER -2
639.0006 	 	FEEDB  FAIL 0 of 7
640.0545 	 	CUE
640.5723 	 	STIM   3, 2, 0, 0 RULE G2
640.9223 	 	TGT    3,3,0,0; 0,1,0,0; 1,0,0,0; 2,2,0,0
641.3596 	 	RESP   1 G2 ANSWER 4
641.3596 	 	FEEDB  CORRECT 1 of 7
642.4104 	 	CUE
642.9265 	 	STIM   0, 2, 0, 0 RULE G2
643.2769 	 	TGT    3,3,0,0; 0,1,0,0; 1,0,0,0; 2,2,0,0
643.6465 	 	RESP   1 G2 ANSWER 4
643.6465 	 	FEEDB  CORRECT 2 of 7
644.6966 	 	CUE
645.2140 	 	STIM   0, 2, 0, 0 RULE G2
645.5645 	 	TGT    3,3,0,0; 0,1,0,0; 1,0,0,0; 2,2,0,0
645.8611 	 	RESP   1 G2 ANSWER 4
645.8611 	 	FEEDB  CORRECT 3 of 7
646.9017 	 	CUE
647.4183 	 	STIM   3, 1, 0, 0 RULE G2
647.7686 	 	TGT    3,3,0,0; 0,1,0,0; 1,0,0,0; 2,2,0,0
648.0760 	 	RESP   1 G2 ANSWER 2
648.0760 	 	FEEDB  CORRECT 4 of 7
649.1211 	 	CUE
649.6389 	 	STIM   1, 3, 0, 0 RULE G2
649.9890 	 	TGT    3,3,0,0; 0,1,0,0; 1,0,0,0; 2,2,0,0
650.4911 	 	RESP   1 G2 ANSWER 1
650.4911 	 	FEEDB  CORRECT 5 of 7
651.5469 	 	CUE
652.0604 	 	STIM   2, 1, 0, 0 RULE G2
652.4103 	 	TGT    3,3,0,0; 0,1,0,0; 1,0,0,0; 2,2,0,0
652.8496 	 	RESP   1 G2 ANSWER 2
652.8497 	 	FEEDB  CORRECT 6 of 7
653.8963 	 	CUE
654.4142 	 	STIM   3, 2, 0, 0 RULE G2
654.7648 	 	TGT    3,3,0,0; 0,1,0,0; 1,0,0,0; 2,2,0,0
656.7200 	 	RESP   0 G2 ANSWER -1
656.7200 	 	FEEDB  FAIL 6 of 7
657.7871 	 	CUE
658.3047 	 	STIM   0, 0, 0, 0 RULE G2
658.6551 	 	TGT    3,3,0,0; 0,1,0,0; 1,0,0,0; 2,2,0,0
659.1188 	 	RESP   1 G2 ANSWER 3
659.1189 	 	FEEDB  CORRECT 7 of 7
660.1594 	 	CUE
660.6761 	 	STIM   3, 0, 0, 0 RULE G1
661.0258 	 	TGT    3,3,0,0; 0,1,0,0; 1,0,0,0; 2,2,0,0
661.4855 	 	RESP   0 G1 ANSWER -3
661.4856 	 	FEEDB  FAIL 0 of 7
662.5292 	 	CUE
663.0466 	 	STIM   1, 1, 0, 0 RULE G1
663.3971 	 	TGT    3,3,0,0; 0,1,0,0; 1,0,0,0; 2,2,0,0
666.9065 	 	RESP   0 G1 ANSWER -1
666.9066 	 	FEEDB  FAIL 0 of 7
667.9603 	 	CUE
668.4750 	 	STIM   0, 0, 0, 0 RULE G1
668.8236 	 	TGT    3,3,0,0; 0,1,0,0; 1,0,0,0; 2,2,0,0
669.3776 	 	RESP   0 G1 ANSWER -3
669.3776 	 	FEEDB  FAIL 0 of 7
670.4270 	 	CUE
670.9443 	 	STIM   3, 1, 0, 0 RULE G1
671.2948 	 	TGT    3,3,0,0; 0,1,0,0; 1,0,0,0; 2,2,0,0
672.6640 	 	RESP   0 G1 ANSWER -2
672.6641 	 	FEEDB  FAIL 0 of 7
673.7332 	 	CUE
674.2505 	 	STIM   1, 2, 0, 0 RULE G1
674.6011 	 	TGT    3,3,0,0; 0,1,0,0; 1,0,0,0; 2,2,0,0
675.4467 	 	RESP   1 G1 ANSWER 3
675.4468 	 	FEEDB  CORRECT 1 of 7
676.4924 	 	CUE
677.0072 	 	STIM   3, 1, 0, 0 RULE G1
677.3560 	 	TGT    3,3,0,0; 0,1,0,0; 1,0,0,0; 2,2,0,0
678.5010 	 	RESP   1 G1 ANSWER 1
678.5011 	 	FEEDB  CORRECT 2 of 7
679.5437 	 	CUE
680.0613 	 	STIM   1, 2, 0, 0 RULE G1
680.4116 	 	TGT    3,3,0,0; 0,1,0,0; 1,0,0,0; 2,2,0,0
681.6596 	 	RESP   1 G1 ANSWER 3
681.6596 	 	FEEDB  CORRECT 3 of 7
682.6996 	 	CUE
683.2171 	 	STIM   3, 1, 0, 0 RULE G1
683.5674 	 	TGT    3,3,0,0; 0,1,0,0; 1,0,0,0; 2,2,0,0
684.5221 	 	RESP   1 G1 ANSWER 1
684.5221 	 	FEEDB  CORRECT 4 of 7
685.5881 	 	CUE
686.1057 	 	STIM   2, 0, 0, 0 RULE G1
686.4560 	 	TGT    3,3,0,0; 0,1,0,0; 1,0,0,0; 2,2,0,0
687.0166 	 	RESP   1 G1 ANSWER 4
687.0166 	 	FEEDB  CORRECT 5 of 7
688.0590 	 	CUE
688.5769 	 	STIM   1, 1, 0, 0 RULE G1
688.9269 	 	TGT    3,3,0,0; 0,1,0,0; 1,0,0,0; 2,2,0,0
689.7356 	 	RESP   1 G1 ANSWER 3
689.7356 	 	FEEDB  CORRECT 6 of 7
690.7857 	 	CUE
691.3002 	 	STIM   1, 1, 0, 0 RULE G1
691.6490 	 	TGT    3,3,0,0; 0,1,0,0; 1,0,0,0; 2,2,0,0
692.4540 	 	RESP   0 G1 ANSWER -1
692.4541 	 	FEEDB  FAIL 6 of 7
693.5026 	 	CUE
694.0200 	 	STIM   2, 1, 0, 0 RULE G1
694.3705 	 	TGT    3,3,0,0; 0,1,0,0; 1,0,0,0; 2,2,0,0
694.8926 	 	RESP   1 G1 ANSWER 4
694.8926 	 	FEEDB  CORRECT 7 of 7
695.9267 	 	Running set .\configs\sets\letters_of_patches_3-test.json
695.9269 	 	Using deck: 0: 1,0,0,0 | 1: 3,1,0,0 | 2: 2,3,0,0 | 3: 0,2,0,0 
698.7330 	 	CUE
699.2463 	 	STIM   2, 2, 0, 0 RULE G1
699.5968 	 	TGT    2,0,0,0; 3,1,0,0; 0,3,0,0; 1,2,0,0
700.2101 	 	RESP   0 G1 ANSWER -4
700.2101 	 	FEEDB  FAIL 0 of 7
701.2500 	 	CUE
701.7680 	 	STIM   0, 0, 0, 0 RULE G1
702.1178 	 	TGT    2,0,0,0; 3,1,0,0; 0,3,0,0; 1,2,0,0
702.8806 	 	RESP   1 G1 ANSWER 3
702.8806 	 	FEEDB  CORRECT 1 of 7
703.9381 	 	CUE
704.4560 	 	STIM   3, 2, 0, 0 RULE G1
704.8061 	 	TGT    2,0,0,0; 3,1,0,0; 0,3,0,0; 1,2,0,0
706.0071 	 	RESP   1 G1 ANSWER 2
706.0071 	 	FEEDB  CORRECT 2 of 7
707.0939 	 	CUE
707.6118 	 	STIM   3, 0, 0, 0 RULE G1
707.9618 	 	TGT    2,0,0,0; 3,1,0,0; 0,3,0,0; 1,2,0,0
708.3099 	 	RESP   1 G1 ANSWER 2
708.3100 	 	FEEDB  CORRECT 3 of 7
709.3818 	 	CUE
709.8992 	 	STIM   1, 1, 0, 0 RULE G1
710.2496 	 	TGT    2,0,0,0; 3,1,0,0; 0,3,0,0; 1,2,0,0
710.6371 	 	RESP   1 G1 ANSWER 4
710.6371 	 	FEEDB  CORRECT 4 of 7
711.7026 	 	CUE
712.2200 	 	STIM   1, 0, 0, 0 RULE G1
712.5706 	 	TGT    2,0,0,0; 3,1,0,0; 0,3,0,0; 1,2,0,0
713.0916 	 	RESP   1 G1 ANSWER 4
713.0916 	 	FEEDB  CORRECT 5 of 7
714.1571 	 	CUE
714.6748 	 	STIM   1, 0, 0, 0 RULE G1
715.0248 	 	TGT    2,0,0,0; 3,1,0,0; 0,3,0,0; 1,2,0,0
715.2826 	 	RESP   1 G1 ANSWER 4
715.2826 	 	FEEDB  CORRECT 6 of 7
716.3277 	 	CUE
716.8450 	 	STIM   3, 2, 0, 0 RULE G1
717.1955 	 	TGT    2,0,0,0; 3,1,0,0; 0,3,0,0; 1,2,0,0
717.9931 	 	RESP   1 G1 ANSWER 2
717.9931 	 	FEEDB  CORRECT 7 of 7
719.0325 	 	CUE
719.5503 	 	STIM   1, 1, 0, 0 RULE G2
719.9003 	 	TGT    2,0,0,0; 3,1,0,0; 0,3,0,0; 1,2,0,0
720.2961 	 	RESP   0 G2 ANSWER -4
720.2961 	 	FEEDB  FAIL 0 of 5
721.3417 	 	CUE
721.8559 	 	STIM   1, 1, 0, 0 RULE G2
722.2047 	 	TGT    2,0,0,0; 3,1,0,0; 0,3,0,0; 1,2,0,0
722.5991 	 	RESP   1 G2 ANSWER 2
722.5991 	 	FEEDB  CORRECT 1 of 5
723.6412 	 	CUE
724.1585 	 	STIM   1, 0, 0, 0 RULE G2
724.5091 	 	TGT    2,0,0,0; 3,1,0,0; 0,3,0,0; 1,2,0,0
724.8616 	 	RESP   1 G2 ANSWER 1
724.8616 	 	FEEDB  CORRECT 2 of 5
725.9167 	 	CUE
726.4313 	 	STIM   3, 2, 0, 0 RULE G2
726.7798 	 	TGT    2,0,0,0; 3,1,0,0; 0,3,0,0; 1,2,0,0
727.2206 	 	RESP   1 G2 ANSWER 4
727.2207 	 	FEEDB  CORRECT 3 of 5
728.2661 	 	CUE
728.7838 	 	STIM   2, 1, 0, 0 RULE G2
729.1340 	 	TGT    2,0,0,0; 3,1,0,0; 0,3,0,0; 1,2,0,0
729.5636 	 	RESP   1 G2 ANSWER 2
729.5636 	 	FEEDB  CORRECT 4 of 5
730.6080 	 	CUE
731.1220 	 	STIM   1, 1, 0, 0 RULE G2
731.4718 	 	TGT    2,0,0,0; 3,1,0,0; 0,3,0,0; 1,2,0,0
731.8262 	 	RESP   1 G2 ANSWER 2
731.8262 	 	FEEDB  CORRECT 5 of 5
733.9431 	 	CUE
734.4612 	 	STIM   1, 3, 0, 0 RULE G1
734.8110 	 	TGT    2,0,0,0; 3,1,0,0; 0,3,0,0; 1,2,0,0
735.2566 	 	RESP   0 G1 ANSWER -3
735.2566 	 	FEEDB  FAIL 0 of 6
736.2975 	 	CUE
736.8151 	 	STIM   3, 2, 0, 0 RULE G1
737.1654 	 	TGT    2,0,0,0; 3,1,0,0; 0,3,0,0; 1,2,0,0
737.7116 	 	RESP   1 G1 ANSWER 2
737.7116 	 	FEEDB  CORRECT 1 of 6
738.7690 	 	CUE
739.2865 	 	STIM   0, 1, 0, 0 RULE G1
739.6368 	 	TGT    2,0,0,0; 3,1,0,0; 0,3,0,0; 1,2,0,0
740.3181 	 	RESP   1 G1 ANSWER 3
740.3181 	 	FEEDB  CORRECT 2 of 6
741.3568 	 	CUE
741.8742 	 	STIM   3, 2, 0, 0 RULE G1
742.2247 	 	TGT    2,0,0,0; 3,1,0,0; 0,3,0,0; 1,2,0,0
742.7967 	 	RESP   1 G1 ANSWER 2
742.7967 	 	FEEDB  CORRECT 3 of 6
743.8493 	 	CUE
744.3640 	 	STIM   1, 0, 0, 0 RULE G1
744.7128 	 	TGT    2,0,0,0; 3,1,0,0; 0,3,0,0; 1,2,0,0
745.1556 	 	RESP   1 G1 ANSWER 4
745.1556 	 	FEEDB  CORRECT 4 of 6
746.2157 	 	CUE
746.7334 	 	STIM   2, 3, 0, 0 RULE G1
747.0835 	 	TGT    2,0,0,0; 3,1,0,0; 0,3,0,0; 1,2,0,0
747.5786 	 	RESP   1 G1 ANSWER 1
747.5787 	 	FEEDB  CORRECT 5 of 6
748.6372 	 	CUE
749.1546 	 	STIM   2, 2, 0, 0 RULE G1
749.5049 	 	TGT    2,0,0,0; 3,1,0,0; 0,3,0,0; 1,2,0,0
749.8972 	 	RESP   1 G1 ANSWER 1
749.8972 	 	FEEDB  CORRECT 6 of 6
750.9408 	 	CUE
751.4587 	 	STIM   1, 3, 0, 0 RULE G2
751.8088 	 	TGT    2,0,0,0; 3,1,0,0; 0,3,0,0; 1,2,0,0
752.2160 	 	RESP   0 G2 ANSWER -4
752.2160 	 	FEEDB  FAIL 0 of 7
753.7510 	 	CUE
754.2645 	 	STIM   0, 2, 0, 0 RULE G2
754.6143 	 	TGT    2,0,0,0; 3,1,0,0; 0,3,0,0; 1,2,0,0
755.1267 	 	RESP   1 G2 ANSWER 4
755.1267 	 	FEEDB  CORRECT 1 of 7
756.1672 	 	CUE
756.6851 	 	STIM   0, 1, 0, 0 RULE G2
757.0351 	 	TGT    2,0,0,0; 3,1,0,0; 0,3,0,0; 1,2,0,0
757.3179 	 	RESP   1 G2 ANSWER 2
757.3179 	 	FEEDB  CORRECT 2 of 7
758.3762 	 	CUE
758.8906 	 	STIM   0, 1, 0, 0 RULE G2
759.2392 	 	TGT    2,0,0,0; 3,1,0,0; 0,3,0,0; 1,2,0,0
760.3644 	 	RESP   1 G2 ANSWER 2
760.3644 	 	FEEDB  CORRECT 3 of 7
761.4103 	 	CUE
761.9279 	 	STIM   1, 3, 0, 0 RULE G2
762.2782 	 	TGT    2,0,0,0; 3,1,0,0; 0,3,0,0; 1,2,0,0
762.7231 	 	RESP   1 G2 ANSWER 3
762.7231 	 	FEEDB  CORRECT 4 of 7
763.7645 	 	CUE
764.2821 	 	STIM   1, 1, 0, 0 RULE G2
764.6327 	 	TGT    2,0,0,0; 3,1,0,0; 0,3,0,0; 1,2,0,0
765.0016 	 	RESP   1 G2 ANSWER 2
765.0016 	 	FEEDB  CORRECT 5 of 7
766.0564 	 	CUE
766.5700 	 	STIM   0, 2, 0, 0 RULE G2
766.9198 	 	TGT    2,0,0,0; 3,1,0,0; 0,3,0,0; 1,2,0,0
767.4166 	 	RESP   1 G2 ANSWER 4
767.4166 	 	FEEDB  CORRECT 6 of 7
768.4565 	 	CUE
768.9740 	 	STIM   3, 2, 0, 0 RULE G2
769.3244 	 	TGT    2,0,0,0; 3,1,0,0; 0,3,0,0; 1,2,0,0
769.6797 	 	RESP   1 G2 ANSWER 4
769.6797 	 	FEEDB  CORRECT 7 of 7
770.7288 	 	CUE
771.2451 	 	STIM   1, 3, 0, 0 RULE G1
771.5954 	 	TGT    2,0,0,0; 3,1,0,0; 0,3,0,0; 1,2,0,0
771.9421 	 	RESP   0 G1 ANSWER -3
771.9421 	 	FEEDB  FAIL 0 of 5
772.9813 	 	CUE
773.4991 	 	STIM   2, 2, 0, 0 RULE G1
773.8492 	 	TGT    2,0,0,0; 3,1,0,0; 0,3,0,0; 1,2,0,0
774.2851 	 	RESP   0 G1 ANSWER -4
774.2851 	 	FEEDB  FAIL 0 of 5
775.3372 	 	CUE
775.8533 	 	STIM   0, 2, 0, 0 RULE G1
776.2037 	 	TGT    2,0,0,0; 3,1,0,0; 0,3,0,0; 1,2,0,0
776.5322 	 	RESP   0 G1 ANSWER -4
776.5322 	 	FEEDB  FAIL 0 of 5
777.5733 	 	CUE
778.0907 	 	STIM   0, 1, 0, 0 RULE G1
778.4412 	 	TGT    2,0,0,0; 3,1,0,0; 0,3,0,0; 1,2,0,0
778.8826 	 	RESP   0 G1 ANSWER -2
778.8826 	 	FEEDB  FAIL 0 of 5
779.9340 	 	CUE
780.4488 	 	STIM   2, 3, 0, 0 RULE G1
780.7953 	 	TGT    2,0,0,0; 3,1,0,0; 0,3,0,0; 1,2,0,0
781.1697 	 	RESP   0 G1 ANSWER -3
781.1697 	 	FEEDB  FAIL 0 of 5
782.2150 	 	CUE
782.7327 	 	STIM   3, 3, 0, 0 RULE G1
783.0828 	 	TGT    2,0,0,0; 3,1,0,0; 0,3,0,0; 1,2,0,0
783.4647 	 	RESP   1 G1 ANSWER 2
783.4647 	 	FEEDB  CORRECT 1 of 5
784.5237 	 	CUE
785.0374 	 	STIM   2, 1, 0, 0 RULE G1
785.3872 	 	TGT    2,0,0,0; 3,1,0,0; 0,3,0,0; 1,2,0,0
786.0071 	 	RESP   1 G1 ANSWER 1
786.0071 	 	FEEDB  CORRECT 2 of 5
787.0570 	 	CUE
787.5749 	 	STIM   1, 1, 0, 0 RULE G1
787.9250 	 	TGT    2,0,0,0; 3,1,0,0; 0,3,0,0; 1,2,0,0
788.3662 	 	RESP   1 G1 ANSWER 4
788.3662 	 	FEEDB  CORRECT 3 of 5
789.4129 	 	CUE
789.9292 	 	STIM   3, 3, 0, 0 RULE G1
790.2794 	 	TGT    2,0,0,0; 3,1,0,0; 0,3,0,0; 1,2,0,0
790.9007 	 	RESP   1 G1 ANSWER 2
790.9007 	 	FEEDB  CORRECT 4 of 5
791.9493 	 	CUE
792.4672 	 	STIM   2, 2, 0, 0 RULE G1
792.8172 	 	TGT    2,0,0,0; 3,1,0,0; 0,3,0,0; 1,2,0,0
793.2196 	 	RESP   1 G1 ANSWER 1
793.2197 	 	FEEDB  CORRECT 5 of 5
794.2872 	 	CUE
794.8045 	 	STIM   3, 3, 0, 0 RULE G2
795.1549 	 	TGT    2,0,0,0; 3,1,0,0; 0,3,0,0; 1,2,0,0
795.7703 	 	RESP   0 G2 ANSWER -2
795.7703 	 	FEEDB  FAIL 0 of 6
796.8294 	 	CUE
797.3434 	 	STIM   1, 0, 0, 0 RULE G2
797.6932 	 	TGT    2,0,0,0; 3,1,0,0; 0,3,0,0; 1,2,0,0
798.0811 	 	RESP   0 G2 ANSWER -4
798.0811 	 	FEEDB  FAIL 0 of 6
799.1292 	 	CUE
799.6471 	 	STIM   2, 3, 0, 0 RULE G2
799.9971 	 	TGT    2,0,0,0; 3,1,0,0; 0,3,0,0; 1,2,0,0
800.4961 	 	RESP   1 G2 ANSWER 3
800.4961 	 	FEEDB  CORRECT 1 of 6
801.5552 	 	CUE
802.0686 	 	STIM   0, 1, 0, 0 RULE G2
802.4185 	 	TGT    2,0,0,0; 3,1,0,0; 0,3,0,0; 1,2,0,0
804.1101 	 	RESP   1 G2 ANSWER 2
804.1101 	 	FEEDB  CORRECT 2 of 6
805.1609 	 	CUE
805.6755 	 	STIM   2, 3, 0, 0 RULE G2
806.0248 	 	TGT    2,0,0,0; 3,1,0,0; 0,3,0,0; 1,2,0,0
806.6132 	 	RESP   1 G2 ANSWER 3
806.6132 	 	FEEDB  CORRECT 3 of 6
807.6618 	 	CUE
808.1791 	 	STIM   2, 2, 0, 0 RULE G2
808.5296 	 	TGT    2,0,0,0; 3,1,0,0; 0,3,0,0; 1,2,0,0
809.0117 	 	RESP   1 G2 ANSWER 4
809.0117 	 	FEEDB  CORRECT 4 of 6
810.0825 	 	CUE
810.6005 	 	STIM   0, 1, 0, 0 RULE G2
810.9505 	 	TGT    2,0,0,0; 3,1,0,0; 0,3,0,0; 1,2,0,0
811.3707 	 	RESP   1 G2 ANSWER 2
811.3707 	 	FEEDB  CORRECT 5 of 6
812.4218 	 	CUE
812.9379 	 	STIM   0, 2, 0, 0 RULE G2
813.2883 	 	TGT    2,0,0,0; 3,1,0,0; 0,3,0,0; 1,2,0,0
815.0326 	 	RESP   0 G2 ANSWER -2
815.0326 	 	FEEDB  FAIL 5 of 6
816.0811 	 	CUE
816.5955 	 	STIM   1, 3, 0, 0 RULE G2
816.9448 	 	TGT    2,0,0,0; 3,1,0,0; 0,3,0,0; 1,2,0,0
817.6559 	 	RESP   0 G2 ANSWER -4
817.6559 	 	FEEDB  FAIL 5 of 6
818.6986 	 	CUE
819.2161 	 	STIM   2, 3, 0, 0 RULE G2
819.5665 	 	TGT    2,0,0,0; 3,1,0,0; 0,3,0,0; 1,2,0,0
819.9581 	 	RESP   1 G2 ANSWER 3
819.9581 	 	FEEDB  CORRECT 6 of 6
822.6579 	 	Running set .\configs\sets\letters_of_patches_4-test.json
822.6581 	 	Using deck: 0: 3,1,0,0 | 1: 2,3,0,0 | 2: 1,0,0,0 | 3: 0,2,0,0 
824.2099 	 	CUE
824.7264 	 	STIM   3, 3, 0, 0 RULE G2
825.0765 	 	TGT    3,1,0,0; 0,3,0,0; 2,0,0,0; 1,2,0,0
825.9151 	 	RESP   1 G2 ANSWER 2
825.9152 	 	FEEDB  CORRECT 1 of 5
826.9802 	 	CUE
827.4980 	 	STIM   2, 3, 0, 0 RULE G2
827.8480 	 	TGT    3,1,0,0; 0,3,0,0; 2,0,0,0; 1,2,0,0
828.3462 	 	RESP   1 G2 ANSWER 2
828.3462 	 	FEEDB  CORRECT 2 of 5
829.3848 	 	CUE
829.9022 	 	STIM   1, 0, 0, 0 RULE G2
830.2526 	 	TGT    3,1,0,0; 0,3,0,0; 2,0,0,0; 1,2,0,0
830.6173 	 	RESP   1 G2 ANSWER 3
830.6173 	 	FEEDB  CORRECT 3 of 5
831.6769 	 	CUE
832.1906 	 	STIM   0, 0, 0, 0 RULE G2
832.5403 	 	TGT    3,1,0,0; 0,3,0,0; 2,0,0,0; 1,2,0,0
833.2157 	 	RESP   1 G2 ANSWER 3
833.2157 	 	FEEDB  CORRECT 4 of 5
834.2603 	 	CUE
834.7778 	 	STIM   0, 0, 0, 0 RULE G2
835.1282 	 	TGT    3,1,0,0; 0,3,0,0; 2,0,0,0; 1,2,0,0
835.6227 	 	RESP   1 G2 ANSWER 3
835.6227 	 	FEEDB  CORRECT 5 of 5
836.6664 	 	CUE
837.1825 	 	STIM   2, 3, 0, 0 RULE G1
837.5328 	 	TGT    3,1,0,0; 0,3,0,0; 2,0,0,0; 1,2,0,0
837.9651 	 	RESP   0 G1 ANSWER -2
837.9651 	 	FEEDB  FAIL 0 of 7
839.0190 	 	CUE
839.5368 	 	STIM   1, 0, 0, 0 RULE G1
839.8868 	 	TGT    3,1,0,0; 0,3,0,0; 2,0,0,0; 1,2,0,0
840.3962 	 	RESP   1 G1 ANSWER 4
840.3962 	 	FEEDB  CORRECT 1 of 7
841.4570 	 	CUE
841.9743 	 	STIM   1, 1, 0, 0 RULE G1
842.3249 	 	TGT    3,1,0,0; 0,3,0,0; 2,0,0,0; 1,2,0,0
842.7070 	 	RESP   1 G1 ANSWER 4
842.7070 	 	FEEDB  CORRECT 2 of 7
843.7777 	 	CUE
844.2956 	 	STIM   3, 0, 0, 0 RULE G1
844.6459 	 	TGT    3,1,0,0; 0,3,0,0; 2,0,0,0; 1,2,0,0
845.1377 	 	RESP   1 G1 ANSWER 1
845.1377 	 	FEEDB  CORRECT 3 of 7
846.1822 	 	CUE
846.6999 	 	STIM   1, 1, 0, 0 RULE G1
847.0500 	 	TGT    3,1,0,0; 0,3,0,0; 2,0,0,0; 1,2,0,0
847.4407 	 	RESP   1 G1 ANSWER 4
847.4407 	 	FEEDB  CORRECT 4 of 7
848.4901 	 	CUE
849.0043 	 	STIM   3, 0, 0, 0 RULE G1
849.3543 	 	TGT    3,1,0,0; 0,3,0,0; 2,0,0,0; 1,2,0,0
850.0070 	 	RESP   0 G1 ANSWER -2
850.0070 	 	FEEDB  FAIL 4 of 7
851.0576 	 	CUE
851.5755 	 	STIM   1, 0, 0, 0 RULE G1
851.9255 	 	TGT    3,1,0,0; 0,3,0,0; 2,0,0,0; 1,2,0,0
852.7897 	 	RESP   1 G1 ANSWER 4
852.7897 	 	FEEDB  CORRECT 5 of 7
854.1983 	 	CUE
854.7147 	 	STIM   2, 1, 0, 0 RULE G1
855.0647 	 	TGT    3,1,0,0; 0,3,0,0; 2,0,0,0; 1,2,0,0
855.5567 	 	RESP   1 G1 ANSWER 3
855.5567 	 	FEEDB  CORRECT 6 of 7
856.6181 	 	CUE
857.1355 	 	STIM   1, 3, 0, 0 RULE G1
857.4860 	 	TGT    3,1,0,0; 0,3,0,0; 2,0,0,0; 1,2,0,0
857.8432 	 	RESP   1 G1 ANSWER 4
857.8432 	 	FEEDB  CORRECT 7 of 7
858.8900 	 	CUE
859.4067 	 	STIM   2, 1, 0, 0 RULE G2
859.7565 	 	TGT    3,1,0,0; 0,3,0,0; 2,0,0,0; 1,2,0,0
860.2182 	 	RESP   0 G2 ANSWER -3
860.2182 	 	FEEDB  FAIL 0 of 7
861.2765 	 	CUE
861.7939 	 	STIM   0, 1, 0, 0 RULE G2
862.1444 	 	TGT    3,1,0,0; 0,3,0,0; 2,0,0,0; 1,2,0,0
862.6651 	 	RESP   1 G2 ANSWER 1
862.6651 	 	FEEDB  CORRECT 1 of 7
863.7311 	 	CUE
864.2488 	 	STIM   0, 2, 0, 0 RULE G2
864.5990 	 	TGT    3,1,0,0; 0,3,0,0; 2,0,0,0; 1,2,0,0
865.0077 	 	RESP   1 G2 ANSWER 4
865.0077 	 	FEEDB  CORRECT 2 of 7
866.0518 	 	CUE
866.5697 	 	STIM   2, 3, 0, 0 RULE G2
866.9197 	 	TGT    3,1,0,0; 0,3,0,0; 2,0,0,0; 1,2,0,0
867.3027 	 	RESP   1 G2 ANSWER 2
867.3027 	 	FEEDB  CORRECT 3 of 7
868.3604 	 	CUE
868.8744 	 	STIM   2, 3, 0, 0 RULE G2
869.2240 	 	TGT    3,1,0,0; 0,3,0,0; 2,0,0,0; 1,2,0,0
869.5897 	 	RESP   1 G2 ANSWER 2
869.5897 	 	FEEDB  CORRECT 4 of 7
870.6439 	 	CUE
871.1612 	 	STIM   1, 1, 0, 0 RULE G2
871.5117 	 	TGT    3,1,0,0; 0,3,0,0; 2,0,0,0; 1,2,0,0
872.0442 	 	RESP   1 G2 ANSWER 1
872.0442 	 	FEEDB  CORRECT 5 of 7
873.1031 	 	CUE
873.6176 	 	STIM   0, 2, 0, 0 RULE G2
873.9660 	 	TGT    3,1,0,0; 0,3,0,0; 2,0,0,0; 1,2,0,0
874.5392 	 	RESP   1 G2 ANSWER 4
874.5392 	 	FEEDB  CORRECT 6 of 7
875.5861 	 	CUE
876.1036 	 	STIM   3, 0, 0, 0 RULE G2
876.4541 	 	TGT    3,1,0,0; 0,3,0,0; 2,0,0,0; 1,2,0,0
876.9856 	 	RESP   1 G2 ANSWER 3
876.9857 	 	FEEDB  CORRECT 7 of 7
878.0571 	 	CUE
878.5750 	 	STIM   2, 2, 0, 0 RULE G1
878.9250 	 	TGT    3,1,0,0; 0,3,0,0; 2,0,0,0; 1,2,0,0
879.4087 	 	RESP   0 G1 ANSWER -4
879.4087 	 	FEEDB  FAIL 0 of 5
880.4659 	 	CUE
880.9799 	 	STIM   0, 0, 0, 0 RULE G1
881.3297 	 	TGT    3,1,0,0; 0,3,0,0; 2,0,0,0; 1,2,0,0
882.1990 	 	RESP   0 G1 ANSWER -3
882.1990 	 	FEEDB  FAIL 0 of 5
883.2501 	 	CUE
883.7674 	 	STIM   1, 3, 0, 0 RULE G1
884.1179 	 	TGT    3,1,0,0; 0,3,0,0; 2,0,0,0; 1,2,0,0
884.4782 	 	RESP   1 G1 ANSWER 4
884.4783 	 	FEEDB  CORRECT 1 of 5
885.5210 	 	CUE
886.0384 	 	STIM   2, 1, 0, 0 RULE G1
886.3889 	 	TGT    3,1,0,0; 0,3,0,0; 2,0,0,0; 1,2,0,0
886.9247 	 	RESP   0 G1 ANSWER -4
886.9247 	 	FEEDB  FAIL 1 of 5
887.9793 	 	CUE
888.4938 	 	STIM   2, 2, 0, 0 RULE G1
888.8432 	 	TGT    3,1,0,0; 0,3,0,0; 2,0,0,0; 1,2,0,0
889.1236 	 	RESP   1 G1 ANSWER 3
889.1237 	 	FEEDB  CORRECT 2 of 5
890.1793 	 	CUE
890.6971 	 	STIM   3, 2, 0, 0 RULE G1
891.0472 	 	TGT    3,1,0,0; 0,3,0,0; 2,0,0,0; 1,2,0,0
891.6108 	 	RESP   0 G1 ANSWER -2
891.6108 	 	FEEDB  FAIL 2 of 5
892.6545 	 	CUE
893.1685 	 	STIM   1, 1, 0, 0 RULE G1
893.5187 	 	TGT    3,1,0,0; 0,3,0,0; 2,0,0,0; 1,2,0,0
893.8972 	 	RESP   1 G1 ANSWER 4
893.8972 	 	FEEDB  CORRECT 3 of 5
894.9380 	 	CUE
895.4559 	 	STIM   0, 0, 0, 0 RULE G1
895.8058 	 	TGT    3,1,0,0; 0,3,0,0; 2,0,0,0; 1,2,0,0
896.8877 	 	RESP   0 G1 ANSWER -1
896.8878 	 	FEEDB  FAIL 3 of 5
897.9316 	 	CUE
898.4464 	 	STIM   3, 2, 0, 0 RULE G1
898.7947 	 	TGT    3,1,0,0; 0,3,0,0; 2,0,0,0; 1,2,0,0
899.7822 	 	RESP   1 G1 ANSWER 1
899.7822 	 	FEEDB  CORRECT 4 of 5
900.8321 	 	CUE
901.3502 	 	STIM   2, 3, 0, 0 RULE G1
901.7002 	 	TGT    3,1,0,0; 0,3,0,0; 2,0,0,0; 1,2,0,0
902.3812 	 	RESP   1 G1 ANSWER 3
902.3812 	 	FEEDB  CORRECT 5 of 5
903.4204 	 	CUE
903.9378 	 	STIM   3, 0, 0, 0 RULE G2
904.2883 	 	TGT    3,1,0,0; 0,3,0,0; 2,0,0,0; 1,2,0,0
904.9557 	 	RESP   0 G2 ANSWER -1
904.9557 	 	FEEDB  FAIL 0 of 6
906.0250 	 	CUE
906.5429 	 	STIM   0, 0, 0, 0 RULE G2
906.8929 	 	TGT    3,1,0,0; 0,3,0,0; 2,0,0,0; 1,2,0,0
907.4028 	 	RESP   1 G2 ANSWER 3
907.4029 	 	FEEDB  CORRECT 1 of 6
908.4508 	 	CUE
908.9640 	 	STIM   2, 1, 0, 0 RULE G2
909.3142 	 	TGT    3,1,0,0; 0,3,0,0; 2,0,0,0; 1,2,0,0
909.7772 	 	RESP   1 G2 ANSWER 1
909.7773 	 	FEEDB  CORRECT 2 of 6
910.8170 	 	CUE
911.3349 	 	STIM   3, 3, 0, 0 RULE G2
911.6852 	 	TGT    3,1,0,0; 0,3,0,0; 2,0,0,0; 1,2,0,0
912.4882 	 	RESP   1 G2 ANSWER 2
912.4882 	 	FEEDB  CORRECT 3 of 6
913.5558 	 	CUE
914.0731 	 	STIM   0, 2, 0, 0 RULE G2
914.4236 	 	TGT    3,1,0,0; 0,3,0,0; 2,0,0,0; 1,2,0,0
914.9107 	 	RESP   1 G2 ANSWER 4
914.9107 	 	FEEDB  CORRECT 4 of 6
915.9641 	 	CUE
916.4784 	 	STIM   3, 0, 0, 0 RULE G2
916.8277 	 	TGT    3,1,0,0; 0,3,0,0; 2,0,0,0; 1,2,0,0
917.3417 	 	RESP   1 G2 ANSWER 3
917.3418 	 	FEEDB  CORRECT 5 of 6
918.3811 	 	CUE
918.8986 	 	STIM   0, 0, 0, 0 RULE G2
919.2491 	 	TGT    3,1,0,0; 0,3,0,0; 2,0,0,0; 1,2,0,0
919.7803 	 	RESP   0 G2 ANSWER -2
919.7803 	 	FEEDB  FAIL 5 of 6
920.8521 	 	CUE
921.3700 	 	STIM   3, 2, 0, 0 RULE G2
921.7201 	 	TGT    3,1,0,0; 0,3,0,0; 2,0,0,0; 1,2,0,0
923.4107 	 	RESP   0 G2 ANSWER -1
923.4107 	 	FEEDB  FAIL 5 of 6
924.4628 	 	CUE
924.9770 	 	STIM   2, 2, 0, 0 RULE G2
925.3268 	 	TGT    3,1,0,0; 0,3,0,0; 2,0,0,0; 1,2,0,0
925.7133 	 	RESP   1 G2 ANSWER 4
925.7133 	 	FEEDB  CORRECT 6 of 6
926.7629 	 	CUE
927.2808 	 	STIM   0, 2, 0, 0 RULE G1
927.6312 	 	TGT    3,1,0,0; 0,3,0,0; 2,0,0,0; 1,2,0,0
928.1362 	 	RESP   0 G1 ANSWER -4
928.1362 	 	FEEDB  FAIL 0 of 6
929.1856 	 	CUE
929.7019 	 	STIM   0, 1, 0, 0 RULE G1
930.0521 	 	TGT    3,1,0,0; 0,3,0,0; 2,0,0,0; 1,2,0,0
930.6949 	 	RESP   0 G1 ANSWER -1
930.6949 	 	FEEDB  FAIL 0 of 6
931.7386 	 	CUE
932.2565 	 	STIM   0, 1, 0, 0 RULE G1
932.6070 	 	TGT    3,1,0,0; 0,3,0,0; 2,0,0,0; 1,2,0,0
934.1892 	 	RESP   1 G1 ANSWER 2
934.1892 	 	FEEDB  CORRECT 1 of 6
935.2335 	 	CUE
935.7477 	 	STIM   0, 1, 0, 0 RULE G1
936.0965 	 	TGT    3,1,0,0; 0,3,0,0; 2,0,0,0; 1,2,0,0
936.8357 	 	RESP   1 G1 ANSWER 2
936.8357 	 	FEEDB  CORRECT 2 of 6
937.8832 	 	CUE
938.4012 	 	STIM   2, 3, 0, 0 RULE G1
938.7511 	 	TGT    3,1,0,0; 0,3,0,0; 2,0,0,0; 1,2,0,0
939.2747 	 	RESP   1 G1 ANSWER 3
939.2747 	 	FEEDB  CORRECT 3 of 6
940.3227 	 	CUE
940.8390 	 	STIM   3, 0, 0, 0 RULE G1
941.1892 	 	TGT    3,1,0,0; 0,3,0,0; 2,0,0,0; 1,2,0,0
941.9933 	 	RESP   1 G1 ANSWER 1
941.9933 	 	FEEDB  CORRECT 4 of 6
943.0429 	 	CUE
943.5607 	 	STIM   0, 2, 0, 0 RULE G1
943.9107 	 	TGT    3,1,0,0; 0,3,0,0; 2,0,0,0; 1,2,0,0
944.4242 	 	RESP   0 G1 ANSWER -4
944.4242 	 	FEEDB  FAIL 4 of 6
945.4690 	 	CUE
945.9832 	 	STIM   3, 2, 0, 0 RULE G1
946.3320 	 	TGT    3,1,0,0; 0,3,0,0; 2,0,0,0; 1,2,0,0
946.9907 	 	RESP   1 G1 ANSWER 1
946.9907 	 	FEEDB  CORRECT 5 of 6
948.0353 	 	CUE
948.5532 	 	STIM   0, 1, 0, 0 RULE G1
948.9032 	 	TGT    3,1,0,0; 0,3,0,0; 2,0,0,0; 1,2,0,0
949.6216 	 	RESP   1 G1 ANSWER 2
949.6216 	 	FEEDB  CORRECT 6 of 6
