0.0001 	 	Subj ID: pilot_stim2_21.07.14_kati3
0.0005 	 	Run: 2014-07-21 11:58:19.074478
0.0005 	 	Age: 18
0.0005 	 	Group: Control
0.0005 	 	--------------------------------------------------------
0.0005 	 	INFO
0.0005 	 	timestamp CUE
0.0005 	 	timestamp STIM  [state for each rule G1 G2 L1 L2 : 0,1,2,3] RULE [current rule]
0.0005 	 	timestamp TGT   [states for each card / Up, Right, Down, Left: 0,1,2,3; 0,1,2,3;...]
0.0005 	 	timestamp RESP  [correct: 1/0] [current rule: G1, G2, L1, L2] ANSWER [card selected: 1(up), 2(right), 3(down), 4(left)]
0.0006 	 	timestamp FEEDB [correct/fail] [correct answers] of [series length]
0.0006 	 	--------------------------------------------------------
13.1281 	 	Running set .\configs\sets\letter_of_shapes_1ii.json
13.1283 	 	Using deck: 0: 3,2,1,0 | 1: 1,3,0,1 | 2: 2,0,3,3 | 3: 0,1,2,2 
13.9950 	 	CUE
14.5084 	 	STIM   1, 2, 2, 1 RULE L2
14.8589 	 	TGT    0,2,1,0; 3,3,0,1; 1,0,3,3; 2,1,2,2
16.0401 	 	RESP   1 L2 ANSWER 2
16.0401 	 	FEEDB  CORRECT 1 of 7
17.1006 	 	CUE
17.6149 	 	STIM   3, 0, 2, 0 RULE L2
17.9646 	 	TGT    0,2,1,0; 3,3,0,1; 1,0,3,3; 2,1,2,2
20.0381 	 	RESP   1 L2 ANSWER 1
20.0381 	 	FEEDB  CORRECT 2 of 7
21.1072 	 	CUE
21.6217 	 	STIM   2, 2, 0, 3 RULE L2
21.9720 	 	TGT    0,2,1,0; 3,3,0,1; 1,0,3,3; 2,1,2,2
23.9721 	 	RESP   1 L2 ANSWER 3
23.9721 	 	FEEDB  CORRECT 3 of 7
25.0126 	 	CUE
25.5288 	 	STIM   0, 1, 3, 1 RULE L2
25.8791 	 	TGT    0,2,1,0; 3,3,0,1; 1,0,3,3; 2,1,2,2
26.7546 	 	RESP   1 L2 ANSWER 2
26.7546 	 	FEEDB  CORRECT 4 of 7
27.8162 	 	CUE
28.3342 	 	STIM   3, 1, 3, 0 RULE L2
28.6842 	 	TGT    0,2,1,0; 3,3,0,1; 1,0,3,3; 2,1,2,2
31.3685 	 	RESP   1 L2 ANSWER 1
31.3685 	 	FEEDB  CORRECT 5 of 7
32.4246 	 	CUE
32.9424 	 	STIM   2, 3, 1, 3 RULE L2
33.2928 	 	TGT    0,2,1,0; 3,3,0,1; 1,0,3,3; 2,1,2,2
34.9666 	 	RESP   1 L2 ANSWER 3
34.9666 	 	FEEDB  CORRECT 6 of 7
36.0161 	 	CUE
36.5322 	 	STIM   3, 2, 3, 2 RULE L2
36.8826 	 	TGT    0,2,1,0; 3,3,0,1; 1,0,3,3; 2,1,2,2
37.6450 	 	RESP   1 L2 ANSWER 4
37.6450 	 	FEEDB  CORRECT 7 of 7
38.7027 	 	CUE
39.2206 	 	STIM   3, 2, 2, 3 RULE L1
39.5707 	 	TGT    0,2,1,0; 3,3,0,1; 1,0,3,3; 2,1,2,2
41.1476 	 	RESP   0 L1 ANSWER -3
41.1476 	 	FEEDB  FAIL 0 of 5
42.2146 	 	CUE
42.7285 	 	STIM   2, 0, 0, 0 RULE L1
43.0773 	 	TGT    0,2,1,0; 3,3,0,1; 1,0,3,3; 2,1,2,2
44.5616 	 	RESP   1 L1 ANSWER 2
44.5616 	 	FEEDB  CORRECT 1 of 5
45.6385 	 	CUE
46.1527 	 	STIM   3, 1, 1, 3 RULE L1
46.4999 	 	TGT    0,2,1,0; 3,3,0,1; 1,0,3,3; 2,1,2,2
48.7196 	 	RESP   0 L1 ANSWER -3
48.7196 	 	FEEDB  FAIL 1 of 5
49.7745 	 	CUE
50.2912 	 	STIM   2, 2, 0, 3 RULE L1
50.6410 	 	TGT    0,2,1,0; 3,3,0,1; 1,0,3,3; 2,1,2,2
52.4297 	 	RESP   1 L1 ANSWER 2
52.4298 	 	FEEDB  CORRECT 2 of 5
53.4978 	 	CUE
54.0145 	 	STIM   2, 2, 3, 1 RULE L1
54.3647 	 	TGT    0,2,1,0; 3,3,0,1; 1,0,3,3; 2,1,2,2
55.3485 	 	RESP   1 L1 ANSWER 3
55.3485 	 	FEEDB  CORRECT 3 of 5
56.4185 	 	CUE
56.9365 	 	STIM   2, 3, 3, 0 RULE L1
57.2868 	 	TGT    0,2,1,0; 3,3,0,1; 1,0,3,3; 2,1,2,2
60.8738 	 	RESP   1 L1 ANSWER 3
60.8738 	 	FEEDB  CORRECT 4 of 5
61.9621 	 	CUE
62.4796 	 	STIM   1, 1, 0, 0 RULE L1
62.8301 	 	TGT    0,2,1,0; 3,3,0,1; 1,0,3,3; 2,1,2,2
63.3924 	 	RESP   1 L1 ANSWER 2
63.3924 	 	FEEDB  CORRECT 5 of 5
64.4345 	 	CUE
64.9513 	 	STIM   2, 2, 0, 3 RULE L2
65.3014 	 	TGT    0,2,1,0; 3,3,0,1; 1,0,3,3; 2,1,2,2
66.3430 	 	RESP   0 L2 ANSWER -2
66.3430 	 	FEEDB  FAIL 0 of 5
67.4054 	 	CUE
67.9233 	 	STIM   2, 0, 1, 1 RULE L2
68.2736 	 	TGT    0,2,1,0; 3,3,0,1; 1,0,3,3; 2,1,2,2
70.3650 	 	RESP   0 L2 ANSWER -1
70.3650 	 	FEEDB  FAIL 0 of 5
71.4141 	 	CUE
71.9306 	 	STIM   2, 2, 0, 3 RULE L2
72.2810 	 	TGT    0,2,1,0; 3,3,0,1; 1,0,3,3; 2,1,2,2
73.3316 	 	RESP   1 L2 ANSWER 3
73.3316 	 	FEEDB  CORRECT 1 of 5
74.3849 	 	CUE
74.9027 	 	STIM   1, 1, 0, 0 RULE L2
75.2530 	 	TGT    0,2,1,0; 3,3,0,1; 1,0,3,3; 2,1,2,2
76.4180 	 	RESP   1 L2 ANSWER 1
76.4180 	 	FEEDB  CORRECT 2 of 5
77.4569 	 	CUE
77.9751 	 	STIM   2, 3, 3, 0 RULE L2
78.3253 	 	TGT    0,2,1,0; 3,3,0,1; 1,0,3,3; 2,1,2,2
79.6161 	 	RESP   1 L2 ANSWER 1
79.6162 	 	FEEDB  CORRECT 3 of 5
80.6629 	 	CUE
81.1811 	 	STIM   3, 1, 3, 0 RULE L2
81.5308 	 	TGT    0,2,1,0; 3,3,0,1; 1,0,3,3; 2,1,2,2
82.6227 	 	RESP   1 L2 ANSWER 1
82.6227 	 	FEEDB  CORRECT 4 of 5
83.6684 	 	CUE
84.1865 	 	STIM   0, 0, 0, 2 RULE L2
84.5363 	 	TGT    0,2,1,0; 3,3,0,1; 1,0,3,3; 2,1,2,2
85.5093 	 	RESP   1 L2 ANSWER 4
85.5093 	 	FEEDB  CORRECT 5 of 5
86.5570 	 	CUE
87.0751 	 	STIM   2, 0, 0, 0 RULE L1
87.4250 	 	TGT    0,2,1,0; 3,3,0,1; 1,0,3,3; 2,1,2,2
88.5636 	 	RESP   0 L1 ANSWER -1
88.5636 	 	FEEDB  FAIL 0 of 6
89.6127 	 	CUE
90.1307 	 	STIM   2, 0, 1, 1 RULE L1
90.4805 	 	TGT    0,2,1,0; 3,3,0,1; 1,0,3,3; 2,1,2,2
91.5061 	 	RESP   1 L1 ANSWER 1
91.5061 	 	FEEDB  CORRECT 1 of 6
92.5513 	 	CUE
93.0695 	 	STIM   2, 0, 0, 0 RULE L1
93.4193 	 	TGT    0,2,1,0; 3,3,0,1; 1,0,3,3; 2,1,2,2
94.1131 	 	RESP   1 L1 ANSWER 2
94.1131 	 	FEEDB  CORRECT 2 of 6
95.1564 	 	CUE
95.6738 	 	STIM   2, 0, 1, 1 RULE L1
96.0242 	 	TGT    0,2,1,0; 3,3,0,1; 1,0,3,3; 2,1,2,2
96.9836 	 	RESP   1 L1 ANSWER 1
96.9836 	 	FEEDB  CORRECT 3 of 6
98.0481 	 	CUE
98.5625 	 	STIM   1, 2, 0, 2 RULE L1
98.9128 	 	TGT    0,2,1,0; 3,3,0,1; 1,0,3,3; 2,1,2,2
99.8781 	 	RESP   1 L1 ANSWER 2
99.8781 	 	FEEDB  CORRECT 4 of 6
100.9168 	 	CUE
101.4357 	 	STIM   3, 1, 1, 3 RULE L1
101.7847 	 	TGT    0,2,1,0; 3,3,0,1; 1,0,3,3; 2,1,2,2
102.3489 	 	RESP   1 L1 ANSWER 1
102.3490 	 	FEEDB  CORRECT 5 of 6
103.4045 	 	CUE
103.9223 	 	STIM   3, 0, 1, 2 RULE L1
104.2728 	 	TGT    0,2,1,0; 3,3,0,1; 1,0,3,3; 2,1,2,2
104.7796 	 	RESP   1 L1 ANSWER 1
104.7796 	 	FEEDB  CORRECT 6 of 6
105.8272 	 	CUE
106.3436 	 	STIM   3, 0, 1, 2 RULE L2
106.6936 	 	TGT    0,2,1,0; 3,3,0,1; 1,0,3,3; 2,1,2,2
107.8661 	 	RESP   1 L2 ANSWER 4
107.8661 	 	FEEDB  CORRECT 1 of 6
108.9148 	 	CUE
109.4324 	 	STIM   0, 1, 3, 1 RULE L2
109.7826 	 	TGT    0,2,1,0; 3,3,0,1; 1,0,3,3; 2,1,2,2
110.7526 	 	RESP   1 L2 ANSWER 2
110.7526 	 	FEEDB  CORRECT 2 of 6
111.8201 	 	CUE
112.3379 	 	STIM   0, 1, 0, 3 RULE L2
112.6879 	 	TGT    0,2,1,0; 3,3,0,1; 1,0,3,3; 2,1,2,2
114.6626 	 	RESP   1 L2 ANSWER 3
114.6627 	 	FEEDB  CORRECT 3 of 6
115.7119 	 	CUE
116.2285 	 	STIM   3, 1, 1, 3 RULE L2
116.5784 	 	TGT    0,2,1,0; 3,3,0,1; 1,0,3,3; 2,1,2,2
118.4126 	 	RESP   1 L2 ANSWER 3
118.4126 	 	FEEDB  CORRECT 4 of 6
119.4687 	 	CUE
119.9853 	 	STIM   0, 1, 3, 1 RULE L2
120.3355 	 	TGT    0,2,1,0; 3,3,0,1; 1,0,3,3; 2,1,2,2
121.3235 	 	RESP   1 L2 ANSWER 2
121.3235 	 	FEEDB  CORRECT 5 of 6
122.3727 	 	CUE
122.8906 	 	STIM   3, 0, 1, 2 RULE L2
123.2409 	 	TGT    0,2,1,0; 3,3,0,1; 1,0,3,3; 2,1,2,2
124.0661 	 	RESP   1 L2 ANSWER 4
124.0661 	 	FEEDB  CORRECT 6 of 6
125.1112 	 	CUE
125.6286 	 	STIM   0, 0, 0, 2 RULE L1
125.9791 	 	TGT    0,2,1,0; 3,3,0,1; 1,0,3,3; 2,1,2,2
127.1046 	 	RESP   1 L1 ANSWER 2
127.1046 	 	FEEDB  CORRECT 1 of 7
128.1516 	 	CUE
128.6678 	 	STIM   2, 3, 1, 3 RULE L1
129.0180 	 	TGT    0,2,1,0; 3,3,0,1; 1,0,3,3; 2,1,2,2
129.6311 	 	RESP   1 L1 ANSWER 1
129.6312 	 	FEEDB  CORRECT 2 of 7
130.6712 	 	CUE
131.1890 	 	STIM   1, 2, 2, 1 RULE L1
131.5390 	 	TGT    0,2,1,0; 3,3,0,1; 1,0,3,3; 2,1,2,2
132.2061 	 	RESP   1 L1 ANSWER 4
132.2061 	 	FEEDB  CORRECT 3 of 7
133.2763 	 	CUE
133.7936 	 	STIM   2, 3, 1, 3 RULE L1
134.1441 	 	TGT    0,2,1,0; 3,3,0,1; 1,0,3,3; 2,1,2,2
134.6528 	 	RESP   1 L1 ANSWER 1
134.6528 	 	FEEDB  CORRECT 4 of 7
135.7156 	 	CUE
136.2318 	 	STIM   1, 3, 1, 2 RULE L1
136.5816 	 	TGT    0,2,1,0; 3,3,0,1; 1,0,3,3; 2,1,2,2
137.3155 	 	RESP   1 L1 ANSWER 1
137.3155 	 	FEEDB  CORRECT 5 of 7
138.3687 	 	CUE
138.8864 	 	STIM   2, 2, 0, 3 RULE L1
139.2369 	 	TGT    0,2,1,0; 3,3,0,1; 1,0,3,3; 2,1,2,2
140.2021 	 	RESP   0 L1 ANSWER -3
140.2022 	 	FEEDB  FAIL 5 of 7
141.2423 	 	CUE
141.7584 	 	STIM   0, 1, 3, 1 RULE L1
142.1087 	 	TGT    0,2,1,0; 3,3,0,1; 1,0,3,3; 2,1,2,2
142.9367 	 	RESP   1 L1 ANSWER 3
142.9367 	 	FEEDB  CORRECT 6 of 7
143.9958 	 	CUE
144.5132 	 	STIM   1, 1, 1, 1 RULE L1
144.8636 	 	TGT    0,2,1,0; 3,3,0,1; 1,0,3,3; 2,1,2,2
145.2956 	 	RESP   1 L1 ANSWER 1
145.2956 	 	FEEDB  CORRECT 7 of 7
146.3521 	 	Running set .\configs\sets\noise_of_letters.json
146.3523 	 	Using deck: 0: 0,0,2,2 | 1: 0,0,3,3 | 2: 0,0,1,0 | 3: 0,0,0,1 
148.7584 	 	CUE
149.2722 	 	STIM   0, 0, 0, 3 RULE L1
149.6222 	 	TGT    0,0,2,2; 0,0,3,3; 0,0,1,0; 0,0,0,1
151.6682 	 	RESP   1 L1 ANSWER 4
151.6682 	 	FEEDB  CORRECT 1 of 6
152.7285 	 	CUE
153.2464 	 	STIM   0, 0, 3, 2 RULE L1
153.5961 	 	TGT    0,0,2,2; 0,0,3,3; 0,0,1,0; 0,0,0,1
154.8431 	 	RESP   1 L1 ANSWER 2
154.8431 	 	FEEDB  CORRECT 2 of 6
155.8841 	 	CUE
156.4017 	 	STIM   0, 0, 0, 3 RULE L1
156.7521 	 	TGT    0,0,2,2; 0,0,3,3; 0,0,1,0; 0,0,0,1
157.3852 	 	RESP   1 L1 ANSWER 4
157.3852 	 	FEEDB  CORRECT 3 of 6
158.4553 	 	CUE
158.9731 	 	STIM   0, 0, 0, 0 RULE L1
159.3235 	 	TGT    0,0,2,2; 0,0,3,3; 0,0,1,0; 0,0,0,1
159.8802 	 	RESP   1 L1 ANSWER 4
159.8802 	 	FEEDB  CORRECT 4 of 6
160.9306 	 	CUE
161.4447 	 	STIM   0, 0, 0, 0 RULE L1
161.7946 	 	TGT    0,0,2,2; 0,0,3,3; 0,0,1,0; 0,0,0,1
162.1752 	 	RESP   1 L1 ANSWER 4
162.1752 	 	FEEDB  CORRECT 5 of 6
163.2144 	 	CUE
163.7317 	 	STIM   0, 0, 3, 2 RULE L1
164.0822 	 	TGT    0,0,2,2; 0,0,3,3; 0,0,1,0; 0,0,0,1
164.8457 	 	RESP   1 L1 ANSWER 2
164.8457 	 	FEEDB  CORRECT 6 of 6
165.9027 	 	CUE
166.4201 	 	STIM   0, 0, 0, 2 RULE L2
166.7704 	 	TGT    0,0,2,2; 0,0,3,3; 0,0,1,0; 0,0,0,1
167.2926 	 	RESP   0 L2 ANSWER -4
167.2926 	 	FEEDB  FAIL 0 of 5
168.3402 	 	CUE
168.8579 	 	STIM   0, 0, 0, 3 RULE L2
169.2083 	 	TGT    0,0,2,2; 0,0,3,3; 0,0,1,0; 0,0,0,1
171.3782 	 	RESP   0 L2 ANSWER -3
171.3782 	 	FEEDB  FAIL 0 of 5
172.7650 	 	CUE
173.2829 	 	STIM   0, 0, 1, 1 RULE L2
173.6328 	 	TGT    0,0,2,2; 0,0,3,3; 0,0,1,0; 0,0,0,1
177.4631 	 	RESP   0 L2 ANSWER -2
177.4632 	 	FEEDB  FAIL 0 of 5
178.5257 	 	CUE
179.0435 	 	STIM   0, 0, 1, 3 RULE L2
179.3933 	 	TGT    0,0,2,2; 0,0,3,3; 0,0,1,0; 0,0,0,1
181.1978 	 	RESP   1 L2 ANSWER 2
181.1978 	 	FEEDB  CORRECT 1 of 5
182.2662 	 	CUE
182.7835 	 	STIM   0, 0, 1, 2 RULE L2
183.1338 	 	TGT    0,0,2,2; 0,0,3,3; 0,0,1,0; 0,0,0,1
187.8502 	 	RESP   0 L2 ANSWER -3
187.8502 	 	FEEDB  FAIL 1 of 5
188.8960 	 	CUE
189.4121 	 	STIM   0, 0, 1, 2 RULE L2
189.7625 	 	TGT    0,0,2,2; 0,0,3,3; 0,0,1,0; 0,0,0,1
190.6649 	 	RESP   1 L2 ANSWER 1
190.6649 	 	FEEDB  CORRECT 2 of 5
191.7330 	 	CUE
192.2511 	 	STIM   0, 0, 2, 0 RULE L2
192.6010 	 	TGT    0,0,2,2; 0,0,3,3; 0,0,1,0; 0,0,0,1
194.6546 	 	RESP   1 L2 ANSWER 3
194.6546 	 	FEEDB  CORRECT 3 of 5
195.7239 	 	CUE
196.2418 	 	STIM   0, 0, 3, 0 RULE L2
196.5916 	 	TGT    0,0,2,2; 0,0,3,3; 0,0,1,0; 0,0,0,1
199.8762 	 	RESP   1 L2 ANSWER 3
199.8762 	 	FEEDB  CORRECT 4 of 5
200.9345 	 	CUE
201.4509 	 	STIM   0, 0, 2, 3 RULE L2
201.8011 	 	TGT    0,0,2,2; 0,0,3,3; 0,0,1,0; 0,0,0,1
202.8586 	 	RESP   1 L2 ANSWER 2
202.8586 	 	FEEDB  CORRECT 5 of 5
203.9054 	 	CUE
204.4230 	 	STIM   0, 0, 3, 0 RULE L1
204.7733 	 	TGT    0,0,2,2; 0,0,3,3; 0,0,1,0; 0,0,0,1
207.2326 	 	RESP   0 L1 ANSWER -3
207.2326 	 	FEEDB  FAIL 0 of 5
208.2801 	 	CUE
208.7977 	 	STIM   0, 0, 3, 0 RULE L1
209.1481 	 	TGT    0,0,2,2; 0,0,3,3; 0,0,1,0; 0,0,0,1
209.7510 	 	RESP   1 L1 ANSWER 2
209.7510 	 	FEEDB  CORRECT 1 of 5
210.8049 	 	CUE
211.3197 	 	STIM   0, 0, 3, 0 RULE L1
211.6692 	 	TGT    0,0,2,2; 0,0,3,3; 0,0,1,0; 0,0,0,1
212.0382 	 	RESP   1 L1 ANSWER 2
212.0382 	 	FEEDB  CORRECT 2 of 5
213.0890 	 	CUE
213.6064 	 	STIM   0, 0, 3, 0 RULE L1
213.9569 	 	TGT    0,0,2,2; 0,0,3,3; 0,0,1,0; 0,0,0,1
214.2849 	 	RESP   1 L1 ANSWER 2
214.2850 	 	FEEDB  CORRECT 3 of 5
215.3453 	 	CUE
215.8608 	 	STIM   0, 0, 2, 1 RULE L1
216.2112 	 	TGT    0,0,2,2; 0,0,3,3; 0,0,1,0; 0,0,0,1
218.0832 	 	RESP   1 L1 ANSWER 1
218.0832 	 	FEEDB  CORRECT 4 of 5
219.1504 	 	CUE
219.6677 	 	STIM   0, 0, 3, 1 RULE L1
220.0180 	 	TGT    0,0,2,2; 0,0,3,3; 0,0,1,0; 0,0,0,1
220.6819 	 	RESP   1 L1 ANSWER 2
220.6819 	 	FEEDB  CORRECT 5 of 5
221.7213 	 	CUE
222.2392 	 	STIM   0, 0, 0, 0 RULE L2
222.5892 	 	TGT    0,0,2,2; 0,0,3,3; 0,0,1,0; 0,0,0,1
223.3762 	 	RESP   0 L2 ANSWER -4
223.3762 	 	FEEDB  FAIL 0 of 6
224.4300 	 	CUE
224.9446 	 	STIM   0, 0, 3, 0 RULE L2
225.2943 	 	TGT    0,0,2,2; 0,0,3,3; 0,0,1,0; 0,0,0,1
226.6226 	 	RESP   1 L2 ANSWER 3
226.6227 	 	FEEDB  CORRECT 1 of 6
227.6655 	 	CUE
228.1836 	 	STIM   0, 0, 0, 3 RULE L2
228.5334 	 	TGT    0,0,2,2; 0,0,3,3; 0,0,1,0; 0,0,0,1
229.9092 	 	RESP   1 L2 ANSWER 2
229.9092 	 	FEEDB  CORRECT 2 of 6
230.9550 	 	CUE
231.4725 	 	STIM   0, 0, 3, 0 RULE L2
231.8228 	 	TGT    0,0,2,2; 0,0,3,3; 0,0,1,0; 0,0,0,1
233.4511 	 	RESP   1 L2 ANSWER 3
233.4511 	 	FEEDB  CORRECT 3 of 6
234.4960 	 	CUE
235.0127 	 	STIM   0, 0, 2, 0 RULE L2
235.3624 	 	TGT    0,0,2,2; 0,0,3,3; 0,0,1,0; 0,0,0,1
236.7700 	 	RESP   1 L2 ANSWER 3
236.7700 	 	FEEDB  CORRECT 4 of 6
237.8175 	 	CUE
238.3352 	 	STIM   0, 0, 1, 1 RULE L2
238.6854 	 	TGT    0,0,2,2; 0,0,3,3; 0,0,1,0; 0,0,0,1
240.9436 	 	RESP   1 L2 ANSWER 4
240.9436 	 	FEEDB  CORRECT 5 of 6
241.9961 	 	CUE
242.5100 	 	STIM   0, 0, 3, 0 RULE L2
242.8597 	 	TGT    0,0,2,2; 0,0,3,3; 0,0,1,0; 0,0,0,1
244.3418 	 	RESP   1 L2 ANSWER 3
244.3418 	 	FEEDB  CORRECT 6 of 6
245.3875 	 	CUE
245.9023 	 	STIM   0, 0, 2, 3 RULE L1
246.2494 	 	TGT    0,0,2,2; 0,0,3,3; 0,0,1,0; 0,0,0,1
247.2207 	 	RESP   0 L1 ANSWER -2
247.2207 	 	FEEDB  FAIL 0 of 7
248.2701 	 	CUE
248.7889 	 	STIM   0, 0, 0, 0 RULE L1
249.1381 	 	TGT    0,0,2,2; 0,0,3,3; 0,0,1,0; 0,0,0,1
250.4666 	 	RESP   0 L1 ANSWER -3
250.4666 	 	FEEDB  FAIL 0 of 7
251.5090 	 	CUE
252.0272 	 	STIM   0, 0, 2, 0 RULE L1
252.3770 	 	TGT    0,0,2,2; 0,0,3,3; 0,0,1,0; 0,0,0,1
254.2010 	 	RESP   0 L1 ANSWER -4
254.2011 	 	FEEDB  FAIL 0 of 7
255.2509 	 	CUE
255.7673 	 	STIM   0, 0, 2, 3 RULE L1
256.1175 	 	TGT    0,0,2,2; 0,0,3,3; 0,0,1,0; 0,0,0,1
256.5197 	 	RESP   1 L1 ANSWER 1
256.5197 	 	FEEDB  CORRECT 1 of 7
257.5702 	 	CUE
258.0880 	 	STIM   0, 0, 3, 2 RULE L1
258.4380 	 	TGT    0,0,2,2; 0,0,3,3; 0,0,1,0; 0,0,0,1
259.1346 	 	RESP   1 L1 ANSWER 2
259.1346 	 	FEEDB  CORRECT 2 of 7
260.1781 	 	CUE
260.6928 	 	STIM   0, 0, 0, 2 RULE L1
261.0432 	 	TGT    0,0,2,2; 0,0,3,3; 0,0,1,0; 0,0,0,1
261.7971 	 	RESP   0 L1 ANSWER -2
261.7971 	 	FEEDB  FAIL 2 of 7
262.8467 	 	CUE
263.3640 	 	STIM   0, 0, 2, 3 RULE L1
263.7146 	 	TGT    0,0,2,2; 0,0,3,3; 0,0,1,0; 0,0,0,1
264.1966 	 	RESP   1 L1 ANSWER 1
264.1966 	 	FEEDB  CORRECT 3 of 7
265.2679 	 	CUE
265.7853 	 	STIM   0, 0, 0, 2 RULE L1
266.1359 	 	TGT    0,0,2,2; 0,0,3,3; 0,0,1,0; 0,0,0,1
266.7466 	 	RESP   1 L1 ANSWER 4
266.7467 	 	FEEDB  CORRECT 4 of 7
267.7923 	 	CUE
268.3068 	 	STIM   0, 0, 0, 0 RULE L1
268.6569 	 	TGT    0,0,2,2; 0,0,3,3; 0,0,1,0; 0,0,0,1
269.1297 	 	RESP   1 L1 ANSWER 4
269.1297 	 	FEEDB  CORRECT 5 of 7
270.1769 	 	CUE
270.6942 	 	STIM   0, 0, 1, 1 RULE L1
271.0448 	 	TGT    0,0,2,2; 0,0,3,3; 0,0,1,0; 0,0,0,1
271.8562 	 	RESP   1 L1 ANSWER 3
271.8562 	 	FEEDB  CORRECT 6 of 7
272.9023 	 	CUE
273.4165 	 	STIM   0, 0, 0, 0 RULE L1
273.7663 	 	TGT    0,0,2,2; 0,0,3,3; 0,0,1,0; 0,0,0,1
274.3746 	 	RESP   1 L1 ANSWER 4
274.3746 	 	FEEDB  CORRECT 7 of 7
275.4195 	 	CUE
275.9373 	 	STIM   0, 0, 2, 3 RULE L2
276.2876 	 	TGT    0,0,2,2; 0,0,3,3; 0,0,1,0; 0,0,0,1
276.7575 	 	RESP   0 L2 ANSWER -1
276.7575 	 	FEEDB  FAIL 0 of 7
277.8122 	 	CUE
278.3265 	 	STIM   0, 0, 1, 3 RULE L2
278.6753 	 	TGT    0,0,2,2; 0,0,3,3; 0,0,1,0; 0,0,0,1
280.6196 	 	RESP   1 L2 ANSWER 2
280.6196 	 	FEEDB  CORRECT 1 of 7
281.6658 	 	CUE
282.1825 	 	STIM   0, 0, 2, 1 RULE L2
282.5323 	 	TGT    0,0,2,2; 0,0,3,3; 0,0,1,0; 0,0,0,1
284.3696 	 	RESP   1 L2 ANSWER 4
284.3696 	 	FEEDB  CORRECT 2 of 7
285.4260 	 	CUE
285.9407 	 	STIM   0, 0, 1, 3 RULE L2
286.2892 	 	TGT    0,0,2,2; 0,0,3,3; 0,0,1,0; 0,0,0,1
287.5042 	 	RESP   1 L2 ANSWER 2
287.5042 	 	FEEDB  CORRECT 3 of 7
288.5436 	 	CUE
289.0617 	 	STIM   0, 0, 3, 2 RULE L2
289.4115 	 	TGT    0,0,2,2; 0,0,3,3; 0,0,1,0; 0,0,0,1
291.6862 	 	RESP   1 L2 ANSWER 1
291.6862 	 	FEEDB  CORRECT 4 of 7
292.7383 	 	CUE
293.2531 	 	STIM   0, 0, 3, 1 RULE L2
293.6026 	 	TGT    0,0,2,2; 0,0,3,3; 0,0,1,0; 0,0,0,1
296.1001 	 	RESP   1 L2 ANSWER 4
296.1002 	 	FEEDB  CORRECT 5 of 7
297.1430 	 	CUE
297.6604 	 	STIM   0, 0, 2, 1 RULE L2
298.0109 	 	TGT    0,0,2,2; 0,0,3,3; 0,0,1,0; 0,0,0,1
300.6176 	 	RESP   1 L2 ANSWER 4
300.6176 	 	FEEDB  CORRECT 6 of 7
301.6691 	 	CUE
302.1858 	 	STIM   0, 0, 2, 3 RULE L2
302.5355 	 	TGT    0,0,2,2; 0,0,3,3; 0,0,1,0; 0,0,0,1
304.6397 	 	RESP   1 L2 ANSWER 2
304.6397 	 	FEEDB  CORRECT 7 of 7
305.6795 	 	Running set .\configs\sets\faces_of_letters_1ii.json
305.6798 	 	Using deck: 0: 0,3,1,0 | 1: 3,0,3,3 | 2: 1,1,0,1 | 3: 2,2,2,2 
318.9725 	 	CUE
319.4869 	 	STIM   2, 2, 0, 3 RULE L1
319.8340 	 	TGT    2,3,1,0; 0,0,3,3; 3,1,0,1; 1,2,2,2
322.1911 	 	RESP   1 L1 ANSWER 3
322.1912 	 	FEEDB  CORRECT 1 of 6
323.2575 	 	CUE
323.7751 	 	STIM   3, 0, 1, 2 RULE L1
324.1254 	 	TGT    2,3,1,0; 0,0,3,3; 3,1,0,1; 1,2,2,2
325.3491 	 	RESP   1 L1 ANSWER 1
325.3492 	 	FEEDB  CORRECT 2 of 6
326.4128 	 	CUE
326.9310 	 	STIM   2, 0, 2, 1 RULE L1
327.2809 	 	TGT    2,3,1,0; 0,0,3,3; 3,1,0,1; 1,2,2,2
328.4599 	 	RESP   1 L1 ANSWER 4
328.4599 	 	FEEDB  CORRECT 3 of 6
329.5186 	 	CUE
330.0367 	 	STIM   3, 0, 2, 0 RULE L1
330.3865 	 	TGT    2,3,1,0; 0,0,3,3; 3,1,0,1; 1,2,2,2
331.0267 	 	RESP   1 L1 ANSWER 4
331.0267 	 	FEEDB  CORRECT 4 of 6
332.0735 	 	CUE
332.5910 	 	STIM   2, 1, 3, 2 RULE L1
332.9414 	 	TGT    2,3,1,0; 0,0,3,3; 3,1,0,1; 1,2,2,2
333.6411 	 	RESP   1 L1 ANSWER 2
333.6411 	 	FEEDB  CORRECT 5 of 6
334.7115 	 	CUE
335.2293 	 	STIM   3, 0, 1, 2 RULE L1
335.5794 	 	TGT    2,3,1,0; 0,0,3,3; 3,1,0,1; 1,2,2,2
336.8317 	 	RESP   1 L1 ANSWER 1
336.8317 	 	FEEDB  CORRECT 6 of 6
337.9008 	 	CUE
338.4182 	 	STIM   0, 3, 2, 1 RULE L2
338.7687 	 	TGT    2,3,1,0; 0,0,3,3; 3,1,0,1; 1,2,2,2
339.4141 	 	RESP   0 L2 ANSWER -4
339.4142 	 	FEEDB  FAIL 0 of 5
340.6739 	 	CUE
341.1905 	 	STIM   3, 2, 1, 3 RULE L2
341.5403 	 	TGT    2,3,1,0; 0,0,3,3; 3,1,0,1; 1,2,2,2
342.9007 	 	RESP   1 L2 ANSWER 2
342.9007 	 	FEEDB  CORRECT 1 of 5
343.9453 	 	CUE
344.4628 	 	STIM   2, 1, 2, 3 RULE L2
344.8131 	 	TGT    2,3,1,0; 0,0,3,3; 3,1,0,1; 1,2,2,2
345.9232 	 	RESP   1 L2 ANSWER 2
345.9233 	 	FEEDB  CORRECT 2 of 5
346.9675 	 	CUE
347.4851 	 	STIM   2, 1, 2, 3 RULE L2
347.8354 	 	TGT    2,3,1,0; 0,0,3,3; 3,1,0,1; 1,2,2,2
350.4728 	 	RESP   1 L2 ANSWER 2
350.4728 	 	FEEDB  CORRECT 3 of 5
351.5423 	 	CUE
352.0601 	 	STIM   1, 0, 1, 1 RULE L2
352.4102 	 	TGT    2,3,1,0; 0,0,3,3; 3,1,0,1; 1,2,2,2
354.7267 	 	RESP   1 L2 ANSWER 3
354.7267 	 	FEEDB  CORRECT 4 of 5
355.7717 	 	CUE
356.2849 	 	STIM   0, 3, 2, 1 RULE L2
356.6347 	 	TGT    2,3,1,0; 0,0,3,3; 3,1,0,1; 1,2,2,2
358.4687 	 	RESP   1 L2 ANSWER 3
358.4688 	 	FEEDB  CORRECT 5 of 5
359.5406 	 	CUE
360.0584 	 	STIM   0, 1, 1, 2 RULE L1
360.4081 	 	TGT    2,3,1,0; 0,0,3,3; 3,1,0,1; 1,2,2,2
362.6426 	 	RESP   0 L1 ANSWER -4
362.6426 	 	FEEDB  FAIL 0 of 5
363.6860 	 	CUE
364.1997 	 	STIM   1, 0, 1, 1 RULE L1
364.5491 	 	TGT    2,3,1,0; 0,0,3,3; 3,1,0,1; 1,2,2,2
365.1137 	 	RESP   1 L1 ANSWER 1
365.1138 	 	FEEDB  CORRECT 1 of 5
366.1527 	 	CUE
366.6701 	 	STIM   2, 2, 0, 3 RULE L1
367.0205 	 	TGT    2,3,1,0; 0,0,3,3; 3,1,0,1; 1,2,2,2
367.7521 	 	RESP   1 L1 ANSWER 3
367.7522 	 	FEEDB  CORRECT 2 of 5
368.7945 	 	CUE
369.3087 	 	STIM   3, 0, 2, 0 RULE L1
369.6586 	 	TGT    2,3,1,0; 0,0,3,3; 3,1,0,1; 1,2,2,2
370.9747 	 	RESP   1 L1 ANSWER 4
370.9747 	 	FEEDB  CORRECT 3 of 5
372.0133 	 	CUE
372.5310 	 	STIM   3, 3, 3, 2 RULE L1
372.8812 	 	TGT    2,3,1,0; 0,0,3,3; 3,1,0,1; 1,2,2,2
373.7012 	 	RESP   1 L1 ANSWER 2
373.7012 	 	FEEDB  CORRECT 4 of 5
374.7516 	 	CUE
375.2691 	 	STIM   1, 3, 3, 1 RULE L1
375.6194 	 	TGT    2,3,1,0; 0,0,3,3; 3,1,0,1; 1,2,2,2
376.7637 	 	RESP   1 L1 ANSWER 2
376.7637 	 	FEEDB  CORRECT 5 of 5
377.8241 	 	CUE
378.3415 	 	STIM   3, 2, 3, 0 RULE L2
378.6918 	 	TGT    2,3,1,0; 0,0,3,3; 3,1,0,1; 1,2,2,2
379.2820 	 	RESP   0 L2 ANSWER -2
379.2821 	 	FEEDB  FAIL 0 of 7
381.2697 	 	CUE
381.7838 	 	STIM   2, 2, 3, 1 RULE L2
382.1316 	 	TGT    2,3,1,0; 0,0,3,3; 3,1,0,1; 1,2,2,2
385.0877 	 	RESP   1 L2 ANSWER 3
385.0877 	 	FEEDB  CORRECT 1 of 7
386.1559 	 	CUE
386.6733 	 	STIM   1, 0, 0, 0 RULE L2
387.0239 	 	TGT    2,3,1,0; 0,0,3,3; 3,1,0,1; 1,2,2,2
388.4057 	 	RESP   1 L2 ANSWER 1
388.4057 	 	FEEDB  CORRECT 2 of 7
389.4465 	 	CUE
389.9631 	 	STIM   2, 0, 0, 2 RULE L2
390.3129 	 	TGT    2,3,1,0; 0,0,3,3; 3,1,0,1; 1,2,2,2
392.0919 	 	RESP   1 L2 ANSWER 4
392.0919 	 	FEEDB  CORRECT 3 of 7
393.1381 	 	CUE
393.6531 	 	STIM   2, 2, 3, 1 RULE L2
394.0033 	 	TGT    2,3,1,0; 0,0,3,3; 3,1,0,1; 1,2,2,2
395.8502 	 	RESP   1 L2 ANSWER 3
395.8502 	 	FEEDB  CORRECT 4 of 7
396.9091 	 	CUE
397.4265 	 	STIM   1, 1, 3, 0 RULE L2
397.7768 	 	TGT    2,3,1,0; 0,0,3,3; 3,1,0,1; 1,2,2,2
398.5687 	 	RESP   1 L2 ANSWER 1
398.5687 	 	FEEDB  CORRECT 5 of 7
399.6137 	 	CUE
400.1315 	 	STIM   2, 1, 3, 2 RULE L2
400.4815 	 	TGT    2,3,1,0; 0,0,3,3; 3,1,0,1; 1,2,2,2
402.2548 	 	RESP   1 L2 ANSWER 4
402.2548 	 	FEEDB  CORRECT 6 of 7
403.3075 	 	CUE
403.8223 	 	STIM   1, 0, 0, 0 RULE L2
404.1719 	 	TGT    2,3,1,0; 0,0,3,3; 3,1,0,1; 1,2,2,2
404.9258 	 	RESP   1 L2 ANSWER 1
404.9258 	 	FEEDB  CORRECT 7 of 7
405.9755 	 	CUE
406.4929 	 	STIM   1, 1, 3, 0 RULE L1
406.8434 	 	TGT    2,3,1,0; 0,0,3,3; 3,1,0,1; 1,2,2,2
408.1960 	 	RESP   0 L1 ANSWER -1
408.1960 	 	FEEDB  FAIL 0 of 7
409.2646 	 	CUE
409.7824 	 	STIM   1, 3, 3, 1 RULE L1
410.1329 	 	TGT    2,3,1,0; 0,0,3,3; 3,1,0,1; 1,2,2,2
412.7217 	 	RESP   1 L1 ANSWER 2
412.7217 	 	FEEDB  CORRECT 1 of 7
413.7897 	 	CUE
414.3071 	 	STIM   1, 3, 0, 3 RULE L1
414.6576 	 	TGT    2,3,1,0; 0,0,3,3; 3,1,0,1; 1,2,2,2
415.3522 	 	RESP   1 L1 ANSWER 3
415.3523 	 	FEEDB  CORRECT 2 of 7
416.3991 	 	CUE
416.9139 	 	STIM   1, 0, 1, 1 RULE L1
417.2622 	 	TGT    2,3,1,0; 0,0,3,3; 3,1,0,1; 1,2,2,2
417.7353 	 	RESP   1 L1 ANSWER 1
417.7353 	 	FEEDB  CORRECT 3 of 7
418.7822 	 	CUE
419.2995 	 	STIM   2, 2, 0, 3 RULE L1
419.6502 	 	TGT    2,3,1,0; 0,0,3,3; 3,1,0,1; 1,2,2,2
420.7177 	 	RESP   1 L1 ANSWER 3
420.7177 	 	FEEDB  CORRECT 4 of 7
421.7878 	 	CUE
422.3053 	 	STIM   3, 0, 1, 2 RULE L1
422.6557 	 	TGT    2,3,1,0; 0,0,3,3; 3,1,0,1; 1,2,2,2
423.5002 	 	RESP   1 L1 ANSWER 1
423.5002 	 	FEEDB  CORRECT 5 of 7
424.5471 	 	CUE
425.0612 	 	STIM   3, 2, 3, 0 RULE L1
425.4105 	 	TGT    2,3,1,0; 0,0,3,3; 3,1,0,1; 1,2,2,2
426.6507 	 	RESP   0 L1 ANSWER -3
426.6507 	 	FEEDB  FAIL 5 of 7
427.6986 	 	CUE
428.2163 	 	STIM   1, 1, 3, 0 RULE L1
428.5665 	 	TGT    2,3,1,0; 0,0,3,3; 3,1,0,1; 1,2,2,2
429.0257 	 	RESP   1 L1 ANSWER 2
429.0257 	 	FEEDB  CORRECT 6 of 7
430.0697 	 	CUE
430.5871 	 	STIM   0, 3, 0, 2 RULE L1
430.9375 	 	TGT    2,3,1,0; 0,0,3,3; 3,1,0,1; 1,2,2,2
431.6082 	 	RESP   1 L1 ANSWER 3
431.6082 	 	FEEDB  CORRECT 7 of 7
432.6590 	 	CUE
433.1755 	 	STIM   1, 3, 3, 1 RULE L2
433.5254 	 	TGT    2,3,1,0; 0,0,3,3; 3,1,0,1; 1,2,2,2
435.9342 	 	RESP   0 L2 ANSWER -2
435.9342 	 	FEEDB  FAIL 0 of 6
436.9863 	 	CUE
437.5004 	 	STIM   3, 2, 1, 3 RULE L2
437.8502 	 	TGT    2,3,1,0; 0,0,3,3; 3,1,0,1; 1,2,2,2
440.0363 	 	RESP   1 L2 ANSWER 2
440.0363 	 	FEEDB  CORRECT 1 of 6
441.0938 	 	CUE
441.6080 	 	STIM   2, 1, 2, 3 RULE L2
441.9577 	 	TGT    2,3,1,0; 0,0,3,3; 3,1,0,1; 1,2,2,2
443.4501 	 	RESP   1 L2 ANSWER 2
443.4502 	 	FEEDB  CORRECT 2 of 6
444.4973 	 	CUE
445.0139 	 	STIM   0, 3, 0, 2 RULE L2
445.3637 	 	TGT    2,3,1,0; 0,0,3,3; 3,1,0,1; 1,2,2,2
447.6002 	 	RESP   1 L2 ANSWER 4
447.6002 	 	FEEDB  CORRECT 3 of 6
448.6575 	 	CUE
449.1720 	 	STIM   0, 1, 1, 2 RULE L2
449.5214 	 	TGT    2,3,1,0; 0,0,3,3; 3,1,0,1; 1,2,2,2
452.0142 	 	RESP   1 L2 ANSWER 4
452.0142 	 	FEEDB  CORRECT 4 of 6
453.0618 	 	CUE
453.5791 	 	STIM   2, 1, 2, 3 RULE L2
453.9297 	 	TGT    2,3,1,0; 0,0,3,3; 3,1,0,1; 1,2,2,2
456.0202 	 	RESP   1 L2 ANSWER 2
456.0202 	 	FEEDB  CORRECT 5 of 6
457.0731 	 	CUE
457.5872 	 	STIM   2, 1, 3, 2 RULE L2
457.9370 	 	TGT    2,3,1,0; 0,0,3,3; 3,1,0,1; 1,2,2,2
460.5298 	 	RESP   1 L2 ANSWER 4
460.5298 	 	FEEDB  CORRECT 6 of 6
