0.0001 	 	Subj ID: pilot_global_14.07.22_jari
0.0005 	 	Run: 2014-07-22 12:16:10.121483
0.0005 	 	Age: 18
0.0005 	 	Group: Control
0.0006 	 	--------------------------------------------------------
0.0006 	 	INFO
0.0006 	 	timestamp CUE
0.0006 	 	timestamp STIM  [state for each rule G1 G2 L1 L2 : 0,1,2,3] RULE [current rule]
0.0006 	 	timestamp TGT   [states for each card / Up, Right, Down, Left: 0,1,2,3; 0,1,2,3;...]
0.0006 	 	timestamp RESP  [correct: 1/0] [current rule: G1, G2, L1, L2] ANSWER [card selected: 1(up), 2(right), 3(down), 4(left)]
0.0006 	 	timestamp FEEDB [correct/fail] [correct answers] of [series length]
0.0006 	 	--------------------------------------------------------
45.3434 	 	Running set .\configs\sets\letterDJLU_patch.json
45.3436 	 	Using deck: 0: 2,3,0,0 | 1: 3,0,0,0 | 2: 0,2,0,0 | 3: 1,1,0,0 
46.4286 	 	CUE
46.9411 	 	STIM   2, 0, 0, 0 RULE G1
47.2917 	 	TGT    2,3,0,0; 0,0,0,0; 3,2,0,0; 1,1,0,0
48.5918 	 	RESP   0 G1 ANSWER -4
48.5918 	 	FEEDB  FAIL 0 of 5
49.6628 	 	CUE
50.1807 	 	STIM   1, 0, 0, 0 RULE G1
50.5309 	 	TGT    2,3,0,0; 0,0,0,0; 3,2,0,0; 1,1,0,0
51.6301 	 	RESP   0 G1 ANSWER -2
51.6301 	 	FEEDB  FAIL 0 of 5
52.6848 	 	CUE
53.2029 	 	STIM   2, 0, 0, 0 RULE G1
53.5531 	 	TGT    2,3,0,0; 0,0,0,0; 3,2,0,0; 1,1,0,0
54.8685 	 	RESP   0 G1 ANSWER -2
54.8685 	 	FEEDB  FAIL 0 of 5
55.9242 	 	CUE
56.4423 	 	STIM   1, 3, 0, 0 RULE G1
56.7921 	 	TGT    2,3,0,0; 0,0,0,0; 3,2,0,0; 1,1,0,0
57.5713 	 	RESP   0 G1 ANSWER -1
57.5713 	 	FEEDB  FAIL 0 of 5
58.6290 	 	CUE
59.1469 	 	STIM   3, 1, 0, 0 RULE G1
59.4974 	 	TGT    2,3,0,0; 0,0,0,0; 3,2,0,0; 1,1,0,0
60.6176 	 	RESP   0 G1 ANSWER -4
60.6176 	 	FEEDB  FAIL 0 of 5
61.6847 	 	CUE
62.2026 	 	STIM   2, 0, 0, 0 RULE G1
62.5529 	 	TGT    2,3,0,0; 0,0,0,0; 3,2,0,0; 1,1,0,0
63.2245 	 	RESP   0 G1 ANSWER -2
63.2245 	 	FEEDB  FAIL 0 of 5
64.2900 	 	CUE
64.8073 	 	STIM   2, 1, 0, 0 RULE G1
65.1576 	 	TGT    2,3,0,0; 0,0,0,0; 3,2,0,0; 1,1,0,0
69.5813 	 	RESP   0 G1 ANSWER -2
69.5813 	 	FEEDB  FAIL 0 of 5
70.6677 	 	CUE
71.1856 	 	STIM   3, 0, 0, 0 RULE G1
71.5360 	 	TGT    2,3,0,0; 0,0,0,0; 3,2,0,0; 1,1,0,0
73.1875 	 	RESP   1 G1 ANSWER 3
73.1875 	 	FEEDB  CORRECT 1 of 5
74.2579 	 	CUE
74.7753 	 	STIM   3, 0, 0, 0 RULE G1
75.1259 	 	TGT    2,3,0,0; 0,0,0,0; 3,2,0,0; 1,1,0,0
77.1775 	 	RESP   1 G1 ANSWER 3
77.1775 	 	FEEDB  CORRECT 2 of 5
78.2486 	 	CUE
78.7659 	 	STIM   0, 3, 0, 0 RULE G1
79.1164 	 	TGT    2,3,0,0; 0,0,0,0; 3,2,0,0; 1,1,0,0
82.1910 	 	RESP   0 G1 ANSWER -1
82.1910 	 	FEEDB  FAIL 2 of 5
83.2459 	 	CUE
83.7601 	 	STIM   0, 3, 0, 0 RULE G1
84.1089 	 	TGT    2,3,0,0; 0,0,0,0; 3,2,0,0; 1,1,0,0
86.3170 	 	RESP   0 G1 ANSWER -4
86.3170 	 	FEEDB  FAIL 2 of 5
87.3823 	 	CUE
87.8996 	 	STIM   1, 2, 0, 0 RULE G1
88.2499 	 	TGT    2,3,0,0; 0,0,0,0; 3,2,0,0; 1,1,0,0
89.9950 	 	RESP   1 G1 ANSWER 4
89.9950 	 	FEEDB  CORRECT 3 of 5
91.0427 	 	CUE
91.5569 	 	STIM   3, 0, 0, 0 RULE G1
91.9064 	 	TGT    2,3,0,0; 0,0,0,0; 3,2,0,0; 1,1,0,0
93.2175 	 	RESP   1 G1 ANSWER 3
93.2175 	 	FEEDB  CORRECT 4 of 5
94.2779 	 	CUE
94.7955 	 	STIM   0, 1, 0, 0 RULE G1
95.1458 	 	TGT    2,3,0,0; 0,0,0,0; 3,2,0,0; 1,1,0,0
96.5278 	 	RESP   1 G1 ANSWER 2
96.5278 	 	FEEDB  CORRECT 5 of 5
97.5673 	 	CUE
98.0850 	 	STIM   0, 3, 0, 0 RULE G2
98.4352 	 	TGT    2,3,0,0; 0,0,0,0; 3,2,0,0; 1,1,0,0
100.6295 	 	RESP   0 G2 ANSWER -2
100.6295 	 	FEEDB  FAIL 0 of 6
101.6914 	 	CUE
102.2093 	 	STIM   0, 2, 0, 0 RULE G2
102.5593 	 	TGT    2,3,0,0; 0,0,0,0; 3,2,0,0; 1,1,0,0
103.8040 	 	RESP   0 G2 ANSWER -4
103.8040 	 	FEEDB  FAIL 0 of 6
104.8471 	 	CUE
105.3651 	 	STIM   0, 2, 0, 0 RULE G2
105.7150 	 	TGT    2,3,0,0; 0,0,0,0; 3,2,0,0; 1,1,0,0
107.7780 	 	RESP   0 G2 ANSWER -2
107.7780 	 	FEEDB  FAIL 0 of 6
108.8258 	 	CUE
109.3406 	 	STIM   1, 3, 0, 0 RULE G2
109.6889 	 	TGT    2,3,0,0; 0,0,0,0; 3,2,0,0; 1,1,0,0
110.2170 	 	RESP   1 G2 ANSWER 1
110.2170 	 	FEEDB  CORRECT 1 of 6
111.2591 	 	CUE
111.7764 	 	STIM   2, 2, 0, 0 RULE G2
112.1269 	 	TGT    2,3,0,0; 0,0,0,0; 3,2,0,0; 1,1,0,0
112.8714 	 	RESP   1 G2 ANSWER 3
112.8714 	 	FEEDB  CORRECT 2 of 6
113.9185 	 	CUE
114.4333 	 	STIM   0, 1, 0, 0 RULE G2
114.7816 	 	TGT    2,3,0,0; 0,0,0,0; 3,2,0,0; 1,1,0,0
115.8700 	 	RESP   1 G2 ANSWER 4
115.8700 	 	FEEDB  CORRECT 3 of 6
116.9192 	 	CUE
117.4372 	 	STIM   0, 1, 0, 0 RULE G2
117.7871 	 	TGT    2,3,0,0; 0,0,0,0; 3,2,0,0; 1,1,0,0
118.7885 	 	RESP   1 G2 ANSWER 4
118.7885 	 	FEEDB  CORRECT 4 of 6
119.8412 	 	CUE
120.3592 	 	STIM   3, 3, 0, 0 RULE G2
120.7090 	 	TGT    2,3,0,0; 0,0,0,0; 3,2,0,0; 1,1,0,0
121.2355 	 	RESP   1 G2 ANSWER 1
121.2355 	 	FEEDB  CORRECT 5 of 6
122.2792 	 	CUE
122.7966 	 	STIM   3, 1, 0, 0 RULE G2
123.1471 	 	TGT    2,3,0,0; 0,0,0,0; 3,2,0,0; 1,1,0,0
125.1855 	 	RESP   1 G2 ANSWER 4
125.1855 	 	FEEDB  CORRECT 6 of 6
126.2531 	 	CUE
126.7705 	 	STIM   1, 2, 0, 0 RULE G1
127.1209 	 	TGT    2,3,0,0; 0,0,0,0; 3,2,0,0; 1,1,0,0
127.9360 	 	RESP   0 G1 ANSWER -3
127.9360 	 	FEEDB  FAIL 0 of 7
128.9785 	 	CUE
129.4927 	 	STIM   1, 2, 0, 0 RULE G1
129.8425 	 	TGT    2,3,0,0; 0,0,0,0; 3,2,0,0; 1,1,0,0
131.1665 	 	RESP   0 G1 ANSWER -2
131.1665 	 	FEEDB  FAIL 0 of 7
132.2140 	 	CUE
132.7316 	 	STIM   1, 2, 0, 0 RULE G1
133.0819 	 	TGT    2,3,0,0; 0,0,0,0; 3,2,0,0; 1,1,0,0
133.5094 	 	RESP   1 G1 ANSWER 4
133.5094 	 	FEEDB  CORRECT 1 of 7
134.5516 	 	CUE
135.0692 	 	STIM   2, 1, 0, 0 RULE G1
135.4196 	 	TGT    2,3,0,0; 0,0,0,0; 3,2,0,0; 1,1,0,0
136.9955 	 	RESP   1 G1 ANSWER 1
136.9956 	 	FEEDB  CORRECT 2 of 7
138.0461 	 	CUE
138.5606 	 	STIM   1, 0, 0, 0 RULE G1
138.9091 	 	TGT    2,3,0,0; 0,0,0,0; 3,2,0,0; 1,1,0,0
140.2503 	 	RESP   1 G1 ANSWER 4
140.2503 	 	FEEDB  CORRECT 3 of 7
141.2974 	 	CUE
141.8150 	 	STIM   2, 1, 0, 0 RULE G1
142.1652 	 	TGT    2,3,0,0; 0,0,0,0; 3,2,0,0; 1,1,0,0
142.9205 	 	RESP   1 G1 ANSWER 1
142.9205 	 	FEEDB  CORRECT 4 of 7
143.9687 	 	CUE
144.4865 	 	STIM   2, 1, 0, 0 RULE G1
144.8366 	 	TGT    2,3,0,0; 0,0,0,0; 3,2,0,0; 1,1,0,0
145.6710 	 	RESP   1 G1 ANSWER 1
145.6710 	 	FEEDB  CORRECT 5 of 7
146.7403 	 	CUE
147.2584 	 	STIM   1, 0, 0, 0 RULE G1
147.6082 	 	TGT    2,3,0,0; 0,0,0,0; 3,2,0,0; 1,1,0,0
148.4540 	 	RESP   1 G1 ANSWER 4
148.4540 	 	FEEDB  CORRECT 6 of 7
149.5001 	 	CUE
150.0139 	 	STIM   0, 2, 0, 0 RULE G1
150.3637 	 	TGT    2,3,0,0; 0,0,0,0; 3,2,0,0; 1,1,0,0
151.4445 	 	RESP   1 G1 ANSWER 2
151.4445 	 	FEEDB  CORRECT 7 of 7
152.4846 	 	CUE
153.0022 	 	STIM   1, 3, 0, 0 RULE G2
153.3524 	 	TGT    2,3,0,0; 0,0,0,0; 3,2,0,0; 1,1,0,0
155.6340 	 	RESP   0 G2 ANSWER -4
155.6340 	 	FEEDB  FAIL 0 of 5
156.6797 	 	CUE
157.1939 	 	STIM   0, 3, 0, 0 RULE G2
157.5434 	 	TGT    2,3,0,0; 0,0,0,0; 3,2,0,0; 1,1,0,0
158.1690 	 	RESP   1 G2 ANSWER 1
158.1690 	 	FEEDB  CORRECT 1 of 5
159.2135 	 	CUE
159.7308 	 	STIM   1, 2, 0, 0 RULE G2
160.0813 	 	TGT    2,3,0,0; 0,0,0,0; 3,2,0,0; 1,1,0,0
160.5836 	 	RESP   1 G2 ANSWER 3
160.5836 	 	FEEDB  CORRECT 2 of 5
161.6509 	 	CUE
162.1688 	 	STIM   1, 3, 0, 0 RULE G2
162.5192 	 	TGT    2,3,0,0; 0,0,0,0; 3,2,0,0; 1,1,0,0
163.2225 	 	RESP   1 G2 ANSWER 1
163.2225 	 	FEEDB  CORRECT 3 of 5
164.2768 	 	CUE
164.7909 	 	STIM   1, 2, 0, 0 RULE G2
165.1406 	 	TGT    2,3,0,0; 0,0,0,0; 3,2,0,0; 1,1,0,0
165.8370 	 	RESP   1 G2 ANSWER 3
165.8370 	 	FEEDB  CORRECT 4 of 5
166.8773 	 	CUE
167.3954 	 	STIM   1, 0, 0, 0 RULE G2
167.7452 	 	TGT    2,3,0,0; 0,0,0,0; 3,2,0,0; 1,1,0,0
169.3635 	 	RESP   0 G2 ANSWER -1
169.3635 	 	FEEDB  FAIL 4 of 5
170.4341 	 	CUE
170.9515 	 	STIM   2, 1, 0, 0 RULE G2
171.3020 	 	TGT    2,3,0,0; 0,0,0,0; 3,2,0,0; 1,1,0,0
171.8741 	 	RESP   1 G2 ANSWER 4
171.8741 	 	FEEDB  CORRECT 5 of 5
172.9232 	 	CUE
173.4398 	 	STIM   3, 0, 0, 0 RULE G1
173.7896 	 	TGT    2,3,0,0; 0,0,0,0; 3,2,0,0; 1,1,0,0
174.3291 	 	RESP   0 G1 ANSWER -2
174.3291 	 	FEEDB  FAIL 0 of 6
175.3764 	 	CUE
175.8938 	 	STIM   1, 2, 0, 0 RULE G1
176.2443 	 	TGT    2,3,0,0; 0,0,0,0; 3,2,0,0; 1,1,0,0
177.3355 	 	RESP   0 G1 ANSWER -3
177.3356 	 	FEEDB  FAIL 0 of 6
178.3869 	 	CUE
178.9010 	 	STIM   0, 1, 0, 0 RULE G1
179.2498 	 	TGT    2,3,0,0; 0,0,0,0; 3,2,0,0; 1,1,0,0
179.9580 	 	RESP   0 G1 ANSWER -4
179.9580 	 	FEEDB  FAIL 0 of 6
181.0033 	 	CUE
181.5208 	 	STIM   3, 0, 0, 0 RULE G1
181.8711 	 	TGT    2,3,0,0; 0,0,0,0; 3,2,0,0; 1,1,0,0
182.8045 	 	RESP   0 G1 ANSWER -1
182.8045 	 	FEEDB  FAIL 0 of 6
183.8751 	 	CUE
184.3930 	 	STIM   1, 2, 0, 0 RULE G1
184.7429 	 	TGT    2,3,0,0; 0,0,0,0; 3,2,0,0; 1,1,0,0
186.0590 	 	RESP   1 G1 ANSWER 4
186.0590 	 	FEEDB  CORRECT 1 of 6
187.0992 	 	CUE
187.6154 	 	STIM   2, 0, 0, 0 RULE G1
187.9656 	 	TGT    2,3,0,0; 0,0,0,0; 3,2,0,0; 1,1,0,0
188.5616 	 	RESP   1 G1 ANSWER 1
188.5617 	 	FEEDB  CORRECT 2 of 6
189.6022 	 	CUE
190.1200 	 	STIM   2, 2, 0, 0 RULE G1
190.4704 	 	TGT    2,3,0,0; 0,0,0,0; 3,2,0,0; 1,1,0,0
191.8480 	 	RESP   1 G1 ANSWER 1
191.8480 	 	FEEDB  CORRECT 3 of 6
192.8964 	 	CUE
193.4112 	 	STIM   0, 1, 0, 0 RULE G1
193.7595 	 	TGT    2,3,0,0; 0,0,0,0; 3,2,0,0; 1,1,0,0
196.1020 	 	RESP   1 G1 ANSWER 2
196.1020 	 	FEEDB  CORRECT 4 of 6
197.1561 	 	CUE
197.6707 	 	STIM   2, 1, 0, 0 RULE G1
198.0174 	 	TGT    2,3,0,0; 0,0,0,0; 3,2,0,0; 1,1,0,0
198.7325 	 	RESP   1 G1 ANSWER 1
198.7325 	 	FEEDB  CORRECT 5 of 6
199.7875 	 	CUE
200.3055 	 	STIM   2, 2, 0, 0 RULE G1
200.6554 	 	TGT    2,3,0,0; 0,0,0,0; 3,2,0,0; 1,1,0,0
201.5073 	 	RESP   1 G1 ANSWER 1
201.5073 	 	FEEDB  CORRECT 6 of 6
202.5758 	 	CUE
203.0937 	 	STIM   1, 3, 0, 0 RULE G2
203.4443 	 	TGT    2,3,0,0; 0,0,0,0; 3,2,0,0; 1,1,0,0
205.3375 	 	RESP   0 G2 ANSWER -4
205.3375 	 	FEEDB  FAIL 0 of 7
206.3881 	 	CUE
206.9024 	 	STIM   2, 2, 0, 0 RULE G2
207.2511 	 	TGT    2,3,0,0; 0,0,0,0; 3,2,0,0; 1,1,0,0
207.7760 	 	RESP   1 G2 ANSWER 3
207.7760 	 	FEEDB  CORRECT 1 of 7
208.8207 	 	CUE
209.3386 	 	STIM   3, 0, 0, 0 RULE G2
209.6887 	 	TGT    2,3,0,0; 0,0,0,0; 3,2,0,0; 1,1,0,0
210.2870 	 	RESP   1 G2 ANSWER 2
210.2870 	 	FEEDB  CORRECT 2 of 7
211.3304 	 	CUE
211.8447 	 	STIM   3, 1, 0, 0 RULE G2
212.1934 	 	TGT    2,3,0,0; 0,0,0,0; 3,2,0,0; 1,1,0,0
213.6770 	 	RESP   0 G2 ANSWER -3
213.6770 	 	FEEDB  FAIL 2 of 7
214.7484 	 	CUE
215.2663 	 	STIM   1, 2, 0, 0 RULE G2
215.6161 	 	TGT    2,3,0,0; 0,0,0,0; 3,2,0,0; 1,1,0,0
216.3560 	 	RESP   1 G2 ANSWER 3
216.3560 	 	FEEDB  CORRECT 3 of 7
217.4035 	 	CUE
217.9207 	 	STIM   2, 0, 0, 0 RULE G2
218.2713 	 	TGT    2,3,0,0; 0,0,0,0; 3,2,0,0; 1,1,0,0
219.6020 	 	RESP   0 G2 ANSWER -1
219.6020 	 	FEEDB  FAIL 3 of 7
220.6472 	 	CUE
221.1619 	 	STIM   2, 1, 0, 0 RULE G2
221.5104 	 	TGT    2,3,0,0; 0,0,0,0; 3,2,0,0; 1,1,0,0
222.4410 	 	RESP   1 G2 ANSWER 4
222.4410 	 	FEEDB  CORRECT 4 of 7
223.4810 	 	CUE
224.0011 	 	STIM   1, 2, 0, 0 RULE G2
224.3491 	 	TGT    2,3,0,0; 0,0,0,0; 3,2,0,0; 1,1,0,0
225.1595 	 	RESP   1 G2 ANSWER 3
225.1595 	 	FEEDB  CORRECT 5 of 7
226.2028 	 	CUE
226.7201 	 	STIM   2, 1, 0, 0 RULE G2
227.0706 	 	TGT    2,3,0,0; 0,0,0,0; 3,2,0,0; 1,1,0,0
227.5341 	 	RESP   1 G2 ANSWER 4
227.5341 	 	FEEDB  CORRECT 6 of 7
228.5783 	 	CUE
229.0930 	 	STIM   1, 3, 0, 0 RULE G2
229.4418 	 	TGT    2,3,0,0; 0,0,0,0; 3,2,0,0; 1,1,0,0
229.9410 	 	RESP   1 G2 ANSWER 1
229.9410 	 	FEEDB  CORRECT 7 of 7
230.9811 	 	Running set .\configs\sets\face2_patch.json
230.9813 	 	Using deck: 0: 1,2,0,0 | 1: 3,3,0,0 | 2: 0,0,0,0 | 3: 2,1,0,0 
232.9858 	 	CUE
233.4994 	 	STIM   0, 0, 0, 0 RULE G1
233.8497 	 	TGT    1,2,0,0; 0,3,0,0; 3,0,0,0; 2,1,0,0
235.0505 	 	RESP   0 G1 ANSWER -3
235.0505 	 	FEEDB  FAIL 0 of 7
236.1211 	 	CUE
236.6385 	 	STIM   1, 3, 0, 0 RULE G1
236.9887 	 	TGT    1,2,0,0; 0,3,0,0; 3,0,0,0; 2,1,0,0
239.8480 	 	RESP   0 G1 ANSWER -4
239.8480 	 	FEEDB  FAIL 0 of 7
240.9131 	 	CUE
241.4310 	 	STIM   2, 2, 0, 0 RULE G1
241.7808 	 	TGT    1,2,0,0; 0,3,0,0; 3,0,0,0; 2,1,0,0
244.7174 	 	RESP   1 G1 ANSWER 4
244.7174 	 	FEEDB  CORRECT 1 of 7
246.1894 	 	CUE
246.7067 	 	STIM   3, 2, 0, 0 RULE G1
247.0573 	 	TGT    1,2,0,0; 0,3,0,0; 3,0,0,0; 2,1,0,0
248.1159 	 	RESP   1 G1 ANSWER 3
248.1159 	 	FEEDB  CORRECT 2 of 7
249.1663 	 	CUE
249.6805 	 	STIM   1, 3, 0, 0 RULE G1
250.0293 	 	TGT    1,2,0,0; 0,3,0,0; 3,0,0,0; 2,1,0,0
252.7455 	 	RESP   1 G1 ANSWER 1
252.7455 	 	FEEDB  CORRECT 3 of 7
253.8033 	 	CUE
254.3212 	 	STIM   1, 0, 0, 0 RULE G1
254.6710 	 	TGT    1,2,0,0; 0,3,0,0; 3,0,0,0; 2,1,0,0
257.0877 	 	RESP   0 G1 ANSWER -4
257.0877 	 	FEEDB  FAIL 3 of 7
258.1328 	 	CUE
258.6470 	 	STIM   3, 2, 0, 0 RULE G1
258.9958 	 	TGT    1,2,0,0; 0,3,0,0; 3,0,0,0; 2,1,0,0
259.8700 	 	RESP   1 G1 ANSWER 3
259.8700 	 	FEEDB  CORRECT 4 of 7
260.9329 	 	CUE
261.4506 	 	STIM   3, 1, 0, 0 RULE G1
261.8007 	 	TGT    1,2,0,0; 0,3,0,0; 3,0,0,0; 2,1,0,0
263.7961 	 	RESP   0 G1 ANSWER -2
263.7961 	 	FEEDB  FAIL 4 of 7
264.8569 	 	CUE
265.3748 	 	STIM   1, 1, 0, 0 RULE G1
265.7246 	 	TGT    1,2,0,0; 0,3,0,0; 3,0,0,0; 2,1,0,0
267.1225 	 	RESP   1 G1 ANSWER 1
267.1226 	 	FEEDB  CORRECT 5 of 7
268.1797 	 	CUE
268.6973 	 	STIM   2, 0, 0, 0 RULE G1
269.0475 	 	TGT    1,2,0,0; 0,3,0,0; 3,0,0,0; 2,1,0,0
269.4733 	 	RESP   0 G1 ANSWER -3
269.4733 	 	FEEDB  FAIL 5 of 7
270.5170 	 	CUE
271.0347 	 	STIM   1, 3, 0, 0 RULE G1
271.3853 	 	TGT    1,2,0,0; 0,3,0,0; 3,0,0,0; 2,1,0,0
273.8870 	 	RESP   1 G1 ANSWER 1
273.8870 	 	FEEDB  CORRECT 6 of 7
274.9586 	 	CUE
275.4763 	 	STIM   3, 3, 0, 0 RULE G1
275.8265 	 	TGT    1,2,0,0; 0,3,0,0; 3,0,0,0; 2,1,0,0
276.4618 	 	RESP   0 G1 ANSWER -2
276.4619 	 	FEEDB  FAIL 6 of 7
277.5146 	 	CUE
278.0311 	 	STIM   1, 0, 0, 0 RULE G1
278.3814 	 	TGT    1,2,0,0; 0,3,0,0; 3,0,0,0; 2,1,0,0
279.7480 	 	RESP   1 G1 ANSWER 1
279.7481 	 	FEEDB  CORRECT 7 of 7
280.8026 	 	CUE
281.3206 	 	STIM   1, 1, 0, 0 RULE G2
281.6704 	 	TGT    1,2,0,0; 0,3,0,0; 3,0,0,0; 2,1,0,0
282.5946 	 	RESP   1 G2 ANSWER 4
282.5946 	 	FEEDB  CORRECT 1 of 6
283.6410 	 	CUE
284.1591 	 	STIM   1, 0, 0, 0 RULE G2
284.5089 	 	TGT    1,2,0,0; 0,3,0,0; 3,0,0,0; 2,1,0,0
285.5851 	 	RESP   1 G2 ANSWER 3
285.5851 	 	FEEDB  CORRECT 2 of 6
286.6298 	 	CUE
287.1480 	 	STIM   3, 3, 0, 0 RULE G2
287.4978 	 	TGT    1,2,0,0; 0,3,0,0; 3,0,0,0; 2,1,0,0
288.0880 	 	RESP   1 G2 ANSWER 2
288.0880 	 	FEEDB  CORRECT 3 of 6
289.1347 	 	CUE
289.6521 	 	STIM   2, 2, 0, 0 RULE G2
290.0025 	 	TGT    1,2,0,0; 0,3,0,0; 3,0,0,0; 2,1,0,0
290.4308 	 	RESP   1 G2 ANSWER 1
290.4308 	 	FEEDB  CORRECT 4 of 6
291.4736 	 	CUE
291.9900 	 	STIM   2, 0, 0, 0 RULE G2
292.3403 	 	TGT    1,2,0,0; 0,3,0,0; 3,0,0,0; 2,1,0,0
292.8375 	 	RESP   1 G2 ANSWER 3
292.8375 	 	FEEDB  CORRECT 5 of 6
293.8765 	 	CUE
294.3944 	 	STIM   1, 3, 0, 0 RULE G2
294.7444 	 	TGT    1,2,0,0; 0,3,0,0; 3,0,0,0; 2,1,0,0
295.1886 	 	RESP   1 G2 ANSWER 2
295.1886 	 	FEEDB  CORRECT 6 of 6
296.2324 	 	CUE
296.7486 	 	STIM   1, 0, 0, 0 RULE G1
297.0989 	 	TGT    1,2,0,0; 0,3,0,0; 3,0,0,0; 2,1,0,0
297.5631 	 	RESP   0 G1 ANSWER -3
297.5631 	 	FEEDB  FAIL 0 of 6
298.6017 	 	CUE
299.1195 	 	STIM   3, 2, 0, 0 RULE G1
299.4698 	 	TGT    1,2,0,0; 0,3,0,0; 3,0,0,0; 2,1,0,0
299.9783 	 	RESP   0 G1 ANSWER -1
299.9783 	 	FEEDB  FAIL 0 of 6
301.0230 	 	CUE
301.5404 	 	STIM   3, 2, 0, 0 RULE G1
301.8909 	 	TGT    1,2,0,0; 0,3,0,0; 3,0,0,0; 2,1,0,0
304.1600 	 	RESP   1 G1 ANSWER 3
304.1600 	 	FEEDB  CORRECT 1 of 6
305.2476 	 	CUE
305.7650 	 	STIM   0, 1, 0, 0 RULE G1
306.1154 	 	TGT    1,2,0,0; 0,3,0,0; 3,0,0,0; 2,1,0,0
308.5415 	 	RESP   1 G1 ANSWER 2
308.5415 	 	FEEDB  CORRECT 2 of 6
309.5934 	 	CUE
310.1080 	 	STIM   0, 1, 0, 0 RULE G1
310.4567 	 	TGT    1,2,0,0; 0,3,0,0; 3,0,0,0; 2,1,0,0
312.0840 	 	RESP   1 G1 ANSWER 2
312.0840 	 	FEEDB  CORRECT 3 of 6
313.1334 	 	CUE
313.6477 	 	STIM   3, 1, 0, 0 RULE G1
313.9964 	 	TGT    1,2,0,0; 0,3,0,0; 3,0,0,0; 2,1,0,0
315.7381 	 	RESP   0 G1 ANSWER -2
315.7381 	 	FEEDB  FAIL 3 of 6
316.7866 	 	CUE
317.3032 	 	STIM   1, 0, 0, 0 RULE G1
317.6530 	 	TGT    1,2,0,0; 0,3,0,0; 3,0,0,0; 2,1,0,0
319.5520 	 	RESP   1 G1 ANSWER 1
319.5520 	 	FEEDB  CORRECT 4 of 6
320.5968 	 	CUE
321.1116 	 	STIM   0, 0, 0, 0 RULE G1
321.4600 	 	TGT    1,2,0,0; 0,3,0,0; 3,0,0,0; 2,1,0,0
322.8705 	 	RESP   1 G1 ANSWER 2
322.8705 	 	FEEDB  CORRECT 5 of 6
323.9149 	 	CUE
324.4328 	 	STIM   1, 0, 0, 0 RULE G1
324.7828 	 	TGT    1,2,0,0; 0,3,0,0; 3,0,0,0; 2,1,0,0
325.1655 	 	RESP   0 G1 ANSWER -3
325.1655 	 	FEEDB  FAIL 5 of 6
326.2192 	 	CUE
326.7366 	 	STIM   3, 2, 0, 0 RULE G1
327.0872 	 	TGT    1,2,0,0; 0,3,0,0; 3,0,0,0; 2,1,0,0
328.3240 	 	RESP   0 G1 ANSWER -2
328.3240 	 	FEEDB  FAIL 5 of 6
329.3918 	 	CUE
329.9093 	 	STIM   1, 1, 0, 0 RULE G1
330.2597 	 	TGT    1,2,0,0; 0,3,0,0; 3,0,0,0; 2,1,0,0
332.5056 	 	RESP   0 G1 ANSWER -3
332.5056 	 	FEEDB  FAIL 5 of 6
333.5539 	 	CUE
334.0686 	 	STIM   2, 0, 0, 0 RULE G1
334.4173 	 	TGT    1,2,0,0; 0,3,0,0; 3,0,0,0; 2,1,0,0
336.3760 	 	RESP   0 G1 ANSWER -1
336.3760 	 	FEEDB  FAIL 5 of 6
337.4399 	 	CUE
337.9576 	 	STIM   0, 2, 0, 0 RULE G1
338.3078 	 	TGT    1,2,0,0; 0,3,0,0; 3,0,0,0; 2,1,0,0
339.1025 	 	RESP   1 G1 ANSWER 2
339.1025 	 	FEEDB  CORRECT 6 of 6
340.1447 	 	CUE
340.6621 	 	STIM   3, 3, 0, 0 RULE G2
341.0127 	 	TGT    1,2,0,0; 0,3,0,0; 3,0,0,0; 2,1,0,0
341.3975 	 	RESP   1 G2 ANSWER 2
341.3975 	 	FEEDB  CORRECT 1 of 7
342.4655 	 	CUE
342.9831 	 	STIM   1, 0, 0, 0 RULE G2
343.3337 	 	TGT    1,2,0,0; 0,3,0,0; 3,0,0,0; 2,1,0,0
343.7480 	 	RESP   1 G2 ANSWER 3
343.7480 	 	FEEDB  CORRECT 2 of 7
344.8045 	 	CUE
345.3212 	 	STIM   3, 2, 0, 0 RULE G2
345.6710 	 	TGT    1,2,0,0; 0,3,0,0; 3,0,0,0; 2,1,0,0
346.1310 	 	RESP   1 G2 ANSWER 1
346.1310 	 	FEEDB  CORRECT 3 of 7
347.1910 	 	CUE
347.7083 	 	STIM   2, 3, 0, 0 RULE G2
348.0589 	 	TGT    1,2,0,0; 0,3,0,0; 3,0,0,0; 2,1,0,0
348.7535 	 	RESP   1 G2 ANSWER 2
348.7535 	 	FEEDB  CORRECT 4 of 7
349.7970 	 	CUE
350.3136 	 	STIM   0, 1, 0, 0 RULE G2
350.6634 	 	TGT    1,2,0,0; 0,3,0,0; 3,0,0,0; 2,1,0,0
351.1366 	 	RESP   1 G2 ANSWER 4
351.1366 	 	FEEDB  CORRECT 5 of 7
352.1835 	 	CUE
352.7009 	 	STIM   1, 1, 0, 0 RULE G2
353.0513 	 	TGT    1,2,0,0; 0,3,0,0; 3,0,0,0; 2,1,0,0
353.4234 	 	RESP   1 G2 ANSWER 4
353.4234 	 	FEEDB  CORRECT 6 of 7
354.4759 	 	CUE
354.9902 	 	STIM   2, 2, 0, 0 RULE G2
355.3390 	 	TGT    1,2,0,0; 0,3,0,0; 3,0,0,0; 2,1,0,0
355.7180 	 	RESP   1 G2 ANSWER 1
355.7181 	 	FEEDB  CORRECT 7 of 7
356.7583 	 	CUE
357.2761 	 	STIM   3, 1, 0, 0 RULE G1
357.6261 	 	TGT    1,2,0,0; 0,3,0,0; 3,0,0,0; 2,1,0,0
358.1730 	 	RESP   0 G1 ANSWER -4
358.1730 	 	FEEDB  FAIL 0 of 5
359.2144 	 	CUE
359.7306 	 	STIM   2, 2, 0, 0 RULE G1
360.0809 	 	TGT    1,2,0,0; 0,3,0,0; 3,0,0,0; 2,1,0,0
361.7470 	 	RESP   1 G1 ANSWER 4
361.7470 	 	FEEDB  CORRECT 1 of 5
362.7908 	 	CUE
363.3045 	 	STIM   3, 1, 0, 0 RULE G1
363.6540 	 	TGT    1,2,0,0; 0,3,0,0; 3,0,0,0; 2,1,0,0
364.8016 	 	RESP   0 G1 ANSWER -2
364.8016 	 	FEEDB  FAIL 1 of 5
365.8417 	 	CUE
366.3597 	 	STIM   0, 2, 0, 0 RULE G1
366.7095 	 	TGT    1,2,0,0; 0,3,0,0; 3,0,0,0; 2,1,0,0
367.8240 	 	RESP   1 G1 ANSWER 2
367.8240 	 	FEEDB  CORRECT 2 of 5
368.8639 	 	CUE
369.3821 	 	STIM   1, 3, 0, 0 RULE G1
369.7317 	 	TGT    1,2,0,0; 0,3,0,0; 3,0,0,0; 2,1,0,0
372.3180 	 	RESP   1 G1 ANSWER 1
372.3180 	 	FEEDB  CORRECT 3 of 5
373.3890 	 	CUE
373.9064 	 	STIM   3, 3, 0, 0 RULE G1
374.2570 	 	TGT    1,2,0,0; 0,3,0,0; 3,0,0,0; 2,1,0,0
375.5240 	 	RESP   1 G1 ANSWER 3
375.5240 	 	FEEDB  CORRECT 4 of 5
376.5945 	 	CUE
377.1125 	 	STIM   1, 3, 0, 0 RULE G1
377.4626 	 	TGT    1,2,0,0; 0,3,0,0; 3,0,0,0; 2,1,0,0
378.6585 	 	RESP   1 G1 ANSWER 1
378.6586 	 	FEEDB  CORRECT 5 of 5
379.7018 	 	CUE
380.2184 	 	STIM   2, 3, 0, 0 RULE G2
380.5681 	 	TGT    1,2,0,0; 0,3,0,0; 3,0,0,0; 2,1,0,0
380.9455 	 	RESP   1 G2 ANSWER 2
380.9455 	 	FEEDB  CORRECT 1 of 5
381.9880 	 	CUE
382.5054 	 	STIM   3, 1, 0, 0 RULE G2
382.8559 	 	TGT    1,2,0,0; 0,3,0,0; 3,0,0,0; 2,1,0,0
383.2165 	 	RESP   1 G2 ANSWER 4
383.2165 	 	FEEDB  CORRECT 2 of 5
384.2629 	 	CUE
384.7770 	 	STIM   0, 0, 0, 0 RULE G2
385.1268 	 	TGT    1,2,0,0; 0,3,0,0; 3,0,0,0; 2,1,0,0
385.5191 	 	RESP   1 G2 ANSWER 3
385.5191 	 	FEEDB  CORRECT 3 of 5
386.5628 	 	CUE
387.0806 	 	STIM   1, 3, 0, 0 RULE G2
387.4308 	 	TGT    1,2,0,0; 0,3,0,0; 3,0,0,0; 2,1,0,0
387.8940 	 	RESP   1 G2 ANSWER 2
387.8940 	 	FEEDB  CORRECT 4 of 5
388.9354 	 	CUE
389.4518 	 	STIM   1, 3, 0, 0 RULE G2
389.8018 	 	TGT    1,2,0,0; 0,3,0,0; 3,0,0,0; 2,1,0,0
390.7646 	 	RESP   1 G2 ANSWER 2
390.7646 	 	FEEDB  CORRECT 5 of 5
393.7574 	 	Running set .\configs\sets\face4_patch.json
393.7577 	 	Using deck: 0: 2,3,0,0 | 1: 3,0,0,0 | 2: 0,1,0,0 | 3: 1,2,0,0 
395.1970 	 	CUE
395.7131 	 	STIM   1, 1, 0, 0 RULE G2
396.0635 	 	TGT    2,3,0,0; 0,0,0,0; 3,1,0,0; 1,2,0,0
396.6016 	 	RESP   1 G2 ANSWER 3
396.6016 	 	FEEDB  CORRECT 1 of 6
397.6498 	 	CUE
398.1677 	 	STIM   0, 3, 0, 0 RULE G2
398.5177 	 	TGT    2,3,0,0; 0,0,0,0; 3,1,0,0; 1,2,0,0
398.9445 	 	RESP   1 G2 ANSWER 1
398.9445 	 	FEEDB  CORRECT 2 of 6
399.9876 	 	CUE
400.5050 	 	STIM   0, 3, 0, 0 RULE G2
400.8555 	 	TGT    2,3,0,0; 0,0,0,0; 3,1,0,0; 1,2,0,0
401.2555 	 	RESP   1 G2 ANSWER 1
401.2555 	 	FEEDB  CORRECT 3 of 6
402.3256 	 	CUE
402.8429 	 	STIM   1, 3, 0, 0 RULE G2
403.1933 	 	TGT    2,3,0,0; 0,0,0,0; 3,1,0,0; 1,2,0,0
403.5420 	 	RESP   1 G2 ANSWER 1
403.5420 	 	FEEDB  CORRECT 4 of 6
404.5959 	 	CUE
405.1137 	 	STIM   3, 0, 0, 0 RULE G2
405.4637 	 	TGT    2,3,0,0; 0,0,0,0; 3,1,0,0; 1,2,0,0
406.0370 	 	RESP   1 G2 ANSWER 2
406.0370 	 	FEEDB  CORRECT 5 of 6
407.1188 	 	CUE
407.6350 	 	STIM   2, 0, 0, 0 RULE G2
407.9852 	 	TGT    2,3,0,0; 0,0,0,0; 3,1,0,0; 1,2,0,0
408.2601 	 	RESP   1 G2 ANSWER 2
408.2601 	 	FEEDB  CORRECT 6 of 6
409.3215 	 	CUE
409.8389 	 	STIM   2, 2, 0, 0 RULE G1
410.1894 	 	TGT    2,3,0,0; 0,0,0,0; 3,1,0,0; 1,2,0,0
410.6905 	 	RESP   0 G1 ANSWER -4
410.6905 	 	FEEDB  FAIL 0 of 5
411.7465 	 	CUE
412.2609 	 	STIM   0, 3, 0, 0 RULE G1
412.6102 	 	TGT    2,3,0,0; 0,0,0,0; 3,1,0,0; 1,2,0,0
414.1770 	 	RESP   1 G1 ANSWER 2
414.1770 	 	FEEDB  CORRECT 1 of 5
415.2202 	 	CUE
415.7347 	 	STIM   3, 0, 0, 0 RULE G1
416.0834 	 	TGT    2,3,0,0; 0,0,0,0; 3,1,0,0; 1,2,0,0
417.2958 	 	RESP   1 G1 ANSWER 3
417.2958 	 	FEEDB  CORRECT 2 of 5
418.3381 	 	CUE
418.8557 	 	STIM   0, 2, 0, 0 RULE G1
419.2059 	 	TGT    2,3,0,0; 0,0,0,0; 3,1,0,0; 1,2,0,0
420.6776 	 	RESP   0 G1 ANSWER -1
420.6776 	 	FEEDB  FAIL 2 of 5
421.7442 	 	CUE
422.2621 	 	STIM   0, 2, 0, 0 RULE G1
422.6118 	 	TGT    2,3,0,0; 0,0,0,0; 3,1,0,0; 1,2,0,0
424.5715 	 	RESP   1 G1 ANSWER 2
424.5715 	 	FEEDB  CORRECT 3 of 5
425.6226 	 	CUE
426.1373 	 	STIM   1, 3, 0, 0 RULE G1
426.4856 	 	TGT    2,3,0,0; 0,0,0,0; 3,1,0,0; 1,2,0,0
428.1060 	 	RESP   1 G1 ANSWER 4
428.1060 	 	FEEDB  CORRECT 4 of 5
429.1747 	 	CUE
429.6920 	 	STIM   3, 2, 0, 0 RULE G1
430.0424 	 	TGT    2,3,0,0; 0,0,0,0; 3,1,0,0; 1,2,0,0
431.0565 	 	RESP   0 G1 ANSWER -4
431.0565 	 	FEEDB  FAIL 4 of 5
432.0964 	 	CUE
432.6140 	 	STIM   3, 3, 0, 0 RULE G1
432.9643 	 	TGT    2,3,0,0; 0,0,0,0; 3,1,0,0; 1,2,0,0
434.0633 	 	RESP   0 G1 ANSWER -1
434.0633 	 	FEEDB  FAIL 4 of 5
435.1019 	 	CUE
435.6195 	 	STIM   1, 1, 0, 0 RULE G1
435.9699 	 	TGT    2,3,0,0; 0,0,0,0; 3,1,0,0; 1,2,0,0
436.3819 	 	RESP   0 G1 ANSWER -3
436.3819 	 	FEEDB  FAIL 4 of 5
437.4227 	 	CUE
437.9404 	 	STIM   1, 3, 0, 0 RULE G1
438.2909 	 	TGT    2,3,0,0; 0,0,0,0; 3,1,0,0; 1,2,0,0
439.3563 	 	RESP   0 G1 ANSWER -2
439.3563 	 	FEEDB  FAIL 4 of 5
440.3998 	 	CUE
440.9132 	 	STIM   0, 2, 0, 0 RULE G1
441.2630 	 	TGT    2,3,0,0; 0,0,0,0; 3,1,0,0; 1,2,0,0
442.4586 	 	RESP   0 G1 ANSWER -1
442.4586 	 	FEEDB  FAIL 4 of 5
443.5004 	 	CUE
444.0184 	 	STIM   2, 1, 0, 0 RULE G1
444.3686 	 	TGT    2,3,0,0; 0,0,0,0; 3,1,0,0; 1,2,0,0
445.3135 	 	RESP   0 G1 ANSWER -3
445.3135 	 	FEEDB  FAIL 4 of 5
446.3560 	 	CUE
446.8798 	 	STIM   2, 1, 0, 0 RULE G1
447.2238 	 	TGT    2,3,0,0; 0,0,0,0; 3,1,0,0; 1,2,0,0
448.3838 	 	RESP   1 G1 ANSWER 1
448.3838 	 	FEEDB  CORRECT 5 of 5
449.4279 	 	CUE
449.9459 	 	STIM   2, 1, 0, 0 RULE G2
450.2963 	 	TGT    2,3,0,0; 0,0,0,0; 3,1,0,0; 1,2,0,0
450.7506 	 	RESP   1 G2 ANSWER 3
450.7506 	 	FEEDB  CORRECT 1 of 7
451.7991 	 	CUE
452.3170 	 	STIM   0, 3, 0, 0 RULE G2
452.6669 	 	TGT    2,3,0,0; 0,0,0,0; 3,1,0,0; 1,2,0,0
453.0856 	 	RESP   1 G2 ANSWER 1
453.0856 	 	FEEDB  CORRECT 2 of 7
454.1415 	 	CUE
454.6550 	 	STIM   2, 0, 0, 0 RULE G2
455.0047 	 	TGT    2,3,0,0; 0,0,0,0; 3,1,0,0; 1,2,0,0
455.4201 	 	RESP   1 G2 ANSWER 2
455.4201 	 	FEEDB  CORRECT 3 of 7
456.4741 	 	CUE
456.9920 	 	STIM   0, 3, 0, 0 RULE G2
457.3424 	 	TGT    2,3,0,0; 0,0,0,0; 3,1,0,0; 1,2,0,0
457.8110 	 	RESP   1 G2 ANSWER 1
457.8110 	 	FEEDB  CORRECT 4 of 7
458.8667 	 	CUE
459.3815 	 	STIM   3, 3, 0, 0 RULE G2
459.7299 	 	TGT    2,3,0,0; 0,0,0,0; 3,1,0,0; 1,2,0,0
460.1380 	 	RESP   1 G2 ANSWER 1
460.1380 	 	FEEDB  CORRECT 5 of 7
461.1831 	 	CUE
461.7005 	 	STIM   2, 2, 0, 0 RULE G2
462.0510 	 	TGT    2,3,0,0; 0,0,0,0; 3,1,0,0; 1,2,0,0
462.4167 	 	RESP   1 G2 ANSWER 4
462.4167 	 	FEEDB  CORRECT 6 of 7
463.4759 	 	CUE
463.9898 	 	STIM   3, 2, 0, 0 RULE G2
464.3385 	 	TGT    2,3,0,0; 0,0,0,0; 3,1,0,0; 1,2,0,0
464.6318 	 	RESP   1 G2 ANSWER 4
464.6318 	 	FEEDB  CORRECT 7 of 7
465.6744 	 	CUE
466.1922 	 	STIM   3, 0, 0, 0 RULE G1
466.5423 	 	TGT    2,3,0,0; 0,0,0,0; 3,1,0,0; 1,2,0,0
466.9986 	 	RESP   0 G1 ANSWER -2
466.9986 	 	FEEDB  FAIL 0 of 6
468.0471 	 	CUE
468.5632 	 	STIM   0, 2, 0, 0 RULE G1
468.9135 	 	TGT    2,3,0,0; 0,0,0,0; 3,1,0,0; 1,2,0,0
469.5090 	 	RESP   0 G1 ANSWER -4
469.5090 	 	FEEDB  FAIL 0 of 6
470.5499 	 	CUE
471.0678 	 	STIM   1, 3, 0, 0 RULE G1
471.4180 	 	TGT    2,3,0,0; 0,0,0,0; 3,1,0,0; 1,2,0,0
473.3713 	 	RESP   0 G1 ANSWER -3
473.3714 	 	FEEDB  FAIL 0 of 6
474.4404 	 	CUE
474.9583 	 	STIM   0, 2, 0, 0 RULE G1
475.3087 	 	TGT    2,3,0,0; 0,0,0,0; 3,1,0,0; 1,2,0,0
476.8813 	 	RESP   1 G1 ANSWER 2
476.8814 	 	FEEDB  CORRECT 1 of 6
477.9352 	 	CUE
478.4494 	 	STIM   0, 3, 0, 0 RULE G1
478.7982 	 	TGT    2,3,0,0; 0,0,0,0; 3,1,0,0; 1,2,0,0
479.9200 	 	RESP   0 G1 ANSWER -3
479.9200 	 	FEEDB  FAIL 1 of 6
480.9692 	 	CUE
481.4868 	 	STIM   3, 0, 0, 0 RULE G1
481.8371 	 	TGT    2,3,0,0; 0,0,0,0; 3,1,0,0; 1,2,0,0
484.8055 	 	RESP   1 G1 ANSWER 3
484.8055 	 	FEEDB  CORRECT 2 of 6
485.8496 	 	CUE
486.3642 	 	STIM   3, 3, 0, 0 RULE G1
486.7127 	 	TGT    2,3,0,0; 0,0,0,0; 3,1,0,0; 1,2,0,0
487.7801 	 	RESP   1 G1 ANSWER 3
487.7801 	 	FEEDB  CORRECT 3 of 6
488.8502 	 	CUE
489.3681 	 	STIM   1, 0, 0, 0 RULE G1
489.7181 	 	TGT    2,3,0,0; 0,0,0,0; 3,1,0,0; 1,2,0,0
490.0910 	 	RESP   0 G1 ANSWER -3
490.0911 	 	FEEDB  FAIL 3 of 6
491.1380 	 	CUE
491.6553 	 	STIM   0, 2, 0, 0 RULE G1
492.0059 	 	TGT    2,3,0,0; 0,0,0,0; 3,1,0,0; 1,2,0,0
492.8575 	 	RESP   0 G1 ANSWER -3
492.8575 	 	FEEDB  FAIL 3 of 6
493.9263 	 	CUE
494.4436 	 	STIM   1, 1, 0, 0 RULE G1
494.7941 	 	TGT    2,3,0,0; 0,0,0,0; 3,1,0,0; 1,2,0,0
494.8406 	 	RESP   0 G1 ANSWER -3
494.8406 	 	FEEDB  FAIL 3 of 6
495.8798 	 	CUE
496.3976 	 	STIM   3, 3, 0, 0 RULE G1
496.7478 	 	TGT    2,3,0,0; 0,0,0,0; 3,1,0,0; 1,2,0,0
497.0716 	 	RESP   1 G1 ANSWER 3
497.0716 	 	FEEDB  CORRECT 4 of 6
498.1174 	 	CUE
498.6348 	 	STIM   0, 2, 0, 0 RULE G1
498.9852 	 	TGT    2,3,0,0; 0,0,0,0; 3,1,0,0; 1,2,0,0
499.4221 	 	RESP   0 G1 ANSWER -3
499.4221 	 	FEEDB  FAIL 4 of 6
500.4780 	 	CUE
500.9920 	 	STIM   1, 0, 0, 0 RULE G1
501.3396 	 	TGT    2,3,0,0; 0,0,0,0; 3,1,0,0; 1,2,0,0
501.6930 	 	RESP   0 G1 ANSWER -3
501.6931 	 	FEEDB  FAIL 4 of 6
502.7423 	 	CUE
503.2603 	 	STIM   3, 3, 0, 0 RULE G1
503.6103 	 	TGT    2,3,0,0; 0,0,0,0; 3,1,0,0; 1,2,0,0
503.9400 	 	RESP   1 G1 ANSWER 3
503.9401 	 	FEEDB  CORRECT 5 of 6
504.9837 	 	CUE
505.4980 	 	STIM   2, 2, 0, 0 RULE G1
505.8477 	 	TGT    2,3,0,0; 0,0,0,0; 3,1,0,0; 1,2,0,0
506.2351 	 	RESP   0 G1 ANSWER -4
506.2351 	 	FEEDB  FAIL 5 of 6
507.2843 	 	CUE
507.8017 	 	STIM   3, 2, 0, 0 RULE G1
508.1522 	 	TGT    2,3,0,0; 0,0,0,0; 3,1,0,0; 1,2,0,0
508.6016 	 	RESP   1 G1 ANSWER 3
508.6016 	 	FEEDB  CORRECT 6 of 6
509.6564 	 	CUE
510.1731 	 	STIM   3, 3, 0, 0 RULE G2
510.5228 	 	TGT    2,3,0,0; 0,0,0,0; 3,1,0,0; 1,2,0,0
510.9125 	 	RESP   1 G2 ANSWER 1
510.9125 	 	FEEDB  CORRECT 1 of 5
511.9594 	 	CUE
512.4767 	 	STIM   0, 3, 0, 0 RULE G2
512.8272 	 	TGT    2,3,0,0; 0,0,0,0; 3,1,0,0; 1,2,0,0
513.2716 	 	RESP   1 G2 ANSWER 1
513.2716 	 	FEEDB  CORRECT 2 of 5
514.3185 	 	CUE
514.8319 	 	STIM   2, 1, 0, 0 RULE G2
515.1816 	 	TGT    2,3,0,0; 0,0,0,0; 3,1,0,0; 1,2,0,0
515.6781 	 	RESP   1 G2 ANSWER 3
515.6781 	 	FEEDB  CORRECT 3 of 5
516.7179 	 	CUE
517.2358 	 	STIM   2, 0, 0, 0 RULE G2
517.5858 	 	TGT    2,3,0,0; 0,0,0,0; 3,1,0,0; 1,2,0,0
517.9331 	 	RESP   1 G2 ANSWER 2
517.9331 	 	FEEDB  CORRECT 4 of 5
520.0762 	 	CUE
520.5918 	 	STIM   0, 1, 0, 0 RULE G2
520.9422 	 	TGT    2,3,0,0; 0,0,0,0; 3,1,0,0; 1,2,0,0
523.3464 	 	RESP   1 G2 ANSWER 3
523.3464 	 	FEEDB  CORRECT 5 of 5
524.4000 	 	CUE
524.9166 	 	STIM   3, 0, 0, 0 RULE G1
525.2669 	 	TGT    2,3,0,0; 0,0,0,0; 3,1,0,0; 1,2,0,0
526.7205 	 	RESP   0 G1 ANSWER -2
526.7205 	 	FEEDB  FAIL 0 of 7
527.7717 	 	CUE
528.2894 	 	STIM   1, 1, 0, 0 RULE G1
528.6394 	 	TGT    2,3,0,0; 0,0,0,0; 3,1,0,0; 1,2,0,0
530.6625 	 	RESP   0 G1 ANSWER -1
530.6625 	 	FEEDB  FAIL 0 of 7
531.7134 	 	CUE
532.2302 	 	STIM   1, 3, 0, 0 RULE G1
532.5800 	 	TGT    2,3,0,0; 0,0,0,0; 3,1,0,0; 1,2,0,0
538.6186 	 	RESP   0 G1 ANSWER -2
538.6186 	 	FEEDB  FAIL 0 of 7
539.6647 	 	CUE
540.1797 	 	STIM   2, 0, 0, 0 RULE G1
540.5278 	 	TGT    2,3,0,0; 0,0,0,0; 3,1,0,0; 1,2,0,0
544.7196 	 	RESP   0 G1 ANSWER -4
544.7196 	 	FEEDB  FAIL 0 of 7
545.7878 	 	CUE
546.3056 	 	STIM   1, 1, 0, 0 RULE G1
546.6558 	 	TGT    2,3,0,0; 0,0,0,0; 3,1,0,0; 1,2,0,0
547.6380 	 	RESP   0 G1 ANSWER -1
547.6380 	 	FEEDB  FAIL 0 of 7
548.6982 	 	CUE
549.2127 	 	STIM   2, 0, 0, 0 RULE G1
549.5610 	 	TGT    2,3,0,0; 0,0,0,0; 3,1,0,0; 1,2,0,0
550.2930 	 	RESP   0 G1 ANSWER -4
550.2930 	 	FEEDB  FAIL 0 of 7
551.3314 	 	CUE
551.8490 	 	STIM   3, 2, 0, 0 RULE G1
552.1995 	 	TGT    2,3,0,0; 0,0,0,0; 3,1,0,0; 1,2,0,0
553.2675 	 	RESP   0 G1 ANSWER -1
553.2675 	 	FEEDB  FAIL 0 of 7
554.3369 	 	CUE
554.8545 	 	STIM   3, 3, 0, 0 RULE G1
555.2049 	 	TGT    2,3,0,0; 0,0,0,0; 3,1,0,0; 1,2,0,0
555.5141 	 	RESP   0 G1 ANSWER -1
555.5141 	 	FEEDB  FAIL 0 of 7
556.5624 	 	CUE
557.0770 	 	STIM   1, 1, 0, 0 RULE G1
557.4254 	 	TGT    2,3,0,0; 0,0,0,0; 3,1,0,0; 1,2,0,0
558.0490 	 	RESP   0 G1 ANSWER -2
558.0490 	 	FEEDB  FAIL 0 of 7
559.0957 	 	CUE
559.6131 	 	STIM   3, 0, 0, 0 RULE G1
559.9636 	 	TGT    2,3,0,0; 0,0,0,0; 3,1,0,0; 1,2,0,0
561.5190 	 	RESP   0 G1 ANSWER -4
561.5190 	 	FEEDB  FAIL 0 of 7
562.5733 	 	CUE
563.0881 	 	STIM   2, 2, 0, 0 RULE G1
563.4364 	 	TGT    2,3,0,0; 0,0,0,0; 3,1,0,0; 1,2,0,0
564.2381 	 	RESP   1 G1 ANSWER 1
564.2381 	 	FEEDB  CORRECT 1 of 7
565.2904 	 	CUE
565.8079 	 	STIM   1, 0, 0, 0 RULE G1
566.1584 	 	TGT    2,3,0,0; 0,0,0,0; 3,1,0,0; 1,2,0,0
567.4361 	 	RESP   0 G1 ANSWER -3
567.4361 	 	FEEDB  FAIL 1 of 7
568.4841 	 	CUE
568.9988 	 	STIM   2, 1, 0, 0 RULE G1
569.3473 	 	TGT    2,3,0,0; 0,0,0,0; 3,1,0,0; 1,2,0,0
570.9545 	 	RESP   0 G1 ANSWER -2
570.9545 	 	FEEDB  FAIL 1 of 7
572.0072 	 	CUE
572.5218 	 	STIM   3, 3, 0, 0 RULE G1
572.8706 	 	TGT    2,3,0,0; 0,0,0,0; 3,1,0,0; 1,2,0,0
573.3054 	 	RESP   0 G1 ANSWER -1
573.3055 	 	FEEDB  FAIL 1 of 7
574.3567 	 	CUE
574.8746 	 	STIM   1, 1, 0, 0 RULE G1
575.2250 	 	TGT    2,3,0,0; 0,0,0,0; 3,1,0,0; 1,2,0,0
578.2949 	 	RESP   1 G1 ANSWER 4
578.2949 	 	FEEDB  CORRECT 2 of 7
579.3660 	 	CUE
579.8837 	 	STIM   2, 0, 0, 0 RULE G1
580.2343 	 	TGT    2,3,0,0; 0,0,0,0; 3,1,0,0; 1,2,0,0
583.2045 	 	RESP   1 G1 ANSWER 1
583.2045 	 	FEEDB  CORRECT 3 of 7
584.2753 	 	CUE
584.7926 	 	STIM   1, 3, 0, 0 RULE G1
585.1431 	 	TGT    2,3,0,0; 0,0,0,0; 3,1,0,0; 1,2,0,0
587.5941 	 	RESP   1 G1 ANSWER 4
587.5941 	 	FEEDB  CORRECT 4 of 7
588.6378 	 	CUE
589.1525 	 	STIM   0, 1, 0, 0 RULE G1
589.5008 	 	TGT    2,3,0,0; 0,0,0,0; 3,1,0,0; 1,2,0,0
600.8756 	 	RESP   1 G1 ANSWER 2
600.8756 	 	FEEDB  CORRECT 5 of 7
601.9255 	 	CUE
602.4417 	 	STIM   1, 3, 0, 0 RULE G1
602.7919 	 	TGT    2,3,0,0; 0,0,0,0; 3,1,0,0; 1,2,0,0
603.6741 	 	RESP   0 G1 ANSWER -1
603.6741 	 	FEEDB  FAIL 5 of 7
604.7291 	 	CUE
605.2470 	 	STIM   3, 0, 0, 0 RULE G1
605.5970 	 	TGT    2,3,0,0; 0,0,0,0; 3,1,0,0; 1,2,0,0
607.0805 	 	RESP   0 G1 ANSWER -2
607.0805 	 	FEEDB  FAIL 5 of 7
608.1355 	 	CUE
608.6532 	 	STIM   1, 1, 0, 0 RULE G1
609.0034 	 	TGT    2,3,0,0; 0,0,0,0; 3,1,0,0; 1,2,0,0
611.7260 	 	RESP   1 G1 ANSWER 4
611.7260 	 	FEEDB  CORRECT 6 of 7
612.7940 	 	CUE
613.3115 	 	STIM   2, 0, 0, 0 RULE G1
613.6618 	 	TGT    2,3,0,0; 0,0,0,0; 3,1,0,0; 1,2,0,0
614.2689 	 	RESP   0 G1 ANSWER -2
614.2689 	 	FEEDB  FAIL 6 of 7
615.3195 	 	CUE
615.8336 	 	STIM   3, 3, 0, 0 RULE G1
616.1833 	 	TGT    2,3,0,0; 0,0,0,0; 3,1,0,0; 1,2,0,0
617.6990 	 	RESP   0 G1 ANSWER -1
617.6990 	 	FEEDB  FAIL 6 of 7
618.7448 	 	CUE
619.2586 	 	STIM   0, 2, 0, 0 RULE G1
619.6060 	 	TGT    2,3,0,0; 0,0,0,0; 3,1,0,0; 1,2,0,0
622.0250 	 	RESP   0 G1 ANSWER -4
622.0250 	 	FEEDB  FAIL 6 of 7
623.0846 	 	CUE
623.5976 	 	STIM   2, 0, 0, 0 RULE G1
623.9475 	 	TGT    2,3,0,0; 0,0,0,0; 3,1,0,0; 1,2,0,0
625.2953 	 	RESP   0 G1 ANSWER -3
625.2953 	 	FEEDB  FAIL 6 of 7
626.3352 	 	CUE
626.8533 	 	STIM   0, 3, 0, 0 RULE G1
627.2035 	 	TGT    2,3,0,0; 0,0,0,0; 3,1,0,0; 1,2,0,0
628.1341 	 	RESP   0 G1 ANSWER -4
628.1341 	 	FEEDB  FAIL 6 of 7
629.1741 	 	CUE
629.6917 	 	STIM   0, 2, 0, 0 RULE G1
630.0420 	 	TGT    2,3,0,0; 0,0,0,0; 3,1,0,0; 1,2,0,0
630.4685 	 	RESP   0 G1 ANSWER -4
630.4685 	 	FEEDB  FAIL 6 of 7
631.5115 	 	CUE
632.0294 	 	STIM   0, 3, 0, 0 RULE G1
632.3793 	 	TGT    2,3,0,0; 0,0,0,0; 3,1,0,0; 1,2,0,0
634.3866 	 	RESP   1 G1 ANSWER 2
634.3866 	 	FEEDB  CORRECT 7 of 7
635.4257 	 	Running set .\configs\sets\letterCGOQ_patch.json
635.4259 	 	Using deck: 0: 1,1,0,0 | 1: 2,3,0,0 | 2: 3,2,0,0 | 3: 0,0,0,0 
636.8758 	 	CUE
637.3905 	 	STIM   0, 3, 0, 0 RULE G1
637.7393 	 	TGT    1,1,0,0; 2,3,0,0; 0,2,0,0; 3,0,0,0
638.5925 	 	RESP   0 G1 ANSWER -2
638.5926 	 	FEEDB  FAIL 0 of 6
639.6597 	 	CUE
640.1777 	 	STIM   2, 1, 0, 0 RULE G1
640.5277 	 	TGT    1,1,0,0; 2,3,0,0; 0,2,0,0; 3,0,0,0
641.2235 	 	RESP   0 G1 ANSWER -1
641.2235 	 	FEEDB  FAIL 0 of 6
642.2814 	 	CUE
642.7989 	 	STIM   3, 3, 0, 0 RULE G1
643.1494 	 	TGT    1,1,0,0; 2,3,0,0; 0,2,0,0; 3,0,0,0
645.2375 	 	RESP   0 G1 ANSWER -3
645.2375 	 	FEEDB  FAIL 0 of 6
646.3219 	 	CUE
646.8397 	 	STIM   0, 0, 0, 0 RULE G1
647.1901 	 	TGT    1,1,0,0; 2,3,0,0; 0,2,0,0; 3,0,0,0
657.3433 	 	RESP   0 G1 ANSWER -2
657.3433 	 	FEEDB  FAIL 0 of 6
658.4273 	 	CUE
658.9452 	 	STIM   1, 0, 0, 0 RULE G1
659.2954 	 	TGT    1,1,0,0; 2,3,0,0; 0,2,0,0; 3,0,0,0
665.0435 	 	RESP   1 G1 ANSWER 1
665.0436 	 	FEEDB  CORRECT 1 of 6
666.0965 	 	CUE
666.6108 	 	STIM   1, 0, 0, 0 RULE G1
666.9596 	 	TGT    1,1,0,0; 2,3,0,0; 0,2,0,0; 3,0,0,0
678.2689 	 	RESP   0 G1 ANSWER -4
678.2689 	 	FEEDB  FAIL 1 of 6
679.3324 	 	CUE
679.8503 	 	STIM   3, 2, 0, 0 RULE G1
680.2007 	 	TGT    1,1,0,0; 2,3,0,0; 0,2,0,0; 3,0,0,0
681.9871 	 	RESP   0 G1 ANSWER -1
681.9871 	 	FEEDB  FAIL 1 of 6
683.0563 	 	CUE
683.5736 	 	STIM   1, 3, 0, 0 RULE G1
683.9239 	 	TGT    1,1,0,0; 2,3,0,0; 0,2,0,0; 3,0,0,0
685.0975 	 	RESP   1 G1 ANSWER 1
685.0976 	 	FEEDB  CORRECT 2 of 6
686.1452 	 	CUE
686.6627 	 	STIM   0, 0, 0, 0 RULE G1
687.0130 	 	TGT    1,1,0,0; 2,3,0,0; 0,2,0,0; 3,0,0,0
687.8400 	 	RESP   0 G1 ANSWER -2
687.8400 	 	FEEDB  FAIL 2 of 6
688.9000 	 	CUE
689.4175 	 	STIM   0, 1, 0, 0 RULE G1
689.7679 	 	TGT    1,1,0,0; 2,3,0,0; 0,2,0,0; 3,0,0,0
691.6221 	 	RESP   1 G1 ANSWER 3
691.6221 	 	FEEDB  CORRECT 3 of 6
692.6903 	 	CUE
693.2081 	 	STIM   3, 3, 0, 0 RULE G1
693.5581 	 	TGT    1,1,0,0; 2,3,0,0; 0,2,0,0; 3,0,0,0
694.6926 	 	RESP   1 G1 ANSWER 4
694.6926 	 	FEEDB  CORRECT 4 of 6
695.7473 	 	CUE
696.2637 	 	STIM   0, 0, 0, 0 RULE G1
696.6137 	 	TGT    1,1,0,0; 2,3,0,0; 0,2,0,0; 3,0,0,0
697.5231 	 	RESP   0 G1 ANSWER -2
697.5231 	 	FEEDB  FAIL 4 of 6
698.5676 	 	CUE
699.0878 	 	STIM   0, 1, 0, 0 RULE G1
699.4355 	 	TGT    1,1,0,0; 2,3,0,0; 0,2,0,0; 3,0,0,0
699.9299 	 	RESP   1 G1 ANSWER 3
699.9299 	 	FEEDB  CORRECT 5 of 6
700.9889 	 	CUE
701.5063 	 	STIM   2, 0, 0, 0 RULE G1
701.8567 	 	TGT    1,1,0,0; 2,3,0,0; 0,2,0,0; 3,0,0,0
702.4649 	 	RESP   0 G1 ANSWER -4
702.4649 	 	FEEDB  FAIL 5 of 6
703.5137 	 	CUE
704.0285 	 	STIM   0, 1, 0, 0 RULE G1
704.3779 	 	TGT    1,1,0,0; 2,3,0,0; 0,2,0,0; 3,0,0,0
706.0150 	 	RESP   1 G1 ANSWER 3
706.0151 	 	FEEDB  CORRECT 6 of 6
707.0682 	 	CUE
707.5843 	 	STIM   0, 1, 0, 0 RULE G2
707.9347 	 	TGT    1,1,0,0; 2,3,0,0; 0,2,0,0; 3,0,0,0
708.3656 	 	RESP   1 G2 ANSWER 1
708.3656 	 	FEEDB  CORRECT 1 of 6
709.4207 	 	CUE
709.9386 	 	STIM   3, 3, 0, 0 RULE G2
710.2887 	 	TGT    1,1,0,0; 2,3,0,0; 0,2,0,0; 3,0,0,0
710.7486 	 	RESP   1 G2 ANSWER 2
710.7486 	 	FEEDB  CORRECT 2 of 6
711.7933 	 	CUE
712.3095 	 	STIM   3, 3, 0, 0 RULE G2
712.6598 	 	TGT    1,1,0,0; 2,3,0,0; 0,2,0,0; 3,0,0,0
713.0036 	 	RESP   1 G2 ANSWER 2
713.0036 	 	FEEDB  CORRECT 3 of 6
714.0629 	 	CUE
714.5803 	 	STIM   2, 2, 0, 0 RULE G2
714.9308 	 	TGT    1,1,0,0; 2,3,0,0; 0,2,0,0; 3,0,0,0
716.1860 	 	RESP   1 G2 ANSWER 3
716.1861 	 	FEEDB  CORRECT 4 of 6
717.2367 	 	CUE
717.7530 	 	STIM   2, 2, 0, 0 RULE G2
718.1034 	 	TGT    1,1,0,0; 2,3,0,0; 0,2,0,0; 3,0,0,0
718.5205 	 	RESP   1 G2 ANSWER 3
718.5205 	 	FEEDB  CORRECT 5 of 6
719.5894 	 	CUE
720.1073 	 	STIM   1, 2, 0, 0 RULE G2
720.4573 	 	TGT    1,1,0,0; 2,3,0,0; 0,2,0,0; 3,0,0,0
720.9038 	 	RESP   1 G2 ANSWER 3
720.9039 	 	FEEDB  CORRECT 6 of 6
721.9454 	 	CUE
722.4615 	 	STIM   0, 0, 0, 0 RULE G1
722.8118 	 	TGT    1,1,0,0; 2,3,0,0; 0,2,0,0; 3,0,0,0
723.4621 	 	RESP   0 G1 ANSWER -4
723.4621 	 	FEEDB  FAIL 0 of 5
724.5151 	 	CUE
725.0329 	 	STIM   0, 3, 0, 0 RULE G1
725.3829 	 	TGT    1,1,0,0; 2,3,0,0; 0,2,0,0; 3,0,0,0
727.2444 	 	RESP   0 G1 ANSWER -2
727.2444 	 	FEEDB  FAIL 0 of 5
728.2901 	 	CUE
728.8066 	 	STIM   0, 3, 0, 0 RULE G1
729.1569 	 	TGT    1,1,0,0; 2,3,0,0; 0,2,0,0; 3,0,0,0
730.7226 	 	RESP   0 G1 ANSWER -1
730.7226 	 	FEEDB  FAIL 0 of 5
731.7632 	 	CUE
732.2796 	 	STIM   0, 3, 0, 0 RULE G1
732.6297 	 	TGT    1,1,0,0; 2,3,0,0; 0,2,0,0; 3,0,0,0
735.0409 	 	RESP   1 G1 ANSWER 3
735.0409 	 	FEEDB  CORRECT 1 of 5
736.0915 	 	CUE
736.6057 	 	STIM   0, 0, 0, 0 RULE G1
736.9545 	 	TGT    1,1,0,0; 2,3,0,0; 0,2,0,0; 3,0,0,0
738.2468 	 	RESP   1 G1 ANSWER 3
738.2469 	 	FEEDB  CORRECT 2 of 5
739.2921 	 	CUE
739.8102 	 	STIM   0, 1, 0, 0 RULE G1
740.1604 	 	TGT    1,1,0,0; 2,3,0,0; 0,2,0,0; 3,0,0,0
741.1656 	 	RESP   1 G1 ANSWER 3
741.1656 	 	FEEDB  CORRECT 3 of 5
742.2310 	 	CUE
742.7488 	 	STIM   3, 1, 0, 0 RULE G1
743.0991 	 	TGT    1,1,0,0; 2,3,0,0; 0,2,0,0; 3,0,0,0
743.9560 	 	RESP   0 G1 ANSWER -1
743.9560 	 	FEEDB  FAIL 3 of 5
745.0028 	 	CUE
745.5203 	 	STIM   3, 1, 0, 0 RULE G1
745.8707 	 	TGT    1,1,0,0; 2,3,0,0; 0,2,0,0; 3,0,0,0
746.4185 	 	RESP   1 G1 ANSWER 4
746.4185 	 	FEEDB  CORRECT 4 of 5
747.4570 	 	CUE
747.9750 	 	STIM   2, 1, 0, 0 RULE G1
748.3250 	 	TGT    1,1,0,0; 2,3,0,0; 0,2,0,0; 3,0,0,0
749.0095 	 	RESP   0 G1 ANSWER -1
749.0095 	 	FEEDB  FAIL 4 of 5
750.0789 	 	CUE
750.5962 	 	STIM   2, 1, 0, 0 RULE G1
750.9468 	 	TGT    1,1,0,0; 2,3,0,0; 0,2,0,0; 3,0,0,0
751.8161 	 	RESP   0 G1 ANSWER -3
751.8161 	 	FEEDB  FAIL 4 of 5
752.8723 	 	CUE
753.3862 	 	STIM   1, 2, 0, 0 RULE G1
753.7350 	 	TGT    1,1,0,0; 2,3,0,0; 0,2,0,0; 3,0,0,0
754.5426 	 	RESP   0 G1 ANSWER -4
754.5426 	 	FEEDB  FAIL 4 of 5
755.5888 	 	CUE
756.1066 	 	STIM   2, 0, 0, 0 RULE G1
756.4566 	 	TGT    1,1,0,0; 2,3,0,0; 0,2,0,0; 3,0,0,0
757.3410 	 	RESP   0 G1 ANSWER -4
757.3410 	 	FEEDB  FAIL 4 of 5
758.4104 	 	CUE
758.9283 	 	STIM   1, 0, 0, 0 RULE G1
759.2784 	 	TGT    1,1,0,0; 2,3,0,0; 0,2,0,0; 3,0,0,0
759.8681 	 	RESP   0 G1 ANSWER -2
759.8682 	 	FEEDB  FAIL 4 of 5
760.9203 	 	CUE
761.4343 	 	STIM   0, 1, 0, 0 RULE G1
761.7832 	 	TGT    1,1,0,0; 2,3,0,0; 0,2,0,0; 3,0,0,0
762.2190 	 	RESP   0 G1 ANSWER -1
762.2191 	 	FEEDB  FAIL 4 of 5
763.2694 	 	CUE
763.7872 	 	STIM   1, 3, 0, 0 RULE G1
764.1377 	 	TGT    1,1,0,0; 2,3,0,0; 0,2,0,0; 3,0,0,0
765.4332 	 	RESP   0 G1 ANSWER -3
765.4332 	 	FEEDB  FAIL 4 of 5
766.4800 	 	CUE
766.9938 	 	STIM   2, 0, 0, 0 RULE G1
767.3431 	 	TGT    1,1,0,0; 2,3,0,0; 0,2,0,0; 3,0,0,0
769.4870 	 	RESP   1 G1 ANSWER 2
769.4871 	 	FEEDB  CORRECT 5 of 5
770.5341 	 	CUE
771.0508 	 	STIM   3, 2, 0, 0 RULE G2
771.4006 	 	TGT    1,1,0,0; 2,3,0,0; 0,2,0,0; 3,0,0,0
773.8771 	 	RESP   0 G2 ANSWER -1
773.8772 	 	FEEDB  FAIL 0 of 5
774.9243 	 	CUE
775.4417 	 	STIM   3, 2, 0, 0 RULE G2
775.7921 	 	TGT    1,1,0,0; 2,3,0,0; 0,2,0,0; 3,0,0,0
776.7955 	 	RESP   0 G2 ANSWER -4
776.7955 	 	FEEDB  FAIL 0 of 5
777.8630 	 	CUE
778.3803 	 	STIM   2, 1, 0, 0 RULE G2
778.7309 	 	TGT    1,1,0,0; 2,3,0,0; 0,2,0,0; 3,0,0,0
780.5615 	 	RESP   0 G2 ANSWER -2
780.5615 	 	FEEDB  FAIL 0 of 5
781.6044 	 	CUE
782.1211 	 	STIM   2, 0, 0, 0 RULE G2
782.4709 	 	TGT    1,1,0,0; 2,3,0,0; 0,2,0,0; 3,0,0,0
783.8641 	 	RESP   0 G2 ANSWER -3
783.8641 	 	FEEDB  FAIL 0 of 5
784.9093 	 	CUE
785.4269 	 	STIM   1, 2, 0, 0 RULE G2
785.7771 	 	TGT    1,1,0,0; 2,3,0,0; 0,2,0,0; 3,0,0,0
786.1670 	 	RESP   1 G2 ANSWER 3
786.1670 	 	FEEDB  CORRECT 1 of 5
787.2135 	 	CUE
787.7310 	 	STIM   3, 3, 0, 0 RULE G2
788.0815 	 	TGT    1,1,0,0; 2,3,0,0; 0,2,0,0; 3,0,0,0
788.4217 	 	RESP   1 G2 ANSWER 2
788.4218 	 	FEEDB  CORRECT 2 of 5
789.4688 	 	CUE
789.9855 	 	STIM   0, 0, 0, 0 RULE G2
790.3353 	 	TGT    1,1,0,0; 2,3,0,0; 0,2,0,0; 3,0,0,0
790.7165 	 	RESP   1 G2 ANSWER 4
790.7165 	 	FEEDB  CORRECT 3 of 5
791.7718 	 	CUE
792.2891 	 	STIM   1, 2, 0, 0 RULE G2
792.6397 	 	TGT    1,1,0,0; 2,3,0,0; 0,2,0,0; 3,0,0,0
793.2992 	 	RESP   1 G2 ANSWER 3
793.2992 	 	FEEDB  CORRECT 4 of 5
794.3478 	 	CUE
794.8625 	 	STIM   0, 3, 0, 0 RULE G2
795.2111 	 	TGT    1,1,0,0; 2,3,0,0; 0,2,0,0; 3,0,0,0
795.8501 	 	RESP   1 G2 ANSWER 2
795.8501 	 	FEEDB  CORRECT 5 of 5
796.8978 	 	CUE
797.4152 	 	STIM   3, 2, 0, 0 RULE G1
797.7658 	 	TGT    1,1,0,0; 2,3,0,0; 0,2,0,0; 3,0,0,0
798.2407 	 	RESP   0 G1 ANSWER -3
798.2407 	 	FEEDB  FAIL 0 of 7
799.2901 	 	CUE
799.8049 	 	STIM   1, 0, 0, 0 RULE G1
800.1537 	 	TGT    1,1,0,0; 2,3,0,0; 0,2,0,0; 3,0,0,0
800.7836 	 	RESP   0 G1 ANSWER -4
800.7836 	 	FEEDB  FAIL 0 of 7
801.8235 	 	CUE
802.3409 	 	STIM   1, 3, 0, 0 RULE G1
802.6914 	 	TGT    1,1,0,0; 2,3,0,0; 0,2,0,0; 3,0,0,0
803.6302 	 	RESP   1 G1 ANSWER 1
803.6302 	 	FEEDB  CORRECT 1 of 7
804.6801 	 	CUE
805.1965 	 	STIM   0, 3, 0, 0 RULE G1
805.5465 	 	TGT    1,1,0,0; 2,3,0,0; 0,2,0,0; 3,0,0,0
806.8447 	 	RESP   0 G1 ANSWER -2
806.8447 	 	FEEDB  FAIL 1 of 7
807.8846 	 	CUE
808.4022 	 	STIM   0, 1, 0, 0 RULE G1
808.7525 	 	TGT    1,1,0,0; 2,3,0,0; 0,2,0,0; 3,0,0,0
809.4671 	 	RESP   1 G1 ANSWER 3
809.4671 	 	FEEDB  CORRECT 2 of 7
810.5060 	 	CUE
811.0238 	 	STIM   0, 1, 0, 0 RULE G1
811.3738 	 	TGT    1,1,0,0; 2,3,0,0; 0,2,0,0; 3,0,0,0
812.6016 	 	RESP   1 G1 ANSWER 3
812.6016 	 	FEEDB  CORRECT 3 of 7
813.6465 	 	CUE
814.1631 	 	STIM   3, 2, 0, 0 RULE G1
814.5129 	 	TGT    1,1,0,0; 2,3,0,0; 0,2,0,0; 3,0,0,0
815.5441 	 	RESP   1 G1 ANSWER 4
815.5441 	 	FEEDB  CORRECT 4 of 7
816.5837 	 	CUE
817.1018 	 	STIM   2, 0, 0, 0 RULE G1
817.4516 	 	TGT    1,1,0,0; 2,3,0,0; 0,2,0,0; 3,0,0,0
819.1744 	 	RESP   1 G1 ANSWER 2
819.1744 	 	FEEDB  CORRECT 5 of 7
820.2252 	 	CUE
820.7417 	 	STIM   3, 2, 0, 0 RULE G1
821.0919 	 	TGT    1,1,0,0; 2,3,0,0; 0,2,0,0; 3,0,0,0
821.4371 	 	RESP   0 G1 ANSWER -3
821.4371 	 	FEEDB  FAIL 5 of 7
822.4779 	 	CUE
822.9957 	 	STIM   3, 2, 0, 0 RULE G1
823.3457 	 	TGT    1,1,0,0; 2,3,0,0; 0,2,0,0; 3,0,0,0
824.5636 	 	RESP   1 G1 ANSWER 4
824.5636 	 	FEEDB  CORRECT 6 of 7
825.6337 	 	CUE
826.1515 	 	STIM   3, 1, 0, 0 RULE G1
826.5016 	 	TGT    1,1,0,0; 2,3,0,0; 0,2,0,0; 3,0,0,0
826.8506 	 	RESP   0 G1 ANSWER -1
826.8506 	 	FEEDB  FAIL 6 of 7
827.9095 	 	CUE
828.4227 	 	STIM   2, 1, 0, 0 RULE G1
828.7725 	 	TGT    1,1,0,0; 2,3,0,0; 0,2,0,0; 3,0,0,0
830.1050 	 	RESP   1 G1 ANSWER 2
830.1051 	 	FEEDB  CORRECT 7 of 7
831.1440 	 	CUE
831.6616 	 	STIM   0, 0, 0, 0 RULE G2
832.0119 	 	TGT    1,1,0,0; 2,3,0,0; 0,2,0,0; 3,0,0,0
832.6156 	 	RESP   1 G2 ANSWER 4
832.6156 	 	FEEDB  CORRECT 1 of 7
833.6651 	 	CUE
834.1827 	 	STIM   3, 1, 0, 0 RULE G2
834.5330 	 	TGT    1,1,0,0; 2,3,0,0; 0,2,0,0; 3,0,0,0
837.4131 	 	RESP   0 G2 ANSWER -4
837.4131 	 	FEEDB  FAIL 1 of 7
838.4620 	 	CUE
838.9767 	 	STIM   0, 0, 0, 0 RULE G2
839.3250 	 	TGT    1,1,0,0; 2,3,0,0; 0,2,0,0; 3,0,0,0
840.1560 	 	RESP   0 G2 ANSWER -3
840.1560 	 	FEEDB  FAIL 1 of 7
841.1956 	 	CUE
841.7132 	 	STIM   2, 1, 0, 0 RULE G2
842.0636 	 	TGT    1,1,0,0; 2,3,0,0; 0,2,0,0; 3,0,0,0
842.5786 	 	RESP   1 G2 ANSWER 1
842.5786 	 	FEEDB  CORRECT 2 of 7
843.6500 	 	CUE
844.1677 	 	STIM   1, 0, 0, 0 RULE G2
844.5180 	 	TGT    1,1,0,0; 2,3,0,0; 0,2,0,0; 3,0,0,0
845.3051 	 	RESP   1 G2 ANSWER 4
845.3051 	 	FEEDB  CORRECT 3 of 7
846.3594 	 	CUE
846.8734 	 	STIM   0, 3, 0, 0 RULE G2
847.2229 	 	TGT    1,1,0,0; 2,3,0,0; 0,2,0,0; 3,0,0,0
848.2796 	 	RESP   0 G2 ANSWER -3
848.2796 	 	FEEDB  FAIL 3 of 7
849.3270 	 	CUE
849.8450 	 	STIM   1, 3, 0, 0 RULE G2
850.1950 	 	TGT    1,1,0,0; 2,3,0,0; 0,2,0,0; 3,0,0,0
851.0226 	 	RESP   0 G2 ANSWER -4
851.0226 	 	FEEDB  FAIL 3 of 7
852.0657 	 	CUE
852.5830 	 	STIM   2, 2, 0, 0 RULE G2
852.9335 	 	TGT    1,1,0,0; 2,3,0,0; 0,2,0,0; 3,0,0,0
854.1490 	 	RESP   1 G2 ANSWER 3
854.1491 	 	FEEDB  CORRECT 4 of 7
855.1893 	 	CUE
855.7057 	 	STIM   0, 1, 0, 0 RULE G2
856.0560 	 	TGT    1,1,0,0; 2,3,0,0; 0,2,0,0; 3,0,0,0
859.5381 	 	RESP   1 G2 ANSWER 1
859.5381 	 	FEEDB  CORRECT 5 of 7
860.5824 	 	CUE
861.0991 	 	STIM   1, 3, 0, 0 RULE G2
861.4489 	 	TGT    1,1,0,0; 2,3,0,0; 0,2,0,0; 3,0,0,0
863.3601 	 	RESP   0 G2 ANSWER -1
863.3601 	 	FEEDB  FAIL 5 of 7
864.4060 	 	CUE
864.9226 	 	STIM   1, 3, 0, 0 RULE G2
865.2724 	 	TGT    1,1,0,0; 2,3,0,0; 0,2,0,0; 3,0,0,0
865.6631 	 	RESP   1 G2 ANSWER 2
865.6631 	 	FEEDB  CORRECT 6 of 7
866.7089 	 	CUE
867.2264 	 	STIM   3, 2, 0, 0 RULE G2
867.5768 	 	TGT    1,1,0,0; 2,3,0,0; 0,2,0,0; 3,0,0,0
868.0061 	 	RESP   1 G2 ANSWER 3
868.0061 	 	FEEDB  CORRECT 7 of 7
