0.0001 	 	Subj ID: pilot_stim2_21.07.14_kati2
0.0005 	 	Run: 2014-07-21 11:30:20.026675
0.0005 	 	Age: 18
0.0005 	 	Group: Control
0.0005 	 	--------------------------------------------------------
0.0005 	 	INFO
0.0005 	 	timestamp CUE
0.0005 	 	timestamp STIM  [state for each rule G1 G2 L1 L2 : 0,1,2,3] RULE [current rule]
0.0005 	 	timestamp TGT   [states for each card / Up, Right, Down, Left: 0,1,2,3; 0,1,2,3;...]
0.0005 	 	timestamp RESP  [correct: 1/0] [current rule: G1, G2, L1, L2] ANSWER [card selected: 1(up), 2(right), 3(down), 4(left)]
0.0005 	 	timestamp FEEDB [correct/fail] [correct answers] of [series length]
0.0005 	 	--------------------------------------------------------
8.2607 	 	Running set .\configs\sets\noise_of_shapes.json
8.2609 	 	Using deck: 0: 0,0,1,1 | 1: 0,0,0,0 | 2: 0,0,2,3 | 3: 0,0,3,2 
8.5877 	 	CUE
9.1058 	 	STIM   0, 0, 2, 0 RULE L2
9.4556 	 	TGT    0,0,1,1; 0,0,0,0; 0,0,2,3; 0,0,3,2
15.7274 	 	RESP   1 L2 ANSWER 2
15.7274 	 	FEEDB  CORRECT 1 of 7
16.7893 	 	CUE
17.3040 	 	STIM   0, 0, 3, 1 RULE L2
17.6540 	 	TGT    0,0,1,1; 0,0,0,0; 0,0,2,3; 0,0,3,2
21.4604 	 	RESP   0 L2 ANSWER -3
21.4605 	 	FEEDB  FAIL 1 of 7
22.5299 	 	CUE
23.0478 	 	STIM   0, 0, 3, 1 RULE L2
23.3978 	 	TGT    0,0,1,1; 0,0,0,0; 0,0,2,3; 0,0,3,2
27.0499 	 	RESP   1 L2 ANSWER 1
27.0500 	 	FEEDB  CORRECT 2 of 7
28.1092 	 	CUE
28.6246 	 	STIM   0, 0, 1, 0 RULE L2
28.9749 	 	TGT    0,0,1,1; 0,0,0,0; 0,0,2,3; 0,0,3,2
34.2941 	 	RESP   0 L2 ANSWER -1
34.2941 	 	FEEDB  FAIL 2 of 7
35.3574 	 	CUE
35.8718 	 	STIM   0, 0, 2, 2 RULE L2
36.2217 	 	TGT    0,0,1,1; 0,0,0,0; 0,0,2,3; 0,0,3,2
41.3545 	 	RESP   1 L2 ANSWER 4
41.3545 	 	FEEDB  CORRECT 3 of 7
42.4173 	 	CUE
42.9343 	 	STIM   0, 0, 3, 3 RULE L2
43.2844 	 	TGT    0,0,1,1; 0,0,0,0; 0,0,2,3; 0,0,3,2
48.1673 	 	RESP   1 L2 ANSWER 3
48.1673 	 	FEEDB  CORRECT 4 of 7
49.2322 	 	CUE
49.7467 	 	STIM   0, 0, 1, 2 RULE L2
50.0969 	 	TGT    0,0,1,1; 0,0,0,0; 0,0,2,3; 0,0,3,2
52.9490 	 	RESP   0 L2 ANSWER -3
52.9490 	 	FEEDB  FAIL 4 of 7
53.9891 	 	CUE
54.5053 	 	STIM   0, 0, 1, 0 RULE L2
54.8556 	 	TGT    0,0,1,1; 0,0,0,0; 0,0,2,3; 0,0,3,2
56.6909 	 	RESP   1 L2 ANSWER 2
56.6909 	 	FEEDB  CORRECT 5 of 7
57.7459 	 	CUE
58.2623 	 	STIM   0, 0, 3, 1 RULE L2
58.6124 	 	TGT    0,0,1,1; 0,0,0,0; 0,0,2,3; 0,0,3,2
64.8231 	 	RESP   1 L2 ANSWER 1
64.8231 	 	FEEDB  CORRECT 6 of 7
65.8928 	 	CUE
66.4101 	 	STIM   0, 0, 2, 0 RULE L2
66.7607 	 	TGT    0,0,1,1; 0,0,0,0; 0,0,2,3; 0,0,3,2
69.6044 	 	RESP   1 L2 ANSWER 2
69.6045 	 	FEEDB  CORRECT 7 of 7
70.6684 	 	CUE
71.1861 	 	STIM   0, 0, 1, 2 RULE L1
71.5360 	 	TGT    0,0,1,1; 0,0,0,0; 0,0,2,3; 0,0,3,2
76.7210 	 	RESP   0 L1 ANSWER -3
76.7210 	 	FEEDB  FAIL 0 of 6
77.7658 	 	CUE
78.2822 	 	STIM   0, 0, 2, 2 RULE L1
78.6324 	 	TGT    0,0,1,1; 0,0,0,0; 0,0,2,3; 0,0,3,2
80.0234 	 	RESP   0 L1 ANSWER -4
80.0235 	 	FEEDB  FAIL 0 of 6
81.0874 	 	CUE
81.6049 	 	STIM   0, 0, 0, 3 RULE L1
81.9552 	 	TGT    0,0,1,1; 0,0,0,0; 0,0,2,3; 0,0,3,2
84.2851 	 	RESP   1 L1 ANSWER 2
84.2851 	 	FEEDB  CORRECT 1 of 6
85.3295 	 	CUE
85.8461 	 	STIM   0, 0, 0, 3 RULE L1
86.1964 	 	TGT    0,0,1,1; 0,0,0,0; 0,0,2,3; 0,0,3,2
86.9798 	 	RESP   1 L1 ANSWER 2
86.9799 	 	FEEDB  CORRECT 2 of 6
88.0501 	 	CUE
88.5674 	 	STIM   0, 0, 0, 2 RULE L1
88.9179 	 	TGT    0,0,1,1; 0,0,0,0; 0,0,2,3; 0,0,3,2
89.5224 	 	RESP   1 L1 ANSWER 2
89.5224 	 	FEEDB  CORRECT 3 of 6
90.5726 	 	CUE
91.0892 	 	STIM   0, 0, 2, 0 RULE L1
91.4389 	 	TGT    0,0,1,1; 0,0,0,0; 0,0,2,3; 0,0,3,2
92.3132 	 	RESP   1 L1 ANSWER 3
92.3132 	 	FEEDB  CORRECT 4 of 6
93.3761 	 	CUE
93.8940 	 	STIM   0, 0, 3, 0 RULE L1
94.2444 	 	TGT    0,0,1,1; 0,0,0,0; 0,0,2,3; 0,0,3,2
95.1362 	 	RESP   1 L1 ANSWER 4
95.1362 	 	FEEDB  CORRECT 5 of 6
96.1817 	 	CUE
96.6991 	 	STIM   0, 0, 3, 0 RULE L1
97.0496 	 	TGT    0,0,1,1; 0,0,0,0; 0,0,2,3; 0,0,3,2
98.2942 	 	RESP   1 L1 ANSWER 4
98.2942 	 	FEEDB  CORRECT 6 of 6
99.3569 	 	CUE
99.8719 	 	STIM   0, 0, 0, 1 RULE L2
100.2220 	 	TGT    0,0,1,1; 0,0,0,0; 0,0,2,3; 0,0,3,2
101.2049 	 	RESP   0 L2 ANSWER -2
101.2049 	 	FEEDB  FAIL 0 of 6
102.2592 	 	CUE
102.7771 	 	STIM   0, 0, 1, 2 RULE L2
103.1275 	 	TGT    0,0,1,1; 0,0,0,0; 0,0,2,3; 0,0,3,2
105.2908 	 	RESP   0 L2 ANSWER -3
105.2909 	 	FEEDB  FAIL 0 of 6
106.3347 	 	CUE
106.8513 	 	STIM   0, 0, 2, 0 RULE L2
107.2016 	 	TGT    0,0,1,1; 0,0,0,0; 0,0,2,3; 0,0,3,2
109.7445 	 	RESP   1 L2 ANSWER 2
109.7445 	 	FEEDB  CORRECT 1 of 6
110.7930 	 	CUE
111.3092 	 	STIM   0, 0, 3, 1 RULE L2
111.6595 	 	TGT    0,0,1,1; 0,0,0,0; 0,0,2,3; 0,0,3,2
114.8300 	 	RESP   1 L2 ANSWER 1
114.8300 	 	FEEDB  CORRECT 2 of 6
115.9010 	 	CUE
116.4184 	 	STIM   0, 0, 3, 0 RULE L2
116.7689 	 	TGT    0,0,1,1; 0,0,0,0; 0,0,2,3; 0,0,3,2
117.9564 	 	RESP   1 L2 ANSWER 2
117.9564 	 	FEEDB  CORRECT 3 of 6
119.0234 	 	CUE
119.5409 	 	STIM   0, 0, 1, 0 RULE L2
119.8913 	 	TGT    0,0,1,1; 0,0,0,0; 0,0,2,3; 0,0,3,2
123.8815 	 	RESP   0 L2 ANSWER -1
123.8815 	 	FEEDB  FAIL 3 of 6
124.9509 	 	CUE
125.4683 	 	STIM   0, 0, 0, 3 RULE L2
125.8188 	 	TGT    0,0,1,1; 0,0,0,0; 0,0,2,3; 0,0,3,2
127.6155 	 	RESP   1 L2 ANSWER 3
127.6155 	 	FEEDB  CORRECT 4 of 6
128.6590 	 	CUE
129.1757 	 	STIM   0, 0, 0, 2 RULE L2
129.5254 	 	TGT    0,0,1,1; 0,0,0,0; 0,0,2,3; 0,0,3,2
131.3015 	 	RESP   1 L2 ANSWER 4
131.3015 	 	FEEDB  CORRECT 5 of 6
132.3489 	 	CUE
132.8655 	 	STIM   0, 0, 3, 3 RULE L2
133.2157 	 	TGT    0,0,1,1; 0,0,0,0; 0,0,2,3; 0,0,3,2
135.3074 	 	RESP   1 L2 ANSWER 3
135.3074 	 	FEEDB  CORRECT 6 of 6
136.3563 	 	CUE
136.8730 	 	STIM   0, 0, 0, 2 RULE L1
137.2231 	 	TGT    0,0,1,1; 0,0,0,0; 0,0,2,3; 0,0,3,2
138.1864 	 	RESP   0 L1 ANSWER -4
138.1864 	 	FEEDB  FAIL 0 of 5
139.2270 	 	CUE
139.7460 	 	STIM   0, 0, 3, 1 RULE L1
140.0951 	 	TGT    0,0,1,1; 0,0,0,0; 0,0,2,3; 0,0,3,2
140.7609 	 	RESP   1 L1 ANSWER 4
140.7610 	 	FEEDB  CORRECT 1 of 5
141.8151 	 	CUE
142.3324 	 	STIM   0, 0, 0, 2 RULE L1
142.6829 	 	TGT    0,0,1,1; 0,0,0,0; 0,0,2,3; 0,0,3,2
145.6865 	 	RESP   1 L1 ANSWER 2
145.6865 	 	FEEDB  CORRECT 2 of 5
146.7574 	 	CUE
147.2750 	 	STIM   0, 0, 3, 1 RULE L1
147.6254 	 	TGT    0,0,1,1; 0,0,0,0; 0,0,2,3; 0,0,3,2
149.2447 	 	RESP   1 L1 ANSWER 4
149.2447 	 	FEEDB  CORRECT 3 of 5
150.3137 	 	CUE
150.8316 	 	STIM   0, 0, 1, 0 RULE L1
151.1821 	 	TGT    0,0,1,1; 0,0,0,0; 0,0,2,3; 0,0,3,2
151.8114 	 	RESP   1 L1 ANSWER 1
151.8114 	 	FEEDB  CORRECT 4 of 5
152.8533 	 	CUE
153.3695 	 	STIM   0, 0, 1, 0 RULE L1
153.7198 	 	TGT    0,0,1,1; 0,0,0,0; 0,0,2,3; 0,0,3,2
155.4414 	 	RESP   1 L1 ANSWER 1
155.4414 	 	FEEDB  CORRECT 5 of 5
156.5127 	 	CUE
157.0272 	 	STIM   0, 0, 1, 3 RULE L2
157.3764 	 	TGT    0,0,1,1; 0,0,0,0; 0,0,2,3; 0,0,3,2
158.0004 	 	RESP   0 L2 ANSWER -1
158.0004 	 	FEEDB  FAIL 0 of 5
159.0468 	 	CUE
159.5642 	 	STIM   0, 0, 3, 0 RULE L2
159.9146 	 	TGT    0,0,1,1; 0,0,0,0; 0,0,2,3; 0,0,3,2
160.6550 	 	RESP   1 L2 ANSWER 2
160.6550 	 	FEEDB  CORRECT 1 of 5
161.7028 	 	CUE
162.2193 	 	STIM   0, 0, 0, 2 RULE L2
162.5693 	 	TGT    0,0,1,1; 0,0,0,0; 0,0,2,3; 0,0,3,2
163.2696 	 	RESP   1 L2 ANSWER 4
163.2696 	 	FEEDB  CORRECT 2 of 5
165.0434 	 	CUE
165.5586 	 	STIM   0, 0, 2, 1 RULE L2
165.9089 	 	TGT    0,0,1,1; 0,0,0,0; 0,0,2,3; 0,0,3,2
167.1799 	 	RESP   0 L2 ANSWER -3
167.1799 	 	FEEDB  FAIL 2 of 5
168.2301 	 	CUE
168.7479 	 	STIM   0, 0, 0, 1 RULE L2
169.0982 	 	TGT    0,0,1,1; 0,0,0,0; 0,0,2,3; 0,0,3,2
171.7535 	 	RESP   1 L2 ANSWER 1
171.7535 	 	FEEDB  CORRECT 3 of 5
172.8219 	 	CUE
173.3393 	 	STIM   0, 0, 0, 2 RULE L2
173.6898 	 	TGT    0,0,1,1; 0,0,0,0; 0,0,2,3; 0,0,3,2
174.4399 	 	RESP   1 L2 ANSWER 4
174.4399 	 	FEEDB  CORRECT 4 of 5
175.4946 	 	CUE
176.0113 	 	STIM   0, 0, 3, 0 RULE L2
176.3612 	 	TGT    0,0,1,1; 0,0,0,0; 0,0,2,3; 0,0,3,2
177.1828 	 	RESP   1 L2 ANSWER 2
177.1828 	 	FEEDB  CORRECT 5 of 5
178.2316 	 	CUE
178.7493 	 	STIM   0, 0, 2, 1 RULE L1
179.0999 	 	TGT    0,0,1,1; 0,0,0,0; 0,0,2,3; 0,0,3,2
182.0366 	 	RESP   0 L1 ANSWER -1
182.0367 	 	FEEDB  FAIL 0 of 7
183.1075 	 	CUE
183.6249 	 	STIM   0, 0, 3, 1 RULE L1
183.9754 	 	TGT    0,0,1,1; 0,0,0,0; 0,0,2,3; 0,0,3,2
185.4905 	 	RESP   1 L1 ANSWER 4
185.4905 	 	FEEDB  CORRECT 1 of 7
186.5316 	 	CUE
187.0484 	 	STIM   0, 0, 0, 2 RULE L1
187.3980 	 	TGT    0,0,1,1; 0,0,0,0; 0,0,2,3; 0,0,3,2
188.2490 	 	RESP   1 L1 ANSWER 2
188.2490 	 	FEEDB  CORRECT 2 of 7
189.3018 	 	CUE
189.8197 	 	STIM   0, 0, 1, 0 RULE L1
190.1701 	 	TGT    0,0,1,1; 0,0,0,0; 0,0,2,3; 0,0,3,2
190.6480 	 	RESP   1 L1 ANSWER 1
190.6480 	 	FEEDB  CORRECT 3 of 7
191.6897 	 	CUE
192.2073 	 	STIM   0, 0, 0, 1 RULE L1
192.5576 	 	TGT    0,0,1,1; 0,0,0,0; 0,0,2,3; 0,0,3,2
193.9985 	 	RESP   1 L1 ANSWER 2
193.9985 	 	FEEDB  CORRECT 4 of 7
195.0474 	 	CUE
195.5636 	 	STIM   0, 0, 0, 3 RULE L1
195.9138 	 	TGT    0,0,1,1; 0,0,0,0; 0,0,2,3; 0,0,3,2
196.8450 	 	RESP   0 L1 ANSWER -4
196.8450 	 	FEEDB  FAIL 4 of 7
197.8845 	 	CUE
198.4020 	 	STIM   0, 0, 0, 2 RULE L1
198.7523 	 	TGT    0,0,1,1; 0,0,0,0; 0,0,2,3; 0,0,3,2
199.2274 	 	RESP   1 L1 ANSWER 2
199.2274 	 	FEEDB  CORRECT 5 of 7
200.2718 	 	CUE
200.7897 	 	STIM   0, 0, 1, 2 RULE L1
201.1402 	 	TGT    0,0,1,1; 0,0,0,0; 0,0,2,3; 0,0,3,2
201.8107 	 	RESP   1 L1 ANSWER 1
201.8107 	 	FEEDB  CORRECT 6 of 7
202.8616 	 	CUE
203.3778 	 	STIM   0, 0, 1, 3 RULE L1
203.7281 	 	TGT    0,0,1,1; 0,0,0,0; 0,0,2,3; 0,0,3,2
204.0896 	 	RESP   1 L1 ANSWER 1
204.0896 	 	FEEDB  CORRECT 7 of 7
205.1178 	 	Running set .\configs\sets\letter_of_shapes_1i.json
205.1180 	 	Using deck: 0: 1,1,2,3 | 1: 3,0,0,2 | 2: 0,2,1,1 | 3: 2,3,3,0 
207.9533 	 	CUE
208.4705 	 	STIM   2, 1, 1, 0 RULE L2
208.8208 	 	TGT    1,1,2,3; 2,0,0,2; 0,2,1,1; 3,3,3,0
210.2940 	 	RESP   0 L2 ANSWER -1
210.2940 	 	FEEDB  FAIL 0 of 7
211.3655 	 	CUE
211.8794 	 	STIM   2, 2, 2, 0 RULE L2
212.2269 	 	TGT    1,1,2,3; 2,0,0,2; 0,2,1,1; 3,3,3,0
213.0530 	 	RESP   0 L2 ANSWER -3
213.0530 	 	FEEDB  FAIL 0 of 7
214.1143 	 	CUE
214.6316 	 	STIM   3, 2, 2, 2 RULE L2
214.9822 	 	TGT    1,1,2,3; 2,0,0,2; 0,2,1,1; 3,3,3,0
215.7155 	 	RESP   1 L2 ANSWER 2
215.7155 	 	FEEDB  CORRECT 1 of 7
216.8023 	 	CUE
217.3198 	 	STIM   1, 3, 0, 1 RULE L2
217.6703 	 	TGT    1,1,2,3; 2,0,0,2; 0,2,1,1; 3,3,3,0
219.4254 	 	RESP   0 L2 ANSWER -1
219.4254 	 	FEEDB  FAIL 1 of 7
220.4934 	 	CUE
221.0104 	 	STIM   2, 2, 3, 3 RULE L2
221.3603 	 	TGT    1,1,2,3; 2,0,0,2; 0,2,1,1; 3,3,3,0
225.9745 	 	RESP   0 L2 ANSWER -3
225.9745 	 	FEEDB  FAIL 1 of 7
227.0411 	 	CUE
227.5555 	 	STIM   3, 2, 0, 3 RULE L2
227.9058 	 	TGT    1,1,2,3; 2,0,0,2; 0,2,1,1; 3,3,3,0
230.5400 	 	RESP   1 L2 ANSWER 1
230.5400 	 	FEEDB  CORRECT 2 of 7
231.5982 	 	CUE
232.1141 	 	STIM   3, 1, 1, 2 RULE L2
232.4639 	 	TGT    1,1,2,3; 2,0,0,2; 0,2,1,1; 3,3,3,0
234.5700 	 	RESP   0 L2 ANSWER -3
234.5700 	 	FEEDB  FAIL 2 of 7
235.6387 	 	CUE
236.1548 	 	STIM   2, 3, 2, 1 RULE L2
236.5047 	 	TGT    1,1,2,3; 2,0,0,2; 0,2,1,1; 3,3,3,0
238.6560 	 	RESP   1 L2 ANSWER 3
238.6560 	 	FEEDB  CORRECT 3 of 7
239.7295 	 	CUE
240.2452 	 	STIM   3, 0, 2, 1 RULE L2
240.5956 	 	TGT    1,1,2,3; 2,0,0,2; 0,2,1,1; 3,3,3,0
242.8541 	 	RESP   1 L2 ANSWER 3
242.8541 	 	FEEDB  CORRECT 4 of 7
243.9035 	 	CUE
244.4197 	 	STIM   2, 1, 1, 0 RULE L2
244.7700 	 	TGT    1,1,2,3; 2,0,0,2; 0,2,1,1; 3,3,3,0
248.6430 	 	RESP   0 L2 ANSWER -2
248.6430 	 	FEEDB  FAIL 4 of 7
249.7126 	 	CUE
250.2300 	 	STIM   2, 1, 1, 0 RULE L2
250.5805 	 	TGT    1,1,2,3; 2,0,0,2; 0,2,1,1; 3,3,3,0
251.6495 	 	RESP   0 L2 ANSWER -3
251.6496 	 	FEEDB  FAIL 4 of 7
253.8703 	 	CUE
254.3877 	 	STIM   0, 1, 3, 2 RULE L2
254.7381 	 	TGT    1,1,2,3; 2,0,0,2; 0,2,1,1; 3,3,3,0
257.5424 	 	RESP   0 L2 ANSWER -1
257.5425 	 	FEEDB  FAIL 4 of 7
258.6122 	 	CUE
259.1300 	 	STIM   2, 1, 1, 0 RULE L2
259.4800 	 	TGT    1,1,2,3; 2,0,0,2; 0,2,1,1; 3,3,3,0
261.0610 	 	RESP   1 L2 ANSWER 4
261.0610 	 	FEEDB  CORRECT 5 of 7
262.1036 	 	CUE
262.6197 	 	STIM   3, 1, 1, 2 RULE L2
262.9700 	 	TGT    1,1,2,3; 2,0,0,2; 0,2,1,1; 3,3,3,0
264.9072 	 	RESP   0 L2 ANSWER -1
264.9072 	 	FEEDB  FAIL 5 of 7
265.9779 	 	CUE
266.4934 	 	STIM   0, 0, 3, 3 RULE L2
266.8437 	 	TGT    1,1,2,3; 2,0,0,2; 0,2,1,1; 3,3,3,0
268.4010 	 	RESP   1 L2 ANSWER 1
268.4010 	 	FEEDB  CORRECT 6 of 7
269.4705 	 	CUE
269.9848 	 	STIM   0, 1, 0, 0 RULE L2
270.3333 	 	TGT    1,1,2,3; 2,0,0,2; 0,2,1,1; 3,3,3,0
271.3434 	 	RESP   0 L2 ANSWER -3
271.3434 	 	FEEDB  FAIL 6 of 7
272.3873 	 	CUE
272.9054 	 	STIM   0, 0, 3, 3 RULE L2
273.2552 	 	TGT    1,1,2,3; 2,0,0,2; 0,2,1,1; 3,3,3,0
274.4459 	 	RESP   1 L2 ANSWER 1
274.4459 	 	FEEDB  CORRECT 7 of 7
275.5098 	 	CUE
276.0279 	 	STIM   1, 2, 3, 2 RULE L1
276.3776 	 	TGT    1,1,2,3; 2,0,0,2; 0,2,1,1; 3,3,3,0
278.4360 	 	RESP   0 L1 ANSWER -2
278.4360 	 	FEEDB  FAIL 0 of 5
279.4852 	 	CUE
280.0018 	 	STIM   1, 2, 3, 2 RULE L1
280.3516 	 	TGT    1,1,2,3; 2,0,0,2; 0,2,1,1; 3,3,3,0
282.7141 	 	RESP   0 L1 ANSWER -2
282.7141 	 	FEEDB  FAIL 0 of 5
283.7598 	 	CUE
284.2760 	 	STIM   1, 2, 3, 2 RULE L1
284.6262 	 	TGT    1,1,2,3; 2,0,0,2; 0,2,1,1; 3,3,3,0
287.2394 	 	RESP   0 L1 ANSWER -2
287.2395 	 	FEEDB  FAIL 0 of 5
288.3029 	 	CUE
288.8179 	 	STIM   0, 3, 0, 3 RULE L1
289.1678 	 	TGT    1,1,2,3; 2,0,0,2; 0,2,1,1; 3,3,3,0
290.0385 	 	RESP   0 L1 ANSWER -1
290.0385 	 	FEEDB  FAIL 0 of 5
291.1052 	 	CUE
291.6226 	 	STIM   1, 3, 1, 2 RULE L1
291.9731 	 	TGT    1,1,2,3; 2,0,0,2; 0,2,1,1; 3,3,3,0
293.5965 	 	RESP   1 L1 ANSWER 3
293.5966 	 	FEEDB  CORRECT 1 of 5
294.6616 	 	CUE
295.1794 	 	STIM   1, 2, 0, 0 RULE L1
295.5294 	 	TGT    1,1,2,3; 2,0,0,2; 0,2,1,1; 3,3,3,0
296.2350 	 	RESP   1 L1 ANSWER 2
296.2350 	 	FEEDB  CORRECT 2 of 5
297.2995 	 	CUE
297.8174 	 	STIM   2, 1, 3, 1 RULE L1
298.1676 	 	TGT    1,1,2,3; 2,0,0,2; 0,2,1,1; 3,3,3,0
298.9940 	 	RESP   0 L1 ANSWER -3
298.9940 	 	FEEDB  FAIL 2 of 5
300.0397 	 	CUE
300.5558 	 	STIM   1, 2, 0, 0 RULE L1
300.9062 	 	TGT    1,1,2,3; 2,0,0,2; 0,2,1,1; 3,3,3,0
301.5365 	 	RESP   1 L1 ANSWER 2
301.5365 	 	FEEDB  CORRECT 3 of 5
302.5927 	 	CUE
303.1105 	 	STIM   0, 3, 2, 2 RULE L1
303.4606 	 	TGT    1,1,2,3; 2,0,0,2; 0,2,1,1; 3,3,3,0
304.5910 	 	RESP   1 L1 ANSWER 1
304.5910 	 	FEEDB  CORRECT 4 of 5
305.6495 	 	CUE
306.1661 	 	STIM   1, 0, 1, 0 RULE L1
306.5163 	 	TGT    1,1,2,3; 2,0,0,2; 0,2,1,1; 3,3,3,0
307.2455 	 	RESP   1 L1 ANSWER 3
307.2455 	 	FEEDB  CORRECT 5 of 5
308.2863 	 	CUE
308.8043 	 	STIM   1, 3, 1, 2 RULE L2
309.1544 	 	TGT    1,1,2,3; 2,0,0,2; 0,2,1,1; 3,3,3,0
309.8125 	 	RESP   0 L2 ANSWER -3
309.8126 	 	FEEDB  FAIL 0 of 5
310.8594 	 	CUE
311.3756 	 	STIM   2, 3, 2, 1 RULE L2
311.7259 	 	TGT    1,1,2,3; 2,0,0,2; 0,2,1,1; 3,3,3,0
312.9631 	 	RESP   0 L2 ANSWER -1
312.9631 	 	FEEDB  FAIL 0 of 5
314.0139 	 	CUE
314.5314 	 	STIM   3, 1, 1, 2 RULE L2
314.8817 	 	TGT    1,1,2,3; 2,0,0,2; 0,2,1,1; 3,3,3,0
316.4570 	 	RESP   0 L2 ANSWER -1
316.4570 	 	FEEDB  FAIL 0 of 5
317.5047 	 	CUE
318.0215 	 	STIM   0, 3, 2, 2 RULE L2
318.3712 	 	TGT    1,1,2,3; 2,0,0,2; 0,2,1,1; 3,3,3,0
320.1592 	 	RESP   1 L2 ANSWER 2
320.1592 	 	FEEDB  CORRECT 1 of 5
321.2114 	 	CUE
321.7281 	 	STIM   1, 0, 1, 0 RULE L2
322.0784 	 	TGT    1,1,2,3; 2,0,0,2; 0,2,1,1; 3,3,3,0
324.3090 	 	RESP   1 L2 ANSWER 4
324.3090 	 	FEEDB  CORRECT 2 of 5
325.3523 	 	CUE
325.8690 	 	STIM   2, 1, 3, 1 RULE L2
326.2189 	 	TGT    1,1,2,3; 2,0,0,2; 0,2,1,1; 3,3,3,0
328.7870 	 	RESP   1 L2 ANSWER 3
328.7870 	 	FEEDB  CORRECT 3 of 5
329.8274 	 	CUE
330.3436 	 	STIM   0, 0, 3, 3 RULE L2
330.6940 	 	TGT    1,1,2,3; 2,0,0,2; 0,2,1,1; 3,3,3,0
331.7695 	 	RESP   1 L2 ANSWER 1
331.7695 	 	FEEDB  CORRECT 4 of 5
332.8149 	 	CUE
333.3324 	 	STIM   0, 1, 0, 0 RULE L2
333.6827 	 	TGT    1,1,2,3; 2,0,0,2; 0,2,1,1; 3,3,3,0
334.7200 	 	RESP   1 L2 ANSWER 4
334.7200 	 	FEEDB  CORRECT 5 of 5
335.7702 	 	CUE
336.2879 	 	STIM   0, 3, 0, 3 RULE L1
336.6381 	 	TGT    1,1,2,3; 2,0,0,2; 0,2,1,1; 3,3,3,0
337.3105 	 	RESP   0 L1 ANSWER -1
337.3105 	 	FEEDB  FAIL 0 of 6
338.3748 	 	CUE
338.8926 	 	STIM   3, 0, 1, 3 RULE L1
339.2427 	 	TGT    1,1,2,3; 2,0,0,2; 0,2,1,1; 3,3,3,0
339.7815 	 	RESP   1 L1 ANSWER 3
339.7815 	 	FEEDB  CORRECT 1 of 6
340.8310 	 	CUE
341.3471 	 	STIM   0, 3, 2, 2 RULE L1
341.6975 	 	TGT    1,1,2,3; 2,0,0,2; 0,2,1,1; 3,3,3,0
342.9000 	 	RESP   1 L1 ANSWER 1
342.9001 	 	FEEDB  CORRECT 2 of 6
343.9520 	 	CUE
344.4696 	 	STIM   3, 1, 1, 2 RULE L1
344.8199 	 	TGT    1,1,2,3; 2,0,0,2; 0,2,1,1; 3,3,3,0
345.4424 	 	RESP   1 L1 ANSWER 3
345.4425 	 	FEEDB  CORRECT 3 of 6
346.4898 	 	CUE
347.0076 	 	STIM   2, 3, 2, 1 RULE L1
347.3576 	 	TGT    1,1,2,3; 2,0,0,2; 0,2,1,1; 3,3,3,0
348.0655 	 	RESP   1 L1 ANSWER 1
348.0656 	 	FEEDB  CORRECT 4 of 6
349.1128 	 	CUE
349.6291 	 	STIM   2, 1, 3, 1 RULE L1
349.9794 	 	TGT    1,1,2,3; 2,0,0,2; 0,2,1,1; 3,3,3,0
351.4795 	 	RESP   1 L1 ANSWER 4
351.4795 	 	FEEDB  CORRECT 5 of 6
352.5522 	 	CUE
353.0689 	 	STIM   3, 1, 0, 1 RULE L1
353.4187 	 	TGT    1,1,2,3; 2,0,0,2; 0,2,1,1; 3,3,3,0
356.0934 	 	RESP   1 L1 ANSWER 2
356.0934 	 	FEEDB  CORRECT 6 of 6
357.1440 	 	CUE
357.6605 	 	STIM   2, 2, 2, 0 RULE L2
358.0108 	 	TGT    1,1,2,3; 2,0,0,2; 0,2,1,1; 3,3,3,0
358.5720 	 	RESP   0 L2 ANSWER -1
358.5720 	 	FEEDB  FAIL 0 of 6
359.6138 	 	CUE
360.1315 	 	STIM   3, 1, 1, 2 RULE L2
360.4818 	 	TGT    1,1,2,3; 2,0,0,2; 0,2,1,1; 3,3,3,0
361.9865 	 	RESP   0 L2 ANSWER -1
361.9866 	 	FEEDB  FAIL 0 of 6
363.0418 	 	CUE
363.5561 	 	STIM   1, 3, 0, 1 RULE L2
363.9048 	 	TGT    1,1,2,3; 2,0,0,2; 0,2,1,1; 3,3,3,0
366.7841 	 	RESP   1 L2 ANSWER 3
366.7841 	 	FEEDB  CORRECT 1 of 6
367.8304 	 	CUE
368.3467 	 	STIM   1, 3, 1, 2 RULE L2
368.6969 	 	TGT    1,1,2,3; 2,0,0,2; 0,2,1,1; 3,3,3,0
370.0145 	 	RESP   1 L2 ANSWER 2
370.0145 	 	FEEDB  CORRECT 2 of 6
371.0684 	 	CUE
371.5860 	 	STIM   0, 3, 2, 2 RULE L2
371.9363 	 	TGT    1,1,2,3; 2,0,0,2; 0,2,1,1; 3,3,3,0
374.1483 	 	RESP   1 L2 ANSWER 2
374.1483 	 	FEEDB  CORRECT 3 of 6
375.1988 	 	CUE
375.7128 	 	STIM   3, 1, 0, 1 RULE L2
376.0605 	 	TGT    1,1,2,3; 2,0,0,2; 0,2,1,1; 3,3,3,0
378.2102 	 	RESP   1 L2 ANSWER 3
378.2102 	 	FEEDB  CORRECT 4 of 6
379.2511 	 	CUE
379.7676 	 	STIM   0, 3, 2, 2 RULE L2
380.1178 	 	TGT    1,1,2,3; 2,0,0,2; 0,2,1,1; 3,3,3,0
381.8966 	 	RESP   1 L2 ANSWER 2
381.8966 	 	FEEDB  CORRECT 5 of 6
382.9415 	 	CUE
383.4576 	 	STIM   3, 2, 2, 2 RULE L2
383.8079 	 	TGT    1,1,2,3; 2,0,0,2; 0,2,1,1; 3,3,3,0
385.2626 	 	RESP   1 L2 ANSWER 2
385.2626 	 	FEEDB  CORRECT 6 of 6
386.3189 	 	CUE
386.8338 	 	STIM   0, 1, 0, 0 RULE L1
387.1805 	 	TGT    1,1,2,3; 2,0,0,2; 0,2,1,1; 3,3,3,0
389.0451 	 	RESP   0 L1 ANSWER -4
389.0451 	 	FEEDB  FAIL 0 of 7
390.0878 	 	CUE
390.6041 	 	STIM   3, 2, 0, 3 RULE L1
390.9544 	 	TGT    1,1,2,3; 2,0,0,2; 0,2,1,1; 3,3,3,0
392.0035 	 	RESP   1 L1 ANSWER 2
392.0036 	 	FEEDB  CORRECT 1 of 7
393.0586 	 	CUE
393.5763 	 	STIM   3, 2, 2, 2 RULE L1
393.9265 	 	TGT    1,1,2,3; 2,0,0,2; 0,2,1,1; 3,3,3,0
397.9686 	 	RESP   1 L1 ANSWER 1
397.9686 	 	FEEDB  CORRECT 2 of 7
399.0362 	 	CUE
399.5536 	 	STIM   3, 0, 1, 3 RULE L1
399.9041 	 	TGT    1,1,2,3; 2,0,0,2; 0,2,1,1; 3,3,3,0
400.3911 	 	RESP   1 L1 ANSWER 3
400.3911 	 	FEEDB  CORRECT 3 of 7
401.4418 	 	CUE
401.9584 	 	STIM   1, 0, 1, 0 RULE L1
402.3082 	 	TGT    1,1,2,3; 2,0,0,2; 0,2,1,1; 3,3,3,0
402.9821 	 	RESP   1 L1 ANSWER 3
402.9821 	 	FEEDB  CORRECT 4 of 7
404.0286 	 	CUE
404.5461 	 	STIM   1, 2, 0, 0 RULE L1
404.8965 	 	TGT    1,1,2,3; 2,0,0,2; 0,2,1,1; 3,3,3,0
405.7326 	 	RESP   1 L1 ANSWER 2
405.7326 	 	FEEDB  CORRECT 5 of 7
406.8004 	 	CUE
407.3177 	 	STIM   3, 1, 0, 1 RULE L1
407.6683 	 	TGT    1,1,2,3; 2,0,0,2; 0,2,1,1; 3,3,3,0
409.2745 	 	RESP   1 L1 ANSWER 2
409.2745 	 	FEEDB  CORRECT 6 of 7
410.3247 	 	CUE
410.8413 	 	STIM   3, 0, 1, 3 RULE L1
411.1911 	 	TGT    1,1,2,3; 2,0,0,2; 0,2,1,1; 3,3,3,0
411.9055 	 	RESP   1 L1 ANSWER 3
411.9055 	 	FEEDB  CORRECT 7 of 7
420.1650 	 	Running set .\configs\sets\faces_of_shapes_1i.json
420.1652 	 	Using deck: 0: 0,3,2,2 | 1: 3,1,3,0 | 2: 1,0,0,1 | 3: 2,2,1,3 
422.0797 	 	CUE
422.5961 	 	STIM   3, 0, 3, 2 RULE L1
422.9463 	 	TGT    0,3,2,2; 2,1,3,0; 1,0,0,1; 3,2,1,3
425.1946 	 	RESP   1 L1 ANSWER 2
425.1946 	 	FEEDB  CORRECT 1 of 6
426.2526 	 	CUE
426.7705 	 	STIM   0, 0, 3, 3 RULE L1
427.1204 	 	TGT    0,3,2,2; 2,1,3,0; 1,0,0,1; 3,2,1,3
427.8975 	 	RESP   1 L1 ANSWER 2
427.8976 	 	FEEDB  CORRECT 2 of 6
428.9576 	 	CUE
429.4750 	 	STIM   3, 3, 3, 1 RULE L1
429.8256 	 	TGT    0,3,2,2; 2,1,3,0; 1,0,0,1; 3,2,1,3
430.3201 	 	RESP   1 L1 ANSWER 2
430.3201 	 	FEEDB  CORRECT 3 of 6
431.3787 	 	CUE
431.8966 	 	STIM   0, 1, 1, 1 RULE L1
432.2464 	 	TGT    0,3,2,2; 2,1,3,0; 1,0,0,1; 3,2,1,3
433.6869 	 	RESP   1 L1 ANSWER 4
433.6869 	 	FEEDB  CORRECT 4 of 6
435.6197 	 	CUE
436.1371 	 	STIM   0, 2, 3, 1 RULE L1
436.4876 	 	TGT    0,3,2,2; 2,1,3,0; 1,0,0,1; 3,2,1,3
439.2036 	 	RESP   1 L1 ANSWER 2
439.2036 	 	FEEDB  CORRECT 5 of 6
440.2625 	 	CUE
440.7795 	 	STIM   1, 2, 3, 2 RULE L1
441.1293 	 	TGT    0,3,2,2; 2,1,3,0; 1,0,0,1; 3,2,1,3
442.4420 	 	RESP   1 L1 ANSWER 2
442.4420 	 	FEEDB  CORRECT 6 of 6
443.5007 	 	CUE
444.0189 	 	STIM   3, 0, 2, 0 RULE L2
444.3686 	 	TGT    0,3,2,2; 2,1,3,0; 1,0,0,1; 3,2,1,3
445.1285 	 	RESP   0 L2 ANSWER -1
445.1285 	 	FEEDB  FAIL 0 of 5
446.1888 	 	CUE
446.7067 	 	STIM   0, 2, 0, 0 RULE L2
447.0571 	 	TGT    0,3,2,2; 2,1,3,0; 1,0,0,1; 3,2,1,3
448.3910 	 	RESP   1 L2 ANSWER 2
448.3911 	 	FEEDB  CORRECT 1 of 5
449.4784 	 	CUE
449.9964 	 	STIM   2, 3, 1, 1 RULE L2
450.3463 	 	TGT    0,3,2,2; 2,1,3,0; 1,0,0,1; 3,2,1,3
451.3015 	 	RESP   1 L2 ANSWER 3
451.3015 	 	FEEDB  CORRECT 2 of 5
452.3680 	 	CUE
452.8850 	 	STIM   3, 1, 0, 2 RULE L2
453.2348 	 	TGT    0,3,2,2; 2,1,3,0; 1,0,0,1; 3,2,1,3
455.1877 	 	RESP   1 L2 ANSWER 1
455.1877 	 	FEEDB  CORRECT 3 of 5
456.2420 	 	CUE
456.7587 	 	STIM   0, 2, 3, 1 RULE L2
457.1087 	 	TGT    0,3,2,2; 2,1,3,0; 1,0,0,1; 3,2,1,3
458.7140 	 	RESP   1 L2 ANSWER 3
458.7140 	 	FEEDB  CORRECT 4 of 5
459.7828 	 	CUE
460.2984 	 	STIM   3, 3, 0, 0 RULE L2
460.6485 	 	TGT    0,3,2,2; 2,1,3,0; 1,0,0,1; 3,2,1,3
461.5845 	 	RESP   1 L2 ANSWER 2
461.5845 	 	FEEDB  CORRECT 5 of 5
462.6359 	 	CUE
463.1596 	 	STIM   3, 0, 3, 2 RULE L1
463.5037 	 	TGT    0,3,2,2; 2,1,3,0; 1,0,0,1; 3,2,1,3
466.9580 	 	RESP   0 L1 ANSWER -1
466.9580 	 	FEEDB  FAIL 0 of 5
468.0458 	 	CUE
468.5633 	 	STIM   0, 1, 0, 3 RULE L1
468.9139 	 	TGT    0,3,2,2; 2,1,3,0; 1,0,0,1; 3,2,1,3
471.3956 	 	RESP   0 L1 ANSWER -4
471.3956 	 	FEEDB  FAIL 0 of 5
472.4549 	 	CUE
472.9719 	 	STIM   2, 0, 2, 3 RULE L1
473.3216 	 	TGT    0,3,2,2; 2,1,3,0; 1,0,0,1; 3,2,1,3
474.1860 	 	RESP   1 L1 ANSWER 1
474.1860 	 	FEEDB  CORRECT 1 of 5
475.2421 	 	CUE
475.7600 	 	STIM   3, 1, 2, 1 RULE L1
476.1101 	 	TGT    0,3,2,2; 2,1,3,0; 1,0,0,1; 3,2,1,3
476.6331 	 	RESP   1 L1 ANSWER 1
476.6331 	 	FEEDB  CORRECT 2 of 5
477.6802 	 	CUE
478.1974 	 	STIM   3, 0, 3, 2 RULE L1
478.5480 	 	TGT    0,3,2,2; 2,1,3,0; 1,0,0,1; 3,2,1,3
481.0548 	 	RESP   1 L1 ANSWER 2
481.0549 	 	FEEDB  CORRECT 3 of 5
482.1215 	 	CUE
482.6394 	 	STIM   0, 0, 1, 0 RULE L1
482.9897 	 	TGT    0,3,2,2; 2,1,3,0; 1,0,0,1; 3,2,1,3
484.0454 	 	RESP   1 L1 ANSWER 4
484.0454 	 	FEEDB  CORRECT 4 of 5
485.0936 	 	CUE
485.6115 	 	STIM   3, 3, 3, 1 RULE L1
485.9618 	 	TGT    0,3,2,2; 2,1,3,0; 1,0,0,1; 3,2,1,3
487.7476 	 	RESP   1 L1 ANSWER 2
487.7476 	 	FEEDB  CORRECT 5 of 5
488.8019 	 	CUE
489.3181 	 	STIM   3, 1, 0, 2 RULE L2
489.6684 	 	TGT    0,3,2,2; 2,1,3,0; 1,0,0,1; 3,2,1,3
491.4496 	 	RESP   0 L2 ANSWER -3
491.4496 	 	FEEDB  FAIL 0 of 7
492.4918 	 	CUE
493.0085 	 	STIM   3, 0, 2, 0 RULE L2
493.3583 	 	TGT    0,3,2,2; 2,1,3,0; 1,0,0,1; 3,2,1,3
494.3760 	 	RESP   1 L2 ANSWER 2
494.3760 	 	FEEDB  CORRECT 1 of 7
495.7465 	 	CUE
496.2641 	 	STIM   2, 2, 2, 1 RULE L2
496.6144 	 	TGT    0,3,2,2; 2,1,3,0; 1,0,0,1; 3,2,1,3
497.4146 	 	RESP   0 L2 ANSWER -1
497.4146 	 	FEEDB  FAIL 1 of 7
498.4847 	 	CUE
499.0026 	 	STIM   2, 2, 0, 2 RULE L2
499.3527 	 	TGT    0,3,2,2; 2,1,3,0; 1,0,0,1; 3,2,1,3
501.2045 	 	RESP   1 L2 ANSWER 1
501.2045 	 	FEEDB  CORRECT 2 of 7
502.2916 	 	CUE
502.8095 	 	STIM   2, 0, 1, 2 RULE L2
503.1596 	 	TGT    0,3,2,2; 2,1,3,0; 1,0,0,1; 3,2,1,3
505.4505 	 	RESP   1 L2 ANSWER 1
505.4505 	 	FEEDB  CORRECT 3 of 7
506.5009 	 	CUE
507.0174 	 	STIM   0, 2, 3, 1 RULE L2
507.3673 	 	TGT    0,3,2,2; 2,1,3,0; 1,0,0,1; 3,2,1,3
508.4731 	 	RESP   1 L2 ANSWER 3
508.4731 	 	FEEDB  CORRECT 4 of 7
509.5383 	 	CUE
510.0561 	 	STIM   2, 3, 0, 3 RULE L2
510.4063 	 	TGT    0,3,2,2; 2,1,3,0; 1,0,0,1; 3,2,1,3
513.3266 	 	RESP   1 L2 ANSWER 4
513.3266 	 	FEEDB  CORRECT 5 of 7
514.3972 	 	CUE
514.9151 	 	STIM   0, 0, 3, 3 RULE L2
515.2651 	 	TGT    0,3,2,2; 2,1,3,0; 1,0,0,1; 3,2,1,3
517.5406 	 	RESP   1 L2 ANSWER 4
517.5406 	 	FEEDB  CORRECT 6 of 7
518.6071 	 	CUE
519.1226 	 	STIM   1, 1, 2, 3 RULE L2
519.4728 	 	TGT    0,3,2,2; 2,1,3,0; 1,0,0,1; 3,2,1,3
522.1781 	 	RESP   1 L2 ANSWER 4
522.1781 	 	FEEDB  CORRECT 7 of 7
523.2466 	 	CUE
523.7646 	 	STIM   1, 1, 2, 3 RULE L1
524.1146 	 	TGT    0,3,2,2; 2,1,3,0; 1,0,0,1; 3,2,1,3
526.3760 	 	RESP   0 L1 ANSWER -4
526.3761 	 	FEEDB  FAIL 0 of 7
527.4225 	 	CUE
527.9391 	 	STIM   3, 1, 0, 2 RULE L1
528.2890 	 	TGT    0,3,2,2; 2,1,3,0; 1,0,0,1; 3,2,1,3
529.3506 	 	RESP   1 L1 ANSWER 3
529.3506 	 	FEEDB  CORRECT 1 of 7
530.3931 	 	CUE
530.9113 	 	STIM   0, 0, 1, 0 RULE L1
531.2611 	 	TGT    0,3,2,2; 2,1,3,0; 1,0,0,1; 3,2,1,3
533.2925 	 	RESP   1 L1 ANSWER 4
533.2925 	 	FEEDB  CORRECT 2 of 7
534.3352 	 	CUE
534.8518 	 	STIM   0, 1, 1, 1 RULE L1
535.2015 	 	TGT    0,3,2,2; 2,1,3,0; 1,0,0,1; 3,2,1,3
535.6996 	 	RESP   1 L1 ANSWER 4
535.6996 	 	FEEDB  CORRECT 3 of 7
536.7383 	 	CUE
537.2557 	 	STIM   0, 2, 0, 0 RULE L1
537.6062 	 	TGT    0,3,2,2; 2,1,3,0; 1,0,0,1; 3,2,1,3
539.2255 	 	RESP   1 L1 ANSWER 3
539.2255 	 	FEEDB  CORRECT 4 of 7
540.2946 	 	CUE
540.8124 	 	STIM   3, 1, 0, 2 RULE L1
541.1624 	 	TGT    0,3,2,2; 2,1,3,0; 1,0,0,1; 3,2,1,3
543.0159 	 	RESP   1 L1 ANSWER 3
543.0159 	 	FEEDB  CORRECT 5 of 7
544.0848 	 	CUE
544.6026 	 	STIM   3, 3, 3, 1 RULE L1
544.9532 	 	TGT    0,3,2,2; 2,1,3,0; 1,0,0,1; 3,2,1,3
545.7424 	 	RESP   1 L1 ANSWER 2
545.7424 	 	FEEDB  CORRECT 6 of 7
546.7915 	 	CUE
547.3077 	 	STIM   2, 0, 1, 2 RULE L1
547.6579 	 	TGT    0,3,2,2; 2,1,3,0; 1,0,0,1; 3,2,1,3
549.5886 	 	RESP   1 L1 ANSWER 4
549.5886 	 	FEEDB  CORRECT 7 of 7
550.6318 	 	CUE
551.1480 	 	STIM   2, 2, 0, 2 RULE L2
551.4982 	 	TGT    0,3,2,2; 2,1,3,0; 1,0,0,1; 3,2,1,3
552.6434 	 	RESP   0 L2 ANSWER -3
552.6434 	 	FEEDB  FAIL 0 of 6
553.6860 	 	CUE
554.2036 	 	STIM   3, 3, 0, 0 RULE L2
554.5539 	 	TGT    0,3,2,2; 2,1,3,0; 1,0,0,1; 3,2,1,3
555.6416 	 	RESP   1 L2 ANSWER 2
555.6416 	 	FEEDB  CORRECT 1 of 6
557.5110 	 	CUE
558.0274 	 	STIM   1, 2, 2, 0 RULE L2
558.3774 	 	TGT    0,3,2,2; 2,1,3,0; 1,0,0,1; 3,2,1,3
560.0711 	 	RESP   1 L2 ANSWER 2
560.0711 	 	FEEDB  CORRECT 2 of 6
561.1330 	 	CUE
561.6507 	 	STIM   1, 3, 1, 0 RULE L2
562.0009 	 	TGT    0,3,2,2; 2,1,3,0; 1,0,0,1; 3,2,1,3
563.7176 	 	RESP   0 L2 ANSWER -1
563.7176 	 	FEEDB  FAIL 2 of 6
564.7577 	 	CUE
565.2738 	 	STIM   0, 2, 0, 0 RULE L2
565.6241 	 	TGT    0,3,2,2; 2,1,3,0; 1,0,0,1; 3,2,1,3
566.4440 	 	RESP   0 L2 ANSWER -3
566.4440 	 	FEEDB  FAIL 2 of 6
567.4945 	 	CUE
568.0122 	 	STIM   1, 2, 3, 2 RULE L2
568.3623 	 	TGT    0,3,2,2; 2,1,3,0; 1,0,0,1; 3,2,1,3
570.2420 	 	RESP   1 L2 ANSWER 1
570.2421 	 	FEEDB  CORRECT 3 of 6
571.2861 	 	CUE
571.8028 	 	STIM   1, 3, 1, 0 RULE L2
572.1526 	 	TGT    0,3,2,2; 2,1,3,0; 1,0,0,1; 3,2,1,3
573.6806 	 	RESP   1 L2 ANSWER 2
573.6806 	 	FEEDB  CORRECT 4 of 6
574.7260 	 	CUE
575.2421 	 	STIM   1, 1, 2, 3 RULE L2
575.5924 	 	TGT    0,3,2,2; 2,1,3,0; 1,0,0,1; 3,2,1,3
578.5581 	 	RESP   1 L2 ANSWER 4
578.5581 	 	FEEDB  CORRECT 5 of 6
579.6015 	 	CUE
580.1176 	 	STIM   0, 2, 0, 0 RULE L2
580.4679 	 	TGT    0,3,2,2; 2,1,3,0; 1,0,0,1; 3,2,1,3
581.4686 	 	RESP   1 L2 ANSWER 2
581.4686 	 	FEEDB  CORRECT 6 of 6
582.5076 	 	Running set .\configs\sets\faces_of_patches.json
582.5079 	 	Using deck: 0: 1,2,0,0 | 1: 3,3,0,0 | 2: 0,1,0,0 | 3: 2,0,0,0 
584.8601 	 	CUE
585.3775 	 	STIM   1, 0, 0, 0 RULE L1
585.7278 	 	TGT    1,2,0,0; 2,3,0,0; 0,1,0,0; 3,0,0,0
589.9765 	 	RESP   1 L1 ANSWER 2
589.9765 	 	FEEDB  CORRECT 1 of 5
591.0378 	 	CUE
591.5555 	 	STIM   3, 1, 0, 0 RULE L1
591.9057 	 	TGT    1,2,0,0; 2,3,0,0; 0,1,0,0; 3,0,0,0
592.5191 	 	RESP   1 L1 ANSWER 3
592.5191 	 	FEEDB  CORRECT 2 of 5
593.5589 	 	CUE
594.0765 	 	STIM   2, 1, 0, 0 RULE L1
594.4268 	 	TGT    1,2,0,0; 2,3,0,0; 0,1,0,0; 3,0,0,0
594.8861 	 	RESP   1 L1 ANSWER 3
594.8861 	 	FEEDB  CORRECT 3 of 5
595.9471 	 	CUE
596.4644 	 	STIM   0, 3, 0, 0 RULE L1
596.8148 	 	TGT    1,2,0,0; 2,3,0,0; 0,1,0,0; 3,0,0,0
597.2366 	 	RESP   1 L1 ANSWER 2
597.2366 	 	FEEDB  CORRECT 4 of 5
598.3009 	 	CUE
598.8187 	 	STIM   0, 0, 0, 0 RULE L1
599.1688 	 	TGT    1,2,0,0; 2,3,0,0; 0,1,0,0; 3,0,0,0
599.7876 	 	RESP   1 L1 ANSWER 4
599.7876 	 	FEEDB  CORRECT 5 of 5
600.8558 	 	CUE
601.3732 	 	STIM   0, 3, 0, 0 RULE L2
601.7237 	 	TGT    1,2,0,0; 2,3,0,0; 0,1,0,0; 3,0,0,0
602.3940 	 	RESP   1 L2 ANSWER 2
602.3941 	 	FEEDB  CORRECT 1 of 7
603.4606 	 	CUE
603.9784 	 	STIM   2, 2, 0, 0 RULE L2
604.3282 	 	TGT    1,2,0,0; 2,3,0,0; 0,1,0,0; 3,0,0,0
604.9530 	 	RESP   1 L2 ANSWER 1
604.9530 	 	FEEDB  CORRECT 2 of 7
605.9983 	 	CUE
606.5160 	 	STIM   0, 0, 0, 0 RULE L2
606.8665 	 	TGT    1,2,0,0; 2,3,0,0; 0,1,0,0; 3,0,0,0
607.5356 	 	RESP   1 L2 ANSWER 4
607.5356 	 	FEEDB  CORRECT 3 of 7
608.6199 	 	CUE
609.1373 	 	STIM   1, 1, 0, 0 RULE L2
609.4878 	 	TGT    1,2,0,0; 2,3,0,0; 0,1,0,0; 3,0,0,0
609.9107 	 	RESP   1 L2 ANSWER 3
609.9107 	 	FEEDB  CORRECT 4 of 7
610.9744 	 	CUE
611.4919 	 	STIM   1, 3, 0, 0 RULE L2
611.8423 	 	TGT    1,2,0,0; 2,3,0,0; 0,1,0,0; 3,0,0,0
612.3491 	 	RESP   1 L2 ANSWER 2
612.3491 	 	FEEDB  CORRECT 5 of 7
613.3952 	 	CUE
613.9131 	 	STIM   3, 1, 0, 0 RULE L2
614.2630 	 	TGT    1,2,0,0; 2,3,0,0; 0,1,0,0; 3,0,0,0
614.7001 	 	RESP   1 L2 ANSWER 3
614.7001 	 	FEEDB  CORRECT 6 of 7
615.7497 	 	CUE
616.2670 	 	STIM   2, 1, 0, 0 RULE L2
616.6176 	 	TGT    1,2,0,0; 2,3,0,0; 0,1,0,0; 3,0,0,0
617.3946 	 	RESP   1 L2 ANSWER 1
617.3946 	 	FEEDB  CORRECT 7 of 7
618.4547 	 	CUE
618.9725 	 	STIM   3, 2, 0, 0 RULE L1
619.3224 	 	TGT    1,2,0,0; 2,3,0,0; 0,1,0,0; 3,0,0,0
619.7376 	 	RESP   1 L1 ANSWER 1
619.7376 	 	FEEDB  CORRECT 1 of 7
620.7923 	 	CUE
621.3097 	 	STIM   0, 2, 0, 0 RULE L1
621.6601 	 	TGT    1,2,0,0; 2,3,0,0; 0,1,0,0; 3,0,0,0
622.2481 	 	RESP   1 L1 ANSWER 1
622.2481 	 	FEEDB  CORRECT 2 of 7
623.3015 	 	CUE
623.8162 	 	STIM   2, 1, 0, 0 RULE L1
624.1644 	 	TGT    1,2,0,0; 2,3,0,0; 0,1,0,0; 3,0,0,0
624.6791 	 	RESP   1 L1 ANSWER 3
624.6791 	 	FEEDB  CORRECT 3 of 7
625.7180 	 	CUE
626.2353 	 	STIM   2, 0, 0, 0 RULE L1
626.5858 	 	TGT    1,2,0,0; 2,3,0,0; 0,1,0,0; 3,0,0,0
627.0297 	 	RESP   1 L1 ANSWER 4
627.0297 	 	FEEDB  CORRECT 4 of 7
628.0889 	 	CUE
628.6065 	 	STIM   0, 3, 0, 0 RULE L1
628.9568 	 	TGT    1,2,0,0; 2,3,0,0; 0,1,0,0; 3,0,0,0
629.6126 	 	RESP   1 L1 ANSWER 2
629.6126 	 	FEEDB  CORRECT 5 of 7
630.6602 	 	CUE
631.1779 	 	STIM   2, 1, 0, 0 RULE L1
631.5281 	 	TGT    1,2,0,0; 2,3,0,0; 0,1,0,0; 3,0,0,0
631.9873 	 	RESP   1 L1 ANSWER 3
631.9873 	 	FEEDB  CORRECT 6 of 7
633.0311 	 	CUE
633.5488 	 	STIM   0, 3, 0, 0 RULE L1
633.8993 	 	TGT    1,2,0,0; 2,3,0,0; 0,1,0,0; 3,0,0,0
634.5941 	 	RESP   1 L1 ANSWER 2
634.5941 	 	FEEDB  CORRECT 7 of 7
635.6374 	 	CUE
636.1536 	 	STIM   1, 0, 0, 0 RULE L2
636.5040 	 	TGT    1,2,0,0; 2,3,0,0; 0,1,0,0; 3,0,0,0
637.1046 	 	RESP   1 L2 ANSWER 4
637.1046 	 	FEEDB  CORRECT 1 of 6
638.1571 	 	CUE
638.6750 	 	STIM   1, 3, 0, 0 RULE L2
639.0251 	 	TGT    1,2,0,0; 2,3,0,0; 0,1,0,0; 3,0,0,0
640.1513 	 	RESP   1 L2 ANSWER 2
640.1513 	 	FEEDB  CORRECT 2 of 6
641.2009 	 	CUE
641.7156 	 	STIM   3, 2, 0, 0 RULE L2
642.0639 	 	TGT    1,2,0,0; 2,3,0,0; 0,1,0,0; 3,0,0,0
642.7261 	 	RESP   1 L2 ANSWER 1
642.7261 	 	FEEDB  CORRECT 3 of 6
643.7676 	 	CUE
644.2851 	 	STIM   2, 2, 0, 0 RULE L2
644.6356 	 	TGT    1,2,0,0; 2,3,0,0; 0,1,0,0; 3,0,0,0
646.5481 	 	RESP   1 L2 ANSWER 1
646.5481 	 	FEEDB  CORRECT 4 of 6
647.5961 	 	CUE
648.1103 	 	STIM   0, 0, 0, 0 RULE L2
648.4591 	 	TGT    1,2,0,0; 2,3,0,0; 0,1,0,0; 3,0,0,0
649.3947 	 	RESP   1 L2 ANSWER 4
649.3947 	 	FEEDB  CORRECT 5 of 6
650.4464 	 	CUE
650.9644 	 	STIM   2, 2, 0, 0 RULE L2
651.3143 	 	TGT    1,2,0,0; 2,3,0,0; 0,1,0,0; 3,0,0,0
651.8018 	 	RESP   1 L2 ANSWER 3
651.8018 	 	FEEDB  CORRECT 6 of 6
652.8677 	 	CUE
653.3851 	 	STIM   3, 3, 0, 0 RULE L1
653.7356 	 	TGT    1,2,0,0; 2,3,0,0; 0,1,0,0; 3,0,0,0
655.9993 	 	RESP   1 L1 ANSWER 2
655.9993 	 	FEEDB  CORRECT 1 of 6
657.0465 	 	CUE
657.5612 	 	STIM   3, 1, 0, 0 RULE L1
657.9100 	 	TGT    1,2,0,0; 2,3,0,0; 0,1,0,0; 3,0,0,0
660.2531 	 	RESP   1 L1 ANSWER 1
660.2531 	 	FEEDB  CORRECT 2 of 6
661.3041 	 	CUE
661.8182 	 	STIM   3, 3, 0, 0 RULE L1
662.1674 	 	TGT    1,2,0,0; 2,3,0,0; 0,1,0,0; 3,0,0,0
665.7066 	 	RESP   1 L1 ANSWER 1
665.7066 	 	FEEDB  CORRECT 3 of 6
666.7765 	 	CUE
667.2939 	 	STIM   0, 3, 0, 0 RULE L1
667.6443 	 	TGT    1,2,0,0; 2,3,0,0; 0,1,0,0; 3,0,0,0
668.8731 	 	RESP   1 L1 ANSWER 2
668.8731 	 	FEEDB  CORRECT 4 of 6
669.9171 	 	CUE
670.4333 	 	STIM   0, 2, 0, 0 RULE L1
670.7835 	 	TGT    1,2,0,0; 2,3,0,0; 0,1,0,0; 3,0,0,0
765.4727 	 	RESP   1 L1 ANSWER 2
765.4727 	 	FEEDB  CORRECT 5 of 6
766.5424 	 	CUE
767.0598 	 	STIM   1, 1, 0, 0 RULE L1
767.4103 	 	TGT    1,2,0,0; 2,3,0,0; 0,1,0,0; 3,0,0,0
770.7741 	 	RESP   1 L1 ANSWER 1
770.7741 	 	FEEDB  CORRECT 6 of 6
771.8203 	 	CUE
772.3365 	 	STIM   1, 3, 0, 0 RULE L2
772.6868 	 	TGT    1,2,0,0; 2,3,0,0; 0,1,0,0; 3,0,0,0
773.7806 	 	RESP   1 L2 ANSWER 4
773.7806 	 	FEEDB  CORRECT 1 of 5
774.8244 	 	CUE
775.3421 	 	STIM   2, 0, 0, 0 RULE L2
775.6923 	 	TGT    1,2,0,0; 2,3,0,0; 0,1,0,0; 3,0,0,0
778.2901 	 	RESP   1 L2 ANSWER 3
778.2901 	 	FEEDB  CORRECT 2 of 5
779.3373 	 	CUE
779.8520 	 	STIM   1, 3, 0, 0 RULE L2
780.2003 	 	TGT    1,2,0,0; 2,3,0,0; 0,1,0,0; 3,0,0,0
781.9124 	 	RESP   1 L2 ANSWER 3
781.9125 	 	FEEDB  CORRECT 3 of 5
782.9608 	 	CUE
783.4752 	 	STIM   2, 1, 0, 0 RULE L2
783.8239 	 	TGT    1,2,0,0; 2,3,0,0; 0,1,0,0; 3,0,0,0
785.0466 	 	RESP   1 L2 ANSWER 4
785.0467 	 	FEEDB  CORRECT 4 of 5
786.0947 	 	CUE
786.6127 	 	STIM   2, 1, 0, 0 RULE L2
786.9626 	 	TGT    1,2,0,0; 2,3,0,0; 0,1,0,0; 3,0,0,0
787.4697 	 	RESP   1 L2 ANSWER 3
787.4697 	 	FEEDB  CORRECT 5 of 5
788.5018 	 	Running set .\configs\sets\letter_of_letters_1i.json
788.5020 	 	Using deck: 0: 3,1,1,3 | 1: 1,0,0,1 | 2: 0,2,2,2 | 3: 2,3,3,0 
832.3827 	 	CUE
832.8979 	 	STIM   0, 0, 1, 0 RULE L1
833.2475 	 	TGT    2,1,1,3; 1,0,0,1; 0,2,2,2; 3,3,3,0
836.2853 	 	RESP   0 L1 ANSWER -4
836.2853 	 	FEEDB  FAIL 0 of 6
837.3720 	 	CUE
837.8897 	 	STIM   1, 3, 1, 2 RULE L1
838.2399 	 	TGT    2,1,1,3; 1,0,0,1; 0,2,2,2; 3,3,3,0
838.8282 	 	RESP   1 L1 ANSWER 1
838.8282 	 	FEEDB  CORRECT 1 of 6
839.8936 	 	CUE
840.4111 	 	STIM   1, 3, 2, 3 RULE L1
840.7614 	 	TGT    2,1,1,3; 1,0,0,1; 0,2,2,2; 3,3,3,0
842.2582 	 	RESP   1 L1 ANSWER 3
842.2582 	 	FEEDB  CORRECT 2 of 6
843.3165 	 	CUE
843.8342 	 	STIM   3, 0, 2, 3 RULE L1
844.1841 	 	TGT    2,1,1,3; 1,0,0,1; 0,2,2,2; 3,3,3,0
845.9601 	 	RESP   1 L1 ANSWER 3
845.9601 	 	FEEDB  CORRECT 3 of 6
847.0231 	 	CUE
847.5409 	 	STIM   1, 2, 3, 3 RULE L1
847.8910 	 	TGT    2,1,1,3; 1,0,0,1; 0,2,2,2; 3,3,3,0
849.2547 	 	RESP   1 L1 ANSWER 4
849.2547 	 	FEEDB  CORRECT 4 of 6
850.2957 	 	CUE
850.8137 	 	STIM   0, 3, 0, 3 RULE L1
851.1636 	 	TGT    2,1,1,3; 1,0,0,1; 0,2,2,2; 3,3,3,0
855.5476 	 	RESP   1 L1 ANSWER 2
855.5477 	 	FEEDB  CORRECT 5 of 6
856.6076 	 	CUE
857.1249 	 	STIM   0, 0, 3, 3 RULE L1
857.4752 	 	TGT    2,1,1,3; 1,0,0,1; 0,2,2,2; 3,3,3,0
858.1701 	 	RESP   1 L1 ANSWER 4
858.1701 	 	FEEDB  CORRECT 6 of 6
859.2287 	 	CUE
859.7465 	 	STIM   2, 3, 2, 1 RULE L2
860.0966 	 	TGT    2,1,1,3; 1,0,0,1; 0,2,2,2; 3,3,3,0
861.5207 	 	RESP   0 L2 ANSWER -3
861.5207 	 	FEEDB  FAIL 0 of 7
862.5697 	 	CUE
863.0859 	 	STIM   2, 3, 2, 1 RULE L2
863.4362 	 	TGT    2,1,1,3; 1,0,0,1; 0,2,2,2; 3,3,3,0
865.8545 	 	RESP   1 L2 ANSWER 2
865.8545 	 	FEEDB  CORRECT 1 of 7
866.9262 	 	CUE
867.4440 	 	STIM   2, 0, 3, 2 RULE L2
867.7943 	 	TGT    2,1,1,3; 1,0,0,1; 0,2,2,2; 3,3,3,0
869.8605 	 	RESP   1 L2 ANSWER 3
869.8605 	 	FEEDB  CORRECT 2 of 7
870.9047 	 	CUE
871.4194 	 	STIM   1, 3, 2, 3 RULE L2
871.7682 	 	TGT    2,1,1,3; 1,0,0,1; 0,2,2,2; 3,3,3,0
875.1457 	 	RESP   1 L2 ANSWER 1
875.1457 	 	FEEDB  CORRECT 3 of 7
876.2100 	 	CUE
876.7278 	 	STIM   3, 1, 0, 2 RULE L2
877.0776 	 	TGT    2,1,1,3; 1,0,0,1; 0,2,2,2; 3,3,3,0
883.0616 	 	RESP   0 L2 ANSWER -4
883.0616 	 	FEEDB  FAIL 3 of 7
884.1263 	 	CUE
884.6422 	 	STIM   3, 2, 1, 1 RULE L2
884.9921 	 	TGT    2,1,1,3; 1,0,0,1; 0,2,2,2; 3,3,3,0
885.8762 	 	RESP   0 L2 ANSWER -1
885.8763 	 	FEEDB  FAIL 3 of 7
886.9460 	 	CUE
887.4637 	 	STIM   3, 0, 1, 2 RULE L2
887.8143 	 	TGT    2,1,1,3; 1,0,0,1; 0,2,2,2; 3,3,3,0
889.3467 	 	RESP   1 L2 ANSWER 3
889.3467 	 	FEEDB  CORRECT 4 of 7
890.3858 	 	CUE
890.9034 	 	STIM   2, 2, 3, 1 RULE L2
891.2536 	 	TGT    2,1,1,3; 1,0,0,1; 0,2,2,2; 3,3,3,0
892.2811 	 	RESP   1 L2 ANSWER 2
892.2811 	 	FEEDB  CORRECT 5 of 7
893.3245 	 	CUE
893.8423 	 	STIM   1, 2, 3, 3 RULE L2
894.1923 	 	TGT    2,1,1,3; 1,0,0,1; 0,2,2,2; 3,3,3,0
894.8559 	 	RESP   1 L2 ANSWER 1
894.8559 	 	FEEDB  CORRECT 6 of 7
895.8958 	 	CUE
896.4135 	 	STIM   1, 2, 3, 3 RULE L2
896.7640 	 	TGT    2,1,1,3; 1,0,0,1; 0,2,2,2; 3,3,3,0
898.1744 	 	RESP   1 L2 ANSWER 1
898.1744 	 	FEEDB  CORRECT 7 of 7
899.2200 	 	CUE
899.7366 	 	STIM   1, 3, 2, 3 RULE L1
900.0864 	 	TGT    2,1,1,3; 1,0,0,1; 0,2,2,2; 3,3,3,0
901.0366 	 	RESP   0 L1 ANSWER -1
901.0366 	 	FEEDB  FAIL 0 of 7
902.1071 	 	CUE
902.6252 	 	STIM   1, 1, 2, 0 RULE L1
902.9749 	 	TGT    2,1,1,3; 1,0,0,1; 0,2,2,2; 3,3,3,0
903.9793 	 	RESP   1 L1 ANSWER 3
903.9793 	 	FEEDB  CORRECT 1 of 7
905.0291 	 	CUE
905.5472 	 	STIM   2, 0, 3, 2 RULE L1
905.8970 	 	TGT    2,1,1,3; 1,0,0,1; 0,2,2,2; 3,3,3,0
906.6662 	 	RESP   1 L1 ANSWER 4
906.6662 	 	FEEDB  CORRECT 2 of 7
907.7177 	 	CUE
908.2350 	 	STIM   1, 1, 2, 0 RULE L1
908.5856 	 	TGT    2,1,1,3; 1,0,0,1; 0,2,2,2; 3,3,3,0
910.0881 	 	RESP   1 L1 ANSWER 3
910.0881 	 	FEEDB  CORRECT 3 of 7
911.1571 	 	CUE
911.6749 	 	STIM   0, 0, 3, 3 RULE L1
912.0249 	 	TGT    2,1,1,3; 1,0,0,1; 0,2,2,2; 3,3,3,0
913.0067 	 	RESP   1 L1 ANSWER 4
913.0067 	 	FEEDB  CORRECT 4 of 7
914.0634 	 	CUE
914.5804 	 	STIM   1, 2, 1, 0 RULE L1
914.9302 	 	TGT    2,1,1,3; 1,0,0,1; 0,2,2,2; 3,3,3,0
916.6052 	 	RESP   1 L1 ANSWER 1
916.6052 	 	FEEDB  CORRECT 5 of 7
917.6565 	 	CUE
918.1705 	 	STIM   1, 3, 2, 3 RULE L1
918.5204 	 	TGT    2,1,1,3; 1,0,0,1; 0,2,2,2; 3,3,3,0
919.5637 	 	RESP   1 L1 ANSWER 3
919.5637 	 	FEEDB  CORRECT 6 of 7
920.6079 	 	CUE
921.1255 	 	STIM   1, 2, 1, 0 RULE L1
921.4757 	 	TGT    2,1,1,3; 1,0,0,1; 0,2,2,2; 3,3,3,0
923.2577 	 	RESP   1 L1 ANSWER 1
923.2577 	 	FEEDB  CORRECT 7 of 7
924.3147 	 	CUE
924.8325 	 	STIM   1, 1, 3, 2 RULE L2
925.1825 	 	TGT    2,1,1,3; 1,0,0,1; 0,2,2,2; 3,3,3,0
926.0002 	 	RESP   1 L2 ANSWER 3
926.0002 	 	FEEDB  CORRECT 1 of 5
927.0695 	 	CUE
927.5873 	 	STIM   3, 1, 2, 1 RULE L2
927.9373 	 	TGT    2,1,1,3; 1,0,0,1; 0,2,2,2; 3,3,3,0
930.7502 	 	RESP   0 L2 ANSWER -4
930.7502 	 	FEEDB  FAIL 1 of 5
931.7980 	 	CUE
932.3127 	 	STIM   2, 2, 3, 1 RULE L2
932.6630 	 	TGT    2,1,1,3; 1,0,0,1; 0,2,2,2; 3,3,3,0
935.6440 	 	RESP   1 L2 ANSWER 2
935.6440 	 	FEEDB  CORRECT 2 of 5
936.6912 	 	CUE
937.2049 	 	STIM   3, 1, 0, 2 RULE L2
937.5552 	 	TGT    2,1,1,3; 1,0,0,1; 0,2,2,2; 3,3,3,0
941.2566 	 	RESP   0 L2 ANSWER -4
941.2566 	 	FEEDB  FAIL 2 of 5
942.2989 	 	CUE
942.8154 	 	STIM   3, 1, 2, 1 RULE L2
943.1653 	 	TGT    2,1,1,3; 1,0,0,1; 0,2,2,2; 3,3,3,0
946.7422 	 	RESP   1 L2 ANSWER 2
946.7422 	 	FEEDB  CORRECT 3 of 5
947.7958 	 	CUE
948.3101 	 	STIM   1, 3, 2, 3 RULE L2
948.6589 	 	TGT    2,1,1,3; 1,0,0,1; 0,2,2,2; 3,3,3,0
951.1717 	 	RESP   1 L2 ANSWER 1
951.1717 	 	FEEDB  CORRECT 4 of 5
952.2201 	 	CUE
952.7341 	 	STIM   3, 1, 2, 1 RULE L2
953.0834 	 	TGT    2,1,1,3; 1,0,0,1; 0,2,2,2; 3,3,3,0
955.0337 	 	RESP   1 L2 ANSWER 2
955.0337 	 	FEEDB  CORRECT 5 of 5
956.0895 	 	CUE
956.6074 	 	STIM   3, 2, 0, 3 RULE L1
956.9572 	 	TGT    2,1,1,3; 1,0,0,1; 0,2,2,2; 3,3,3,0
957.7767 	 	RESP   0 L1 ANSWER -1
957.7767 	 	FEEDB  FAIL 0 of 5
958.8277 	 	CUE
959.3453 	 	STIM   3, 2, 1, 1 RULE L1
959.6958 	 	TGT    2,1,1,3; 1,0,0,1; 0,2,2,2; 3,3,3,0
960.2233 	 	RESP   1 L1 ANSWER 1
960.2233 	 	FEEDB  CORRECT 1 of 5
961.2669 	 	CUE
961.7835 	 	STIM   1, 3, 1, 2 RULE L1
962.1334 	 	TGT    2,1,1,3; 1,0,0,1; 0,2,2,2; 3,3,3,0
962.8220 	 	RESP   1 L1 ANSWER 1
962.8220 	 	FEEDB  CORRECT 2 of 5
963.8701 	 	CUE
964.3880 	 	STIM   3, 0, 2, 3 RULE L1
964.7385 	 	TGT    2,1,1,3; 1,0,0,1; 0,2,2,2; 3,3,3,0
966.6282 	 	RESP   0 L1 ANSWER -1
966.6282 	 	FEEDB  FAIL 2 of 5
967.6813 	 	CUE
968.1955 	 	STIM   3, 2, 1, 1 RULE L1
968.5453 	 	TGT    2,1,1,3; 1,0,0,1; 0,2,2,2; 3,3,3,0
971.2736 	 	RESP   0 L1 ANSWER -2
971.2737 	 	FEEDB  FAIL 2 of 5
972.3229 	 	CUE
972.8373 	 	STIM   1, 1, 2, 0 RULE L1
973.1870 	 	TGT    2,1,1,3; 1,0,0,1; 0,2,2,2; 3,3,3,0
974.3603 	 	RESP   1 L1 ANSWER 3
974.3603 	 	FEEDB  CORRECT 3 of 5
975.4081 	 	CUE
975.9258 	 	STIM   3, 0, 1, 2 RULE L1
976.2760 	 	TGT    2,1,1,3; 1,0,0,1; 0,2,2,2; 3,3,3,0
976.9667 	 	RESP   1 L1 ANSWER 1
976.9667 	 	FEEDB  CORRECT 4 of 5
978.0127 	 	CUE
978.5305 	 	STIM   0, 0, 1, 0 RULE L1
978.8806 	 	TGT    2,1,1,3; 1,0,0,1; 0,2,2,2; 3,3,3,0
979.3179 	 	RESP   1 L1 ANSWER 1
979.3179 	 	FEEDB  CORRECT 5 of 5
980.3841 	 	CUE
980.9015 	 	STIM   2, 3, 0, 2 RULE L2
981.2518 	 	TGT    2,1,1,3; 1,0,0,1; 0,2,2,2; 3,3,3,0
982.1402 	 	RESP   0 L2 ANSWER -2
982.1402 	 	FEEDB  FAIL 0 of 6
983.1889 	 	CUE
983.7068 	 	STIM   3, 2, 0, 3 RULE L2
984.0568 	 	TGT    2,1,1,3; 1,0,0,1; 0,2,2,2; 3,3,3,0
986.0503 	 	RESP   1 L2 ANSWER 1
986.0503 	 	FEEDB  CORRECT 1 of 6
987.0998 	 	CUE
987.6141 	 	STIM   0, 3, 0, 3 RULE L2
987.9640 	 	TGT    2,1,1,3; 1,0,0,1; 0,2,2,2; 3,3,3,0
990.2642 	 	RESP   1 L2 ANSWER 1
990.2642 	 	FEEDB  CORRECT 2 of 6
991.3067 	 	CUE
991.8217 	 	STIM   1, 2, 3, 3 RULE L2
992.1717 	 	TGT    2,1,1,3; 1,0,0,1; 0,2,2,2; 3,3,3,0
992.7593 	 	RESP   1 L2 ANSWER 1
992.7593 	 	FEEDB  CORRECT 3 of 6
993.8251 	 	CUE
994.3428 	 	STIM   2, 0, 2, 0 RULE L2
994.6933 	 	TGT    2,1,1,3; 1,0,0,1; 0,2,2,2; 3,3,3,0
996.4453 	 	RESP   1 L2 ANSWER 4
996.4453 	 	FEEDB  CORRECT 4 of 6
997.5153 	 	CUE
998.0327 	 	STIM   3, 2, 1, 1 RULE L2
998.3833 	 	TGT    2,1,1,3; 1,0,0,1; 0,2,2,2; 3,3,3,0
999.9232 	 	RESP   1 L2 ANSWER 2
999.9232 	 	FEEDB  CORRECT 5 of 6
1000.9763 	 	CUE
1001.4910 	 	STIM   2, 0, 3, 2 RULE L2
1001.8394 	 	TGT    2,1,1,3; 1,0,0,1; 0,2,2,2; 3,3,3,0
1003.0254 	 	RESP   1 L2 ANSWER 3
1003.0254 	 	FEEDB  CORRECT 6 of 6
1008.2231 	 	Running set .\configs\sets\letter_of_letters_1ii.json
1008.2233 	 	Using deck: 0: 1,1,2,0 | 1: 0,0,0,3 | 2: 3,3,3,1 | 3: 2,2,1,2 
1009.6545 	 	CUE
1010.1719 	 	STIM   1, 0, 3, 2 RULE L1
1010.5222 	 	TGT    1,1,2,0; 0,0,0,3; 2,3,3,1; 3,2,1,2
1011.6377 	 	RESP   0 L1 ANSWER -4
1011.6377 	 	FEEDB  FAIL 0 of 6
1012.6932 	 	CUE
1013.2108 	 	STIM   3, 0, 2, 1 RULE L1
1013.5611 	 	TGT    1,1,2,0; 0,0,0,3; 2,3,3,1; 3,2,1,2
1015.2597 	 	RESP   0 L1 ANSWER -3
1015.2597 	 	FEEDB  FAIL 0 of 6
1016.3179 	 	CUE
1016.8340 	 	STIM   2, 0, 1, 0 RULE L1
1017.1842 	 	TGT    1,1,2,0; 0,0,0,3; 2,3,3,1; 3,2,1,2
1018.1862 	 	RESP   1 L1 ANSWER 4
1018.1862 	 	FEEDB  CORRECT 1 of 6
1019.2550 	 	CUE
1019.7729 	 	STIM   1, 3, 1, 3 RULE L1
1020.1229 	 	TGT    1,1,2,0; 0,0,0,3; 2,3,3,1; 3,2,1,2
1021.6807 	 	RESP   1 L1 ANSWER 4
1021.6807 	 	FEEDB  CORRECT 2 of 6
1022.7452 	 	CUE
1023.2626 	 	STIM   2, 0, 2, 2 RULE L1
1023.6128 	 	TGT    1,1,2,0; 0,0,0,3; 2,3,3,1; 3,2,1,2
1024.6712 	 	RESP   1 L1 ANSWER 1
1024.6712 	 	FEEDB  CORRECT 3 of 6
1025.7338 	 	CUE
1026.2513 	 	STIM   0, 2, 3, 0 RULE L1
1026.6017 	 	TGT    1,1,2,0; 0,0,0,3; 2,3,3,1; 3,2,1,2
1027.4697 	 	RESP   1 L1 ANSWER 3
1027.4697 	 	FEEDB  CORRECT 4 of 6
1028.5222 	 	CUE
1029.0395 	 	STIM   2, 0, 2, 2 RULE L1
1029.3900 	 	TGT    1,1,2,0; 0,0,0,3; 2,3,3,1; 3,2,1,2
1031.3797 	 	RESP   1 L1 ANSWER 1
1031.3797 	 	FEEDB  CORRECT 5 of 6
1032.4336 	 	CUE
1032.9483 	 	STIM   1, 0, 3, 2 RULE L1
1033.2970 	 	TGT    1,1,2,0; 0,0,0,3; 2,3,3,1; 3,2,1,2
1034.0582 	 	RESP   1 L1 ANSWER 3
1034.0582 	 	FEEDB  CORRECT 6 of 6
1035.1173 	 	CUE
1035.6352 	 	STIM   2, 2, 0, 0 RULE L2
1035.9852 	 	TGT    1,1,2,0; 0,0,0,3; 2,3,3,1; 3,2,1,2
1037.3687 	 	RESP   0 L2 ANSWER -2
1037.3688 	 	FEEDB  FAIL 0 of 7
1038.4569 	 	CUE
1038.9743 	 	STIM   3, 3, 0, 0 RULE L2
1039.3248 	 	TGT    1,1,2,0; 0,0,0,3; 2,3,3,1; 3,2,1,2
1043.8372 	 	RESP   0 L2 ANSWER -3
1043.8372 	 	FEEDB  FAIL 0 of 7
1044.9020 	 	CUE
1045.4199 	 	STIM   0, 1, 1, 1 RULE L2
1045.7700 	 	TGT    1,1,2,0; 0,0,0,3; 2,3,3,1; 3,2,1,2
1048.8029 	 	RESP   1 L2 ANSWER 3
1048.8030 	 	FEEDB  CORRECT 1 of 7
1049.8611 	 	CUE
1050.3789 	 	STIM   3, 1, 3, 3 RULE L2
1050.7292 	 	TGT    1,1,2,0; 0,0,0,3; 2,3,3,1; 3,2,1,2
1051.9852 	 	RESP   1 L2 ANSWER 2
1051.9852 	 	FEEDB  CORRECT 2 of 7
1053.0334 	 	CUE
1053.5515 	 	STIM   2, 2, 0, 0 RULE L2
1053.9013 	 	TGT    1,1,2,0; 0,0,0,3; 2,3,3,1; 3,2,1,2
1055.5757 	 	RESP   1 L2 ANSWER 1
1055.5757 	 	FEEDB  CORRECT 3 of 7
1056.6406 	 	CUE
1057.1579 	 	STIM   2, 2, 2, 3 RULE L2
1057.5083 	 	TGT    1,1,2,0; 0,0,0,3; 2,3,3,1; 3,2,1,2
1058.9897 	 	RESP   1 L2 ANSWER 2
1058.9897 	 	FEEDB  CORRECT 4 of 7
1060.0500 	 	CUE
1060.5648 	 	STIM   0, 2, 2, 1 RULE L2
1060.9141 	 	TGT    1,1,2,0; 0,0,0,3; 2,3,3,1; 3,2,1,2
1062.9877 	 	RESP   1 L2 ANSWER 3
1062.9878 	 	FEEDB  CORRECT 5 of 7
1064.0407 	 	CUE
1064.5550 	 	STIM   3, 1, 3, 3 RULE L2
1064.9049 	 	TGT    1,1,2,0; 0,0,0,3; 2,3,3,1; 3,2,1,2
1066.2503 	 	RESP   1 L2 ANSWER 2
1066.2503 	 	FEEDB  CORRECT 6 of 7
1067.2930 	 	CUE
1067.8107 	 	STIM   1, 3, 1, 3 RULE L2
1068.1609 	 	TGT    1,1,2,0; 0,0,0,3; 2,3,3,1; 3,2,1,2
1070.3202 	 	RESP   1 L2 ANSWER 2
1070.3202 	 	FEEDB  CORRECT 7 of 7
1071.3841 	 	CUE
1071.9015 	 	STIM   1, 2, 0, 1 RULE L1
1072.2518 	 	TGT    1,1,2,0; 0,0,0,3; 2,3,3,1; 3,2,1,2
1074.0865 	 	RESP   0 L1 ANSWER -3
1074.0865 	 	FEEDB  FAIL 0 of 7
1075.1446 	 	CUE
1075.6592 	 	STIM   2, 2, 0, 0 RULE L1
1076.0085 	 	TGT    1,1,2,0; 0,0,0,3; 2,3,3,1; 3,2,1,2
1076.5092 	 	RESP   1 L1 ANSWER 2
1076.5092 	 	FEEDB  CORRECT 1 of 7
1077.5620 	 	CUE
1078.0793 	 	STIM   3, 0, 2, 1 RULE L1
1078.4298 	 	TGT    1,1,2,0; 0,0,0,3; 2,3,3,1; 3,2,1,2
1079.0198 	 	RESP   1 L1 ANSWER 1
1079.0198 	 	FEEDB  CORRECT 2 of 7
1080.0701 	 	CUE
1080.5848 	 	STIM   2, 2, 0, 0 RULE L1
1080.9342 	 	TGT    1,1,2,0; 0,0,0,3; 2,3,3,1; 3,2,1,2
1081.3707 	 	RESP   1 L1 ANSWER 2
1081.3707 	 	FEEDB  CORRECT 3 of 7
1082.4208 	 	CUE
1082.9381 	 	STIM   2, 0, 1, 0 RULE L1
1083.2886 	 	TGT    1,1,2,0; 0,0,0,3; 2,3,3,1; 3,2,1,2
1084.6651 	 	RESP   1 L1 ANSWER 4
1084.6651 	 	FEEDB  CORRECT 4 of 7
1085.7280 	 	CUE
1086.2445 	 	STIM   0, 3, 1, 0 RULE L1
1086.5948 	 	TGT    1,1,2,0; 0,0,0,3; 2,3,3,1; 3,2,1,2
1087.2638 	 	RESP   1 L1 ANSWER 4
1087.2638 	 	FEEDB  CORRECT 5 of 7
1088.3148 	 	CUE
1088.8322 	 	STIM   1, 3, 0, 2 RULE L1
1089.1827 	 	TGT    1,1,2,0; 0,0,0,3; 2,3,3,1; 3,2,1,2
1089.7904 	 	RESP   1 L1 ANSWER 2
1089.7904 	 	FEEDB  CORRECT 6 of 7
1090.8529 	 	CUE
1091.3706 	 	STIM   2, 1, 0, 2 RULE L1
1091.7209 	 	TGT    1,1,2,0; 0,0,0,3; 2,3,3,1; 3,2,1,2
1092.2052 	 	RESP   1 L1 ANSWER 2
1092.2052 	 	FEEDB  CORRECT 7 of 7
1093.2572 	 	CUE
1093.7748 	 	STIM   2, 0, 2, 2 RULE L2
1094.1251 	 	TGT    1,1,2,0; 0,0,0,3; 2,3,3,1; 3,2,1,2
1094.7162 	 	RESP   0 L2 ANSWER -1
1094.7162 	 	FEEDB  FAIL 0 of 5
1095.7656 	 	CUE
1096.2796 	 	STIM   3, 1, 3, 3 RULE L2
1096.6299 	 	TGT    1,1,2,0; 0,0,0,3; 2,3,3,1; 3,2,1,2
1099.2017 	 	RESP   1 L2 ANSWER 2
1099.2017 	 	FEEDB  CORRECT 1 of 5
1100.2701 	 	CUE
1100.7876 	 	STIM   2, 1, 0, 2 RULE L2
1101.1380 	 	TGT    1,1,2,0; 0,0,0,3; 2,3,3,1; 3,2,1,2
1103.5037 	 	RESP   1 L2 ANSWER 4
1103.5037 	 	FEEDB  CORRECT 2 of 5
1104.5461 	 	CUE
1105.0623 	 	STIM   2, 0, 1, 0 RULE L2
1105.4126 	 	TGT    1,1,2,0; 0,0,0,3; 2,3,3,1; 3,2,1,2
1106.3102 	 	RESP   1 L2 ANSWER 1
1106.3103 	 	FEEDB  CORRECT 3 of 5
1107.3665 	 	CUE
1107.8862 	 	STIM   3, 3, 2, 3 RULE L2
1108.2343 	 	TGT    1,1,2,0; 0,0,0,3; 2,3,3,1; 3,2,1,2
1110.1562 	 	RESP   1 L2 ANSWER 2
1110.1562 	 	FEEDB  CORRECT 4 of 5
1111.2101 	 	CUE
1111.7246 	 	STIM   3, 1, 3, 3 RULE L2
1112.0746 	 	TGT    1,1,2,0; 0,0,0,3; 2,3,3,1; 3,2,1,2
1113.8982 	 	RESP   1 L2 ANSWER 2
1113.8983 	 	FEEDB  CORRECT 5 of 5
1114.9535 	 	CUE
1115.4674 	 	STIM   2, 2, 2, 3 RULE L1
1115.8146 	 	TGT    1,1,2,0; 0,0,0,3; 2,3,3,1; 3,2,1,2
1118.3123 	 	RESP   0 L1 ANSWER -2
1118.3123 	 	FEEDB  FAIL 0 of 5
1119.3550 	 	CUE
1119.8724 	 	STIM   1, 3, 1, 3 RULE L1
1120.2229 	 	TGT    1,1,2,0; 0,0,0,3; 2,3,3,1; 3,2,1,2
1123.4777 	 	RESP   1 L1 ANSWER 4
1123.4777 	 	FEEDB  CORRECT 1 of 5
1124.5480 	 	CUE
1125.0653 	 	STIM   3, 1, 0, 1 RULE L1
1125.4159 	 	TGT    1,1,2,0; 0,0,0,3; 2,3,3,1; 3,2,1,2
1125.9486 	 	RESP   1 L1 ANSWER 2
1125.9486 	 	FEEDB  CORRECT 2 of 5
1127.0053 	 	CUE
1127.5203 	 	STIM   1, 3, 0, 2 RULE L1
1127.8701 	 	TGT    1,1,2,0; 0,0,0,3; 2,3,3,1; 3,2,1,2
1131.6658 	 	RESP   1 L1 ANSWER 2
1131.6658 	 	FEEDB  CORRECT 3 of 5
1132.7143 	 	CUE
1133.2306 	 	STIM   0, 3, 1, 0 RULE L1
1133.5808 	 	TGT    1,1,2,0; 0,0,0,3; 2,3,3,1; 3,2,1,2
1134.3763 	 	RESP   1 L1 ANSWER 4
1134.3763 	 	FEEDB  CORRECT 4 of 5
1135.4178 	 	CUE
1135.9352 	 	STIM   2, 1, 0, 2 RULE L1
1136.2858 	 	TGT    1,1,2,0; 0,0,0,3; 2,3,3,1; 3,2,1,2
1137.1587 	 	RESP   1 L1 ANSWER 2
1137.1587 	 	FEEDB  CORRECT 5 of 5
1138.2076 	 	CUE
1138.7240 	 	STIM   0, 2, 3, 0 RULE L2
1139.0740 	 	TGT    1,1,2,0; 0,0,0,3; 2,3,3,1; 3,2,1,2
1140.1573 	 	RESP   0 L2 ANSWER -3
1140.1573 	 	FEEDB  FAIL 0 of 6
1141.2284 	 	CUE
1141.7462 	 	STIM   0, 3, 2, 2 RULE L2
1142.0962 	 	TGT    1,1,2,0; 0,0,0,3; 2,3,3,1; 3,2,1,2
1142.9317 	 	RESP   1 L2 ANSWER 4
1142.9317 	 	FEEDB  CORRECT 1 of 6
1143.9832 	 	CUE
1144.5012 	 	STIM   1, 3, 1, 3 RULE L2
1144.8512 	 	TGT    1,1,2,0; 0,0,0,3; 2,3,3,1; 3,2,1,2
1146.6742 	 	RESP   1 L2 ANSWER 2
1146.6742 	 	FEEDB  CORRECT 2 of 6
1147.7275 	 	CUE
1148.2419 	 	STIM   1, 2, 0, 1 RULE L2
1148.5917 	 	TGT    1,1,2,0; 0,0,0,3; 2,3,3,1; 3,2,1,2
1150.5602 	 	RESP   1 L2 ANSWER 3
1150.5602 	 	FEEDB  CORRECT 3 of 6
1151.6312 	 	CUE
1152.1485 	 	STIM   0, 1, 3, 2 RULE L2
1152.4989 	 	TGT    1,1,2,0; 0,0,0,3; 2,3,3,1; 3,2,1,2
1154.3822 	 	RESP   1 L2 ANSWER 4
1154.3822 	 	FEEDB  CORRECT 4 of 6
1155.4380 	 	CUE
1155.9554 	 	STIM   3, 0, 3, 0 RULE L2
1156.3057 	 	TGT    1,1,2,0; 0,0,0,3; 2,3,3,1; 3,2,1,2
1158.7398 	 	RESP   1 L2 ANSWER 1
1158.7398 	 	FEEDB  CORRECT 5 of 6
1159.7803 	 	CUE
1160.2968 	 	STIM   2, 0, 1, 0 RULE L2
1160.6471 	 	TGT    1,1,2,0; 0,0,0,3; 2,3,3,1; 3,2,1,2
1162.4183 	 	RESP   1 L2 ANSWER 1
1162.4183 	 	FEEDB  CORRECT 6 of 6
1163.4570 	 	Running set .\configs\sets\letter_of_patches.json
1163.4572 	 	Using deck: 0: 3,3,0,0 | 1: 2,0,0,0 | 2: 1,2,0,0 | 3: 0,1,0,0 
1164.9112 	 	CUE
1165.4264 	 	STIM   2, 2, 0, 0 RULE L2
1165.7729 	 	TGT    2,3,0,0; 3,0,0,0; 1,2,0,0; 0,1,0,0
1168.3992 	 	RESP   1 L2 ANSWER 3
1168.3992 	 	FEEDB  CORRECT 1 of 7
1169.4637 	 	CUE
1169.9811 	 	STIM   2, 0, 0, 0 RULE L2
1170.3314 	 	TGT    2,3,0,0; 3,0,0,0; 1,2,0,0; 0,1,0,0
1171.3817 	 	RESP   1 L2 ANSWER 2
1171.3817 	 	FEEDB  CORRECT 2 of 7
1172.4523 	 	CUE
1172.9699 	 	STIM   3, 3, 0, 0 RULE L2
1173.3202 	 	TGT    2,3,0,0; 3,0,0,0; 1,2,0,0; 0,1,0,0
1173.9163 	 	RESP   1 L2 ANSWER 1
1173.9163 	 	FEEDB  CORRECT 3 of 7
1174.9734 	 	CUE
1175.4912 	 	STIM   0, 0, 0, 0 RULE L2
1175.8413 	 	TGT    2,3,0,0; 3,0,0,0; 1,2,0,0; 0,1,0,0
1177.3707 	 	RESP   1 L2 ANSWER 2
1177.3708 	 	FEEDB  CORRECT 4 of 7
1178.4301 	 	CUE
1178.9475 	 	STIM   1, 3, 0, 0 RULE L2
1179.2978 	 	TGT    2,3,0,0; 3,0,0,0; 1,2,0,0; 0,1,0,0
1179.9853 	 	RESP   1 L2 ANSWER 1
1179.9853 	 	FEEDB  CORRECT 5 of 7
1181.0346 	 	CUE
1181.5524 	 	STIM   2, 2, 0, 0 RULE L2
1181.9024 	 	TGT    2,3,0,0; 3,0,0,0; 1,2,0,0; 0,1,0,0
1182.3843 	 	RESP   1 L2 ANSWER 3
1182.3843 	 	FEEDB  CORRECT 6 of 7
1183.4559 	 	CUE
1183.9732 	 	STIM   2, 2, 0, 0 RULE L2
1184.3237 	 	TGT    2,3,0,0; 3,0,0,0; 1,2,0,0; 0,1,0,0
1184.7509 	 	RESP   1 L2 ANSWER 3
1184.7509 	 	FEEDB  CORRECT 7 of 7
1185.7946 	 	CUE
1186.3112 	 	STIM   1, 3, 0, 0 RULE L1
1186.6615 	 	TGT    2,3,0,0; 3,0,0,0; 1,2,0,0; 0,1,0,0
1187.3898 	 	RESP   1 L1 ANSWER 1
1187.3898 	 	FEEDB  CORRECT 1 of 5
1188.6321 	 	CUE
1189.1496 	 	STIM   3, 1, 0, 0 RULE L1
1189.4999 	 	TGT    2,3,0,0; 3,0,0,0; 1,2,0,0; 0,1,0,0
1190.4363 	 	RESP   1 L1 ANSWER 4
1190.4363 	 	FEEDB  CORRECT 2 of 5
1191.5040 	 	CUE
1192.0214 	 	STIM   0, 2, 0, 0 RULE L1
1192.3719 	 	TGT    2,3,0,0; 3,0,0,0; 1,2,0,0; 0,1,0,0
1192.8828 	 	RESP   1 L1 ANSWER 2
1192.8828 	 	FEEDB  CORRECT 3 of 5
1193.9414 	 	CUE
1194.4593 	 	STIM   0, 3, 0, 0 RULE L1
1194.8093 	 	TGT    2,3,0,0; 3,0,0,0; 1,2,0,0; 0,1,0,0
1194.9138 	 	RESP   1 L1 ANSWER 2
1194.9138 	 	FEEDB  CORRECT 4 of 5
1195.9684 	 	CUE
1196.4824 	 	STIM   0, 0, 0, 0 RULE L1
1196.8297 	 	TGT    2,3,0,0; 3,0,0,0; 1,2,0,0; 0,1,0,0
1197.1447 	 	RESP   1 L1 ANSWER 2
1197.1447 	 	FEEDB  CORRECT 5 of 5
1198.1994 	 	CUE
1198.7170 	 	STIM   3, 1, 0, 0 RULE L2
1199.0673 	 	TGT    2,3,0,0; 3,0,0,0; 1,2,0,0; 0,1,0,0
1199.4798 	 	RESP   1 L2 ANSWER 2
1199.4798 	 	FEEDB  CORRECT 1 of 6
1200.5272 	 	CUE
1201.0405 	 	STIM   2, 2, 0, 0 RULE L2
1201.3883 	 	TGT    2,3,0,0; 3,0,0,0; 1,2,0,0; 0,1,0,0
1201.3990 	 	RESP   1 L2 ANSWER 3
1201.3990 	 	FEEDB  CORRECT 2 of 6
1202.4405 	 	CUE
1202.9580 	 	STIM   0, 0, 0, 0 RULE L2
1203.3085 	 	TGT    2,3,0,0; 3,0,0,0; 1,2,0,0; 0,1,0,0
1204.1411 	 	RESP   1 L2 ANSWER 2
1204.1411 	 	FEEDB  CORRECT 3 of 6
1205.2003 	 	CUE
1205.7148 	 	STIM   2, 2, 0, 0 RULE L2
1206.0634 	 	TGT    2,3,0,0; 3,0,0,0; 1,2,0,0; 0,1,0,0
1208.5232 	 	RESP   1 L2 ANSWER 2
1208.5232 	 	FEEDB  CORRECT 4 of 6
1209.5873 	 	CUE
1210.1044 	 	STIM   0, 0, 0, 0 RULE L2
1210.4549 	 	TGT    2,3,0,0; 3,0,0,0; 1,2,0,0; 0,1,0,0
1210.4983 	 	RESP   1 L2 ANSWER 2
1210.4983 	 	FEEDB  CORRECT 5 of 6
1211.5406 	 	CUE
1212.0581 	 	STIM   0, 2, 0, 0 RULE L2
1212.4085 	 	TGT    2,3,0,0; 3,0,0,0; 1,2,0,0; 0,1,0,0
1212.6572 	 	RESP   1 L2 ANSWER 2
1212.6572 	 	FEEDB  CORRECT 6 of 6
1213.7125 	 	CUE
1214.2290 	 	STIM   0, 3, 0, 0 RULE L1
1214.5793 	 	TGT    2,3,0,0; 3,0,0,0; 1,2,0,0; 0,1,0,0
1214.5842 	 	RESP   1 L1 ANSWER 2
1214.5842 	 	FEEDB  CORRECT 1 of 7
1215.6314 	 	CUE
1216.1489 	 	STIM   2, 2, 0, 0 RULE L1
1216.4994 	 	TGT    2,3,0,0; 3,0,0,0; 1,2,0,0; 0,1,0,0
1217.2466 	 	RESP   1 L1 ANSWER 2
1217.2466 	 	FEEDB  CORRECT 2 of 7
1218.2906 	 	CUE
1218.8053 	 	STIM   2, 0, 0, 0 RULE L1
1219.1541 	 	TGT    2,3,0,0; 3,0,0,0; 1,2,0,0; 0,1,0,0
1219.1898 	 	RESP   1 L1 ANSWER 2
1219.1898 	 	FEEDB  CORRECT 3 of 7
1220.2397 	 	CUE
1220.7571 	 	STIM   0, 2, 0, 0 RULE L1
1221.1076 	 	TGT    2,3,0,0; 3,0,0,0; 1,2,0,0; 0,1,0,0
1221.7881 	 	RESP   1 L1 ANSWER 2
1221.7882 	 	FEEDB  CORRECT 4 of 7
1222.8446 	 	CUE
1223.3624 	 	STIM   1, 1, 0, 0 RULE L1
1223.7124 	 	TGT    2,3,0,0; 3,0,0,0; 1,2,0,0; 0,1,0,0
1224.3391 	 	RESP   1 L1 ANSWER 2
1224.3391 	 	FEEDB  CORRECT 5 of 7
1225.3825 	 	CUE
1225.9000 	 	STIM   0, 2, 0, 0 RULE L1
1226.2505 	 	TGT    2,3,0,0; 3,0,0,0; 1,2,0,0; 0,1,0,0
1226.6901 	 	RESP   1 L1 ANSWER 2
1226.6901 	 	FEEDB  CORRECT 6 of 7
1227.7415 	 	CUE
1228.2561 	 	STIM   0, 2, 0, 0 RULE L1
1228.6050 	 	TGT    2,3,0,0; 3,0,0,0; 1,2,0,0; 0,1,0,0
1229.8323 	 	RESP   1 L1 ANSWER 2
1229.8323 	 	FEEDB  CORRECT 7 of 7
1230.8757 	 	CUE
1231.3938 	 	STIM   2, 0, 0, 0 RULE L2
1231.7436 	 	TGT    2,3,0,0; 3,0,0,0; 1,2,0,0; 0,1,0,0
1232.3590 	 	RESP   1 L2 ANSWER 2
1232.3590 	 	FEEDB  CORRECT 1 of 5
1233.4307 	 	CUE
1233.9481 	 	STIM   3, 2, 0, 0 RULE L2
1234.2985 	 	TGT    2,3,0,0; 3,0,0,0; 1,2,0,0; 0,1,0,0
1234.8539 	 	RESP   1 L2 ANSWER 2
1234.8539 	 	FEEDB  CORRECT 2 of 5
1235.9185 	 	CUE
1236.4364 	 	STIM   1, 0, 0, 0 RULE L2
1236.7862 	 	TGT    2,3,0,0; 3,0,0,0; 1,2,0,0; 0,1,0,0
1237.0128 	 	RESP   1 L2 ANSWER 2
1237.0128 	 	FEEDB  CORRECT 3 of 5
1238.0556 	 	CUE
1238.5734 	 	STIM   3, 3, 0, 0 RULE L2
1238.9235 	 	TGT    2,3,0,0; 3,0,0,0; 1,2,0,0; 0,1,0,0
1239.2998 	 	RESP   1 L2 ANSWER 3
1239.2998 	 	FEEDB  CORRECT 4 of 5
1240.3480 	 	CUE
1240.8624 	 	STIM   0, 3, 0, 0 RULE L2
1241.2112 	 	TGT    2,3,0,0; 3,0,0,0; 1,2,0,0; 0,1,0,0
1241.5708 	 	RESP   1 L2 ANSWER 3
1241.5708 	 	FEEDB  CORRECT 5 of 5
1242.6142 	 	CUE
1243.1316 	 	STIM   0, 3, 0, 0 RULE L1
1243.4821 	 	TGT    2,3,0,0; 3,0,0,0; 1,2,0,0; 0,1,0,0
1243.8973 	 	RESP   1 L1 ANSWER 3
1243.8973 	 	FEEDB  CORRECT 1 of 6
1244.9562 	 	CUE
1245.4701 	 	STIM   2, 2, 0, 0 RULE L1
1245.8194 	 	TGT    2,3,0,0; 3,0,0,0; 1,2,0,0; 0,1,0,0
1246.2163 	 	RESP   1 L1 ANSWER 3
1246.2163 	 	FEEDB  CORRECT 2 of 6
1247.2559 	 	CUE
1247.7732 	 	STIM   3, 2, 0, 0 RULE L1
1248.1237 	 	TGT    2,3,0,0; 3,0,0,0; 1,2,0,0; 0,1,0,0
1248.5193 	 	RESP   1 L1 ANSWER 3
1248.5193 	 	FEEDB  CORRECT 3 of 6
1249.5773 	 	CUE
1250.0946 	 	STIM   2, 1, 0, 0 RULE L1
1250.4449 	 	TGT    2,3,0,0; 3,0,0,0; 1,2,0,0; 0,1,0,0
1250.7258 	 	RESP   1 L1 ANSWER 3
1250.7258 	 	FEEDB  CORRECT 4 of 6
1251.7806 	 	CUE
1252.2986 	 	STIM   1, 1, 0, 0 RULE L1
1252.6489 	 	TGT    2,3,0,0; 3,0,0,0; 1,2,0,0; 0,1,0,0
1253.7882 	 	RESP   1 L1 ANSWER 3
1253.7882 	 	FEEDB  CORRECT 5 of 6
1254.8411 	 	CUE
1255.3548 	 	STIM   3, 2, 0, 0 RULE L1
1255.7043 	 	TGT    2,3,0,0; 3,0,0,0; 1,2,0,0; 0,1,0,0
1256.1073 	 	RESP   1 L1 ANSWER 3
1256.1073 	 	FEEDB  CORRECT 6 of 6
1257.1424 	 	Running set .\configs\sets\faces_of_shapes_1ii.json
1257.1427 	 	Using deck: 0: 0,2,1,3 | 1: 3,1,2,1 | 2: 2,0,3,0 | 3: 1,3,0,2 
1263.3702 	 	CUE
1263.8864 	 	STIM   0, 1, 3, 2 RULE L1
1264.2368 	 	TGT    0,2,1,3; 2,1,2,1; 3,0,3,0; 1,3,0,2
1266.1502 	 	RESP   0 L1 ANSWER -4
1266.1502 	 	FEEDB  FAIL 0 of 6
1267.2115 	 	CUE
1267.7267 	 	STIM   0, 1, 0, 0 RULE L1
1268.0769 	 	TGT    0,2,1,3; 2,1,2,1; 3,0,3,0; 1,3,0,2
1269.4448 	 	RESP   1 L1 ANSWER 4
1269.4448 	 	FEEDB  CORRECT 1 of 6
1270.5154 	 	CUE
1271.0330 	 	STIM   1, 0, 1, 1 RULE L1
1271.3832 	 	TGT    0,2,1,3; 2,1,2,1; 3,0,3,0; 1,3,0,2
1272.3633 	 	RESP   0 L1 ANSWER -3
1272.3633 	 	FEEDB  FAIL 1 of 6
1273.4206 	 	CUE
1273.9382 	 	STIM   3, 1, 0, 3 RULE L1
1274.2885 	 	TGT    0,2,1,3; 2,1,2,1; 3,0,3,0; 1,3,0,2
1276.0012 	 	RESP   1 L1 ANSWER 4
1276.0013 	 	FEEDB  CORRECT 2 of 6
1277.4795 	 	CUE
1277.9957 	 	STIM   3, 3, 2, 3 RULE L1
1278.3459 	 	TGT    0,2,1,3; 2,1,2,1; 3,0,3,0; 1,3,0,2
1279.8151 	 	RESP   1 L1 ANSWER 2
1279.8151 	 	FEEDB  CORRECT 3 of 6
1280.8888 	 	CUE
1281.4036 	 	STIM   3, 2, 0, 1 RULE L1
1281.7518 	 	TGT    0,2,1,3; 2,1,2,1; 3,0,3,0; 1,3,0,2
1282.6380 	 	RESP   1 L1 ANSWER 4
1282.6381 	 	FEEDB  CORRECT 4 of 6
1283.6891 	 	CUE
1284.2069 	 	STIM   3, 3, 2, 3 RULE L1
1284.5575 	 	TGT    0,2,1,3; 2,1,2,1; 3,0,3,0; 1,3,0,2
1285.6525 	 	RESP   1 L1 ANSWER 2
1285.6526 	 	FEEDB  CORRECT 5 of 6
1286.7113 	 	CUE
1287.2292 	 	STIM   0, 0, 2, 2 RULE L1
1287.5796 	 	TGT    0,2,1,3; 2,1,2,1; 3,0,3,0; 1,3,0,2
1288.6509 	 	RESP   1 L1 ANSWER 2
1288.6509 	 	FEEDB  CORRECT 6 of 6
1289.7168 	 	CUE
1290.2348 	 	STIM   2, 3, 1, 0 RULE L2
1290.5851 	 	TGT    0,2,1,3; 2,1,2,1; 3,0,3,0; 1,3,0,2
1291.3378 	 	RESP   0 L2 ANSWER -1
1291.3378 	 	FEEDB  FAIL 0 of 5
1292.4722 	 	CUE
1292.9896 	 	STIM   2, 0, 0, 3 RULE L2
1293.3400 	 	TGT    0,2,1,3; 2,1,2,1; 3,0,3,0; 1,3,0,2
1295.4799 	 	RESP   1 L2 ANSWER 1
1295.4799 	 	FEEDB  CORRECT 1 of 5
1296.5465 	 	CUE
1297.0639 	 	STIM   0, 3, 3, 1 RULE L2
1297.4142 	 	TGT    0,2,1,3; 2,1,2,1; 3,0,3,0; 1,3,0,2
1298.4143 	 	RESP   1 L2 ANSWER 2
1298.4143 	 	FEEDB  CORRECT 2 of 5
1299.4683 	 	CUE
1299.9860 	 	STIM   3, 3, 2, 3 RULE L2
1300.3361 	 	TGT    0,2,1,3; 2,1,2,1; 3,0,3,0; 1,3,0,2
1303.5480 	 	RESP   1 L2 ANSWER 1
1303.5480 	 	FEEDB  CORRECT 3 of 5
1304.6122 	 	CUE
1305.1288 	 	STIM   3, 2, 2, 2 RULE L2
1305.4790 	 	TGT    0,2,1,3; 2,1,2,1; 3,0,3,0; 1,3,0,2
1306.4343 	 	RESP   1 L2 ANSWER 4
1306.4343 	 	FEEDB  CORRECT 4 of 5
1307.5665 	 	CUE
1308.0841 	 	STIM   3, 1, 1, 2 RULE L2
1308.4344 	 	TGT    0,2,1,3; 2,1,2,1; 3,0,3,0; 1,3,0,2
1311.0478 	 	RESP   1 L2 ANSWER 4
1311.0478 	 	FEEDB  CORRECT 5 of 5
1312.1081 	 	CUE
1312.6259 	 	STIM   1, 1, 3, 3 RULE L1
1312.9759 	 	TGT    0,2,1,3; 2,1,2,1; 3,0,3,0; 1,3,0,2
1314.2381 	 	RESP   0 L1 ANSWER -1
1314.2381 	 	FEEDB  FAIL 0 of 5
1315.2972 	 	CUE
1315.8148 	 	STIM   1, 0, 2, 3 RULE L1
1316.1651 	 	TGT    0,2,1,3; 2,1,2,1; 3,0,3,0; 1,3,0,2
1318.2043 	 	RESP   0 L1 ANSWER -1
1318.2043 	 	FEEDB  FAIL 0 of 5
1319.2720 	 	CUE
1319.7887 	 	STIM   2, 2, 3, 2 RULE L1
1320.1390 	 	TGT    0,2,1,3; 2,1,2,1; 3,0,3,0; 1,3,0,2
1321.2188 	 	RESP   1 L1 ANSWER 3
1321.2188 	 	FEEDB  CORRECT 1 of 5
1322.2599 	 	CUE
1322.7776 	 	STIM   0, 3, 3, 1 RULE L1
1323.1278 	 	TGT    0,2,1,3; 2,1,2,1; 3,0,3,0; 1,3,0,2
1323.8253 	 	RESP   1 L1 ANSWER 3
1323.8253 	 	FEEDB  CORRECT 2 of 5
1324.8812 	 	CUE
1325.3990 	 	STIM   1, 1, 1, 0 RULE L1
1325.7491 	 	TGT    0,2,1,3; 2,1,2,1; 3,0,3,0; 1,3,0,2
1326.2963 	 	RESP   1 L1 ANSWER 1
1326.2963 	 	FEEDB  CORRECT 3 of 5
1327.3373 	 	CUE
1327.8535 	 	STIM   2, 3, 1, 0 RULE L1
1328.2039 	 	TGT    0,2,1,3; 2,1,2,1; 3,0,3,0; 1,3,0,2
1328.7748 	 	RESP   1 L1 ANSWER 1
1328.7748 	 	FEEDB  CORRECT 4 of 5
1329.8235 	 	CUE
1330.3415 	 	STIM   3, 2, 2, 2 RULE L1
1330.6915 	 	TGT    0,2,1,3; 2,1,2,1; 3,0,3,0; 1,3,0,2
1331.4298 	 	RESP   1 L1 ANSWER 2
1331.4298 	 	FEEDB  CORRECT 5 of 5
1332.4958 	 	CUE
1333.0131 	 	STIM   3, 3, 1, 1 RULE L2
1333.3634 	 	TGT    0,2,1,3; 2,1,2,1; 3,0,3,0; 1,3,0,2
1334.0683 	 	RESP   0 L2 ANSWER -1
1334.0683 	 	FEEDB  FAIL 0 of 7
1335.1168 	 	CUE
1335.6344 	 	STIM   1, 1, 1, 0 RULE L2
1335.9846 	 	TGT    0,2,1,3; 2,1,2,1; 3,0,3,0; 1,3,0,2
1338.3063 	 	RESP   0 L2 ANSWER -2
1338.3063 	 	FEEDB  FAIL 0 of 7
1339.3914 	 	CUE
1339.9088 	 	STIM   0, 3, 2, 0 RULE L2
1340.2593 	 	TGT    0,2,1,3; 2,1,2,1; 3,0,3,0; 1,3,0,2
1341.8963 	 	RESP   1 L2 ANSWER 3
1341.8963 	 	FEEDB  CORRECT 1 of 7
1342.9644 	 	CUE
1343.4823 	 	STIM   2, 0, 1, 2 RULE L2
1343.8323 	 	TGT    0,2,1,3; 2,1,2,1; 3,0,3,0; 1,3,0,2
1344.7111 	 	RESP   0 L2 ANSWER -1
1344.7111 	 	FEEDB  FAIL 1 of 7
1345.7717 	 	CUE
1346.2876 	 	STIM   2, 2, 0, 0 RULE L2
1346.6375 	 	TGT    0,2,1,3; 2,1,2,1; 3,0,3,0; 1,3,0,2
1348.8928 	 	RESP   1 L2 ANSWER 3
1348.8928 	 	FEEDB  CORRECT 2 of 7
1349.9482 	 	CUE
1350.4624 	 	STIM   3, 2, 0, 1 RULE L2
1350.8118 	 	TGT    0,2,1,3; 2,1,2,1; 3,0,3,0; 1,3,0,2
1351.5877 	 	RESP   1 L2 ANSWER 2
1351.5878 	 	FEEDB  CORRECT 3 of 7
1352.6322 	 	CUE
1353.1499 	 	STIM   2, 2, 0, 0 RULE L2
1353.5003 	 	TGT    0,2,1,3; 2,1,2,1; 3,0,3,0; 1,3,0,2
1354.8898 	 	RESP   1 L2 ANSWER 3
1354.8898 	 	FEEDB  CORRECT 4 of 7
1355.9396 	 	CUE
1356.4563 	 	STIM   1, 1, 3, 3 RULE L2
1356.8060 	 	TGT    0,2,1,3; 2,1,2,1; 3,0,3,0; 1,3,0,2
1359.2160 	 	RESP   1 L2 ANSWER 1
1359.2160 	 	FEEDB  CORRECT 5 of 7
1360.2643 	 	CUE
1360.7805 	 	STIM   2, 2, 0, 0 RULE L2
1361.1308 	 	TGT    0,2,1,3; 2,1,2,1; 3,0,3,0; 1,3,0,2
1362.2703 	 	RESP   1 L2 ANSWER 3
1362.2703 	 	FEEDB  CORRECT 6 of 7
1363.3185 	 	CUE
1363.8361 	 	STIM   2, 3, 1, 0 RULE L2
1364.1864 	 	TGT    0,2,1,3; 2,1,2,1; 3,0,3,0; 1,3,0,2
1366.1165 	 	RESP   1 L2 ANSWER 3
1366.1165 	 	FEEDB  CORRECT 7 of 7
1367.1603 	 	CUE
1367.6764 	 	STIM   3, 1, 0, 3 RULE L1
1368.0266 	 	TGT    0,2,1,3; 2,1,2,1; 3,0,3,0; 1,3,0,2
1370.0744 	 	RESP   0 L1 ANSWER -1
1370.0744 	 	FEEDB  FAIL 0 of 7
1371.1175 	 	CUE
1371.6339 	 	STIM   1, 1, 1, 0 RULE L1
1371.9839 	 	TGT    0,2,1,3; 2,1,2,1; 3,0,3,0; 1,3,0,2
1372.5213 	 	RESP   1 L1 ANSWER 1
1372.5213 	 	FEEDB  CORRECT 1 of 7
1373.5708 	 	CUE
1374.0881 	 	STIM   2, 3, 1, 0 RULE L1
1374.4386 	 	TGT    0,2,1,3; 2,1,2,1; 3,0,3,0; 1,3,0,2
1375.0238 	 	RESP   1 L1 ANSWER 1
1375.0239 	 	FEEDB  CORRECT 2 of 7
1376.0918 	 	CUE
1376.6095 	 	STIM   1, 1, 1, 0 RULE L1
1376.9596 	 	TGT    0,2,1,3; 2,1,2,1; 3,0,3,0; 1,3,0,2
1377.7423 	 	RESP   1 L1 ANSWER 1
1377.7423 	 	FEEDB  CORRECT 3 of 7
1378.7980 	 	CUE
1379.3147 	 	STIM   0, 0, 2, 2 RULE L1
1379.6645 	 	TGT    0,2,1,3; 2,1,2,1; 3,0,3,0; 1,3,0,2
1380.3173 	 	RESP   1 L1 ANSWER 2
1380.3173 	 	FEEDB  CORRECT 4 of 7
1381.3683 	 	CUE
1381.8856 	 	STIM   1, 0, 2, 3 RULE L1
1382.2361 	 	TGT    0,2,1,3; 2,1,2,1; 3,0,3,0; 1,3,0,2
1383.0678 	 	RESP   1 L1 ANSWER 2
1383.0678 	 	FEEDB  CORRECT 5 of 7
1384.1080 	 	CUE
1384.6243 	 	STIM   0, 3, 2, 0 RULE L1
1384.9744 	 	TGT    0,2,1,3; 2,1,2,1; 3,0,3,0; 1,3,0,2
1385.3790 	 	RESP   1 L1 ANSWER 2
1385.3790 	 	FEEDB  CORRECT 6 of 7
1386.4443 	 	CUE
1386.9616 	 	STIM   1, 2, 3, 1 RULE L1
1387.3122 	 	TGT    0,2,1,3; 2,1,2,1; 3,0,3,0; 1,3,0,2
1388.1693 	 	RESP   1 L1 ANSWER 3
1388.1693 	 	FEEDB  CORRECT 7 of 7
1389.2173 	 	CUE
1389.7334 	 	STIM   3, 3, 2, 3 RULE L2
1390.0837 	 	TGT    0,2,1,3; 2,1,2,1; 3,0,3,0; 1,3,0,2
1390.7598 	 	RESP   0 L2 ANSWER -2
1390.7598 	 	FEEDB  FAIL 0 of 6
1391.8038 	 	CUE
1392.3216 	 	STIM   2, 2, 0, 0 RULE L2
1392.6716 	 	TGT    0,2,1,3; 2,1,2,1; 3,0,3,0; 1,3,0,2
1393.5668 	 	RESP   1 L2 ANSWER 3
1393.5668 	 	FEEDB  CORRECT 1 of 6
1394.6105 	 	CUE
1395.1269 	 	STIM   1, 0, 2, 3 RULE L2
1395.4772 	 	TGT    0,2,1,3; 2,1,2,1; 3,0,3,0; 1,3,0,2
1397.1888 	 	RESP   1 L2 ANSWER 1
1397.1889 	 	FEEDB  CORRECT 2 of 6
1398.2339 	 	CUE
1398.7500 	 	STIM   2, 0, 1, 2 RULE L2
1399.1002 	 	TGT    0,2,1,3; 2,1,2,1; 3,0,3,0; 1,3,0,2
1400.5951 	 	RESP   1 L2 ANSWER 4
1400.5951 	 	FEEDB  CORRECT 3 of 6
1401.6399 	 	CUE
1402.1565 	 	STIM   0, 1, 3, 2 RULE L2
1402.5067 	 	TGT    0,2,1,3; 2,1,2,1; 3,0,3,0; 1,3,0,2
1403.8094 	 	RESP   1 L2 ANSWER 4
1403.8094 	 	FEEDB  CORRECT 4 of 6
1404.8610 	 	CUE
1405.3792 	 	STIM   0, 3, 2, 0 RULE L2
1405.7289 	 	TGT    0,2,1,3; 2,1,2,1; 3,0,3,0; 1,3,0,2
1407.4158 	 	RESP   1 L2 ANSWER 3
1407.4159 	 	FEEDB  CORRECT 5 of 6
1408.4693 	 	CUE
1408.9856 	 	STIM   2, 0, 1, 2 RULE L2
1409.3358 	 	TGT    0,2,1,3; 2,1,2,1; 3,0,3,0; 1,3,0,2
1412.6449 	 	RESP   1 L2 ANSWER 4
1412.6449 	 	FEEDB  CORRECT 6 of 6
