0.0001 	 	Subj ID: pilot_global_14.07.17_jari
0.0006 	 	Run: 2014-07-17 13:34:41.198937
0.0006 	 	Age: 18
0.0006 	 	Group: Control
0.0006 	 	--------------------------------------------------------
0.0006 	 	INFO
0.0006 	 	timestamp CUE
0.0006 	 	timestamp STIM  [state for each rule G1 G2 L1 L2 : 0,1,2,3] RULE [current rule]
0.0006 	 	timestamp TGT   [states for each card / Up, Right, Down, Left: 0,1,2,3; 0,1,2,3;...]
0.0006 	 	timestamp RESP  [correct: 1/0] [current rule: G1, G2, L1, L2] ANSWER [card selected: 1(up), 2(right), 3(down), 4(left)]
0.0006 	 	timestamp FEEDB [correct/fail] [correct answers] of [series length]
0.0006 	 	--------------------------------------------------------
28.5911 	 	Running set .\configs\sets\faces_of_patches_2-test.json
28.5914 	 	Using deck: 0: 0,2,0,0 | 1: 2,0,0,0 | 2: 1,1,0,0 | 3: 3,3,0,0 
29.5785 	 	CUE
30.0918 	 	STIM   3, 2, 0, 0 RULE G2
30.4424 	 	TGT    1,2,0,0; 3,0,0,0; 2,1,0,0; 0,3,0,0
31.4166 	 	RESP   1 G2 ANSWER 1
31.4167 	 	FEEDB  CORRECT 1 of 7
32.4630 	 	CUE
32.9806 	 	STIM   3, 3, 0, 0 RULE G2
33.3310 	 	TGT    1,2,0,0; 3,0,0,0; 2,1,0,0; 0,3,0,0
33.7516 	 	RESP   1 G2 ANSWER 4
33.7516 	 	FEEDB  CORRECT 2 of 7
34.8008 	 	CUE
35.3181 	 	STIM   2, 3, 0, 0 RULE G2
35.6687 	 	TGT    1,2,0,0; 3,0,0,0; 2,1,0,0; 0,3,0,0
36.7580 	 	RESP   1 G2 ANSWER 4
36.7580 	 	FEEDB  CORRECT 3 of 7
37.8231 	 	CUE
38.3406 	 	STIM   2, 2, 0, 0 RULE G2
38.6909 	 	TGT    1,2,0,0; 3,0,0,0; 2,1,0,0; 0,3,0,0
39.1647 	 	RESP   1 G2 ANSWER 1
39.1647 	 	FEEDB  CORRECT 4 of 7
40.2105 	 	CUE
40.7282 	 	STIM   3, 3, 0, 0 RULE G2
41.0782 	 	TGT    1,2,0,0; 3,0,0,0; 2,1,0,0; 0,3,0,0
41.5156 	 	RESP   1 G2 ANSWER 4
41.5157 	 	FEEDB  CORRECT 5 of 7
42.5831 	 	CUE
43.0992 	 	STIM   1, 3, 0, 0 RULE G2
43.4495 	 	TGT    1,2,0,0; 3,0,0,0; 2,1,0,0; 0,3,0,0
43.9062 	 	RESP   1 G2 ANSWER 4
43.9062 	 	FEEDB  CORRECT 6 of 7
44.9523 	 	CUE
45.4701 	 	STIM   2, 0, 0, 0 RULE G2
45.8205 	 	TGT    1,2,0,0; 3,0,0,0; 2,1,0,0; 0,3,0,0
46.3691 	 	RESP   1 G2 ANSWER 2
46.3691 	 	FEEDB  CORRECT 7 of 7
47.4405 	 	CUE
47.9578 	 	STIM   1, 3, 0, 0 RULE G1
48.3083 	 	TGT    1,2,0,0; 3,0,0,0; 2,1,0,0; 0,3,0,0
49.0397 	 	RESP   0 G1 ANSWER -4
49.0397 	 	FEEDB  FAIL 0 of 5
50.2168 	 	CUE
50.7317 	 	STIM   1, 0, 0, 0 RULE G1
51.0799 	 	TGT    1,2,0,0; 3,0,0,0; 2,1,0,0; 0,3,0,0
53.9891 	 	RESP   1 G1 ANSWER 1
53.9891 	 	FEEDB  CORRECT 1 of 5
55.0389 	 	CUE
55.5555 	 	STIM   3, 2, 0, 0 RULE G1
55.9054 	 	TGT    1,2,0,0; 3,0,0,0; 2,1,0,0; 0,3,0,0
56.6761 	 	RESP   0 G1 ANSWER -1
56.6761 	 	FEEDB  FAIL 1 of 5
57.7261 	 	CUE
58.2434 	 	STIM   3, 3, 0, 0 RULE G1
58.5939 	 	TGT    1,2,0,0; 3,0,0,0; 2,1,0,0; 0,3,0,0
75.7391 	 	RESP   0 G1 ANSWER -3
75.7391 	 	FEEDB  FAIL 1 of 5
76.8109 	 	CUE
77.3284 	 	STIM   1, 0, 0, 0 RULE G1
77.6790 	 	TGT    1,2,0,0; 3,0,0,0; 2,1,0,0; 0,3,0,0
78.3371 	 	RESP   0 G1 ANSWER -2
78.3371 	 	FEEDB  FAIL 1 of 5
79.3874 	 	CUE
79.9037 	 	STIM   2, 0, 0, 0 RULE G1
80.2502 	 	TGT    1,2,0,0; 3,0,0,0; 2,1,0,0; 0,3,0,0
91.6108 	 	RESP   0 G1 ANSWER -1
91.6109 	 	FEEDB  FAIL 1 of 5
92.6581 	 	CUE
93.1743 	 	STIM   2, 3, 0, 0 RULE G1
93.5246 	 	TGT    1,2,0,0; 3,0,0,0; 2,1,0,0; 0,3,0,0
94.7211 	 	RESP   0 G1 ANSWER -4
94.7211 	 	FEEDB  FAIL 1 of 5
95.7625 	 	CUE
96.2800 	 	STIM   2, 2, 0, 0 RULE G1
96.6303 	 	TGT    1,2,0,0; 3,0,0,0; 2,1,0,0; 0,3,0,0
98.1511 	 	RESP   0 G1 ANSWER -2
98.1512 	 	FEEDB  FAIL 1 of 5
99.2018 	 	CUE
99.7199 	 	STIM   3, 3, 0, 0 RULE G1
100.0696 	 	TGT    1,2,0,0; 3,0,0,0; 2,1,0,0; 0,3,0,0
100.5024 	 	RESP   0 G1 ANSWER -4
100.5024 	 	FEEDB  FAIL 1 of 5
101.5563 	 	CUE
102.0737 	 	STIM   3, 3, 0, 0 RULE G1
102.4242 	 	TGT    1,2,0,0; 3,0,0,0; 2,1,0,0; 0,3,0,0
104.6201 	 	RESP   0 G1 ANSWER -1
104.6201 	 	FEEDB  FAIL 1 of 5
105.6653 	 	CUE
106.1815 	 	STIM   3, 3, 0, 0 RULE G1
106.5318 	 	TGT    1,2,0,0; 3,0,0,0; 2,1,0,0; 0,3,0,0
107.9541 	 	RESP   0 G1 ANSWER -4
107.9541 	 	FEEDB  FAIL 1 of 5
109.0030 	 	CUE
109.5211 	 	STIM   2, 0, 0, 0 RULE G1
109.8708 	 	TGT    1,2,0,0; 3,0,0,0; 2,1,0,0; 0,3,0,0
111.2486 	 	RESP   1 G1 ANSWER 3
111.2486 	 	FEEDB  CORRECT 2 of 5
112.2924 	 	CUE
112.8103 	 	STIM   2, 2, 0, 0 RULE G1
113.1604 	 	TGT    1,2,0,0; 3,0,0,0; 2,1,0,0; 0,3,0,0
114.6792 	 	RESP   0 G1 ANSWER -2
114.6792 	 	FEEDB  FAIL 2 of 5
115.7323 	 	CUE
116.2499 	 	STIM   0, 2, 0, 0 RULE G1
116.6002 	 	TGT    1,2,0,0; 3,0,0,0; 2,1,0,0; 0,3,0,0
120.7482 	 	RESP   0 G1 ANSWER -1
120.7482 	 	FEEDB  FAIL 2 of 5
121.8102 	 	CUE
122.3278 	 	STIM   0, 1, 0, 0 RULE G1
122.6780 	 	TGT    1,2,0,0; 3,0,0,0; 2,1,0,0; 0,3,0,0
126.3452 	 	RESP   1 G1 ANSWER 4
126.3452 	 	FEEDB  CORRECT 3 of 5
127.4076 	 	CUE
127.9209 	 	STIM   3, 1, 0, 0 RULE G1
128.2714 	 	TGT    1,2,0,0; 3,0,0,0; 2,1,0,0; 0,3,0,0
130.1593 	 	RESP   1 G1 ANSWER 2
130.1593 	 	FEEDB  CORRECT 4 of 5
131.2118 	 	CUE
131.7286 	 	STIM   1, 0, 0, 0 RULE G1
132.0783 	 	TGT    1,2,0,0; 3,0,0,0; 2,1,0,0; 0,3,0,0
134.3811 	 	RESP   0 G1 ANSWER -2
134.3811 	 	FEEDB  FAIL 4 of 5
135.4416 	 	CUE
135.9560 	 	STIM   1, 3, 0, 0 RULE G1
136.3028 	 	TGT    1,2,0,0; 3,0,0,0; 2,1,0,0; 0,3,0,0
136.8837 	 	RESP   0 G1 ANSWER -4
136.8837 	 	FEEDB  FAIL 4 of 5
137.9226 	 	CUE
138.4405 	 	STIM   3, 3, 0, 0 RULE G1
138.7908 	 	TGT    1,2,0,0; 3,0,0,0; 2,1,0,0; 0,3,0,0
140.0581 	 	RESP   0 G1 ANSWER -1
140.0581 	 	FEEDB  FAIL 4 of 5
141.1285 	 	CUE
141.6464 	 	STIM   2, 2, 0, 0 RULE G1
141.9964 	 	TGT    1,2,0,0; 3,0,0,0; 2,1,0,0; 0,3,0,0
144.5363 	 	RESP   0 G1 ANSWER -1
144.5363 	 	FEEDB  FAIL 4 of 5
145.5908 	 	CUE
146.1051 	 	STIM   2, 3, 0, 0 RULE G1
146.4549 	 	TGT    1,2,0,0; 3,0,0,0; 2,1,0,0; 0,3,0,0
146.7432 	 	RESP   0 G1 ANSWER -4
146.7432 	 	FEEDB  FAIL 4 of 5
147.7909 	 	CUE
148.3084 	 	STIM   2, 2, 0, 0 RULE G1
148.6590 	 	TGT    1,2,0,0; 3,0,0,0; 2,1,0,0; 0,3,0,0
149.8134 	 	RESP   0 G1 ANSWER -2
149.8134 	 	FEEDB  FAIL 4 of 5
150.8672 	 	CUE
151.3808 	 	STIM   2, 0, 0, 0 RULE G1
151.7313 	 	TGT    1,2,0,0; 3,0,0,0; 2,1,0,0; 0,3,0,0
152.3560 	 	RESP   1 G1 ANSWER 3
152.3560 	 	FEEDB  CORRECT 5 of 5
153.4179 	 	CUE
153.9354 	 	STIM   0, 0, 0, 0 RULE G2
154.2857 	 	TGT    1,2,0,0; 3,0,0,0; 2,1,0,0; 0,3,0,0
154.6751 	 	RESP   1 G2 ANSWER 2
154.6751 	 	FEEDB  CORRECT 1 of 5
155.7222 	 	CUE
156.2396 	 	STIM   2, 3, 0, 0 RULE G2
156.5901 	 	TGT    1,2,0,0; 3,0,0,0; 2,1,0,0; 0,3,0,0
156.9377 	 	RESP   1 G2 ANSWER 4
156.9377 	 	FEEDB  CORRECT 2 of 5
157.9975 	 	CUE
158.5122 	 	STIM   2, 0, 0, 0 RULE G2
158.8605 	 	TGT    1,2,0,0; 3,0,0,0; 2,1,0,0; 0,3,0,0
159.2086 	 	RESP   1 G2 ANSWER 2
159.2086 	 	FEEDB  CORRECT 3 of 5
160.2637 	 	CUE
160.7814 	 	STIM   2, 2, 0, 0 RULE G2
161.1315 	 	TGT    1,2,0,0; 3,0,0,0; 2,1,0,0; 0,3,0,0
161.6478 	 	RESP   1 G2 ANSWER 1
161.6478 	 	FEEDB  CORRECT 4 of 5
162.7082 	 	CUE
163.2218 	 	STIM   3, 3, 0, 0 RULE G2
163.5696 	 	TGT    1,2,0,0; 3,0,0,0; 2,1,0,0; 0,3,0,0
163.9902 	 	RESP   1 G2 ANSWER 4
163.9902 	 	FEEDB  CORRECT 5 of 5
165.0390 	 	CUE
165.5569 	 	STIM   1, 1, 0, 0 RULE G1
165.9068 	 	TGT    1,2,0,0; 3,0,0,0; 2,1,0,0; 0,3,0,0
166.2851 	 	RESP   0 G1 ANSWER -3
166.2851 	 	FEEDB  FAIL 0 of 7
167.3281 	 	CUE
167.8504 	 	STIM   0, 0, 0, 0 RULE G1
168.1945 	 	TGT    1,2,0,0; 3,0,0,0; 2,1,0,0; 0,3,0,0
176.2802 	 	RESP   1 G1 ANSWER 4
176.2802 	 	FEEDB  CORRECT 1 of 7
177.3297 	 	CUE
177.8460 	 	STIM   3, 3, 0, 0 RULE G1
178.1961 	 	TGT    1,2,0,0; 3,0,0,0; 2,1,0,0; 0,3,0,0
180.0142 	 	RESP   0 G1 ANSWER -1
180.0142 	 	FEEDB  FAIL 1 of 7
181.0750 	 	CUE
181.5903 	 	STIM   0, 2, 0, 0 RULE G1
181.9362 	 	TGT    1,2,0,0; 3,0,0,0; 2,1,0,0; 0,3,0,0
185.7397 	 	RESP   0 G1 ANSWER -3
185.7397 	 	FEEDB  FAIL 1 of 7
186.7804 	 	CUE
187.2967 	 	STIM   0, 1, 0, 0 RULE G1
187.6470 	 	TGT    1,2,0,0; 3,0,0,0; 2,1,0,0; 0,3,0,0
189.7774 	 	RESP   0 G1 ANSWER -1
189.7774 	 	FEEDB  FAIL 1 of 7
190.8249 	 	CUE
191.3390 	 	STIM   0, 2, 0, 0 RULE G1
191.6878 	 	TGT    1,2,0,0; 3,0,0,0; 2,1,0,0; 0,3,0,0
194.1431 	 	RESP   0 G1 ANSWER -2
194.1431 	 	FEEDB  FAIL 1 of 7
195.2112 	 	CUE
195.7290 	 	STIM   3, 3, 0, 0 RULE G1
196.0788 	 	TGT    1,2,0,0; 3,0,0,0; 2,1,0,0; 0,3,0,0
205.8332 	 	RESP   0 G1 ANSWER -4
205.8332 	 	FEEDB  FAIL 1 of 7
206.8836 	 	CUE
207.4003 	 	STIM   0, 2, 0, 0 RULE G1
207.7504 	 	TGT    1,2,0,0; 3,0,0,0; 2,1,0,0; 0,3,0,0
208.3841 	 	RESP   0 G1 ANSWER -1
208.3841 	 	FEEDB  FAIL 1 of 7
209.4372 	 	CUE
209.9545 	 	STIM   2, 2, 0, 0 RULE G1
210.3051 	 	TGT    1,2,0,0; 3,0,0,0; 2,1,0,0; 0,3,0,0
213.0616 	 	RESP   0 G1 ANSWER -2
213.0616 	 	FEEDB  FAIL 1 of 7
214.1290 	 	CUE
214.6468 	 	STIM   3, 2, 0, 0 RULE G1
214.9968 	 	TGT    1,2,0,0; 3,0,0,0; 2,1,0,0; 0,3,0,0
216.6201 	 	RESP   0 G1 ANSWER -3
216.6201 	 	FEEDB  FAIL 1 of 7
217.6705 	 	CUE
218.1865 	 	STIM   0, 1, 0, 0 RULE G1
218.5369 	 	TGT    1,2,0,0; 3,0,0,0; 2,1,0,0; 0,3,0,0
219.7305 	 	RESP   0 G1 ANSWER -1
219.7305 	 	FEEDB  FAIL 1 of 7
220.7744 	 	CUE
221.2923 	 	STIM   2, 0, 0, 0 RULE G1
221.6426 	 	TGT    1,2,0,0; 3,0,0,0; 2,1,0,0; 0,3,0,0
223.3449 	 	RESP   0 G1 ANSWER -4
223.3449 	 	FEEDB  FAIL 1 of 7
224.4029 	 	CUE
224.9179 	 	STIM   3, 1, 0, 0 RULE G1
225.2658 	 	TGT    1,2,0,0; 3,0,0,0; 2,1,0,0; 0,3,0,0
226.1752 	 	RESP   0 G1 ANSWER -1
226.1752 	 	FEEDB  FAIL 1 of 7
227.2196 	 	CUE
227.7373 	 	STIM   1, 0, 0, 0 RULE G1
228.0875 	 	TGT    1,2,0,0; 3,0,0,0; 2,1,0,0; 0,3,0,0
230.8609 	 	RESP   0 G1 ANSWER -3
230.8609 	 	FEEDB  FAIL 1 of 7
231.9128 	 	CUE
232.4333 	 	STIM   3, 2, 0, 0 RULE G1
232.7794 	 	TGT    1,2,0,0; 3,0,0,0; 2,1,0,0; 0,3,0,0
233.9152 	 	RESP   0 G1 ANSWER -1
233.9152 	 	FEEDB  FAIL 1 of 7
234.9670 	 	CUE
235.4852 	 	STIM   2, 2, 0, 0 RULE G1
235.8349 	 	TGT    1,2,0,0; 3,0,0,0; 2,1,0,0; 0,3,0,0
239.1768 	 	RESP   0 G1 ANSWER -4
239.1768 	 	FEEDB  FAIL 1 of 7
240.2268 	 	CUE
240.7445 	 	STIM   0, 0, 0, 0 RULE G1
241.0947 	 	TGT    1,2,0,0; 3,0,0,0; 2,1,0,0; 0,3,0,0
243.4146 	 	RESP   0 G1 ANSWER -1
243.4147 	 	FEEDB  FAIL 1 of 7
244.4847 	 	CUE
245.0021 	 	STIM   2, 0, 0, 0 RULE G1
245.3526 	 	TGT    1,2,0,0; 3,0,0,0; 2,1,0,0; 0,3,0,0
251.4185 	 	RESP   1 G1 ANSWER 3
251.4185 	 	FEEDB  CORRECT 2 of 7
252.4709 	 	CUE
252.9853 	 	STIM   3, 1, 0, 0 RULE G1
253.3339 	 	TGT    1,2,0,0; 3,0,0,0; 2,1,0,0; 0,3,0,0
255.7685 	 	RESP   1 G1 ANSWER 2
255.7686 	 	FEEDB  CORRECT 3 of 7
256.8293 	 	CUE
257.3443 	 	STIM   0, 1, 0, 0 RULE G1
257.6920 	 	TGT    1,2,0,0; 3,0,0,0; 2,1,0,0; 0,3,0,0
260.8297 	 	RESP   1 G1 ANSWER 4
260.8297 	 	FEEDB  CORRECT 4 of 7
261.8997 	 	CUE
262.4175 	 	STIM   1, 1, 0, 0 RULE G1
262.7676 	 	TGT    1,2,0,0; 3,0,0,0; 2,1,0,0; 0,3,0,0
265.2356 	 	RESP   0 G1 ANSWER -2
265.2357 	 	FEEDB  FAIL 4 of 7
266.3079 	 	CUE
266.8253 	 	STIM   3, 2, 0, 0 RULE G1
267.1758 	 	TGT    1,2,0,0; 3,0,0,0; 2,1,0,0; 0,3,0,0
267.5468 	 	RESP   0 G1 ANSWER -1
267.5468 	 	FEEDB  FAIL 4 of 7
268.5970 	 	CUE
269.1132 	 	STIM   0, 2, 0, 0 RULE G1
269.4634 	 	TGT    1,2,0,0; 3,0,0,0; 2,1,0,0; 0,3,0,0
270.6970 	 	RESP   1 G1 ANSWER 4
270.6970 	 	FEEDB  CORRECT 5 of 7
271.7512 	 	CUE
272.2690 	 	STIM   3, 2, 0, 0 RULE G1
272.6194 	 	TGT    1,2,0,0; 3,0,0,0; 2,1,0,0; 0,3,0,0
276.2701 	 	RESP   1 G1 ANSWER 2
276.2702 	 	FEEDB  CORRECT 6 of 7
277.3114 	 	CUE
277.8287 	 	STIM   3, 3, 0, 0 RULE G1
278.1793 	 	TGT    1,2,0,0; 3,0,0,0; 2,1,0,0; 0,3,0,0
281.1716 	 	RESP   1 G1 ANSWER 2
281.1717 	 	FEEDB  CORRECT 7 of 7
282.2218 	 	CUE
282.7382 	 	STIM   0, 0, 0, 0 RULE G2
283.0883 	 	TGT    1,2,0,0; 3,0,0,0; 2,1,0,0; 0,3,0,0
283.4987 	 	RESP   1 G2 ANSWER 2
283.4987 	 	FEEDB  CORRECT 1 of 6
284.5415 	 	CUE
285.0588 	 	STIM   0, 2, 0, 0 RULE G2
285.4093 	 	TGT    1,2,0,0; 3,0,0,0; 2,1,0,0; 0,3,0,0
285.7374 	 	RESP   1 G2 ANSWER 1
285.7374 	 	FEEDB  CORRECT 2 of 6
286.7979 	 	CUE
287.3132 	 	STIM   0, 1, 0, 0 RULE G2
287.6636 	 	TGT    1,2,0,0; 3,0,0,0; 2,1,0,0; 0,3,0,0
288.1440 	 	RESP   1 G2 ANSWER 3
288.1440 	 	FEEDB  CORRECT 3 of 6
289.1831 	 	CUE
289.7008 	 	STIM   3, 1, 0, 0 RULE G2
290.0510 	 	TGT    1,2,0,0; 3,0,0,0; 2,1,0,0; 0,3,0,0
290.5271 	 	RESP   1 G2 ANSWER 3
290.5272 	 	FEEDB  CORRECT 4 of 6
291.5710 	 	CUE
292.0884 	 	STIM   2, 2, 0, 0 RULE G2
292.4389 	 	TGT    1,2,0,0; 3,0,0,0; 2,1,0,0; 0,3,0,0
292.9017 	 	RESP   1 G2 ANSWER 1
292.9017 	 	FEEDB  CORRECT 5 of 6
293.9431 	 	CUE
294.4598 	 	STIM   2, 3, 0, 0 RULE G2
294.8096 	 	TGT    1,2,0,0; 3,0,0,0; 2,1,0,0; 0,3,0,0
295.1326 	 	RESP   1 G2 ANSWER 4
295.1326 	 	FEEDB  CORRECT 6 of 6
296.1792 	 	CUE
296.6970 	 	STIM   0, 2, 0, 0 RULE G1
297.0471 	 	TGT    1,2,0,0; 3,0,0,0; 2,1,0,0; 0,3,0,0
297.4359 	 	RESP   0 G1 ANSWER -1
297.4359 	 	FEEDB  FAIL 0 of 6
298.4903 	 	CUE
299.0037 	 	STIM   0, 2, 0, 0 RULE G1
299.3514 	 	TGT    1,2,0,0; 3,0,0,0; 2,1,0,0; 0,3,0,0
300.8977 	 	RESP   1 G1 ANSWER 4
300.8977 	 	FEEDB  CORRECT 1 of 6
301.9462 	 	CUE
302.4612 	 	STIM   2, 2, 0, 0 RULE G1
302.8076 	 	TGT    1,2,0,0; 3,0,0,0; 2,1,0,0; 0,3,0,0
304.6161 	 	RESP   1 G1 ANSWER 3
304.6161 	 	FEEDB  CORRECT 2 of 6
305.6649 	 	CUE
306.1811 	 	STIM   3, 3, 0, 0 RULE G1
306.5314 	 	TGT    1,2,0,0; 3,0,0,0; 2,1,0,0; 0,3,0,0
309.1657 	 	RESP   0 G1 ANSWER -1
309.1658 	 	FEEDB  FAIL 2 of 6
310.2083 	 	CUE
310.7226 	 	STIM   0, 1, 0, 0 RULE G1
311.0729 	 	TGT    1,2,0,0; 3,0,0,0; 2,1,0,0; 0,3,0,0
312.2762 	 	RESP   1 G1 ANSWER 4
312.2762 	 	FEEDB  CORRECT 3 of 6
313.3321 	 	CUE
313.8450 	 	STIM   2, 0, 0, 0 RULE G1
314.1952 	 	TGT    1,2,0,0; 3,0,0,0; 2,1,0,0; 0,3,0,0
319.6325 	 	RESP   1 G1 ANSWER 3
319.6325 	 	FEEDB  CORRECT 4 of 6
320.6911 	 	CUE
321.2087 	 	STIM   3, 1, 0, 0 RULE G1
321.5590 	 	TGT    1,2,0,0; 3,0,0,0; 2,1,0,0; 0,3,0,0
325.7891 	 	RESP   0 G1 ANSWER -4
325.7891 	 	FEEDB  FAIL 4 of 6
326.8367 	 	CUE
327.3595 	 	STIM   2, 3, 0, 0 RULE G1
327.7034 	 	TGT    1,2,0,0; 3,0,0,0; 2,1,0,0; 0,3,0,0
328.6841 	 	RESP   1 G1 ANSWER 3
328.6841 	 	FEEDB  CORRECT 5 of 6
329.7240 	 	CUE
330.2480 	 	STIM   1, 0, 0, 0 RULE G1
330.5921 	 	TGT    1,2,0,0; 3,0,0,0; 2,1,0,0; 0,3,0,0
332.2101 	 	RESP   1 G1 ANSWER 1
332.2101 	 	FEEDB  CORRECT 6 of 6
333.2516 	 	Running set .\configs\sets\letters_of_patches_1-test.json
333.2518 	 	Using deck: 0: 3,3,0,0 | 1: 1,1,0,0 | 2: 2,2,0,0 | 3: 0,0,0,0 
334.8012 	 	CUE
335.3179 	 	STIM   0, 1, 0, 0 RULE G1
335.6681 	 	TGT    0,3,0,0; 2,1,0,0; 3,2,0,0; 1,0,0,0
337.4079 	 	RESP   1 G1 ANSWER 1
337.4079 	 	FEEDB  CORRECT 1 of 7
338.4738 	 	CUE
338.9911 	 	STIM   2, 2, 0, 0 RULE G1
339.3414 	 	TGT    0,3,0,0; 2,1,0,0; 3,2,0,0; 1,0,0,0
340.0222 	 	RESP   1 G1 ANSWER 2
340.0222 	 	FEEDB  CORRECT 2 of 7
341.0781 	 	CUE
341.5959 	 	STIM   0, 0, 0, 0 RULE G1
341.9460 	 	TGT    0,3,0,0; 2,1,0,0; 3,2,0,0; 1,0,0,0
342.3971 	 	RESP   1 G1 ANSWER 1
342.3971 	 	FEEDB  CORRECT 3 of 7
343.4660 	 	CUE
343.9834 	 	STIM   0, 0, 0, 0 RULE G1
344.3338 	 	TGT    0,3,0,0; 2,1,0,0; 3,2,0,0; 1,0,0,0
344.7638 	 	RESP   1 G1 ANSWER 1
344.7638 	 	FEEDB  CORRECT 4 of 7
345.8083 	 	CUE
346.3228 	 	STIM   2, 2, 0, 0 RULE G1
346.6715 	 	TGT    0,3,0,0; 2,1,0,0; 3,2,0,0; 1,0,0,0
347.4747 	 	RESP   1 G1 ANSWER 2
347.4747 	 	FEEDB  CORRECT 5 of 7
348.5253 	 	CUE
349.0427 	 	STIM   2, 2, 0, 0 RULE G1
349.3932 	 	TGT    0,3,0,0; 2,1,0,0; 3,2,0,0; 1,0,0,0
349.8732 	 	RESP   1 G1 ANSWER 2
349.8732 	 	FEEDB  CORRECT 6 of 7
350.9296 	 	CUE
351.4475 	 	STIM   1, 3, 0, 0 RULE G1
351.7973 	 	TGT    0,3,0,0; 2,1,0,0; 3,2,0,0; 1,0,0,0
353.8951 	 	RESP   1 G1 ANSWER 4
353.8951 	 	FEEDB  CORRECT 7 of 7
354.9537 	 	CUE
355.4715 	 	STIM   2, 3, 0, 0 RULE G2
355.8213 	 	TGT    0,3,0,0; 2,1,0,0; 3,2,0,0; 1,0,0,0
356.4222 	 	RESP   0 G2 ANSWER -2
356.4222 	 	FEEDB  FAIL 0 of 7
357.4750 	 	CUE
357.9924 	 	STIM   0, 0, 0, 0 RULE G2
358.3429 	 	TGT    0,3,0,0; 2,1,0,0; 3,2,0,0; 1,0,0,0
358.8929 	 	RESP   1 G2 ANSWER 4
358.8929 	 	FEEDB  CORRECT 1 of 7
359.9626 	 	CUE
360.4805 	 	STIM   1, 3, 0, 0 RULE G2
360.8305 	 	TGT    0,3,0,0; 2,1,0,0; 3,2,0,0; 1,0,0,0
361.4998 	 	RESP   1 G2 ANSWER 1
361.4998 	 	FEEDB  CORRECT 2 of 7
362.5555 	 	CUE
363.0691 	 	STIM   0, 1, 0, 0 RULE G2
363.4189 	 	TGT    0,3,0,0; 2,1,0,0; 3,2,0,0; 1,0,0,0
364.3142 	 	RESP   1 G2 ANSWER 2
364.3142 	 	FEEDB  CORRECT 3 of 7
365.3560 	 	CUE
365.8734 	 	STIM   2, 3, 0, 0 RULE G2
366.2239 	 	TGT    0,3,0,0; 2,1,0,0; 3,2,0,0; 1,0,0,0
367.4006 	 	RESP   0 G2 ANSWER -2
367.4006 	 	FEEDB  FAIL 3 of 7
368.4618 	 	CUE
368.9806 	 	STIM   3, 1, 0, 0 RULE G2
369.3296 	 	TGT    0,3,0,0; 2,1,0,0; 3,2,0,0; 1,0,0,0
370.0392 	 	RESP   1 G2 ANSWER 2
370.0392 	 	FEEDB  CORRECT 4 of 7
371.0997 	 	CUE
371.6177 	 	STIM   1, 1, 0, 0 RULE G2
371.9676 	 	TGT    0,3,0,0; 2,1,0,0; 3,2,0,0; 1,0,0,0
372.6779 	 	RESP   1 G2 ANSWER 2
372.6779 	 	FEEDB  CORRECT 5 of 7
373.7260 	 	CUE
374.2397 	 	STIM   2, 2, 0, 0 RULE G2
374.5895 	 	TGT    0,3,0,0; 2,1,0,0; 3,2,0,0; 1,0,0,0
375.4126 	 	RESP   1 G2 ANSWER 3
375.4126 	 	FEEDB  CORRECT 6 of 7
376.4598 	 	CUE
376.9771 	 	STIM   2, 2, 0, 0 RULE G2
377.3276 	 	TGT    0,3,0,0; 2,1,0,0; 3,2,0,0; 1,0,0,0
378.5632 	 	RESP   0 G2 ANSWER -2
378.5632 	 	FEEDB  FAIL 6 of 7
379.6322 	 	CUE
380.1496 	 	STIM   0, 1, 0, 0 RULE G2
380.5003 	 	TGT    0,3,0,0; 2,1,0,0; 3,2,0,0; 1,0,0,0
381.9531 	 	RESP   0 G2 ANSWER -1
381.9531 	 	FEEDB  FAIL 6 of 7
383.0215 	 	CUE
383.5395 	 	STIM   1, 3, 0, 0 RULE G2
383.8894 	 	TGT    0,3,0,0; 2,1,0,0; 3,2,0,0; 1,0,0,0
384.8881 	 	RESP   1 G2 ANSWER 1
384.8881 	 	FEEDB  CORRECT 7 of 7
385.9283 	 	CUE
386.4449 	 	STIM   2, 2, 0, 0 RULE G1
386.7947 	 	TGT    0,3,0,0; 2,1,0,0; 3,2,0,0; 1,0,0,0
387.6943 	 	RESP   0 G1 ANSWER -3
387.6943 	 	FEEDB  FAIL 0 of 6
388.7653 	 	CUE
389.2832 	 	STIM   3, 0, 0, 0 RULE G1
389.6336 	 	TGT    0,3,0,0; 2,1,0,0; 3,2,0,0; 1,0,0,0
390.5173 	 	RESP   0 G1 ANSWER -4
390.5173 	 	FEEDB  FAIL 0 of 6
391.5709 	 	CUE
392.0883 	 	STIM   1, 3, 0, 0 RULE G1
392.4387 	 	TGT    0,3,0,0; 2,1,0,0; 3,2,0,0; 1,0,0,0
393.8032 	 	RESP   1 G1 ANSWER 4
393.8032 	 	FEEDB  CORRECT 1 of 6
394.8480 	 	CUE
395.3624 	 	STIM   2, 2, 0, 0 RULE G1
395.7111 	 	TGT    0,3,0,0; 2,1,0,0; 3,2,0,0; 1,0,0,0
396.5141 	 	RESP   0 G1 ANSWER -3
396.5141 	 	FEEDB  FAIL 1 of 6
397.5819 	 	CUE
398.0992 	 	STIM   3, 3, 0, 0 RULE G1
398.4497 	 	TGT    0,3,0,0; 2,1,0,0; 3,2,0,0; 1,0,0,0
399.0727 	 	RESP   0 G1 ANSWER -1
399.0727 	 	FEEDB  FAIL 1 of 6
400.1210 	 	CUE
400.6376 	 	STIM   2, 3, 0, 0 RULE G1
400.9875 	 	TGT    0,3,0,0; 2,1,0,0; 3,2,0,0; 1,0,0,0
401.7352 	 	RESP   1 G1 ANSWER 2
401.7352 	 	FEEDB  CORRECT 2 of 6
402.7743 	 	CUE
403.2921 	 	STIM   2, 2, 0, 0 RULE G1
403.6425 	 	TGT    0,3,0,0; 2,1,0,0; 3,2,0,0; 1,0,0,0
404.3502 	 	RESP   1 G1 ANSWER 2
404.3502 	 	FEEDB  CORRECT 3 of 6
405.3963 	 	CUE
405.9135 	 	STIM   2, 3, 0, 0 RULE G1
406.2639 	 	TGT    0,3,0,0; 2,1,0,0; 3,2,0,0; 1,0,0,0
406.6927 	 	RESP   1 G1 ANSWER 2
406.6927 	 	FEEDB  CORRECT 4 of 6
407.7334 	 	CUE
408.2512 	 	STIM   3, 1, 0, 0 RULE G1
408.6017 	 	TGT    0,3,0,0; 2,1,0,0; 3,2,0,0; 1,0,0,0
409.4757 	 	RESP   1 G1 ANSWER 3
409.4757 	 	FEEDB  CORRECT 5 of 6
410.5389 	 	CUE
411.0562 	 	STIM   2, 0, 0, 0 RULE G1
411.4067 	 	TGT    0,3,0,0; 2,1,0,0; 3,2,0,0; 1,0,0,0
412.0661 	 	RESP   1 G1 ANSWER 2
412.0661 	 	FEEDB  CORRECT 6 of 6
413.1114 	 	CUE
413.6280 	 	STIM   3, 1, 0, 0 RULE G2
413.9779 	 	TGT    0,3,0,0; 2,1,0,0; 3,2,0,0; 1,0,0,0
414.5772 	 	RESP   0 G2 ANSWER -3
414.5772 	 	FEEDB  FAIL 0 of 5
415.6315 	 	CUE
416.1489 	 	STIM   3, 0, 0, 0 RULE G2
416.4995 	 	TGT    0,3,0,0; 2,1,0,0; 3,2,0,0; 1,0,0,0
416.9357 	 	RESP   1 G2 ANSWER 4
416.9357 	 	FEEDB  CORRECT 1 of 5
417.9905 	 	CUE
418.5052 	 	STIM   2, 3, 0, 0 RULE G2
418.8535 	 	TGT    0,3,0,0; 2,1,0,0; 3,2,0,0; 1,0,0,0
419.3987 	 	RESP   1 G2 ANSWER 1
419.3987 	 	FEEDB  CORRECT 2 of 5
420.4403 	 	CUE
420.9577 	 	STIM   3, 0, 0, 0 RULE G2
421.3082 	 	TGT    0,3,0,0; 2,1,0,0; 3,2,0,0; 1,0,0,0
422.1332 	 	RESP   0 G2 ANSWER -3
422.1332 	 	FEEDB  FAIL 2 of 5
423.1828 	 	CUE
423.6977 	 	STIM   3, 0, 0, 0 RULE G2
424.0464 	 	TGT    0,3,0,0; 2,1,0,0; 3,2,0,0; 1,0,0,0
424.4121 	 	RESP   1 G2 ANSWER 4
424.4122 	 	FEEDB  CORRECT 3 of 5
425.4661 	 	CUE
425.9835 	 	STIM   1, 3, 0, 0 RULE G2
426.3340 	 	TGT    0,3,0,0; 2,1,0,0; 3,2,0,0; 1,0,0,0
426.7227 	 	RESP   1 G2 ANSWER 1
426.7227 	 	FEEDB  CORRECT 4 of 5
427.7754 	 	CUE
428.2897 	 	STIM   0, 1, 0, 0 RULE G2
428.6383 	 	TGT    0,3,0,0; 2,1,0,0; 3,2,0,0; 1,0,0,0
429.0818 	 	RESP   1 G2 ANSWER 2
429.0818 	 	FEEDB  CORRECT 5 of 5
430.1245 	 	CUE
430.6423 	 	STIM   0, 0, 0, 0 RULE G1
430.9924 	 	TGT    0,3,0,0; 2,1,0,0; 3,2,0,0; 1,0,0,0
431.3767 	 	RESP   0 G1 ANSWER -4
431.3767 	 	FEEDB  FAIL 0 of 5
432.4323 	 	CUE
432.9463 	 	STIM   1, 3, 0, 0 RULE G1
433.2968 	 	TGT    0,3,0,0; 2,1,0,0; 3,2,0,0; 1,0,0,0
433.7112 	 	RESP   0 G1 ANSWER -1
433.7112 	 	FEEDB  FAIL 0 of 5
434.7662 	 	CUE
435.2841 	 	STIM   3, 1, 0, 0 RULE G1
435.6345 	 	TGT    0,3,0,0; 2,1,0,0; 3,2,0,0; 1,0,0,0
436.0382 	 	RESP   1 G1 ANSWER 3
436.0382 	 	FEEDB  CORRECT 1 of 5
437.0873 	 	CUE
437.6051 	 	STIM   3, 3, 0, 0 RULE G1
437.9552 	 	TGT    0,3,0,0; 2,1,0,0; 3,2,0,0; 1,0,0,0
438.5892 	 	RESP   1 G1 ANSWER 3
438.5892 	 	FEEDB  CORRECT 2 of 5
439.6587 	 	CUE
440.1763 	 	STIM   3, 0, 0, 0 RULE G1
440.5268 	 	TGT    0,3,0,0; 2,1,0,0; 3,2,0,0; 1,0,0,0
441.0197 	 	RESP   1 G1 ANSWER 3
441.0197 	 	FEEDB  CORRECT 3 of 5
442.0673 	 	CUE
442.5873 	 	STIM   1, 3, 0, 0 RULE G1
442.9309 	 	TGT    0,3,0,0; 2,1,0,0; 3,2,0,0; 1,0,0,0
443.4427 	 	RESP   1 G1 ANSWER 4
443.4427 	 	FEEDB  CORRECT 4 of 5
444.4844 	 	CUE
445.0018 	 	STIM   3, 0, 0, 0 RULE G1
445.3523 	 	TGT    0,3,0,0; 2,1,0,0; 3,2,0,0; 1,0,0,0
445.9050 	 	RESP   1 G1 ANSWER 3
445.9051 	 	FEEDB  CORRECT 5 of 5
446.9553 	 	CUE
447.4731 	 	STIM   1, 1, 0, 0 RULE G2
447.8232 	 	TGT    0,3,0,0; 2,1,0,0; 3,2,0,0; 1,0,0,0
448.7836 	 	RESP   0 G2 ANSWER -3
448.7836 	 	FEEDB  FAIL 0 of 6
449.8339 	 	CUE
450.3488 	 	STIM   3, 1, 0, 0 RULE G2
450.6951 	 	TGT    0,3,0,0; 2,1,0,0; 3,2,0,0; 1,0,0,0
451.4069 	 	RESP   0 G2 ANSWER -3
451.4069 	 	FEEDB  FAIL 0 of 6
452.4657 	 	CUE
452.9830 	 	STIM   0, 2, 0, 0 RULE G2
453.3336 	 	TGT    0,3,0,0; 2,1,0,0; 3,2,0,0; 1,0,0,0
453.8451 	 	RESP   1 G2 ANSWER 3
453.8451 	 	FEEDB  CORRECT 1 of 6
454.8913 	 	CUE
455.4061 	 	STIM   1, 3, 0, 0 RULE G2
455.7543 	 	TGT    0,3,0,0; 2,1,0,0; 3,2,0,0; 1,0,0,0
456.4362 	 	RESP   1 G2 ANSWER 1
456.4362 	 	FEEDB  CORRECT 2 of 6
457.4916 	 	CUE
458.0089 	 	STIM   1, 2, 0, 0 RULE G2
458.3594 	 	TGT    0,3,0,0; 2,1,0,0; 3,2,0,0; 1,0,0,0
459.0666 	 	RESP   1 G2 ANSWER 3
459.0666 	 	FEEDB  CORRECT 3 of 6
460.1176 	 	CUE
460.6322 	 	STIM   1, 3, 0, 0 RULE G2
460.9807 	 	TGT    0,3,0,0; 2,1,0,0; 3,2,0,0; 1,0,0,0
461.6493 	 	RESP   1 G2 ANSWER 1
461.6494 	 	FEEDB  CORRECT 4 of 6
462.7007 	 	CUE
463.2186 	 	STIM   1, 3, 0, 0 RULE G2
463.5690 	 	TGT    0,3,0,0; 2,1,0,0; 3,2,0,0; 1,0,0,0
464.2242 	 	RESP   1 G2 ANSWER 1
464.2242 	 	FEEDB  CORRECT 5 of 6
465.2772 	 	CUE
465.7914 	 	STIM   1, 1, 0, 0 RULE G2
466.1402 	 	TGT    0,3,0,0; 2,1,0,0; 3,2,0,0; 1,0,0,0
466.5990 	 	RESP   1 G2 ANSWER 2
466.5990 	 	FEEDB  CORRECT 6 of 6
