0.0002 	 	Subj ID: pilot_locals_14.07.17_jari
0.0007 	 	Run: 2014-07-17 13:06:50.167663
0.0007 	 	Age: 18
0.0007 	 	Group: Control
0.0007 	 	--------------------------------------------------------
0.0007 	 	INFO
0.0007 	 	timestamp CUE
0.0007 	 	timestamp STIM  [state for each rule G1 G2 L1 L2 : 0,1,2,3] RULE [current rule]
0.0007 	 	timestamp TGT   [states for each card / Up, Right, Down, Left: 0,1,2,3; 0,1,2,3;...]
0.0007 	 	timestamp RESP  [correct: 1/0] [current rule: G1, G2, L1, L2] ANSWER [card selected: 1(up), 2(right), 3(down), 4(left)]
0.0007 	 	timestamp FEEDB [correct/fail] [correct answers] of [series length]
0.0007 	 	--------------------------------------------------------
241.8028 	 	Running set .\configs\sets\noise_of_letters_2-test.json
241.8030 	 	Using deck: 0: 0,0,0,2 | 1: 0,0,2,0 | 2: 0,0,1,1 | 3: 0,0,3,3 
245.0138 	 	CUE
245.5283 	 	STIM   0, 0, 1, 0 RULE L1
245.8756 	 	TGT    0,0,0,2; 0,0,2,0; 0,0,1,1; 0,0,3,3
251.9856 	 	RESP   1 L1 ANSWER 3
251.9856 	 	FEEDB  CORRECT 1 of 6
253.0558 	 	CUE
253.5737 	 	STIM   0, 0, 1, 2 RULE L1
253.9237 	 	TGT    0,0,0,2; 0,0,2,0; 0,0,1,1; 0,0,3,3
257.0792 	 	RESP   1 L1 ANSWER 3
257.0792 	 	FEEDB  CORRECT 2 of 6
258.1652 	 	CUE
258.6831 	 	STIM   0, 0, 2, 2 RULE L1
259.0331 	 	TGT    0,0,0,2; 0,0,2,0; 0,0,1,1; 0,0,3,3
260.2859 	 	RESP   1 L1 ANSWER 2
260.2859 	 	FEEDB  CORRECT 3 of 6
261.3712 	 	CUE
261.8886 	 	STIM   0, 0, 2, 1 RULE L1
262.2390 	 	TGT    0,0,0,2; 0,0,2,0; 0,0,1,1; 0,0,3,3
263.6842 	 	RESP   1 L1 ANSWER 2
263.6842 	 	FEEDB  CORRECT 4 of 6
264.7456 	 	CUE
265.2617 	 	STIM   0, 0, 3, 2 RULE L1
265.6121 	 	TGT    0,0,0,2; 0,0,2,0; 0,0,1,1; 0,0,3,3
267.8176 	 	RESP   1 L1 ANSWER 4
267.8176 	 	FEEDB  CORRECT 5 of 6
268.8868 	 	CUE
269.4028 	 	STIM   0, 0, 0, 1 RULE L1
269.7528 	 	TGT    0,0,0,2; 0,0,2,0; 0,0,1,1; 0,0,3,3
270.7764 	 	RESP   1 L1 ANSWER 1
270.7764 	 	FEEDB  CORRECT 6 of 6
271.8234 	 	CUE
272.3413 	 	STIM   0, 0, 3, 0 RULE L2
272.6917 	 	TGT    0,0,0,2; 0,0,2,0; 0,0,1,1; 0,0,3,3
274.2950 	 	RESP   0 L2 ANSWER -4
274.2950 	 	FEEDB  FAIL 0 of 5
275.3482 	 	CUE
275.8644 	 	STIM   0, 0, 1, 2 RULE L2
276.2146 	 	TGT    0,0,0,2; 0,0,2,0; 0,0,1,1; 0,0,3,3
277.6852 	 	RESP   0 L2 ANSWER -3
277.6852 	 	FEEDB  FAIL 0 of 5
278.7363 	 	CUE
279.2541 	 	STIM   0, 0, 3, 2 RULE L2
279.6043 	 	TGT    0,0,0,2; 0,0,2,0; 0,0,1,1; 0,0,3,3
284.3457 	 	RESP   0 L2 ANSWER -2
284.3457 	 	FEEDB  FAIL 0 of 5
286.4505 	 	CUE
286.9679 	 	STIM   0, 0, 2, 3 RULE L2
287.3183 	 	TGT    0,0,0,2; 0,0,2,0; 0,0,1,1; 0,0,3,3
288.3517 	 	RESP   1 L2 ANSWER 4
288.3517 	 	FEEDB  CORRECT 1 of 5
289.4059 	 	CUE
289.9233 	 	STIM   0, 0, 1, 2 RULE L2
290.2737 	 	TGT    0,0,0,2; 0,0,2,0; 0,0,1,1; 0,0,3,3
294.8521 	 	RESP   1 L2 ANSWER 1
294.8521 	 	FEEDB  CORRECT 2 of 5
295.9022 	 	CUE
296.4189 	 	STIM   0, 0, 0, 1 RULE L2
296.7689 	 	TGT    0,0,0,2; 0,0,2,0; 0,0,1,1; 0,0,3,3
299.7221 	 	RESP   1 L2 ANSWER 3
299.7221 	 	FEEDB  CORRECT 3 of 5
300.7931 	 	CUE
301.3109 	 	STIM   0, 0, 1, 2 RULE L2
301.6615 	 	TGT    0,0,0,2; 0,0,2,0; 0,0,1,1; 0,0,3,3
305.9508 	 	RESP   1 L2 ANSWER 1
305.9508 	 	FEEDB  CORRECT 4 of 5
307.0213 	 	CUE
307.5392 	 	STIM   0, 0, 1, 0 RULE L2
307.8891 	 	TGT    0,0,0,2; 0,0,2,0; 0,0,1,1; 0,0,3,3
309.3333 	 	RESP   1 L2 ANSWER 2
309.3333 	 	FEEDB  CORRECT 5 of 5
310.3790 	 	CUE
310.8952 	 	STIM   0, 0, 3, 2 RULE L1
311.2454 	 	TGT    0,0,0,2; 0,0,2,0; 0,0,1,1; 0,0,3,3
314.5740 	 	RESP   0 L1 ANSWER -1
314.5740 	 	FEEDB  FAIL 0 of 7
315.6197 	 	CUE
316.1375 	 	STIM   0, 0, 3, 1 RULE L1
316.4879 	 	TGT    0,0,0,2; 0,0,2,0; 0,0,1,1; 0,0,3,3
320.5869 	 	RESP   0 L1 ANSWER -3
320.5870 	 	FEEDB  FAIL 0 of 7
321.6321 	 	CUE
322.1486 	 	STIM   0, 0, 0, 3 RULE L1
322.4989 	 	TGT    0,0,0,2; 0,0,2,0; 0,0,1,1; 0,0,3,3
324.1452 	 	RESP   1 L1 ANSWER 1
324.1452 	 	FEEDB  CORRECT 1 of 7
325.2040 	 	CUE
325.7214 	 	STIM   0, 0, 1, 0 RULE L1
326.0719 	 	TGT    0,0,0,2; 0,0,2,0; 0,0,1,1; 0,0,3,3
327.4717 	 	RESP   1 L1 ANSWER 3
327.4717 	 	FEEDB  CORRECT 2 of 7
328.5284 	 	CUE
329.0445 	 	STIM   0, 0, 3, 2 RULE L1
329.3948 	 	TGT    0,0,0,2; 0,0,2,0; 0,0,1,1; 0,0,3,3
330.1422 	 	RESP   1 L1 ANSWER 4
330.1422 	 	FEEDB  CORRECT 3 of 7
331.1817 	 	CUE
331.6990 	 	STIM   0, 0, 2, 1 RULE L1
332.0495 	 	TGT    0,0,0,2; 0,0,2,0; 0,0,1,1; 0,0,3,3
333.4526 	 	RESP   1 L1 ANSWER 2
333.4526 	 	FEEDB  CORRECT 4 of 7
334.5212 	 	CUE
335.0387 	 	STIM   0, 0, 2, 3 RULE L1
335.3892 	 	TGT    0,0,0,2; 0,0,2,0; 0,0,1,1; 0,0,3,3
336.1072 	 	RESP   1 L1 ANSWER 2
336.1072 	 	FEEDB  CORRECT 5 of 7
337.1607 	 	CUE
337.6769 	 	STIM   0, 0, 3, 1 RULE L1
338.0272 	 	TGT    0,0,0,2; 0,0,2,0; 0,0,1,1; 0,0,3,3
338.8816 	 	RESP   1 L1 ANSWER 4
338.8817 	 	FEEDB  CORRECT 6 of 7
339.9309 	 	CUE
340.4488 	 	STIM   0, 0, 1, 2 RULE L1
340.7988 	 	TGT    0,0,0,2; 0,0,2,0; 0,0,1,1; 0,0,3,3
341.9764 	 	RESP   1 L1 ANSWER 3
341.9764 	 	FEEDB  CORRECT 7 of 7
343.0201 	 	CUE
343.5379 	 	STIM   0, 0, 0, 3 RULE L2
343.8878 	 	TGT    0,0,0,2; 0,0,2,0; 0,0,1,1; 0,0,3,3
344.6308 	 	RESP   0 L2 ANSWER -1
344.6308 	 	FEEDB  FAIL 0 of 6
345.6746 	 	CUE
346.1926 	 	STIM   0, 0, 3, 2 RULE L2
346.5429 	 	TGT    0,0,0,2; 0,0,2,0; 0,0,1,1; 0,0,3,3
349.4045 	 	RESP   1 L2 ANSWER 1
349.4045 	 	FEEDB  CORRECT 1 of 6
350.4572 	 	CUE
350.9706 	 	STIM   0, 0, 2, 2 RULE L2
351.3183 	 	TGT    0,0,0,2; 0,0,2,0; 0,0,1,1; 0,0,3,3
353.1228 	 	RESP   1 L2 ANSWER 1
353.1228 	 	FEEDB  CORRECT 2 of 6
354.1752 	 	CUE
354.6914 	 	STIM   0, 0, 3, 2 RULE L2
355.0416 	 	TGT    0,0,0,2; 0,0,2,0; 0,0,1,1; 0,0,3,3
355.8972 	 	RESP   1 L2 ANSWER 1
355.8973 	 	FEEDB  CORRECT 3 of 6
356.9454 	 	CUE
357.4633 	 	STIM   0, 0, 1, 0 RULE L2
357.8133 	 	TGT    0,0,0,2; 0,0,2,0; 0,0,1,1; 0,0,3,3
358.9037 	 	RESP   1 L2 ANSWER 2
358.9037 	 	FEEDB  CORRECT 4 of 6
359.9512 	 	CUE
360.4690 	 	STIM   0, 0, 3, 0 RULE L2
360.8188 	 	TGT    0,0,0,2; 0,0,2,0; 0,0,1,1; 0,0,3,3
363.1816 	 	RESP   1 L2 ANSWER 2
363.1816 	 	FEEDB  CORRECT 5 of 6
364.2438 	 	CUE
364.7599 	 	STIM   0, 0, 1, 3 RULE L2
365.1101 	 	TGT    0,0,0,2; 0,0,2,0; 0,0,1,1; 0,0,3,3
367.1797 	 	RESP   1 L2 ANSWER 4
367.1798 	 	FEEDB  CORRECT 6 of 6
368.2343 	 	CUE
368.7505 	 	STIM   0, 0, 1, 2 RULE L1
369.1007 	 	TGT    0,0,0,2; 0,0,2,0; 0,0,1,1; 0,0,3,3
372.2093 	 	RESP   0 L1 ANSWER -1
372.2093 	 	FEEDB  FAIL 0 of 5
373.2602 	 	CUE
373.7775 	 	STIM   0, 0, 0, 1 RULE L1
374.1266 	 	TGT    0,0,0,2; 0,0,2,0; 0,0,1,1; 0,0,3,3
377.2787 	 	RESP   0 L1 ANSWER -3
377.2787 	 	FEEDB  FAIL 0 of 5
378.3226 	 	CUE
378.8362 	 	STIM   0, 0, 1, 3 RULE L1
379.1859 	 	TGT    0,0,0,2; 0,0,2,0; 0,0,1,1; 0,0,3,3
380.7490 	 	RESP   1 L1 ANSWER 3
380.7490 	 	FEEDB  CORRECT 1 of 5
381.7923 	 	CUE
382.3089 	 	STIM   0, 0, 0, 3 RULE L1
382.6587 	 	TGT    0,0,0,2; 0,0,2,0; 0,0,1,1; 0,0,3,3
383.2436 	 	RESP   1 L1 ANSWER 1
383.2436 	 	FEEDB  CORRECT 2 of 5
384.2956 	 	CUE
384.8130 	 	STIM   0, 0, 3, 0 RULE L1
385.1635 	 	TGT    0,0,0,2; 0,0,2,0; 0,0,1,1; 0,0,3,3
386.4262 	 	RESP   1 L1 ANSWER 4
386.4262 	 	FEEDB  CORRECT 3 of 5
387.4852 	 	CUE
388.0025 	 	STIM   0, 0, 0, 1 RULE L1
388.3529 	 	TGT    0,0,0,2; 0,0,2,0; 0,0,1,1; 0,0,3,3
389.1526 	 	RESP   1 L1 ANSWER 1
389.1526 	 	FEEDB  CORRECT 4 of 5
390.2064 	 	CUE
390.7238 	 	STIM   0, 0, 1, 3 RULE L1
391.0743 	 	TGT    0,0,0,2; 0,0,2,0; 0,0,1,1; 0,0,3,3
392.0711 	 	RESP   1 L1 ANSWER 3
392.0712 	 	FEEDB  CORRECT 5 of 5
393.1165 	 	CUE
393.6308 	 	STIM   0, 0, 2, 3 RULE L2
393.9796 	 	TGT    0,0,0,2; 0,0,2,0; 0,0,1,1; 0,0,3,3
394.7016 	 	RESP   0 L2 ANSWER -2
394.7016 	 	FEEDB  FAIL 0 of 7
395.7497 	 	CUE
396.2676 	 	STIM   0, 0, 0, 1 RULE L2
396.6175 	 	TGT    0,0,0,2; 0,0,2,0; 0,0,1,1; 0,0,3,3
397.1887 	 	RESP   0 L2 ANSWER -1
397.1887 	 	FEEDB  FAIL 0 of 7
398.2393 	 	CUE
398.7554 	 	STIM   0, 0, 0, 3 RULE L2
399.1058 	 	TGT    0,0,0,2; 0,0,2,0; 0,0,1,1; 0,0,3,3
400.6425 	 	RESP   1 L2 ANSWER 4
400.6425 	 	FEEDB  CORRECT 1 of 7
401.6939 	 	CUE
402.2120 	 	STIM   0, 0, 0, 1 RULE L2
402.5620 	 	TGT    0,0,0,2; 0,0,2,0; 0,0,1,1; 0,0,3,3
403.7292 	 	RESP   1 L2 ANSWER 3
403.7292 	 	FEEDB  CORRECT 2 of 7
404.7829 	 	CUE
405.3011 	 	STIM   0, 0, 3, 1 RULE L2
405.6507 	 	TGT    0,0,0,2; 0,0,2,0; 0,0,1,1; 0,0,3,3
406.8556 	 	RESP   1 L2 ANSWER 3
406.8557 	 	FEEDB  CORRECT 3 of 7
407.9053 	 	CUE
408.4235 	 	STIM   0, 0, 0, 1 RULE L2
408.7732 	 	TGT    0,0,0,2; 0,0,2,0; 0,0,1,1; 0,0,3,3
410.2222 	 	RESP   1 L2 ANSWER 3
410.2222 	 	FEEDB  CORRECT 4 of 7
411.2616 	 	CUE
411.7793 	 	STIM   0, 0, 0, 1 RULE L2
412.1296 	 	TGT    0,0,0,2; 0,0,2,0; 0,0,1,1; 0,0,3,3
413.3007 	 	RESP   1 L2 ANSWER 3
413.3007 	 	FEEDB  CORRECT 5 of 7
414.3507 	 	CUE
414.8684 	 	STIM   0, 0, 3, 1 RULE L2
415.2186 	 	TGT    0,0,0,2; 0,0,2,0; 0,0,1,1; 0,0,3,3
418.8416 	 	RESP   1 L2 ANSWER 3
418.8416 	 	FEEDB  CORRECT 6 of 7
419.9106 	 	CUE
420.4286 	 	STIM   0, 0, 3, 1 RULE L2
420.7786 	 	TGT    0,0,0,2; 0,0,2,0; 0,0,1,1; 0,0,3,3
421.6722 	 	RESP   1 L2 ANSWER 3
421.6722 	 	FEEDB  CORRECT 7 of 7
422.7020 	 	Running set .\configs\sets\noise_of_shapes_1-test.json
422.7022 	 	Using deck: 0: 0,0,2,2 | 1: 0,0,1,3 | 2: 0,0,0,1 | 3: 0,0,3,0 
426.1596 	 	CUE
426.6729 	 	STIM   0, 0, 1, 1 RULE L2
427.0235 	 	TGT    0,0,2,2; 0,0,1,3; 0,0,0,1; 0,0,3,0
430.5878 	 	RESP   1 L2 ANSWER 3
430.5878 	 	FEEDB  CORRECT 1 of 6
431.6512 	 	CUE
432.1668 	 	STIM   0, 0, 3, 1 RULE L2
432.5169 	 	TGT    0,0,2,2; 0,0,1,3; 0,0,0,1; 0,0,3,0
433.3467 	 	RESP   1 L2 ANSWER 3
433.3467 	 	FEEDB  CORRECT 2 of 6
434.3874 	 	CUE
434.9049 	 	STIM   0, 0, 1, 1 RULE L2
435.2554 	 	TGT    0,0,2,2; 0,0,1,3; 0,0,0,1; 0,0,3,0
435.9612 	 	RESP   1 L2 ANSWER 3
435.9612 	 	FEEDB  CORRECT 3 of 6
437.0102 	 	CUE
437.5265 	 	STIM   0, 0, 1, 1 RULE L2
437.8765 	 	TGT    0,0,2,2; 0,0,1,3; 0,0,0,1; 0,0,3,0
438.6638 	 	RESP   1 L2 ANSWER 3
438.6638 	 	FEEDB  CORRECT 4 of 6
439.7302 	 	CUE
440.2482 	 	STIM   0, 0, 2, 3 RULE L2
440.5980 	 	TGT    0,0,2,2; 0,0,1,3; 0,0,0,1; 0,0,3,0
443.2617 	 	RESP   1 L2 ANSWER 2
443.2617 	 	FEEDB  CORRECT 5 of 6
444.3070 	 	CUE
444.8231 	 	STIM   0, 0, 3, 1 RULE L2
445.1734 	 	TGT    0,0,2,2; 0,0,1,3; 0,0,0,1; 0,0,3,0
446.3723 	 	RESP   1 L2 ANSWER 3
446.3723 	 	FEEDB  CORRECT 6 of 6
447.4113 	 	CUE
447.9288 	 	STIM   0, 0, 0, 2 RULE L1
448.2792 	 	TGT    0,0,2,2; 0,0,1,3; 0,0,0,1; 0,0,3,0
450.4102 	 	RESP   0 L1 ANSWER -1
450.4102 	 	FEEDB  FAIL 0 of 5
451.4535 	 	CUE
451.9696 	 	STIM   0, 0, 1, 1 RULE L1
452.3200 	 	TGT    0,0,2,2; 0,0,1,3; 0,0,0,1; 0,0,3,0
454.0243 	 	RESP   1 L1 ANSWER 2
454.0243 	 	FEEDB  CORRECT 1 of 5
455.0921 	 	CUE
455.6094 	 	STIM   0, 0, 2, 3 RULE L1
455.9598 	 	TGT    0,0,2,2; 0,0,1,3; 0,0,0,1; 0,0,3,0
457.2148 	 	RESP   1 L1 ANSWER 1
457.2148 	 	FEEDB  CORRECT 2 of 5
458.2811 	 	CUE
458.7988 	 	STIM   0, 0, 0, 0 RULE L1
459.1491 	 	TGT    0,0,2,2; 0,0,1,3; 0,0,0,1; 0,0,3,0
460.9327 	 	RESP   1 L1 ANSWER 3
460.9327 	 	FEEDB  CORRECT 3 of 5
462.0047 	 	CUE
462.5223 	 	STIM   0, 0, 2, 1 RULE L1
462.8724 	 	TGT    0,0,2,2; 0,0,1,3; 0,0,0,1; 0,0,3,0
463.8271 	 	RESP   1 L1 ANSWER 1
463.8271 	 	FEEDB  CORRECT 4 of 5
464.8930 	 	CUE
465.4110 	 	STIM   0, 0, 3, 3 RULE L1
465.7609 	 	TGT    0,0,2,2; 0,0,1,3; 0,0,0,1; 0,0,3,0
466.9937 	 	RESP   1 L1 ANSWER 4
466.9937 	 	FEEDB  CORRECT 5 of 5
468.0657 	 	CUE
468.5833 	 	STIM   0, 0, 2, 0 RULE L2
468.9335 	 	TGT    0,0,2,2; 0,0,1,3; 0,0,0,1; 0,0,3,0
469.7121 	 	RESP   0 L2 ANSWER -1
469.7121 	 	FEEDB  FAIL 0 of 5
470.7705 	 	CUE
471.2884 	 	STIM   0, 0, 1, 0 RULE L2
471.6383 	 	TGT    0,0,2,2; 0,0,1,3; 0,0,0,1; 0,0,3,0
473.0147 	 	RESP   1 L2 ANSWER 4
473.0147 	 	FEEDB  CORRECT 1 of 5
474.0614 	 	CUE
474.5775 	 	STIM   0, 0, 2, 3 RULE L2
474.9277 	 	TGT    0,0,2,2; 0,0,1,3; 0,0,0,1; 0,0,3,0
476.3411 	 	RESP   1 L2 ANSWER 2
476.3411 	 	FEEDB  CORRECT 2 of 5
477.3829 	 	CUE
477.9004 	 	STIM   0, 0, 3, 3 RULE L2
478.2507 	 	TGT    0,0,2,2; 0,0,1,3; 0,0,0,1; 0,0,3,0
479.4437 	 	RESP   1 L2 ANSWER 2
479.4438 	 	FEEDB  CORRECT 3 of 5
480.5051 	 	CUE
481.0229 	 	STIM   0, 0, 0, 3 RULE L2
481.3731 	 	TGT    0,0,2,2; 0,0,1,3; 0,0,0,1; 0,0,3,0
482.5458 	 	RESP   1 L2 ANSWER 2
482.5458 	 	FEEDB  CORRECT 4 of 5
483.5938 	 	CUE
484.1119 	 	STIM   0, 0, 1, 1 RULE L2
484.4621 	 	TGT    0,0,2,2; 0,0,1,3; 0,0,0,1; 0,0,3,0
485.8002 	 	RESP   0 L2 ANSWER -2
485.8002 	 	FEEDB  FAIL 4 of 5
486.8499 	 	CUE
487.3680 	 	STIM   0, 0, 1, 0 RULE L2
487.7178 	 	TGT    0,0,2,2; 0,0,1,3; 0,0,0,1; 0,0,3,0
489.1186 	 	RESP   1 L2 ANSWER 4
489.1186 	 	FEEDB  CORRECT 5 of 5
490.1728 	 	CUE
490.6904 	 	STIM   0, 0, 3, 3 RULE L1
491.0408 	 	TGT    0,0,2,2; 0,0,1,3; 0,0,0,1; 0,0,3,0
491.6851 	 	RESP   0 L1 ANSWER -2
491.6851 	 	FEEDB  FAIL 0 of 7
492.7273 	 	CUE
493.2452 	 	STIM   0, 0, 2, 0 RULE L1
493.5952 	 	TGT    0,0,2,2; 0,0,1,3; 0,0,0,1; 0,0,3,0
494.1802 	 	RESP   1 L1 ANSWER 1
494.1802 	 	FEEDB  CORRECT 1 of 7
495.2488 	 	CUE
495.7662 	 	STIM   0, 0, 3, 1 RULE L1
496.1167 	 	TGT    0,0,2,2; 0,0,1,3; 0,0,0,1; 0,0,3,0
497.9782 	 	RESP   1 L1 ANSWER 4
497.9782 	 	FEEDB  CORRECT 2 of 7
499.0392 	 	CUE
499.5565 	 	STIM   0, 0, 3, 3 RULE L1
499.9069 	 	TGT    0,0,2,2; 0,0,1,3; 0,0,0,1; 0,0,3,0
500.7926 	 	RESP   1 L1 ANSWER 4
500.7926 	 	FEEDB  CORRECT 3 of 7
501.8440 	 	CUE
502.3619 	 	STIM   0, 0, 3, 3 RULE L1
502.7119 	 	TGT    0,0,2,2; 0,0,1,3; 0,0,0,1; 0,0,3,0
503.3997 	 	RESP   1 L1 ANSWER 4
503.3997 	 	FEEDB  CORRECT 4 of 7
504.4490 	 	CUE
504.9665 	 	STIM   0, 0, 3, 3 RULE L1
505.3169 	 	TGT    0,0,2,2; 0,0,1,3; 0,0,0,1; 0,0,3,0
505.8220 	 	RESP   1 L1 ANSWER 4
505.8220 	 	FEEDB  CORRECT 5 of 7
506.8901 	 	CUE
507.4047 	 	STIM   0, 0, 1, 2 RULE L1
507.7545 	 	TGT    0,0,2,2; 0,0,1,3; 0,0,0,1; 0,0,3,0
508.7646 	 	RESP   1 L1 ANSWER 2
508.7646 	 	FEEDB  CORRECT 6 of 7
509.8086 	 	CUE
510.3265 	 	STIM   0, 0, 3, 2 RULE L1
510.6765 	 	TGT    0,0,2,2; 0,0,1,3; 0,0,0,1; 0,0,3,0
511.2917 	 	RESP   1 L1 ANSWER 4
511.2917 	 	FEEDB  CORRECT 7 of 7
512.3469 	 	CUE
512.8642 	 	STIM   0, 0, 0, 3 RULE L2
513.2148 	 	TGT    0,0,2,2; 0,0,1,3; 0,0,0,1; 0,0,3,0
514.2264 	 	RESP   0 L2 ANSWER -3
514.2264 	 	FEEDB  FAIL 0 of 7
515.2702 	 	CUE
515.7864 	 	STIM   0, 0, 1, 2 RULE L2
516.1367 	 	TGT    0,0,2,2; 0,0,1,3; 0,0,0,1; 0,0,3,0
518.4401 	 	RESP   1 L2 ANSWER 1
518.4402 	 	FEEDB  CORRECT 1 of 7
519.4933 	 	CUE
520.0109 	 	STIM   0, 0, 3, 3 RULE L2
520.3612 	 	TGT    0,0,2,2; 0,0,1,3; 0,0,0,1; 0,0,3,0
521.5024 	 	RESP   1 L2 ANSWER 2
521.5024 	 	FEEDB  CORRECT 2 of 7
522.5484 	 	CUE
523.0703 	 	STIM   0, 0, 0, 0 RULE L2
523.4169 	 	TGT    0,0,2,2; 0,0,1,3; 0,0,0,1; 0,0,3,0
524.2454 	 	RESP   1 L2 ANSWER 4
524.2454 	 	FEEDB  CORRECT 3 of 7
525.2872 	 	CUE
525.8046 	 	STIM   0, 0, 2, 1 RULE L2
526.1551 	 	TGT    0,0,2,2; 0,0,1,3; 0,0,0,1; 0,0,3,0
527.1878 	 	RESP   1 L2 ANSWER 3
527.1878 	 	FEEDB  CORRECT 4 of 7
528.2593 	 	CUE
528.7767 	 	STIM   0, 0, 2, 0 RULE L2
529.1271 	 	TGT    0,0,2,2; 0,0,1,3; 0,0,0,1; 0,0,3,0
530.2342 	 	RESP   1 L2 ANSWER 4
530.2342 	 	FEEDB  CORRECT 5 of 7
531.2815 	 	CUE
531.7988 	 	STIM   0, 0, 1, 0 RULE L2
532.1493 	 	TGT    0,0,2,2; 0,0,1,3; 0,0,0,1; 0,0,3,0
533.0968 	 	RESP   1 L2 ANSWER 4
533.0968 	 	FEEDB  CORRECT 6 of 7
534.1380 	 	CUE
534.6542 	 	STIM   0, 0, 0, 2 RULE L2
535.0045 	 	TGT    0,0,2,2; 0,0,1,3; 0,0,0,1; 0,0,3,0
536.1832 	 	RESP   1 L2 ANSWER 1
536.1832 	 	FEEDB  CORRECT 7 of 7
537.2257 	 	CUE
537.7433 	 	STIM   0, 0, 0, 3 RULE L1
538.0936 	 	TGT    0,0,2,2; 0,0,1,3; 0,0,0,1; 0,0,3,0
539.0941 	 	RESP   0 L1 ANSWER -2
539.0941 	 	FEEDB  FAIL 0 of 6
540.1476 	 	CUE
540.6650 	 	STIM   0, 0, 1, 0 RULE L1
541.0155 	 	TGT    0,0,2,2; 0,0,1,3; 0,0,0,1; 0,0,3,0
542.6917 	 	RESP   1 L1 ANSWER 2
542.6917 	 	FEEDB  CORRECT 1 of 6
543.7388 	 	CUE
544.2554 	 	STIM   0, 0, 0, 2 RULE L1
544.6052 	 	TGT    0,0,2,2; 0,0,1,3; 0,0,0,1; 0,0,3,0
545.7383 	 	RESP   1 L1 ANSWER 3
545.7383 	 	FEEDB  CORRECT 2 of 6
546.7929 	 	CUE
547.3172 	 	STIM   0, 0, 3, 3 RULE L1
547.6609 	 	TGT    0,0,2,2; 0,0,1,3; 0,0,0,1; 0,0,3,0
549.3367 	 	RESP   0 L1 ANSWER -2
549.3367 	 	FEEDB  FAIL 2 of 6
550.3848 	 	CUE
550.9009 	 	STIM   0, 0, 1, 2 RULE L1
551.2510 	 	TGT    0,0,2,2; 0,0,1,3; 0,0,0,1; 0,0,3,0
552.5429 	 	RESP   1 L1 ANSWER 2
552.5429 	 	FEEDB  CORRECT 3 of 6
553.5886 	 	CUE
554.1067 	 	STIM   0, 0, 0, 2 RULE L1
554.4568 	 	TGT    0,0,2,2; 0,0,1,3; 0,0,0,1; 0,0,3,0
555.6052 	 	RESP   1 L1 ANSWER 3
555.6052 	 	FEEDB  CORRECT 4 of 6
556.6442 	 	CUE
557.1685 	 	STIM   0, 0, 0, 3 RULE L1
557.5122 	 	TGT    0,0,2,2; 0,0,1,3; 0,0,0,1; 0,0,3,0
559.5552 	 	RESP   1 L1 ANSWER 3
559.5553 	 	FEEDB  CORRECT 5 of 6
560.6030 	 	CUE
561.1197 	 	STIM   0, 0, 2, 3 RULE L1
561.4697 	 	TGT    0,0,2,2; 0,0,1,3; 0,0,0,1; 0,0,3,0
562.0182 	 	RESP   1 L1 ANSWER 1
562.0182 	 	FEEDB  CORRECT 6 of 6
564.8264 	 	Running set .\configs\sets\noise_of_letters_1-test.json
564.8267 	 	Using deck: 0: 0,0,0,1 | 1: 0,0,3,3 | 2: 0,0,2,0 | 3: 0,0,1,2 
566.7309 	 	CUE
567.2476 	 	STIM   0, 0, 2, 1 RULE L1
567.5973 	 	TGT    0,0,0,1; 0,0,3,3; 0,0,2,0; 0,0,1,2
569.4862 	 	RESP   1 L1 ANSWER 3
569.4863 	 	FEEDB  CORRECT 1 of 7
570.5533 	 	CUE
571.0712 	 	STIM   0, 0, 3, 1 RULE L1
571.4214 	 	TGT    0,0,0,1; 0,0,3,3; 0,0,2,0; 0,0,1,2
572.3252 	 	RESP   1 L1 ANSWER 2
572.3252 	 	FEEDB  CORRECT 2 of 7
574.4108 	 	CUE
574.9282 	 	STIM   0, 0, 1, 0 RULE L1
575.2784 	 	TGT    0,0,0,1; 0,0,3,3; 0,0,2,0; 0,0,1,2
576.6587 	 	RESP   1 L1 ANSWER 4
576.6587 	 	FEEDB  CORRECT 3 of 7
577.6996 	 	CUE
578.2177 	 	STIM   0, 0, 0, 0 RULE L1
578.5674 	 	TGT    0,0,0,1; 0,0,3,3; 0,0,2,0; 0,0,1,2
579.4176 	 	RESP   1 L1 ANSWER 1
579.4176 	 	FEEDB  CORRECT 4 of 7
580.4880 	 	CUE
581.0059 	 	STIM   0, 0, 1, 1 RULE L1
581.3563 	 	TGT    0,0,0,1; 0,0,3,3; 0,0,2,0; 0,0,1,2
582.6957 	 	RESP   1 L1 ANSWER 4
582.6957 	 	FEEDB  CORRECT 5 of 7
583.7647 	 	CUE
584.2786 	 	STIM   0, 0, 1, 1 RULE L1
584.6286 	 	TGT    0,0,0,1; 0,0,3,3; 0,0,2,0; 0,0,1,2
585.3348 	 	RESP   1 L1 ANSWER 4
585.3348 	 	FEEDB  CORRECT 6 of 7
586.3824 	 	CUE
586.9001 	 	STIM   0, 0, 1, 0 RULE L1
587.2504 	 	TGT    0,0,0,1; 0,0,3,3; 0,0,2,0; 0,0,1,2
587.8532 	 	RESP   1 L1 ANSWER 4
587.8532 	 	FEEDB  CORRECT 7 of 7
588.9035 	 	CUE
589.4212 	 	STIM   0, 0, 3, 1 RULE L2
589.7714 	 	TGT    0,0,0,1; 0,0,3,3; 0,0,2,0; 0,0,1,2
590.4760 	 	RESP   0 L2 ANSWER -2
590.4760 	 	FEEDB  FAIL 0 of 6
591.5458 	 	CUE
592.0601 	 	STIM   0, 0, 2, 2 RULE L2
592.4098 	 	TGT    0,0,0,1; 0,0,3,3; 0,0,2,0; 0,0,1,2
594.0822 	 	RESP   1 L2 ANSWER 4
594.0822 	 	FEEDB  CORRECT 1 of 6
595.1343 	 	CUE
595.6493 	 	STIM   0, 0, 1, 1 RULE L2
595.9995 	 	TGT    0,0,0,1; 0,0,3,3; 0,0,2,0; 0,0,1,2
605.6122 	 	RESP   0 L2 ANSWER -3
605.6122 	 	FEEDB  FAIL 1 of 6
606.6574 	 	CUE
607.1722 	 	STIM   0, 0, 1, 0 RULE L2
607.5205 	 	TGT    0,0,0,1; 0,0,3,3; 0,0,2,0; 0,0,1,2
610.1542 	 	RESP   1 L2 ANSWER 3
610.1542 	 	FEEDB  CORRECT 2 of 6
611.2114 	 	CUE
611.7288 	 	STIM   0, 0, 2, 1 RULE L2
612.0791 	 	TGT    0,0,0,1; 0,0,3,3; 0,0,2,0; 0,0,1,2
619.8692 	 	RESP   0 L2 ANSWER -2
619.8692 	 	FEEDB  FAIL 2 of 6
620.9160 	 	CUE
621.4300 	 	STIM   0, 0, 1, 0 RULE L2
621.7800 	 	TGT    0,0,0,1; 0,0,3,3; 0,0,2,0; 0,0,1,2
624.2752 	 	RESP   1 L2 ANSWER 3
624.2752 	 	FEEDB  CORRECT 3 of 6
625.3251 	 	CUE
625.8395 	 	STIM   0, 0, 3, 0 RULE L2
626.1883 	 	TGT    0,0,0,1; 0,0,3,3; 0,0,2,0; 0,0,1,2
631.0156 	 	RESP   0 L2 ANSWER -4
631.0156 	 	FEEDB  FAIL 3 of 6
632.0826 	 	CUE
632.6001 	 	STIM   0, 0, 3, 1 RULE L2
632.9506 	 	TGT    0,0,0,1; 0,0,3,3; 0,0,2,0; 0,0,1,2
635.4533 	 	RESP   0 L2 ANSWER -3
635.4533 	 	FEEDB  FAIL 3 of 6
636.5406 	 	CUE
637.0584 	 	STIM   0, 0, 1, 3 RULE L2
637.4088 	 	TGT    0,0,0,1; 0,0,3,3; 0,0,2,0; 0,0,1,2
643.0977 	 	RESP   0 L2 ANSWER -1
643.0977 	 	FEEDB  FAIL 3 of 6
644.1559 	 	CUE
644.6724 	 	STIM   0, 0, 0, 3 RULE L2
645.0227 	 	TGT    0,0,0,1; 0,0,3,3; 0,0,2,0; 0,0,1,2
646.0723 	 	RESP   0 L2 ANSWER -1
646.0723 	 	FEEDB  FAIL 3 of 6
647.1270 	 	CUE
647.6443 	 	STIM   0, 0, 1, 3 RULE L2
647.9948 	 	TGT    0,0,0,1; 0,0,3,3; 0,0,2,0; 0,0,1,2
650.8538 	 	RESP   1 L2 ANSWER 2
650.8538 	 	FEEDB  CORRECT 4 of 6
651.9055 	 	CUE
652.4199 	 	STIM   0, 0, 0, 3 RULE L2
652.7701 	 	TGT    0,0,0,1; 0,0,3,3; 0,0,2,0; 0,0,1,2
655.0118 	 	RESP   0 L2 ANSWER -3
655.0118 	 	FEEDB  FAIL 4 of 6
656.0599 	 	CUE
656.5773 	 	STIM   0, 0, 2, 3 RULE L2
656.9278 	 	TGT    0,0,0,1; 0,0,3,3; 0,0,2,0; 0,0,1,2
661.4723 	 	RESP   0 L2 ANSWER -1
661.4723 	 	FEEDB  FAIL 4 of 6
662.5384 	 	CUE
663.0563 	 	STIM   0, 0, 0, 0 RULE L2
663.4063 	 	TGT    0,0,0,1; 0,0,3,3; 0,0,2,0; 0,0,1,2
664.8867 	 	RESP   0 L2 ANSWER -1
664.8867 	 	FEEDB  FAIL 4 of 6
665.9279 	 	CUE
666.4456 	 	STIM   0, 0, 3, 0 RULE L2
666.7958 	 	TGT    0,0,0,1; 0,0,3,3; 0,0,2,0; 0,0,1,2
667.6852 	 	RESP   0 L2 ANSWER -2
667.6852 	 	FEEDB  FAIL 4 of 6
668.7330 	 	CUE
669.2509 	 	STIM   0, 0, 0, 0 RULE L2
669.6009 	 	TGT    0,0,0,1; 0,0,3,3; 0,0,2,0; 0,0,1,2
672.6186 	 	RESP   0 L2 ANSWER -2
672.6186 	 	FEEDB  FAIL 4 of 6
673.6624 	 	CUE
674.1772 	 	STIM   0, 0, 1, 0 RULE L2
674.5265 	 	TGT    0,0,0,1; 0,0,3,3; 0,0,2,0; 0,0,1,2
674.9937 	 	RESP   0 L2 ANSWER -4
674.9937 	 	FEEDB  FAIL 4 of 6
676.0633 	 	CUE
676.5805 	 	STIM   0, 0, 3, 2 RULE L2
676.9312 	 	TGT    0,0,0,1; 0,0,3,3; 0,0,2,0; 0,0,1,2
680.0472 	 	RESP   0 L2 ANSWER -2
680.0472 	 	FEEDB  FAIL 4 of 6
681.1090 	 	CUE
681.6234 	 	STIM   0, 0, 0, 2 RULE L2
681.9737 	 	TGT    0,0,0,1; 0,0,3,3; 0,0,2,0; 0,0,1,2
683.6693 	 	RESP   0 L2 ANSWER -3
683.6693 	 	FEEDB  FAIL 4 of 6
684.7189 	 	CUE
685.2339 	 	STIM   0, 0, 3, 1 RULE L2
685.5801 	 	TGT    0,0,0,1; 0,0,3,3; 0,0,2,0; 0,0,1,2
692.6004 	 	RESP   0 L2 ANSWER -4
692.6004 	 	FEEDB  FAIL 4 of 6
693.6519 	 	CUE
694.1668 	 	STIM   0, 0, 2, 3 RULE L2
694.5131 	 	TGT    0,0,0,1; 0,0,3,3; 0,0,2,0; 0,0,1,2
766.5238 	 	RESP   1 L2 ANSWER 2
766.5238 	 	FEEDB  CORRECT 5 of 6
767.5705 	 	CUE
768.0855 	 	STIM   0, 0, 3, 1 RULE L2
768.4318 	 	TGT    0,0,0,1; 0,0,3,3; 0,0,2,0; 0,0,1,2
769.2747 	 	RESP   0 L2 ANSWER -2
769.2747 	 	FEEDB  FAIL 5 of 6
770.3192 	 	CUE
770.8367 	 	STIM   0, 0, 2, 2 RULE L2
771.1873 	 	TGT    0,0,0,1; 0,0,3,3; 0,0,2,0; 0,0,1,2
776.1432 	 	RESP   0 L2 ANSWER -1
776.1433 	 	FEEDB  FAIL 5 of 6
777.2152 	 	CUE
777.7326 	 	STIM   0, 0, 2, 2 RULE L2
778.0831 	 	TGT    0,0,0,1; 0,0,3,3; 0,0,2,0; 0,0,1,2
780.3889 	 	RESP   1 L2 ANSWER 4
780.3889 	 	FEEDB  CORRECT 6 of 6
781.4560 	 	CUE
781.9738 	 	STIM   0, 0, 2, 2 RULE L1
782.3242 	 	TGT    0,0,0,1; 0,0,3,3; 0,0,2,0; 0,0,1,2
786.3301 	 	RESP   0 L1 ANSWER -2
786.3301 	 	FEEDB  FAIL 0 of 6
787.4001 	 	CUE
787.9181 	 	STIM   0, 0, 3, 0 RULE L1
788.2686 	 	TGT    0,0,0,1; 0,0,3,3; 0,0,2,0; 0,0,1,2
795.8452 	 	RESP   0 L1 ANSWER -4
795.8452 	 	FEEDB  FAIL 0 of 6
796.8893 	 	CUE
797.4035 	 	STIM   0, 0, 3, 2 RULE L1
797.7523 	 	TGT    0,0,0,1; 0,0,3,3; 0,0,2,0; 0,0,1,2
801.6904 	 	RESP   1 L1 ANSWER 2
801.6904 	 	FEEDB  CORRECT 1 of 6
802.7618 	 	CUE
803.2797 	 	STIM   0, 0, 1, 1 RULE L1
803.6297 	 	TGT    0,0,0,1; 0,0,3,3; 0,0,2,0; 0,0,1,2
805.8723 	 	RESP   0 L1 ANSWER -2
805.8723 	 	FEEDB  FAIL 1 of 6
806.9209 	 	CUE
807.4371 	 	STIM   0, 0, 2, 2 RULE L1
807.7873 	 	TGT    0,0,0,1; 0,0,3,3; 0,0,2,0; 0,0,1,2
809.4863 	 	RESP   1 L1 ANSWER 3
809.4863 	 	FEEDB  CORRECT 2 of 6
810.5302 	 	CUE
811.0477 	 	STIM   0, 0, 1, 3 RULE L1
811.3938 	 	TGT    0,0,0,1; 0,0,3,3; 0,0,2,0; 0,0,1,2
812.0372 	 	RESP   1 L1 ANSWER 4
812.0373 	 	FEEDB  CORRECT 3 of 6
813.0809 	 	CUE
813.5982 	 	STIM   0, 0, 2, 3 RULE L1
813.9488 	 	TGT    0,0,0,1; 0,0,3,3; 0,0,2,0; 0,0,1,2
815.1717 	 	RESP   1 L1 ANSWER 3
815.1717 	 	FEEDB  CORRECT 4 of 6
816.2215 	 	CUE
816.7376 	 	STIM   0, 0, 2, 2 RULE L1
817.0879 	 	TGT    0,0,0,1; 0,0,3,3; 0,0,2,0; 0,0,1,2
818.1782 	 	RESP   1 L1 ANSWER 3
818.1782 	 	FEEDB  CORRECT 5 of 6
819.2255 	 	CUE
819.7429 	 	STIM   0, 0, 3, 1 RULE L1
820.0934 	 	TGT    0,0,0,1; 0,0,3,3; 0,0,2,0; 0,0,1,2
820.8328 	 	RESP   1 L1 ANSWER 2
820.8328 	 	FEEDB  CORRECT 6 of 6
821.8802 	 	CUE
822.3976 	 	STIM   0, 0, 3, 0 RULE L2
822.7481 	 	TGT    0,0,0,1; 0,0,3,3; 0,0,2,0; 0,0,1,2
823.4791 	 	RESP   0 L2 ANSWER -2
823.4791 	 	FEEDB  FAIL 0 of 7
824.5351 	 	CUE
825.0530 	 	STIM   0, 0, 0, 0 RULE L2
825.4028 	 	TGT    0,0,0,1; 0,0,3,3; 0,0,2,0; 0,0,1,2
825.9503 	 	RESP   0 L2 ANSWER -1
825.9504 	 	FEEDB  FAIL 0 of 7
826.9896 	 	CUE
827.5070 	 	STIM   0, 0, 3, 2 RULE L2
827.8575 	 	TGT    0,0,0,1; 0,0,3,3; 0,0,2,0; 0,0,1,2
828.6928 	 	RESP   0 L2 ANSWER -2
828.6928 	 	FEEDB  FAIL 0 of 7
829.7612 	 	CUE
830.2790 	 	STIM   0, 0, 1, 3 RULE L2
830.6291 	 	TGT    0,0,0,1; 0,0,3,3; 0,0,2,0; 0,0,1,2
831.2598 	 	RESP   0 L2 ANSWER -4
831.2598 	 	FEEDB  FAIL 0 of 7
832.3040 	 	CUE
832.8185 	 	STIM   0, 0, 0, 3 RULE L2
833.1674 	 	TGT    0,0,0,1; 0,0,3,3; 0,0,2,0; 0,0,1,2
835.4093 	 	RESP   0 L2 ANSWER -4
835.4093 	 	FEEDB  FAIL 0 of 7
836.4581 	 	CUE
836.9748 	 	STIM   0, 0, 2, 1 RULE L2
837.3247 	 	TGT    0,0,0,1; 0,0,3,3; 0,0,2,0; 0,0,1,2
840.4227 	 	RESP   0 L2 ANSWER -2
840.4227 	 	FEEDB  FAIL 0 of 7
841.4674 	 	CUE
841.9839 	 	STIM   0, 0, 2, 2 RULE L2
842.3339 	 	TGT    0,0,0,1; 0,0,3,3; 0,0,2,0; 0,0,1,2
845.5722 	 	RESP   0 L2 ANSWER -2
845.5722 	 	FEEDB  FAIL 0 of 7
846.6421 	 	CUE
847.1599 	 	STIM   0, 0, 3, 0 RULE L2
847.5099 	 	TGT    0,0,0,1; 0,0,3,3; 0,0,2,0; 0,0,1,2
848.4110 	 	RESP   0 L2 ANSWER -2
848.4110 	 	FEEDB  FAIL 0 of 7
849.4808 	 	CUE
849.9987 	 	STIM   0, 0, 2, 1 RULE L2
850.3485 	 	TGT    0,0,0,1; 0,0,3,3; 0,0,2,0; 0,0,1,2
852.1533 	 	RESP   0 L2 ANSWER -3
852.1533 	 	FEEDB  FAIL 0 of 7
853.2092 	 	CUE
853.7235 	 	STIM   0, 0, 3, 2 RULE L2
854.0723 	 	TGT    0,0,0,1; 0,0,3,3; 0,0,2,0; 0,0,1,2
857.1028 	 	RESP   1 L2 ANSWER 4
857.1028 	 	FEEDB  CORRECT 1 of 7
858.1482 	 	CUE
858.6655 	 	STIM   0, 0, 0, 2 RULE L2
859.0146 	 	TGT    0,0,0,1; 0,0,3,3; 0,0,2,0; 0,0,1,2
861.9401 	 	RESP   0 L2 ANSWER -2
861.9401 	 	FEEDB  FAIL 1 of 7
862.9930 	 	CUE
863.5070 	 	STIM   0, 0, 1, 1 RULE L2
863.8567 	 	TGT    0,0,0,1; 0,0,3,3; 0,0,2,0; 0,0,1,2
1006.1885 	 	RESP   0 L2 ANSWER -3
1006.1886 	 	FEEDB  FAIL 1 of 7
1007.2376 	 	CUE
1007.7541 	 	STIM   0, 0, 0, 2 RULE L2
1008.1043 	 	TGT    0,0,0,1; 0,0,3,3; 0,0,2,0; 0,0,1,2
1010.8577 	 	RESP   0 L2 ANSWER -2
1010.8577 	 	FEEDB  FAIL 1 of 7
1011.9282 	 	CUE
1012.4456 	 	STIM   0, 0, 1, 1 RULE L2
1012.7961 	 	TGT    0,0,0,1; 0,0,3,3; 0,0,2,0; 0,0,1,2
1014.7678 	 	RESP   0 L2 ANSWER -4
1014.7678 	 	FEEDB  FAIL 1 of 7
1015.8186 	 	CUE
1016.3361 	 	STIM   0, 0, 1, 1 RULE L2
1016.6865 	 	TGT    0,0,0,1; 0,0,3,3; 0,0,2,0; 0,0,1,2
1019.0379 	 	RESP   0 L2 ANSWER -3
1019.0379 	 	FEEDB  FAIL 1 of 7
1020.1100 	 	CUE
1020.6274 	 	STIM   0, 0, 2, 2 RULE L2
1020.9778 	 	TGT    0,0,0,1; 0,0,3,3; 0,0,2,0; 0,0,1,2
1023.9712 	 	RESP   1 L2 ANSWER 4
1023.9712 	 	FEEDB  CORRECT 2 of 7
1025.0191 	 	CUE
1025.5363 	 	STIM   0, 0, 0, 2 RULE L2
1025.8867 	 	TGT    0,0,0,1; 0,0,3,3; 0,0,2,0; 0,0,1,2
1027.4493 	 	RESP   0 L2 ANSWER -2
1027.4493 	 	FEEDB  FAIL 2 of 7
1028.4954 	 	CUE
1029.0102 	 	STIM   0, 0, 1, 1 RULE L2
1029.3595 	 	TGT    0,0,0,1; 0,0,3,3; 0,0,2,0; 0,0,1,2
1030.3360 	 	RESP   0 L2 ANSWER -4
1030.3361 	 	FEEDB  FAIL 2 of 7
1031.3802 	 	CUE
1031.8981 	 	STIM   0, 0, 3, 1 RULE L2
1032.2483 	 	TGT    0,0,0,1; 0,0,3,3; 0,0,2,0; 0,0,1,2
1034.6778 	 	RESP   0 L2 ANSWER -3
1034.6778 	 	FEEDB  FAIL 2 of 7
1035.7254 	 	CUE
1036.2400 	 	STIM   0, 0, 1, 1 RULE L2
1036.5895 	 	TGT    0,0,0,1; 0,0,3,3; 0,0,2,0; 0,0,1,2
1043.2653 	 	RESP   0 L2 ANSWER -2
1043.2653 	 	FEEDB  FAIL 2 of 7
1044.3373 	 	CUE
1044.8552 	 	STIM   0, 0, 3, 2 RULE L2
1045.2054 	 	TGT    0,0,0,1; 0,0,3,3; 0,0,2,0; 0,0,1,2
1054.9559 	 	RESP   0 L2 ANSWER -3
1054.9559 	 	FEEDB  FAIL 2 of 7
1056.0257 	 	CUE
1056.5430 	 	STIM   0, 0, 0, 0 RULE L2
1056.8936 	 	TGT    0,0,0,1; 0,0,3,3; 0,0,2,0; 0,0,1,2
1061.3683 	 	RESP   1 L2 ANSWER 3
1061.3683 	 	FEEDB  CORRECT 3 of 7
1062.4372 	 	CUE
1062.9550 	 	STIM   0, 0, 3, 1 RULE L2
1063.3050 	 	TGT    0,0,0,1; 0,0,3,3; 0,0,2,0; 0,0,1,2
1067.0937 	 	RESP   0 L2 ANSWER -3
1067.0937 	 	FEEDB  FAIL 3 of 7
1068.1646 	 	CUE
1068.6820 	 	STIM   0, 0, 0, 0 RULE L2
1069.0325 	 	TGT    0,0,0,1; 0,0,3,3; 0,0,2,0; 0,0,1,2
1071.5233 	 	RESP   1 L2 ANSWER 3
1071.5233 	 	FEEDB  CORRECT 4 of 7
1072.5738 	 	CUE
1073.0905 	 	STIM   0, 0, 1, 3 RULE L2
1073.4402 	 	TGT    0,0,0,1; 0,0,3,3; 0,0,2,0; 0,0,1,2
1084.1412 	 	RESP   0 L2 ANSWER -3
1084.1412 	 	FEEDB  FAIL 4 of 7
1085.2123 	 	CUE
1085.7299 	 	STIM   0, 0, 0, 2 RULE L2
1086.0804 	 	TGT    0,0,0,1; 0,0,3,3; 0,0,2,0; 0,0,1,2
1089.5944 	 	RESP   0 L2 ANSWER -2
1089.5944 	 	FEEDB  FAIL 4 of 7
1090.6403 	 	CUE
1091.1569 	 	STIM   0, 0, 0, 3 RULE L2
1091.5067 	 	TGT    0,0,0,1; 0,0,3,3; 0,0,2,0; 0,0,1,2
1092.9768 	 	RESP   1 L2 ANSWER 2
1092.9768 	 	FEEDB  CORRECT 5 of 7
1094.0286 	 	CUE
1094.5462 	 	STIM   0, 0, 1, 1 RULE L2
1094.8965 	 	TGT    0,0,0,1; 0,0,3,3; 0,0,2,0; 0,0,1,2
1102.4117 	 	RESP   0 L2 ANSWER -2
1102.4118 	 	FEEDB  FAIL 5 of 7
1103.4789 	 	CUE
1103.9970 	 	STIM   0, 0, 0, 0 RULE L2
1104.3468 	 	TGT    0,0,0,1; 0,0,3,3; 0,0,2,0; 0,0,1,2
1107.5610 	 	RESP   1 L2 ANSWER 3
1107.5610 	 	FEEDB  CORRECT 6 of 7
1108.6089 	 	CUE
1109.1237 	 	STIM   0, 0, 1, 1 RULE L2
1109.4729 	 	TGT    0,0,0,1; 0,0,3,3; 0,0,2,0; 0,0,1,2
1124.9368 	 	RESP   0 L2 ANSWER -2
1124.9368 	 	FEEDB  FAIL 6 of 7
1125.9909 	 	CUE
1126.5046 	 	STIM   0, 0, 1, 0 RULE L2
1126.8550 	 	TGT    0,0,0,1; 0,0,3,3; 0,0,2,0; 0,0,1,2
1131.5893 	 	RESP   0 L2 ANSWER -4
1131.5893 	 	FEEDB  FAIL 6 of 7
1132.6362 	 	CUE
1133.1508 	 	STIM   0, 0, 1, 3 RULE L2
1133.5002 	 	TGT    0,0,0,1; 0,0,3,3; 0,0,2,0; 0,0,1,2
1150.9318 	 	RESP   1 L2 ANSWER 2
1150.9319 	 	FEEDB  CORRECT 7 of 7
1152.0014 	 	CUE
1152.5187 	 	STIM   0, 0, 0, 3 RULE L1
1152.8693 	 	TGT    0,0,0,1; 0,0,3,3; 0,0,2,0; 0,0,1,2
1161.5904 	 	RESP   0 L1 ANSWER -2
1161.5904 	 	FEEDB  FAIL 0 of 5
1162.6387 	 	CUE
1163.1552 	 	STIM   0, 0, 2, 3 RULE L1
1163.5052 	 	TGT    0,0,0,1; 0,0,3,3; 0,0,2,0; 0,0,1,2
1171.9615 	 	RESP   0 L1 ANSWER -1
1171.9616 	 	FEEDB  FAIL 0 of 5
1173.0079 	 	CUE
1173.5241 	 	STIM   0, 0, 0, 2 RULE L1
1173.8744 	 	TGT    0,0,0,1; 0,0,3,3; 0,0,2,0; 0,0,1,2
1186.4577 	 	RESP   0 L1 ANSWER -4
1186.4577 	 	FEEDB  FAIL 0 of 5
1187.4997 	 	CUE
1188.0175 	 	STIM   0, 0, 0, 2 RULE L1
1188.3674 	 	TGT    0,0,0,1; 0,0,3,3; 0,0,2,0; 0,0,1,2
1196.2048 	 	RESP   0 L1 ANSWER -2
1196.2048 	 	FEEDB  FAIL 0 of 5
1197.2553 	 	CUE
1197.7747 	 	STIM   0, 0, 0, 3 RULE L1
1198.1187 	 	TGT    0,0,0,1; 0,0,3,3; 0,0,2,0; 0,0,1,2
1217.8264 	 	RESP   1 L1 ANSWER 1
1217.8264 	 	FEEDB  CORRECT 1 of 5
1218.8787 	 	CUE
1219.3928 	 	STIM   0, 0, 3, 2 RULE L1
1219.7416 	 	TGT    0,0,0,1; 0,0,3,3; 0,0,2,0; 0,0,1,2
1221.3764 	 	RESP   1 L1 ANSWER 2
1221.3764 	 	FEEDB  CORRECT 2 of 5
1222.4314 	 	CUE
1222.9481 	 	STIM   0, 0, 0, 2 RULE L1
1223.2979 	 	TGT    0,0,0,1; 0,0,3,3; 0,0,2,0; 0,0,1,2
1223.9433 	 	RESP   1 L1 ANSWER 1
1223.9433 	 	FEEDB  CORRECT 3 of 5
1224.9850 	 	CUE
1225.5023 	 	STIM   0, 0, 2, 3 RULE L1
1225.8529 	 	TGT    0,0,0,1; 0,0,3,3; 0,0,2,0; 0,0,1,2
1227.0297 	 	RESP   1 L1 ANSWER 3
1227.0297 	 	FEEDB  CORRECT 4 of 5
1228.0754 	 	CUE
1228.5917 	 	STIM   0, 0, 0, 2 RULE L1
1228.9419 	 	TGT    0,0,0,1; 0,0,3,3; 0,0,2,0; 0,0,1,2
1229.4443 	 	RESP   1 L1 ANSWER 1
1229.4443 	 	FEEDB  CORRECT 5 of 5
1230.4948 	 	CUE
1231.0127 	 	STIM   0, 0, 3, 0 RULE L2
1231.3627 	 	TGT    0,0,0,1; 0,0,3,3; 0,0,2,0; 0,0,1,2
1231.8512 	 	RESP   0 L2 ANSWER -2
1231.8512 	 	FEEDB  FAIL 0 of 5
1232.8994 	 	CUE
1233.4168 	 	STIM   0, 0, 1, 0 RULE L2
1233.7673 	 	TGT    0,0,0,1; 0,0,3,3; 0,0,2,0; 0,0,1,2
1234.5458 	 	RESP   0 L2 ANSWER -4
1234.5459 	 	FEEDB  FAIL 0 of 5
1235.5914 	 	CUE
1236.1059 	 	STIM   0, 0, 1, 0 RULE L2
1236.4554 	 	TGT    0,0,0,1; 0,0,3,3; 0,0,2,0; 0,0,1,2
1239.8073 	 	RESP   1 L2 ANSWER 3
1239.8073 	 	FEEDB  CORRECT 1 of 5
1240.8487 	 	CUE
1241.3649 	 	STIM   0, 0, 2, 1 RULE L2
1241.7152 	 	TGT    0,0,0,1; 0,0,3,3; 0,0,2,0; 0,0,1,2
1244.9328 	 	RESP   1 L2 ANSWER 1
1244.9329 	 	FEEDB  CORRECT 2 of 5
1245.9781 	 	CUE
1246.4925 	 	STIM   0, 0, 0, 3 RULE L2
1246.8413 	 	TGT    0,0,0,1; 0,0,3,3; 0,0,2,0; 0,0,1,2
1251.8972 	 	RESP   0 L2 ANSWER -3
1251.8972 	 	FEEDB  FAIL 2 of 5
1252.9528 	 	CUE
1253.4702 	 	STIM   0, 0, 0, 2 RULE L2
1253.8207 	 	TGT    0,0,0,1; 0,0,3,3; 0,0,2,0; 0,0,1,2
1287.3432 	 	RESP   1 L2 ANSWER 4
1287.3432 	 	FEEDB  CORRECT 3 of 5
1288.3855 	 	CUE
1288.9021 	 	STIM   0, 0, 3, 1 RULE L2
1289.2520 	 	TGT    0,0,0,1; 0,0,3,3; 0,0,2,0; 0,0,1,2
1295.2912 	 	RESP   0 L2 ANSWER -3
1295.2912 	 	FEEDB  FAIL 3 of 5
1296.3323 	 	CUE
1296.8502 	 	STIM   0, 0, 0, 0 RULE L2
1297.1998 	 	TGT    0,0,0,1; 0,0,3,3; 0,0,2,0; 0,0,1,2
1303.2793 	 	RESP   0 L2 ANSWER -2
1303.2794 	 	FEEDB  FAIL 3 of 5
1304.3327 	 	CUE
1304.8480 	 	STIM   0, 0, 1, 0 RULE L2
1305.1978 	 	TGT    0,0,0,1; 0,0,3,3; 0,0,2,0; 0,0,1,2
1305.7823 	 	RESP   0 L2 ANSWER -4
1305.7823 	 	FEEDB  FAIL 3 of 5
1306.8350 	 	CUE
1307.3522 	 	STIM   0, 0, 3, 1 RULE L2
1307.7026 	 	TGT    0,0,0,1; 0,0,3,3; 0,0,2,0; 0,0,1,2
1309.3326 	 	RESP   0 L2 ANSWER -3
1309.3326 	 	FEEDB  FAIL 3 of 5
1310.3772 	 	CUE
1310.8925 	 	STIM   0, 0, 1, 3 RULE L2
1311.2422 	 	TGT    0,0,0,1; 0,0,3,3; 0,0,2,0; 0,0,1,2
1313.1782 	 	RESP   0 L2 ANSWER -4
1313.1782 	 	FEEDB  FAIL 3 of 5
1314.2328 	 	CUE
1314.7494 	 	STIM   0, 0, 2, 1 RULE L2
1315.0994 	 	TGT    0,0,0,1; 0,0,3,3; 0,0,2,0; 0,0,1,2
1318.4238 	 	RESP   1 L2 ANSWER 1
1318.4238 	 	FEEDB  CORRECT 4 of 5
1319.4910 	 	CUE
1320.0089 	 	STIM   0, 0, 2, 3 RULE L2
1320.3589 	 	TGT    0,0,0,1; 0,0,3,3; 0,0,2,0; 0,0,1,2
1325.1324 	 	RESP   0 L2 ANSWER -4
1325.1324 	 	FEEDB  FAIL 4 of 5
1326.2032 	 	CUE
1326.7212 	 	STIM   0, 0, 0, 2 RULE L2
1327.0714 	 	TGT    0,0,0,1; 0,0,3,3; 0,0,2,0; 0,0,1,2
1330.8978 	 	RESP   0 L2 ANSWER -2
1330.8979 	 	FEEDB  FAIL 4 of 5
1331.9513 	 	CUE
1332.4655 	 	STIM   0, 0, 3, 0 RULE L2
1332.8153 	 	TGT    0,0,0,1; 0,0,3,3; 0,0,2,0; 0,0,1,2
1333.7042 	 	RESP   0 L2 ANSWER -2
1333.7042 	 	FEEDB  FAIL 4 of 5
1334.7524 	 	CUE
1335.2699 	 	STIM   0, 0, 0, 2 RULE L2
1335.6203 	 	TGT    0,0,0,1; 0,0,3,3; 0,0,2,0; 0,0,1,2
1339.4292 	 	RESP   1 L2 ANSWER 4
1339.4293 	 	FEEDB  CORRECT 5 of 5
1340.4716 	 	Running set .\configs\sets\noise_of_shapes_2-test.json
1340.4718 	 	Using deck: 0: 0,0,3,1 | 1: 0,0,0,0 | 2: 0,0,2,2 | 3: 0,0,1,3 
1343.4518 	 	CUE
1343.9697 	 	STIM   0, 0, 1, 0 RULE L2
1344.3195 	 	TGT    0,0,3,1; 0,0,0,0; 0,0,2,2; 0,0,1,3
1345.9703 	 	RESP   1 L2 ANSWER 2
1345.9703 	 	FEEDB  CORRECT 1 of 7
1347.0481 	 	CUE
1347.5619 	 	STIM   0, 0, 1, 2 RULE L2
1347.9097 	 	TGT    0,0,3,1; 0,0,0,0; 0,0,2,2; 0,0,1,3
1348.9849 	 	RESP   1 L2 ANSWER 3
1348.9849 	 	FEEDB  CORRECT 2 of 7
1350.0471 	 	CUE
1350.5710 	 	STIM   0, 0, 2, 3 RULE L2
1350.9152 	 	TGT    0,0,3,1; 0,0,0,0; 0,0,2,2; 0,0,1,3
1351.6873 	 	RESP   1 L2 ANSWER 4
1351.6873 	 	FEEDB  CORRECT 3 of 7
1352.7521 	 	CUE
1353.2696 	 	STIM   0, 0, 0, 2 RULE L2
1353.6200 	 	TGT    0,0,3,1; 0,0,0,0; 0,0,2,2; 0,0,1,3
1354.8378 	 	RESP   1 L2 ANSWER 3
1354.8378 	 	FEEDB  CORRECT 4 of 7
1355.9246 	 	CUE
1356.4420 	 	STIM   0, 0, 2, 0 RULE L2
1356.7925 	 	TGT    0,0,3,1; 0,0,0,0; 0,0,2,2; 0,0,1,3
1357.7724 	 	RESP   1 L2 ANSWER 2
1357.7724 	 	FEEDB  CORRECT 5 of 7
1358.8172 	 	CUE
1359.3313 	 	STIM   0, 0, 0, 3 RULE L2
1359.6811 	 	TGT    0,0,3,1; 0,0,0,0; 0,0,2,2; 0,0,1,3
1360.2987 	 	RESP   1 L2 ANSWER 4
1360.2988 	 	FEEDB  CORRECT 6 of 7
1361.3677 	 	CUE
1361.8855 	 	STIM   0, 0, 1, 1 RULE L2
1362.2355 	 	TGT    0,0,3,1; 0,0,0,0; 0,0,2,2; 0,0,1,3
1364.0410 	 	RESP   1 L2 ANSWER 1
1364.0410 	 	FEEDB  CORRECT 7 of 7
1365.0926 	 	CUE
1365.6092 	 	STIM   0, 0, 1, 2 RULE L1
1365.9594 	 	TGT    0,0,3,1; 0,0,0,0; 0,0,2,2; 0,0,1,3
1366.9758 	 	RESP   0 L1 ANSWER -3
1366.9758 	 	FEEDB  FAIL 0 of 5
1368.0300 	 	CUE
1368.5476 	 	STIM   0, 0, 0, 3 RULE L1
1368.8981 	 	TGT    0,0,3,1; 0,0,0,0; 0,0,2,2; 0,0,1,3
1370.3497 	 	RESP   1 L1 ANSWER 2
1370.3497 	 	FEEDB  CORRECT 1 of 5
1372.4759 	 	CUE
1372.9900 	 	STIM   0, 0, 3, 3 RULE L1
1373.3393 	 	TGT    0,0,3,1; 0,0,0,0; 0,0,2,2; 0,0,1,3
1375.2753 	 	RESP   0 L1 ANSWER -4
1375.2753 	 	FEEDB  FAIL 1 of 5
1376.3298 	 	CUE
1376.8465 	 	STIM   0, 0, 3, 2 RULE L1
1377.1962 	 	TGT    0,0,3,1; 0,0,0,0; 0,0,2,2; 0,0,1,3
1377.6746 	 	RESP   1 L1 ANSWER 1
1377.6746 	 	FEEDB  CORRECT 2 of 5
1378.7162 	 	CUE
1379.2337 	 	STIM   0, 0, 1, 0 RULE L1
1379.5842 	 	TGT    0,0,3,1; 0,0,0,0; 0,0,2,2; 0,0,1,3
1380.6087 	 	RESP   1 L1 ANSWER 4
1380.6088 	 	FEEDB  CORRECT 3 of 5
1381.6589 	 	CUE
1382.1731 	 	STIM   0, 0, 0, 3 RULE L1
1382.5229 	 	TGT    0,0,3,1; 0,0,0,0; 0,0,2,2; 0,0,1,3
1383.3512 	 	RESP   1 L1 ANSWER 2
1383.3512 	 	FEEDB  CORRECT 4 of 5
1384.3932 	 	CUE
1384.9112 	 	STIM   0, 0, 0, 3 RULE L1
1385.2610 	 	TGT    0,0,3,1; 0,0,0,0; 0,0,2,2; 0,0,1,3
1385.9104 	 	RESP   1 L1 ANSWER 2
1385.9104 	 	FEEDB  CORRECT 5 of 5
1386.9982 	 	CUE
1387.5156 	 	STIM   0, 0, 2, 1 RULE L2
1387.8661 	 	TGT    0,0,3,1; 0,0,0,0; 0,0,2,2; 0,0,1,3
1389.7961 	 	RESP   0 L2 ANSWER -3
1389.7962 	 	FEEDB  FAIL 0 of 6
1390.8400 	 	CUE
1391.3573 	 	STIM   0, 0, 0, 2 RULE L2
1391.7064 	 	TGT    0,0,3,1; 0,0,0,0; 0,0,2,2; 0,0,1,3
1392.2591 	 	RESP   0 L2 ANSWER -2
1392.2591 	 	FEEDB  FAIL 0 of 6
1393.3095 	 	CUE
1393.8273 	 	STIM   0, 0, 0, 3 RULE L2
1394.1774 	 	TGT    0,0,3,1; 0,0,0,0; 0,0,2,2; 0,0,1,3
1395.6813 	 	RESP   1 L2 ANSWER 4
1395.6813 	 	FEEDB  CORRECT 1 of 6
1396.7660 	 	CUE
1397.2834 	 	STIM   0, 0, 3, 0 RULE L2
1397.6340 	 	TGT    0,0,3,1; 0,0,0,0; 0,0,2,2; 0,0,1,3
1399.1753 	 	RESP   0 L2 ANSWER -1
1399.1753 	 	FEEDB  FAIL 1 of 6
1400.2260 	 	CUE
1400.7407 	 	STIM   0, 0, 0, 3 RULE L2
1401.0900 	 	TGT    0,0,3,1; 0,0,0,0; 0,0,2,2; 0,0,1,3
1401.9982 	 	RESP   1 L2 ANSWER 4
1401.9982 	 	FEEDB  CORRECT 2 of 6
1403.0440 	 	CUE
1403.5617 	 	STIM   0, 0, 3, 0 RULE L2
1403.9122 	 	TGT    0,0,3,1; 0,0,0,0; 0,0,2,2; 0,0,1,3
1405.8842 	 	RESP   1 L2 ANSWER 2
1405.8842 	 	FEEDB  CORRECT 3 of 6
1406.9361 	 	CUE
1407.4523 	 	STIM   0, 0, 0, 2 RULE L2
1407.8026 	 	TGT    0,0,3,1; 0,0,0,0; 0,0,2,2; 0,0,1,3
1408.4749 	 	RESP   1 L2 ANSWER 3
1408.4749 	 	FEEDB  CORRECT 4 of 6
1409.5226 	 	CUE
1410.0402 	 	STIM   0, 0, 2, 0 RULE L2
1410.3904 	 	TGT    0,0,3,1; 0,0,0,0; 0,0,2,2; 0,0,1,3
1411.9614 	 	RESP   1 L2 ANSWER 2
1411.9614 	 	FEEDB  CORRECT 5 of 6
1413.0290 	 	CUE
1413.5467 	 	STIM   0, 0, 2, 3 RULE L2
1413.8971 	 	TGT    0,0,3,1; 0,0,0,0; 0,0,2,2; 0,0,1,3
1414.5919 	 	RESP   1 L2 ANSWER 4
1414.5919 	 	FEEDB  CORRECT 6 of 6
1415.6353 	 	CUE
1416.1515 	 	STIM   0, 0, 3, 0 RULE L1
1416.5018 	 	TGT    0,0,3,1; 0,0,0,0; 0,0,2,2; 0,0,1,3
1417.6944 	 	RESP   0 L1 ANSWER -2
1417.6944 	 	FEEDB  FAIL 0 of 7
1418.7396 	 	CUE
1419.2571 	 	STIM   0, 0, 2, 1 RULE L1
1419.6075 	 	TGT    0,0,3,1; 0,0,0,0; 0,0,2,2; 0,0,1,3
1420.6447 	 	RESP   1 L1 ANSWER 3
1420.6448 	 	FEEDB  CORRECT 1 of 7
1421.6949 	 	CUE
1422.2123 	 	STIM   0, 0, 0, 3 RULE L1
1422.5629 	 	TGT    0,0,3,1; 0,0,0,0; 0,0,2,2; 0,0,1,3
1424.7628 	 	RESP   0 L1 ANSWER -4
1424.7628 	 	FEEDB  FAIL 1 of 7
1425.8040 	 	CUE
1426.3202 	 	STIM   0, 0, 2, 3 RULE L1
1426.6704 	 	TGT    0,0,3,1; 0,0,0,0; 0,0,2,2; 0,0,1,3
1428.6967 	 	RESP   1 L1 ANSWER 3
1428.6967 	 	FEEDB  CORRECT 2 of 7
1429.7444 	 	CUE
1430.2606 	 	STIM   0, 0, 0, 2 RULE L1
1430.6109 	 	TGT    0,0,3,1; 0,0,0,0; 0,0,2,2; 0,0,1,3
1432.2708 	 	RESP   1 L1 ANSWER 2
1432.2708 	 	FEEDB  CORRECT 3 of 7
1433.3162 	 	CUE
1433.8342 	 	STIM   0, 0, 1, 2 RULE L1
1434.1839 	 	TGT    0,0,3,1; 0,0,0,0; 0,0,2,2; 0,0,1,3
1435.7174 	 	RESP   0 L1 ANSWER -3
1435.7174 	 	FEEDB  FAIL 3 of 7
1436.7727 	 	CUE
1437.2902 	 	STIM   0, 0, 0, 2 RULE L1
1437.6404 	 	TGT    0,0,3,1; 0,0,0,0; 0,0,2,2; 0,0,1,3
1438.5798 	 	RESP   1 L1 ANSWER 2
1438.5798 	 	FEEDB  CORRECT 4 of 7
1439.6278 	 	CUE
1440.1452 	 	STIM   0, 0, 1, 1 RULE L1
1440.4957 	 	TGT    0,0,3,1; 0,0,0,0; 0,0,2,2; 0,0,1,3
1442.2899 	 	RESP   1 L1 ANSWER 4
1442.2899 	 	FEEDB  CORRECT 5 of 7
1443.3526 	 	CUE
1443.8692 	 	STIM   0, 0, 0, 1 RULE L1
1444.2189 	 	TGT    0,0,3,1; 0,0,0,0; 0,0,2,2; 0,0,1,3
1445.2161 	 	RESP   1 L1 ANSWER 2
1445.2161 	 	FEEDB  CORRECT 6 of 7
1446.2563 	 	CUE
1446.7743 	 	STIM   0, 0, 1, 0 RULE L1
1447.1243 	 	TGT    0,0,3,1; 0,0,0,0; 0,0,2,2; 0,0,1,3
1447.8154 	 	RESP   1 L1 ANSWER 4
1447.8155 	 	FEEDB  CORRECT 7 of 7
1448.8615 	 	CUE
1449.3788 	 	STIM   0, 0, 2, 1 RULE L2
1449.7293 	 	TGT    0,0,3,1; 0,0,0,0; 0,0,2,2; 0,0,1,3
1450.7655 	 	RESP   0 L2 ANSWER -3
1450.7656 	 	FEEDB  FAIL 0 of 5
1451.8335 	 	CUE
1452.3509 	 	STIM   0, 0, 2, 0 RULE L2
1452.7014 	 	TGT    0,0,3,1; 0,0,0,0; 0,0,2,2; 0,0,1,3
1454.2917 	 	RESP   1 L2 ANSWER 2
1454.2917 	 	FEEDB  CORRECT 1 of 5
1455.3412 	 	CUE
1455.8579 	 	STIM   0, 0, 2, 3 RULE L2
1456.2077 	 	TGT    0,0,3,1; 0,0,0,0; 0,0,2,2; 0,0,1,3
1456.8749 	 	RESP   1 L2 ANSWER 4
1456.8749 	 	FEEDB  CORRECT 2 of 5
1457.9280 	 	CUE
1458.4454 	 	STIM   0, 0, 0, 3 RULE L2
1458.7960 	 	TGT    0,0,3,1; 0,0,0,0; 0,0,2,2; 0,0,1,3
1459.6658 	 	RESP   1 L2 ANSWER 4
1459.6658 	 	FEEDB  CORRECT 3 of 5
1460.7179 	 	CUE
1461.2340 	 	STIM   0, 0, 2, 1 RULE L2
1461.5843 	 	TGT    0,0,3,1; 0,0,0,0; 0,0,2,2; 0,0,1,3
1463.8076 	 	RESP   1 L2 ANSWER 1
1463.8076 	 	FEEDB  CORRECT 4 of 5
1464.8589 	 	CUE
1465.3750 	 	STIM   0, 0, 2, 1 RULE L2
1465.7253 	 	TGT    0,0,3,1; 0,0,0,0; 0,0,2,2; 0,0,1,3
1467.7973 	 	RESP   1 L2 ANSWER 1
1467.7974 	 	FEEDB  CORRECT 5 of 5
1468.8494 	 	CUE
1469.3668 	 	STIM   0, 0, 2, 0 RULE L1
1469.7159 	 	TGT    0,0,3,1; 0,0,0,0; 0,0,2,2; 0,0,1,3
1471.0434 	 	RESP   0 L1 ANSWER -2
1471.0434 	 	FEEDB  FAIL 0 of 6
1472.0869 	 	CUE
1472.6089 	 	STIM   0, 0, 0, 2 RULE L1
1472.9553 	 	TGT    0,0,3,1; 0,0,0,0; 0,0,2,2; 0,0,1,3
1474.7938 	 	RESP   1 L1 ANSWER 2
1474.7938 	 	FEEDB  CORRECT 1 of 6
1475.8444 	 	CUE
1476.3618 	 	STIM   0, 0, 0, 1 RULE L1
1476.7120 	 	TGT    0,0,3,1; 0,0,0,0; 0,0,2,2; 0,0,1,3
1480.0629 	 	RESP   0 L1 ANSWER -1
1480.0629 	 	FEEDB  FAIL 1 of 6
1481.1049 	 	CUE
1481.6216 	 	STIM   0, 0, 2, 3 RULE L1
1481.9718 	 	TGT    0,0,3,1; 0,0,0,0; 0,0,2,2; 0,0,1,3
1483.3573 	 	RESP   1 L1 ANSWER 3
1483.3574 	 	FEEDB  CORRECT 2 of 6
1484.4097 	 	CUE
1484.9277 	 	STIM   0, 0, 2, 1 RULE L1
1485.2775 	 	TGT    0,0,3,1; 0,0,0,0; 0,0,2,2; 0,0,1,3
1487.0593 	 	RESP   0 L1 ANSWER -1
1487.0593 	 	FEEDB  FAIL 2 of 6
1488.1010 	 	CUE
1488.6177 	 	STIM   0, 0, 3, 3 RULE L1
1488.9679 	 	TGT    0,0,3,1; 0,0,0,0; 0,0,2,2; 0,0,1,3
1491.5933 	 	RESP   1 L1 ANSWER 1
1491.5934 	 	FEEDB  CORRECT 3 of 6
1492.6430 	 	CUE
1493.1591 	 	STIM   0, 0, 2, 1 RULE L1
1493.5094 	 	TGT    0,0,3,1; 0,0,0,0; 0,0,2,2; 0,0,1,3
1494.7199 	 	RESP   1 L1 ANSWER 3
1494.7199 	 	FEEDB  CORRECT 4 of 6
1495.7640 	 	CUE
1496.2854 	 	STIM   0, 0, 0, 2 RULE L1
1496.6318 	 	TGT    0,0,3,1; 0,0,0,0; 0,0,2,2; 0,0,1,3
1497.3344 	 	RESP   1 L1 ANSWER 2
1497.3344 	 	FEEDB  CORRECT 5 of 6
1498.3853 	 	CUE
1498.9031 	 	STIM   0, 0, 0, 2 RULE L1
1499.2531 	 	TGT    0,0,3,1; 0,0,0,0; 0,0,2,2; 0,0,1,3
1499.7334 	 	RESP   1 L1 ANSWER 2
1499.7335 	 	FEEDB  CORRECT 6 of 6
