0.0001 	 	Subj ID: pilot_local_14.07.18_lauri
0.0005 	 	Run: 2014-07-18 07:23:21.763475
0.0005 	 	Age: 18
0.0005 	 	Group: Control
0.0005 	 	--------------------------------------------------------
0.0005 	 	INFO
0.0005 	 	timestamp CUE
0.0005 	 	timestamp STIM  [state for each rule G1 G2 L1 L2 : 0,1,2,3] RULE [current rule]
0.0005 	 	timestamp TGT   [states for each card / Up, Right, Down, Left: 0,1,2,3; 0,1,2,3;...]
0.0005 	 	timestamp RESP  [correct: 1/0] [current rule: G1, G2, L1, L2] ANSWER [card selected: 1(up), 2(right), 3(down), 4(left)]
0.0005 	 	timestamp FEEDB [correct/fail] [correct answers] of [series length]
0.0005 	 	--------------------------------------------------------
27.9307 	 	Running set .\configs\sets\noise_of_letters_2-test.json
27.9309 	 	Using deck: 0: 0,0,2,2 | 1: 0,0,0,3 | 2: 0,0,3,0 | 3: 0,0,1,1 
30.8009 	 	CUE
31.3159 	 	STIM   0, 0, 2, 3 RULE L1
31.6657 	 	TGT    0,0,2,2; 0,0,0,3; 0,0,3,0; 0,0,1,1
33.5831 	 	RESP   1 L1 ANSWER 1
33.5831 	 	FEEDB  CORRECT 1 of 6
34.6555 	 	CUE
35.1730 	 	STIM   0, 0, 1, 0 RULE L1
35.5227 	 	TGT    0,0,2,2; 0,0,0,3; 0,0,3,0; 0,0,1,1
38.4450 	 	RESP   0 L1 ANSWER -3
38.4450 	 	FEEDB  FAIL 1 of 6
39.5304 	 	CUE
40.0483 	 	STIM   0, 0, 3, 1 RULE L1
40.3986 	 	TGT    0,0,2,2; 0,0,0,3; 0,0,3,0; 0,0,1,1
41.7951 	 	RESP   1 L1 ANSWER 3
41.7951 	 	FEEDB  CORRECT 2 of 6
42.8380 	 	CUE
43.3547 	 	STIM   0, 0, 1, 0 RULE L1
43.7045 	 	TGT    0,0,2,2; 0,0,0,3; 0,0,3,0; 0,0,1,1
46.6646 	 	RESP   1 L1 ANSWER 4
46.6646 	 	FEEDB  CORRECT 3 of 6
47.7319 	 	CUE
48.2468 	 	STIM   0, 0, 0, 0 RULE L1
48.5967 	 	TGT    0,0,2,2; 0,0,0,3; 0,0,3,0; 0,0,1,1
49.0716 	 	RESP   1 L1 ANSWER 2
49.0716 	 	FEEDB  CORRECT 4 of 6
50.1167 	 	CUE
50.6341 	 	STIM   0, 0, 1, 0 RULE L1
50.9846 	 	TGT    0,0,2,2; 0,0,0,3; 0,0,3,0; 0,0,1,1
52.0059 	 	RESP   1 L1 ANSWER 4
52.0059 	 	FEEDB  CORRECT 5 of 6
53.0602 	 	CUE
53.5745 	 	STIM   0, 0, 1, 0 RULE L1
53.9233 	 	TGT    0,0,2,2; 0,0,0,3; 0,0,3,0; 0,0,1,1
54.5326 	 	RESP   1 L1 ANSWER 4
54.5326 	 	FEEDB  CORRECT 6 of 6
55.5931 	 	CUE
56.1110 	 	STIM   0, 0, 0, 2 RULE L2
56.4610 	 	TGT    0,0,2,2; 0,0,0,3; 0,0,3,0; 0,0,1,1
56.9636 	 	RESP   0 L2 ANSWER -2
56.9636 	 	FEEDB  FAIL 0 of 5
58.0312 	 	CUE
58.5484 	 	STIM   0, 0, 3, 1 RULE L2
58.8991 	 	TGT    0,0,2,2; 0,0,0,3; 0,0,3,0; 0,0,1,1
60.9216 	 	RESP   0 L2 ANSWER -3
60.9217 	 	FEEDB  FAIL 0 of 5
61.9730 	 	CUE
62.4892 	 	STIM   0, 0, 1, 0 RULE L2
62.8396 	 	TGT    0,0,2,2; 0,0,0,3; 0,0,3,0; 0,0,1,1
67.0626 	 	RESP   0 L2 ANSWER -2
67.0626 	 	FEEDB  FAIL 0 of 5
68.1498 	 	CUE
68.6671 	 	STIM   0, 0, 1, 2 RULE L2
69.0176 	 	TGT    0,0,2,2; 0,0,0,3; 0,0,3,0; 0,0,1,1
70.8286 	 	RESP   1 L2 ANSWER 1
70.8286 	 	FEEDB  CORRECT 1 of 5
71.8919 	 	CUE
72.4076 	 	STIM   0, 0, 2, 0 RULE L2
72.7576 	 	TGT    0,0,2,2; 0,0,0,3; 0,0,3,0; 0,0,1,1
76.0024 	 	RESP   0 L2 ANSWER -2
76.0024 	 	FEEDB  FAIL 1 of 5
77.0692 	 	CUE
77.5836 	 	STIM   0, 0, 3, 3 RULE L2
77.9338 	 	TGT    0,0,2,2; 0,0,0,3; 0,0,3,0; 0,0,1,1
80.3362 	 	RESP   0 L2 ANSWER -3
80.3362 	 	FEEDB  FAIL 1 of 5
81.3920 	 	CUE
81.9083 	 	STIM   0, 0, 0, 2 RULE L2
82.2586 	 	TGT    0,0,2,2; 0,0,0,3; 0,0,3,0; 0,0,1,1
86.1332 	 	RESP   1 L2 ANSWER 1
86.1332 	 	FEEDB  CORRECT 2 of 5
87.2013 	 	CUE
87.7187 	 	STIM   0, 0, 3, 3 RULE L2
88.0691 	 	TGT    0,0,2,2; 0,0,0,3; 0,0,3,0; 0,0,1,1
89.8831 	 	RESP   0 L2 ANSWER -3
89.8831 	 	FEEDB  FAIL 2 of 5
90.9415 	 	CUE
91.4590 	 	STIM   0, 0, 2, 1 RULE L2
91.8093 	 	TGT    0,0,2,2; 0,0,0,3; 0,0,3,0; 0,0,1,1
93.3934 	 	RESP   1 L2 ANSWER 4
93.3934 	 	FEEDB  CORRECT 3 of 5
94.4671 	 	CUE
94.9823 	 	STIM   0, 0, 3, 2 RULE L2
95.3326 	 	TGT    0,0,2,2; 0,0,0,3; 0,0,3,0; 0,0,1,1
100.9977 	 	RESP   1 L2 ANSWER 1
100.9977 	 	FEEDB  CORRECT 4 of 5
102.0465 	 	CUE
102.5626 	 	STIM   0, 0, 1, 2 RULE L2
102.9129 	 	TGT    0,0,2,2; 0,0,0,3; 0,0,3,0; 0,0,1,1
104.4277 	 	RESP   1 L2 ANSWER 1
104.4277 	 	FEEDB  CORRECT 5 of 5
105.4867 	 	CUE
106.0025 	 	STIM   0, 0, 1, 3 RULE L1
106.3527 	 	TGT    0,0,2,2; 0,0,0,3; 0,0,3,0; 0,0,1,1
108.5536 	 	RESP   0 L1 ANSWER -2
108.5537 	 	FEEDB  FAIL 0 of 7
109.6101 	 	CUE
110.1268 	 	STIM   0, 0, 0, 2 RULE L1
110.4765 	 	TGT    0,0,2,2; 0,0,0,3; 0,0,3,0; 0,0,1,1
111.4402 	 	RESP   1 L1 ANSWER 2
111.4402 	 	FEEDB  CORRECT 1 of 7
112.4805 	 	CUE
112.9998 	 	STIM   0, 0, 2, 0 RULE L1
113.3488 	 	TGT    0,0,2,2; 0,0,0,3; 0,0,3,0; 0,0,1,1
114.2072 	 	RESP   1 L1 ANSWER 1
114.2072 	 	FEEDB  CORRECT 2 of 7
115.2526 	 	CUE
115.7700 	 	STIM   0, 0, 2, 3 RULE L1
116.1206 	 	TGT    0,0,2,2; 0,0,0,3; 0,0,3,0; 0,0,1,1
116.6057 	 	RESP   1 L1 ANSWER 1
116.6057 	 	FEEDB  CORRECT 3 of 7
117.6567 	 	CUE
118.1747 	 	STIM   0, 0, 3, 3 RULE L1
118.5246 	 	TGT    0,0,2,2; 0,0,0,3; 0,0,3,0; 0,0,1,1
119.1087 	 	RESP   1 L1 ANSWER 3
119.1087 	 	FEEDB  CORRECT 4 of 7
120.1783 	 	CUE
120.6958 	 	STIM   0, 0, 2, 1 RULE L1
121.0462 	 	TGT    0,0,2,2; 0,0,0,3; 0,0,3,0; 0,0,1,1
121.6192 	 	RESP   1 L1 ANSWER 1
121.6192 	 	FEEDB  CORRECT 5 of 7
122.6687 	 	CUE
123.1840 	 	STIM   0, 0, 2, 3 RULE L1
123.5338 	 	TGT    0,0,2,2; 0,0,0,3; 0,0,3,0; 0,0,1,1
124.0342 	 	RESP   1 L1 ANSWER 1
124.0342 	 	FEEDB  CORRECT 6 of 7
125.0873 	 	CUE
125.6046 	 	STIM   0, 0, 2, 1 RULE L1
125.9551 	 	TGT    0,0,2,2; 0,0,0,3; 0,0,3,0; 0,0,1,1
126.4407 	 	RESP   1 L1 ANSWER 1
126.4407 	 	FEEDB  CORRECT 7 of 7
127.4927 	 	CUE
128.0094 	 	STIM   0, 0, 2, 0 RULE L2
128.3595 	 	TGT    0,0,2,2; 0,0,0,3; 0,0,3,0; 0,0,1,1
128.9997 	 	RESP   0 L2 ANSWER -1
128.9997 	 	FEEDB  FAIL 0 of 6
130.0463 	 	CUE
130.5638 	 	STIM   0, 0, 0, 2 RULE L2
130.9141 	 	TGT    0,0,2,2; 0,0,0,3; 0,0,3,0; 0,0,1,1
132.6539 	 	RESP   1 L2 ANSWER 1
132.6539 	 	FEEDB  CORRECT 1 of 6
133.7077 	 	CUE
134.2223 	 	STIM   0, 0, 1, 0 RULE L2
134.5707 	 	TGT    0,0,2,2; 0,0,0,3; 0,0,3,0; 0,0,1,1
135.9642 	 	RESP   1 L2 ANSWER 3
135.9642 	 	FEEDB  CORRECT 2 of 6
137.0090 	 	CUE
137.5266 	 	STIM   0, 0, 3, 2 RULE L2
137.8769 	 	TGT    0,0,2,2; 0,0,0,3; 0,0,3,0; 0,0,1,1
158.0251 	 	RESP   1 L2 ANSWER 1
158.0251 	 	FEEDB  CORRECT 3 of 6
159.0676 	 	CUE
159.5837 	 	STIM   0, 0, 1, 2 RULE L2
159.9340 	 	TGT    0,0,2,2; 0,0,0,3; 0,0,3,0; 0,0,1,1
160.4557 	 	RESP   1 L2 ANSWER 1
160.4557 	 	FEEDB  CORRECT 4 of 6
161.5036 	 	CUE
162.0215 	 	STIM   0, 0, 1, 3 RULE L2
162.3717 	 	TGT    0,0,2,2; 0,0,0,3; 0,0,3,0; 0,0,1,1
164.4058 	 	RESP   1 L2 ANSWER 2
164.4058 	 	FEEDB  CORRECT 5 of 6
165.4775 	 	CUE
165.9954 	 	STIM   0, 0, 0, 2 RULE L2
166.3457 	 	TGT    0,0,2,2; 0,0,0,3; 0,0,3,0; 0,0,1,1
201.8592 	 	RESP   0 L2 ANSWER -2
201.8592 	 	FEEDB  FAIL 5 of 6
202.9297 	 	CUE
203.4471 	 	STIM   0, 0, 1, 2 RULE L2
203.7976 	 	TGT    0,0,2,2; 0,0,0,3; 0,0,3,0; 0,0,1,1
205.3853 	 	RESP   1 L2 ANSWER 1
205.3853 	 	FEEDB  CORRECT 6 of 6
206.4373 	 	CUE
206.9539 	 	STIM   0, 0, 3, 1 RULE L1
207.3041 	 	TGT    0,0,2,2; 0,0,0,3; 0,0,3,0; 0,0,1,1
210.5107 	 	RESP   0 L1 ANSWER -1
210.5107 	 	FEEDB  FAIL 0 of 5
211.5787 	 	CUE
212.0965 	 	STIM   0, 0, 2, 3 RULE L1
212.4465 	 	TGT    0,0,2,2; 0,0,0,3; 0,0,3,0; 0,0,1,1
214.4206 	 	RESP   0 L1 ANSWER -2
214.4206 	 	FEEDB  FAIL 0 of 5
215.4705 	 	CUE
215.9871 	 	STIM   0, 0, 0, 0 RULE L1
216.3372 	 	TGT    0,0,2,2; 0,0,0,3; 0,0,3,0; 0,0,1,1
217.1317 	 	RESP   1 L1 ANSWER 2
217.1317 	 	FEEDB  CORRECT 1 of 5
218.1743 	 	CUE
218.6917 	 	STIM   0, 0, 3, 3 RULE L1
219.0422 	 	TGT    0,0,2,2; 0,0,0,3; 0,0,3,0; 0,0,1,1
219.5862 	 	RESP   1 L1 ANSWER 3
219.5863 	 	FEEDB  CORRECT 2 of 5
220.6300 	 	CUE
221.1467 	 	STIM   0, 0, 0, 0 RULE L1
221.4964 	 	TGT    0,0,2,2; 0,0,0,3; 0,0,3,0; 0,0,1,1
222.6247 	 	RESP   1 L1 ANSWER 2
222.6247 	 	FEEDB  CORRECT 3 of 5
223.6842 	 	CUE
224.2023 	 	STIM   0, 0, 2, 3 RULE L1
224.5521 	 	TGT    0,0,2,2; 0,0,0,3; 0,0,3,0; 0,0,1,1
225.0958 	 	RESP   1 L1 ANSWER 1
225.0959 	 	FEEDB  CORRECT 4 of 5
226.1389 	 	CUE
226.6563 	 	STIM   0, 0, 3, 3 RULE L1
227.0067 	 	TGT    0,0,2,2; 0,0,0,3; 0,0,3,0; 0,0,1,1
227.6223 	 	RESP   1 L1 ANSWER 3
227.6223 	 	FEEDB  CORRECT 5 of 5
228.6934 	 	CUE
229.2112 	 	STIM   0, 0, 3, 2 RULE L2
229.5612 	 	TGT    0,0,2,2; 0,0,0,3; 0,0,3,0; 0,0,1,1
230.1253 	 	RESP   0 L2 ANSWER -3
230.1253 	 	FEEDB  FAIL 0 of 7
231.1662 	 	CUE
231.6825 	 	STIM   0, 0, 3, 1 RULE L2
232.0327 	 	TGT    0,0,2,2; 0,0,0,3; 0,0,3,0; 0,0,1,1
233.0118 	 	RESP   1 L2 ANSWER 4
233.0118 	 	FEEDB  CORRECT 1 of 7
234.0534 	 	CUE
234.5709 	 	STIM   0, 0, 2, 1 RULE L2
234.9212 	 	TGT    0,0,2,2; 0,0,0,3; 0,0,3,0; 0,0,1,1
235.8503 	 	RESP   1 L2 ANSWER 4
235.8503 	 	FEEDB  CORRECT 2 of 7
236.8918 	 	CUE
237.4094 	 	STIM   0, 0, 3, 3 RULE L2
237.7597 	 	TGT    0,0,2,2; 0,0,0,3; 0,0,3,0; 0,0,1,1
239.0728 	 	RESP   1 L2 ANSWER 2
239.0728 	 	FEEDB  CORRECT 3 of 7
240.1145 	 	CUE
240.6320 	 	STIM   0, 0, 3, 3 RULE L2
240.9823 	 	TGT    0,0,2,2; 0,0,0,3; 0,0,3,0; 0,0,1,1
241.8072 	 	RESP   1 L2 ANSWER 2
241.8072 	 	FEEDB  CORRECT 4 of 7
242.8527 	 	CUE
243.3702 	 	STIM   0, 0, 3, 2 RULE L2
243.7206 	 	TGT    0,0,2,2; 0,0,0,3; 0,0,3,0; 0,0,1,1
244.2703 	 	RESP   1 L2 ANSWER 1
244.2703 	 	FEEDB  CORRECT 5 of 7
245.3406 	 	CUE
245.8582 	 	STIM   0, 0, 2, 3 RULE L2
246.2087 	 	TGT    0,0,2,2; 0,0,0,3; 0,0,3,0; 0,0,1,1
247.2368 	 	RESP   1 L2 ANSWER 2
247.2368 	 	FEEDB  CORRECT 6 of 7
248.2861 	 	CUE
248.7996 	 	STIM   0, 0, 2, 0 RULE L2
249.1474 	 	TGT    0,0,2,2; 0,0,0,3; 0,0,3,0; 0,0,1,1
249.8832 	 	RESP   1 L2 ANSWER 3
249.8832 	 	FEEDB  CORRECT 7 of 7
250.9203 	 	Running set .\configs\sets\noise_of_shapes_1-test.json
250.9206 	 	Using deck: 0: 0,0,1,0 | 1: 0,0,2,3 | 2: 0,0,0,1 | 3: 0,0,3,2 
253.8075 	 	CUE
254.3239 	 	STIM   0, 0, 3, 0 RULE L2
254.6740 	 	TGT    0,0,1,0; 0,0,2,3; 0,0,0,1; 0,0,3,2
257.1198 	 	RESP   0 L2 ANSWER -2
257.1198 	 	FEEDB  FAIL 0 of 6
258.1991 	 	CUE
258.7153 	 	STIM   0, 0, 0, 2 RULE L2
259.0655 	 	TGT    0,0,1,0; 0,0,2,3; 0,0,0,1; 0,0,3,2
260.1103 	 	RESP   1 L2 ANSWER 4
260.1103 	 	FEEDB  CORRECT 1 of 6
261.1698 	 	CUE
261.6873 	 	STIM   0, 0, 3, 1 RULE L2
262.0376 	 	TGT    0,0,1,0; 0,0,2,3; 0,0,0,1; 0,0,3,2
262.6367 	 	RESP   1 L2 ANSWER 3
262.6367 	 	FEEDB  CORRECT 2 of 6
263.6908 	 	CUE
264.2086 	 	STIM   0, 0, 3, 1 RULE L2
264.5586 	 	TGT    0,0,1,0; 0,0,2,3; 0,0,0,1; 0,0,3,2
264.9717 	 	RESP   1 L2 ANSWER 3
264.9718 	 	FEEDB  CORRECT 3 of 6
266.0317 	 	CUE
266.5461 	 	STIM   0, 0, 2, 1 RULE L2
266.8964 	 	TGT    0,0,1,0; 0,0,2,3; 0,0,0,1; 0,0,3,2
267.9783 	 	RESP   1 L2 ANSWER 3
267.9783 	 	FEEDB  CORRECT 4 of 6
269.0174 	 	CUE
269.5349 	 	STIM   0, 0, 3, 0 RULE L2
269.8852 	 	TGT    0,0,1,0; 0,0,2,3; 0,0,0,1; 0,0,3,2
270.5688 	 	RESP   1 L2 ANSWER 1
270.5688 	 	FEEDB  CORRECT 5 of 6
271.6386 	 	CUE
272.1565 	 	STIM   0, 0, 1, 3 RULE L2
272.5065 	 	TGT    0,0,1,0; 0,0,2,3; 0,0,0,1; 0,0,3,2
273.9673 	 	RESP   1 L2 ANSWER 2
273.9673 	 	FEEDB  CORRECT 6 of 6
275.0131 	 	CUE
275.5292 	 	STIM   0, 0, 2, 1 RULE L1
275.8796 	 	TGT    0,0,1,0; 0,0,2,3; 0,0,0,1; 0,0,3,2
276.4538 	 	RESP   0 L1 ANSWER -3
276.4538 	 	FEEDB  FAIL 0 of 5
277.4993 	 	CUE
278.0171 	 	STIM   0, 0, 2, 1 RULE L1
278.3671 	 	TGT    0,0,1,0; 0,0,2,3; 0,0,0,1; 0,0,3,2
279.2606 	 	RESP   1 L1 ANSWER 2
279.2606 	 	FEEDB  CORRECT 1 of 5
280.3060 	 	CUE
280.8225 	 	STIM   0, 0, 2, 1 RULE L1
281.1727 	 	TGT    0,0,1,0; 0,0,2,3; 0,0,0,1; 0,0,3,2
281.8034 	 	RESP   1 L1 ANSWER 2
281.8034 	 	FEEDB  CORRECT 2 of 5
282.8593 	 	CUE
283.3766 	 	STIM   0, 0, 1, 1 RULE L1
283.7272 	 	TGT    0,0,1,0; 0,0,2,3; 0,0,0,1; 0,0,3,2
284.4098 	 	RESP   1 L1 ANSWER 1
284.4098 	 	FEEDB  CORRECT 3 of 5
285.4973 	 	CUE
286.0151 	 	STIM   0, 0, 0, 3 RULE L1
286.3652 	 	TGT    0,0,1,0; 0,0,2,3; 0,0,0,1; 0,0,3,2
286.8568 	 	RESP   1 L1 ANSWER 3
286.8568 	 	FEEDB  CORRECT 4 of 5
287.9034 	 	CUE
288.4195 	 	STIM   0, 0, 1, 1 RULE L1
288.7698 	 	TGT    0,0,1,0; 0,0,2,3; 0,0,0,1; 0,0,3,2
289.4313 	 	RESP   1 L1 ANSWER 1
289.4313 	 	FEEDB  CORRECT 5 of 5
291.0744 	 	CUE
291.5920 	 	STIM   0, 0, 0, 0 RULE L2
291.9423 	 	TGT    0,0,1,0; 0,0,2,3; 0,0,0,1; 0,0,3,2
292.5900 	 	RESP   0 L2 ANSWER -3
292.5900 	 	FEEDB  FAIL 0 of 5
293.6289 	 	CUE
294.1467 	 	STIM   0, 0, 1, 1 RULE L2
294.4967 	 	TGT    0,0,1,0; 0,0,2,3; 0,0,0,1; 0,0,3,2
295.4043 	 	RESP   1 L2 ANSWER 3
295.4043 	 	FEEDB  CORRECT 1 of 5
296.4521 	 	CUE
296.9687 	 	STIM   0, 0, 1, 3 RULE L2
297.3187 	 	TGT    0,0,1,0; 0,0,2,3; 0,0,0,1; 0,0,3,2
299.2027 	 	RESP   1 L2 ANSWER 2
299.2028 	 	FEEDB  CORRECT 2 of 5
300.2594 	 	CUE
300.7756 	 	STIM   0, 0, 1, 3 RULE L2
301.1258 	 	TGT    0,0,1,0; 0,0,2,3; 0,0,0,1; 0,0,3,2
301.9373 	 	RESP   1 L2 ANSWER 2
301.9373 	 	FEEDB  CORRECT 3 of 5
302.9795 	 	CUE
303.4969 	 	STIM   0, 0, 2, 1 RULE L2
303.8474 	 	TGT    0,0,1,0; 0,0,2,3; 0,0,0,1; 0,0,3,2
304.4238 	 	RESP   1 L2 ANSWER 3
304.4238 	 	FEEDB  CORRECT 4 of 5
305.4841 	 	CUE
306.0020 	 	STIM   0, 0, 0, 0 RULE L2
306.3517 	 	TGT    0,0,1,0; 0,0,2,3; 0,0,0,1; 0,0,3,2
306.9828 	 	RESP   1 L2 ANSWER 1
306.9828 	 	FEEDB  CORRECT 5 of 5
308.0221 	 	CUE
308.5394 	 	STIM   0, 0, 2, 1 RULE L1
308.8900 	 	TGT    0,0,1,0; 0,0,2,3; 0,0,0,1; 0,0,3,2
309.6133 	 	RESP   0 L1 ANSWER -3
309.6133 	 	FEEDB  FAIL 0 of 7
310.6820 	 	CUE
311.1964 	 	STIM   0, 0, 2, 2 RULE L1
311.5447 	 	TGT    0,0,1,0; 0,0,2,3; 0,0,0,1; 0,0,3,2
312.1323 	 	RESP   1 L1 ANSWER 2
312.1323 	 	FEEDB  CORRECT 1 of 7
313.1816 	 	CUE
313.6990 	 	STIM   0, 0, 2, 1 RULE L1
314.0495 	 	TGT    0,0,1,0; 0,0,2,3; 0,0,0,1; 0,0,3,2
314.8028 	 	RESP   1 L1 ANSWER 2
314.8028 	 	FEEDB  CORRECT 2 of 7
315.8748 	 	CUE
316.3879 	 	STIM   0, 0, 2, 0 RULE L1
316.7376 	 	TGT    0,0,1,0; 0,0,2,3; 0,0,0,1; 0,0,3,2
317.3693 	 	RESP   1 L1 ANSWER 2
317.3693 	 	FEEDB  CORRECT 3 of 7
318.4242 	 	CUE
318.9420 	 	STIM   0, 0, 0, 2 RULE L1
319.2922 	 	TGT    0,0,1,0; 0,0,2,3; 0,0,0,1; 0,0,3,2
319.9524 	 	RESP   1 L1 ANSWER 3
319.9524 	 	FEEDB  CORRECT 4 of 7
320.9972 	 	CUE
321.5134 	 	STIM   0, 0, 0, 2 RULE L1
321.8637 	 	TGT    0,0,1,0; 0,0,2,3; 0,0,0,1; 0,0,3,2
322.5428 	 	RESP   1 L1 ANSWER 3
322.5428 	 	FEEDB  CORRECT 5 of 7
323.5837 	 	CUE
324.1016 	 	STIM   0, 0, 0, 0 RULE L1
324.4516 	 	TGT    0,0,1,0; 0,0,2,3; 0,0,0,1; 0,0,3,2
325.3173 	 	RESP   1 L1 ANSWER 3
325.3173 	 	FEEDB  CORRECT 6 of 7
326.3887 	 	CUE
326.9066 	 	STIM   0, 0, 0, 2 RULE L1
327.2569 	 	TGT    0,0,1,0; 0,0,2,3; 0,0,0,1; 0,0,3,2
327.8522 	 	RESP   1 L1 ANSWER 3
327.8522 	 	FEEDB  CORRECT 7 of 7
328.8950 	 	CUE
329.4112 	 	STIM   0, 0, 0, 3 RULE L2
329.7614 	 	TGT    0,0,1,0; 0,0,2,3; 0,0,0,1; 0,0,3,2
330.2033 	 	RESP   0 L2 ANSWER -3
330.2034 	 	FEEDB  FAIL 0 of 7
331.2480 	 	CUE
331.7654 	 	STIM   0, 0, 1, 1 RULE L2
332.1159 	 	TGT    0,0,1,0; 0,0,2,3; 0,0,0,1; 0,0,3,2
332.7458 	 	RESP   1 L2 ANSWER 3
332.7458 	 	FEEDB  CORRECT 1 of 7
333.7872 	 	CUE
334.3036 	 	STIM   0, 0, 3, 0 RULE L2
334.6538 	 	TGT    0,0,1,0; 0,0,2,3; 0,0,0,1; 0,0,3,2
335.7763 	 	RESP   1 L2 ANSWER 1
335.7763 	 	FEEDB  CORRECT 2 of 7
336.8248 	 	CUE
337.3424 	 	STIM   0, 0, 0, 0 RULE L2
337.6927 	 	TGT    0,0,1,0; 0,0,2,3; 0,0,0,1; 0,0,3,2
338.7588 	 	RESP   1 L2 ANSWER 1
338.7589 	 	FEEDB  CORRECT 3 of 7
339.8136 	 	CUE
340.3312 	 	STIM   0, 0, 2, 2 RULE L2
340.6815 	 	TGT    0,0,1,0; 0,0,2,3; 0,0,0,1; 0,0,3,2
341.7734 	 	RESP   0 L2 ANSWER -3
341.7734 	 	FEEDB  FAIL 3 of 7
342.8190 	 	CUE
343.3367 	 	STIM   0, 0, 2, 2 RULE L2
343.6870 	 	TGT    0,0,1,0; 0,0,2,3; 0,0,0,1; 0,0,3,2
344.3637 	 	RESP   1 L2 ANSWER 4
344.3637 	 	FEEDB  CORRECT 4 of 7
345.4070 	 	CUE
345.9248 	 	STIM   0, 0, 2, 1 RULE L2
346.2750 	 	TGT    0,0,1,0; 0,0,2,3; 0,0,0,1; 0,0,3,2
346.9069 	 	RESP   0 L2 ANSWER -2
346.9069 	 	FEEDB  FAIL 4 of 7
347.9786 	 	CUE
348.4960 	 	STIM   0, 0, 2, 0 RULE L2
348.8464 	 	TGT    0,0,1,0; 0,0,2,3; 0,0,0,1; 0,0,3,2
349.4734 	 	RESP   1 L2 ANSWER 1
349.4734 	 	FEEDB  CORRECT 5 of 7
350.5177 	 	CUE
351.0344 	 	STIM   0, 0, 2, 2 RULE L2
351.3842 	 	TGT    0,0,1,0; 0,0,2,3; 0,0,0,1; 0,0,3,2
352.7279 	 	RESP   1 L2 ANSWER 4
352.7279 	 	FEEDB  CORRECT 6 of 7
353.7891 	 	CUE
354.3069 	 	STIM   0, 0, 3, 3 RULE L2
354.6570 	 	TGT    0,0,1,0; 0,0,2,3; 0,0,0,1; 0,0,3,2
356.1583 	 	RESP   1 L2 ANSWER 2
356.1584 	 	FEEDB  CORRECT 7 of 7
357.2291 	 	CUE
357.7466 	 	STIM   0, 0, 1, 3 RULE L1
358.0968 	 	TGT    0,0,1,0; 0,0,2,3; 0,0,0,1; 0,0,3,2
359.6443 	 	RESP   0 L1 ANSWER -2
359.6443 	 	FEEDB  FAIL 0 of 6
360.6864 	 	CUE
361.2031 	 	STIM   0, 0, 0, 3 RULE L1
361.5529 	 	TGT    0,0,1,0; 0,0,2,3; 0,0,0,1; 0,0,3,2
362.0834 	 	RESP   1 L1 ANSWER 3
362.0834 	 	FEEDB  CORRECT 1 of 6
363.1231 	 	CUE
363.6404 	 	STIM   0, 0, 0, 2 RULE L1
363.9910 	 	TGT    0,0,1,0; 0,0,2,3; 0,0,0,1; 0,0,3,2
364.4578 	 	RESP   1 L1 ANSWER 3
364.4578 	 	FEEDB  CORRECT 2 of 6
365.5119 	 	CUE
366.0286 	 	STIM   0, 0, 0, 0 RULE L1
366.3783 	 	TGT    0,0,1,0; 0,0,2,3; 0,0,0,1; 0,0,3,2
366.7928 	 	RESP   1 L1 ANSWER 3
366.7928 	 	FEEDB  CORRECT 3 of 6
367.8315 	 	CUE
368.3489 	 	STIM   0, 0, 1, 1 RULE L1
368.6995 	 	TGT    0,0,1,0; 0,0,2,3; 0,0,0,1; 0,0,3,2
369.2715 	 	RESP   1 L1 ANSWER 1
369.2715 	 	FEEDB  CORRECT 4 of 6
370.3207 	 	CUE
370.8372 	 	STIM   0, 0, 2, 1 RULE L1
371.1876 	 	TGT    0,0,1,0; 0,0,2,3; 0,0,0,1; 0,0,3,2
372.0544 	 	RESP   1 L1 ANSWER 2
372.0544 	 	FEEDB  CORRECT 5 of 6
373.1080 	 	CUE
373.6253 	 	STIM   0, 0, 0, 0 RULE L1
373.9758 	 	TGT    0,0,1,0; 0,0,2,3; 0,0,0,1; 0,0,3,2
374.5729 	 	RESP   1 L1 ANSWER 3
374.5729 	 	FEEDB  CORRECT 6 of 6
379.8399 	 	Running set .\configs\sets\noise_of_letters_1-test.json
379.8401 	 	Using deck: 0: 0,0,0,1 | 1: 0,0,1,2 | 2: 0,0,3,0 | 3: 0,0,2,3 
388.7094 	 	CUE
389.2241 	 	STIM   0, 0, 0, 2 RULE L1
389.5709 	 	TGT    0,0,0,1; 0,0,1,2; 0,0,3,0; 0,0,2,3
390.2610 	 	RESP   1 L1 ANSWER 1
390.2611 	 	FEEDB  CORRECT 1 of 7
391.3243 	 	CUE
391.8422 	 	STIM   0, 0, 1, 0 RULE L1
392.1926 	 	TGT    0,0,0,1; 0,0,1,2; 0,0,3,0; 0,0,2,3
392.7479 	 	RESP   1 L1 ANSWER 2
392.7479 	 	FEEDB  CORRECT 2 of 7
393.8127 	 	CUE
394.3300 	 	STIM   0, 0, 3, 2 RULE L1
394.6803 	 	TGT    0,0,0,1; 0,0,1,2; 0,0,3,0; 0,0,2,3
395.2905 	 	RESP   1 L1 ANSWER 3
395.2905 	 	FEEDB  CORRECT 3 of 7
396.3334 	 	CUE
396.8513 	 	STIM   0, 0, 0, 2 RULE L1
397.2018 	 	TGT    0,0,0,1; 0,0,1,2; 0,0,3,0; 0,0,2,3
397.8253 	 	RESP   1 L1 ANSWER 1
397.8253 	 	FEEDB  CORRECT 4 of 7
398.8732 	 	CUE
399.3893 	 	STIM   0, 0, 0, 2 RULE L1
399.7396 	 	TGT    0,0,0,1; 0,0,1,2; 0,0,3,0; 0,0,2,3
400.2720 	 	RESP   1 L1 ANSWER 1
400.2720 	 	FEEDB  CORRECT 5 of 7
401.3426 	 	CUE
401.8605 	 	STIM   0, 0, 1, 3 RULE L1
402.2110 	 	TGT    0,0,0,1; 0,0,1,2; 0,0,3,0; 0,0,2,3
403.1108 	 	RESP   1 L1 ANSWER 2
403.1109 	 	FEEDB  CORRECT 6 of 7
404.1982 	 	CUE
404.7157 	 	STIM   0, 0, 3, 1 RULE L1
405.0662 	 	TGT    0,0,0,1; 0,0,1,2; 0,0,3,0; 0,0,2,3
405.4534 	 	RESP   1 L1 ANSWER 3
405.4535 	 	FEEDB  CORRECT 7 of 7
406.5230 	 	CUE
407.0375 	 	STIM   0, 0, 2, 2 RULE L2
407.3867 	 	TGT    0,0,0,1; 0,0,1,2; 0,0,3,0; 0,0,2,3
408.0923 	 	RESP   0 L2 ANSWER -4
408.0924 	 	FEEDB  FAIL 0 of 6
409.1574 	 	CUE
409.6748 	 	STIM   0, 0, 2, 1 RULE L2
410.0253 	 	TGT    0,0,0,1; 0,0,1,2; 0,0,3,0; 0,0,2,3
415.3604 	 	RESP   1 L2 ANSWER 1
415.3604 	 	FEEDB  CORRECT 1 of 6
416.4225 	 	CUE
416.9384 	 	STIM   0, 0, 0, 3 RULE L2
417.2882 	 	TGT    0,0,0,1; 0,0,1,2; 0,0,3,0; 0,0,2,3
421.4374 	 	RESP   1 L2 ANSWER 4
421.4374 	 	FEEDB  CORRECT 2 of 6
422.5023 	 	CUE
423.0168 	 	STIM   0, 0, 2, 0 RULE L2
423.3661 	 	TGT    0,0,0,1; 0,0,1,2; 0,0,3,0; 0,0,2,3
426.2829 	 	RESP   0 L2 ANSWER -2
426.2829 	 	FEEDB  FAIL 2 of 6
427.3251 	 	CUE
427.8417 	 	STIM   0, 0, 3, 1 RULE L2
428.1919 	 	TGT    0,0,0,1; 0,0,1,2; 0,0,3,0; 0,0,2,3
428.5779 	 	RESP   0 L2 ANSWER -3
428.5779 	 	FEEDB  FAIL 2 of 6
429.6446 	 	CUE
430.1625 	 	STIM   0, 0, 1, 1 RULE L2
430.5126 	 	TGT    0,0,0,1; 0,0,1,2; 0,0,3,0; 0,0,2,3
433.5514 	 	RESP   0 L2 ANSWER -4
433.5514 	 	FEEDB  FAIL 2 of 6
434.6204 	 	CUE
435.1383 	 	STIM   0, 0, 2, 0 RULE L2
435.4883 	 	TGT    0,0,0,1; 0,0,1,2; 0,0,3,0; 0,0,2,3
436.7338 	 	RESP   0 L2 ANSWER -2
436.7338 	 	FEEDB  FAIL 2 of 6
437.7802 	 	CUE
438.2944 	 	STIM   0, 0, 0, 3 RULE L2
438.6441 	 	TGT    0,0,0,1; 0,0,1,2; 0,0,3,0; 0,0,2,3
439.0849 	 	RESP   0 L2 ANSWER -1
439.0849 	 	FEEDB  FAIL 2 of 6
440.1308 	 	CUE
440.6482 	 	STIM   0, 0, 1, 0 RULE L2
440.9987 	 	TGT    0,0,0,1; 0,0,1,2; 0,0,3,0; 0,0,2,3
446.5689 	 	RESP   0 L2 ANSWER -4
446.5689 	 	FEEDB  FAIL 2 of 6
447.6278 	 	CUE
448.1457 	 	STIM   0, 0, 3, 3 RULE L2
448.4955 	 	TGT    0,0,0,1; 0,0,1,2; 0,0,3,0; 0,0,2,3
451.2147 	 	RESP   0 L2 ANSWER -2
451.2147 	 	FEEDB  FAIL 2 of 6
452.2859 	 	CUE
452.8037 	 	STIM   0, 0, 2, 0 RULE L2
453.1543 	 	TGT    0,0,0,1; 0,0,1,2; 0,0,3,0; 0,0,2,3
457.5474 	 	RESP   1 L2 ANSWER 3
457.5474 	 	FEEDB  CORRECT 3 of 6
458.6015 	 	CUE
459.1163 	 	STIM   0, 0, 1, 3 RULE L2
459.4655 	 	TGT    0,0,0,1; 0,0,1,2; 0,0,3,0; 0,0,2,3
464.1044 	 	RESP   0 L2 ANSWER -2
464.1044 	 	FEEDB  FAIL 3 of 6
465.1471 	 	CUE
465.6613 	 	STIM   0, 0, 1, 3 RULE L2
466.0111 	 	TGT    0,0,0,1; 0,0,1,2; 0,0,3,0; 0,0,2,3
469.7816 	 	RESP   0 L2 ANSWER -2
469.7817 	 	FEEDB  FAIL 3 of 6
470.8535 	 	CUE
471.3710 	 	STIM   0, 0, 2, 1 RULE L2
471.7214 	 	TGT    0,0,0,1; 0,0,1,2; 0,0,3,0; 0,0,2,3
475.7385 	 	RESP   0 L2 ANSWER -2
475.7385 	 	FEEDB  FAIL 3 of 6
476.7849 	 	CUE
477.2991 	 	STIM   0, 0, 1, 0 RULE L2
477.6489 	 	TGT    0,0,0,1; 0,0,1,2; 0,0,3,0; 0,0,2,3
485.6774 	 	RESP   0 L2 ANSWER -1
485.6774 	 	FEEDB  FAIL 3 of 6
486.7493 	 	CUE
487.2667 	 	STIM   0, 0, 1, 1 RULE L2
487.6172 	 	TGT    0,0,0,1; 0,0,1,2; 0,0,3,0; 0,0,2,3
490.5230 	 	RESP   1 L2 ANSWER 1
490.5230 	 	FEEDB  CORRECT 4 of 6
491.5914 	 	CUE
492.1092 	 	STIM   0, 0, 1, 0 RULE L2
492.4592 	 	TGT    0,0,0,1; 0,0,1,2; 0,0,3,0; 0,0,2,3
497.2795 	 	RESP   0 L2 ANSWER -2
497.2795 	 	FEEDB  FAIL 4 of 6
498.3251 	 	CUE
498.8398 	 	STIM   0, 0, 0, 3 RULE L2
499.1884 	 	TGT    0,0,0,1; 0,0,1,2; 0,0,3,0; 0,0,2,3
505.8914 	 	RESP   1 L2 ANSWER 4
505.8914 	 	FEEDB  CORRECT 5 of 6
506.9378 	 	CUE
507.4541 	 	STIM   0, 0, 3, 1 RULE L2
507.8042 	 	TGT    0,0,0,1; 0,0,1,2; 0,0,3,0; 0,0,2,3
516.4939 	 	RESP   0 L2 ANSWER -2
516.4940 	 	FEEDB  FAIL 5 of 6
517.5404 	 	CUE
518.0569 	 	STIM   0, 0, 2, 2 RULE L2
518.4068 	 	TGT    0,0,0,1; 0,0,1,2; 0,0,3,0; 0,0,2,3
530.3829 	 	RESP   0 L2 ANSWER -3
530.3829 	 	FEEDB  FAIL 5 of 6
531.4323 	 	CUE
531.9490 	 	STIM   0, 0, 2, 2 RULE L2
532.2988 	 	TGT    0,0,0,1; 0,0,1,2; 0,0,3,0; 0,0,2,3
534.8930 	 	RESP   1 L2 ANSWER 2
534.8930 	 	FEEDB  CORRECT 6 of 6
535.9408 	 	CUE
536.4570 	 	STIM   0, 0, 1, 1 RULE L1
536.8074 	 	TGT    0,0,0,1; 0,0,1,2; 0,0,3,0; 0,0,2,3
539.2265 	 	RESP   0 L1 ANSWER -1
539.2265 	 	FEEDB  FAIL 0 of 6
540.2857 	 	CUE
540.7999 	 	STIM   0, 0, 1, 0 RULE L1
541.1486 	 	TGT    0,0,0,1; 0,0,1,2; 0,0,3,0; 0,0,2,3
542.1931 	 	RESP   1 L1 ANSWER 2
542.1931 	 	FEEDB  CORRECT 1 of 6
543.2358 	 	CUE
543.7539 	 	STIM   0, 0, 0, 2 RULE L1
544.1041 	 	TGT    0,0,0,1; 0,0,1,2; 0,0,3,0; 0,0,2,3
547.4305 	 	RESP   1 L1 ANSWER 1
547.4305 	 	FEEDB  CORRECT 2 of 6
548.4802 	 	CUE
548.9969 	 	STIM   0, 0, 2, 2 RULE L1
549.3467 	 	TGT    0,0,0,1; 0,0,1,2; 0,0,3,0; 0,0,2,3
550.1015 	 	RESP   1 L1 ANSWER 4
550.1015 	 	FEEDB  CORRECT 3 of 6
551.1506 	 	CUE
551.6681 	 	STIM   0, 0, 3, 1 RULE L1
552.0186 	 	TGT    0,0,0,1; 0,0,1,2; 0,0,3,0; 0,0,2,3
553.3794 	 	RESP   1 L1 ANSWER 3
553.3794 	 	FEEDB  CORRECT 4 of 6
554.4278 	 	CUE
554.9426 	 	STIM   0, 0, 0, 3 RULE L1
555.2909 	 	TGT    0,0,0,1; 0,0,1,2; 0,0,3,0; 0,0,2,3
556.0345 	 	RESP   1 L1 ANSWER 1
556.0345 	 	FEEDB  CORRECT 5 of 6
557.0782 	 	CUE
557.5956 	 	STIM   0, 0, 2, 0 RULE L1
557.9461 	 	TGT    0,0,0,1; 0,0,1,2; 0,0,3,0; 0,0,2,3
558.6490 	 	RESP   1 L1 ANSWER 4
558.6490 	 	FEEDB  CORRECT 6 of 6
559.7329 	 	CUE
560.2505 	 	STIM   0, 0, 0, 0 RULE L2
560.6009 	 	TGT    0,0,0,1; 0,0,1,2; 0,0,3,0; 0,0,2,3
561.3836 	 	RESP   0 L2 ANSWER -1
561.3836 	 	FEEDB  FAIL 0 of 7
562.4392 	 	CUE
562.9558 	 	STIM   0, 0, 3, 1 RULE L2
563.3056 	 	TGT    0,0,0,1; 0,0,1,2; 0,0,3,0; 0,0,2,3
583.1088 	 	RESP   0 L2 ANSWER -2
583.1088 	 	FEEDB  FAIL 0 of 7
584.1776 	 	CUE
584.6953 	 	STIM   0, 0, 3, 2 RULE L2
585.0457 	 	TGT    0,0,0,1; 0,0,1,2; 0,0,3,0; 0,0,2,3
585.5315 	 	RESP   0 L2 ANSWER -3
585.5315 	 	FEEDB  FAIL 0 of 7
586.5835 	 	CUE
587.1001 	 	STIM   0, 0, 3, 1 RULE L2
587.4499 	 	TGT    0,0,0,1; 0,0,1,2; 0,0,3,0; 0,0,2,3
591.8645 	 	RESP   1 L2 ANSWER 1
591.8645 	 	FEEDB  CORRECT 1 of 7
592.9119 	 	CUE
593.4280 	 	STIM   0, 0, 2, 2 RULE L2
593.7784 	 	TGT    0,0,0,1; 0,0,1,2; 0,0,3,0; 0,0,2,3
594.6230 	 	RESP   1 L2 ANSWER 2
594.6230 	 	FEEDB  CORRECT 2 of 7
595.6653 	 	CUE
596.1829 	 	STIM   0, 0, 1, 3 RULE L2
596.5333 	 	TGT    0,0,0,1; 0,0,1,2; 0,0,3,0; 0,0,2,3
598.0455 	 	RESP   1 L2 ANSWER 4
598.0455 	 	FEEDB  CORRECT 3 of 7
599.1053 	 	CUE
599.6228 	 	STIM   0, 0, 0, 0 RULE L2
599.9731 	 	TGT    0,0,0,1; 0,0,1,2; 0,0,3,0; 0,0,2,3
601.3235 	 	RESP   0 L2 ANSWER -2
601.3235 	 	FEEDB  FAIL 3 of 7
602.3775 	 	CUE
602.8955 	 	STIM   0, 0, 2, 1 RULE L2
603.2454 	 	TGT    0,0,0,1; 0,0,1,2; 0,0,3,0; 0,0,2,3
604.6020 	 	RESP   1 L2 ANSWER 1
604.6020 	 	FEEDB  CORRECT 4 of 7
605.6503 	 	CUE
606.1680 	 	STIM   0, 0, 3, 1 RULE L2
606.5182 	 	TGT    0,0,0,1; 0,0,1,2; 0,0,3,0; 0,0,2,3
608.3520 	 	RESP   0 L2 ANSWER -2
608.3520 	 	FEEDB  FAIL 4 of 7
609.4240 	 	CUE
609.9419 	 	STIM   0, 0, 0, 0 RULE L2
610.2916 	 	TGT    0,0,0,1; 0,0,1,2; 0,0,3,0; 0,0,2,3
694.2211 	 	RESP   1 L2 ANSWER 3
694.2211 	 	FEEDB  CORRECT 5 of 7
695.2691 	 	CUE
695.7838 	 	STIM   0, 0, 1, 0 RULE L2
696.1322 	 	TGT    0,0,0,1; 0,0,1,2; 0,0,3,0; 0,0,2,3
809.7237 	 	RESP   1 L2 ANSWER 3
809.7237 	 	FEEDB  CORRECT 6 of 7
810.7926 	 	CUE
811.3100 	 	STIM   0, 0, 2, 1 RULE L2
811.6605 	 	TGT    0,0,0,1; 0,0,1,2; 0,0,3,0; 0,0,2,3
813.6816 	 	RESP   1 L2 ANSWER 1
813.6817 	 	FEEDB  CORRECT 7 of 7
814.7498 	 	CUE
815.2672 	 	STIM   0, 0, 3, 3 RULE L1
815.6177 	 	TGT    0,0,0,1; 0,0,1,2; 0,0,3,0; 0,0,2,3
818.3751 	 	RESP   0 L1 ANSWER -2
818.3751 	 	FEEDB  FAIL 0 of 5
819.4263 	 	CUE
819.9430 	 	STIM   0, 0, 2, 0 RULE L1
820.2928 	 	TGT    0,0,0,1; 0,0,1,2; 0,0,3,0; 0,0,2,3
820.7982 	 	RESP   1 L1 ANSWER 4
820.7982 	 	FEEDB  CORRECT 1 of 5
821.8462 	 	CUE
822.3635 	 	STIM   0, 0, 3, 2 RULE L1
822.7141 	 	TGT    0,0,0,1; 0,0,1,2; 0,0,3,0; 0,0,2,3
829.6016 	 	RESP   1 L1 ANSWER 3
829.6016 	 	FEEDB  CORRECT 2 of 5
830.6493 	 	CUE
831.1636 	 	STIM   0, 0, 1, 0 RULE L1
831.5134 	 	TGT    0,0,0,1; 0,0,1,2; 0,0,3,0; 0,0,2,3
832.3682 	 	RESP   1 L1 ANSWER 2
832.3682 	 	FEEDB  CORRECT 3 of 5
833.4171 	 	CUE
833.9350 	 	STIM   0, 0, 3, 3 RULE L1
834.2851 	 	TGT    0,0,0,1; 0,0,1,2; 0,0,3,0; 0,0,2,3
835.1666 	 	RESP   1 L1 ANSWER 3
835.1667 	 	FEEDB  CORRECT 4 of 5
836.2055 	 	CUE
836.7233 	 	STIM   0, 0, 0, 3 RULE L1
837.0734 	 	TGT    0,0,0,1; 0,0,1,2; 0,0,3,0; 0,0,2,3
837.7177 	 	RESP   1 L1 ANSWER 1
837.7177 	 	FEEDB  CORRECT 5 of 5
838.7619 	 	CUE
839.2781 	 	STIM   0, 0, 2, 1 RULE L2
839.6283 	 	TGT    0,0,0,1; 0,0,1,2; 0,0,3,0; 0,0,2,3
840.3562 	 	RESP   0 L2 ANSWER -4
840.3562 	 	FEEDB  FAIL 0 of 5
841.3984 	 	CUE
841.9163 	 	STIM   0, 0, 1, 0 RULE L2
842.2663 	 	TGT    0,0,0,1; 0,0,1,2; 0,0,3,0; 0,0,2,3
875.6829 	 	RESP   0 L2 ANSWER -1
875.6829 	 	FEEDB  FAIL 0 of 5
876.7314 	 	CUE
877.2475 	 	STIM   0, 0, 2, 0 RULE L2
877.5978 	 	TGT    0,0,0,1; 0,0,1,2; 0,0,3,0; 0,0,2,3
891.1307 	 	RESP   0 L2 ANSWER -2
891.1307 	 	FEEDB  FAIL 0 of 5
892.1915 	 	CUE
892.7094 	 	STIM   0, 0, 0, 0 RULE L2
893.0591 	 	TGT    0,0,0,1; 0,0,1,2; 0,0,3,0; 0,0,2,3
895.6566 	 	RESP   0 L2 ANSWER -2
895.6567 	 	FEEDB  FAIL 0 of 5
896.7046 	 	CUE
897.2189 	 	STIM   0, 0, 0, 3 RULE L2
897.5677 	 	TGT    0,0,0,1; 0,0,1,2; 0,0,3,0; 0,0,2,3
900.1102 	 	RESP   1 L2 ANSWER 4
900.1102 	 	FEEDB  CORRECT 1 of 5
901.1591 	 	CUE
901.6758 	 	STIM   0, 0, 0, 3 RULE L2
902.0257 	 	TGT    0,0,0,1; 0,0,1,2; 0,0,3,0; 0,0,2,3
903.8687 	 	RESP   1 L2 ANSWER 4
903.8687 	 	FEEDB  CORRECT 2 of 5
904.9319 	 	CUE
905.4492 	 	STIM   0, 0, 0, 0 RULE L2
905.7995 	 	TGT    0,0,0,1; 0,0,1,2; 0,0,3,0; 0,0,2,3
916.9422 	 	RESP   1 L2 ANSWER 3
916.9422 	 	FEEDB  CORRECT 3 of 5
917.9900 	 	CUE
918.5065 	 	STIM   0, 0, 2, 1 RULE L2
918.8568 	 	TGT    0,0,0,1; 0,0,1,2; 0,0,3,0; 0,0,2,3
921.2757 	 	RESP   1 L2 ANSWER 1
921.2757 	 	FEEDB  CORRECT 4 of 5
922.3313 	 	CUE
922.8479 	 	STIM   0, 0, 3, 1 RULE L2
923.1978 	 	TGT    0,0,0,1; 0,0,1,2; 0,0,3,0; 0,0,2,3
927.7527 	 	RESP   0 L2 ANSWER -4
927.7527 	 	FEEDB  FAIL 4 of 5
928.7933 	 	CUE
929.3094 	 	STIM   0, 0, 2, 0 RULE L2
929.6598 	 	TGT    0,0,0,1; 0,0,1,2; 0,0,3,0; 0,0,2,3
933.2858 	 	RESP   0 L2 ANSWER -2
933.2858 	 	FEEDB  FAIL 4 of 5
934.3365 	 	CUE
934.8532 	 	STIM   0, 0, 3, 3 RULE L2
935.2030 	 	TGT    0,0,0,1; 0,0,1,2; 0,0,3,0; 0,0,2,3
937.3077 	 	RESP   0 L2 ANSWER -1
937.3077 	 	FEEDB  FAIL 4 of 5
938.3607 	 	CUE
938.8772 	 	STIM   0, 0, 2, 2 RULE L2
939.2271 	 	TGT    0,0,0,1; 0,0,1,2; 0,0,3,0; 0,0,2,3
939.7387 	 	RESP   0 L2 ANSWER -4
939.7388 	 	FEEDB  FAIL 4 of 5
940.7806 	 	CUE
941.2979 	 	STIM   0, 0, 2, 2 RULE L2
941.6483 	 	TGT    0,0,0,1; 0,0,1,2; 0,0,3,0; 0,0,2,3
943.4008 	 	RESP   1 L2 ANSWER 2
943.4008 	 	FEEDB  CORRECT 5 of 5
944.4572 	 	Running set .\configs\sets\noise_of_shapes_2-test.json
944.4574 	 	Using deck: 0: 0,0,2,1 | 1: 0,0,0,0 | 2: 0,0,3,3 | 3: 0,0,1,2 
947.3594 	 	CUE
947.8771 	 	STIM   0, 0, 0, 1 RULE L2
948.2269 	 	TGT    0,0,2,1; 0,0,0,0; 0,0,3,3; 0,0,1,2
952.1002 	 	RESP   0 L2 ANSWER -3
952.1002 	 	FEEDB  FAIL 0 of 7
953.5204 	 	CUE
954.0377 	 	STIM   0, 0, 2, 2 RULE L2
954.3883 	 	TGT    0,0,2,1; 0,0,0,0; 0,0,3,3; 0,0,1,2
955.0988 	 	RESP   1 L2 ANSWER 4
955.0988 	 	FEEDB  CORRECT 1 of 7
956.2929 	 	CUE
956.8101 	 	STIM   0, 0, 3, 1 RULE L2
957.1599 	 	TGT    0,0,2,1; 0,0,0,0; 0,0,3,3; 0,0,1,2
958.1052 	 	RESP   1 L2 ANSWER 1
958.1052 	 	FEEDB  CORRECT 2 of 7
959.1471 	 	CUE
959.6713 	 	STIM   0, 0, 2, 2 RULE L2
960.0151 	 	TGT    0,0,2,1; 0,0,0,0; 0,0,3,3; 0,0,1,2
960.6563 	 	RESP   1 L2 ANSWER 4
960.6563 	 	FEEDB  CORRECT 3 of 7
961.7021 	 	CUE
962.2194 	 	STIM   0, 0, 2, 2 RULE L2
962.5699 	 	TGT    0,0,2,1; 0,0,0,0; 0,0,3,3; 0,0,1,2
963.7828 	 	RESP   1 L2 ANSWER 4
963.7828 	 	FEEDB  CORRECT 4 of 7
964.8434 	 	CUE
965.3589 	 	STIM   0, 0, 2, 0 RULE L2
965.7091 	 	TGT    0,0,2,1; 0,0,0,0; 0,0,3,3; 0,0,1,2
966.5733 	 	RESP   1 L2 ANSWER 2
966.5733 	 	FEEDB  CORRECT 5 of 7
967.6129 	 	CUE
968.1302 	 	STIM   0, 0, 2, 0 RULE L2
968.4807 	 	TGT    0,0,2,1; 0,0,0,0; 0,0,3,3; 0,0,1,2
969.0198 	 	RESP   1 L2 ANSWER 2
969.0198 	 	FEEDB  CORRECT 6 of 7
970.0671 	 	CUE
970.5850 	 	STIM   0, 0, 3, 1 RULE L2
970.9353 	 	TGT    0,0,2,1; 0,0,0,0; 0,0,3,3; 0,0,1,2
971.8587 	 	RESP   1 L2 ANSWER 1
971.8587 	 	FEEDB  CORRECT 7 of 7
972.9075 	 	CUE
973.4236 	 	STIM   0, 0, 0, 1 RULE L1
973.7739 	 	TGT    0,0,2,1; 0,0,0,0; 0,0,3,3; 0,0,1,2
974.3533 	 	RESP   0 L1 ANSWER -1
974.3533 	 	FEEDB  FAIL 0 of 5
975.3937 	 	CUE
975.9114 	 	STIM   0, 0, 0, 1 RULE L1
976.2616 	 	TGT    0,0,2,1; 0,0,0,0; 0,0,3,3; 0,0,1,2
977.0479 	 	RESP   1 L1 ANSWER 2
977.0479 	 	FEEDB  CORRECT 1 of 5
978.1151 	 	CUE
978.6330 	 	STIM   0, 0, 2, 2 RULE L1
978.9833 	 	TGT    0,0,2,1; 0,0,0,0; 0,0,3,3; 0,0,1,2
979.9904 	 	RESP   1 L1 ANSWER 1
979.9904 	 	FEEDB  CORRECT 2 of 5
981.0571 	 	CUE
981.5720 	 	STIM   0, 0, 0, 2 RULE L1
981.9221 	 	TGT    0,0,2,1; 0,0,0,0; 0,0,3,3; 0,0,1,2
982.7173 	 	RESP   1 L1 ANSWER 2
982.7173 	 	FEEDB  CORRECT 3 of 5
983.8761 	 	CUE
984.3958 	 	STIM   0, 0, 1, 0 RULE L1
984.7440 	 	TGT    0,0,2,1; 0,0,0,0; 0,0,3,3; 0,0,1,2
985.9236 	 	RESP   0 L1 ANSWER -3
985.9236 	 	FEEDB  FAIL 3 of 5
986.9649 	 	CUE
987.4828 	 	STIM   0, 0, 2, 2 RULE L1
987.8330 	 	TGT    0,0,2,1; 0,0,0,0; 0,0,3,3; 0,0,1,2
988.3063 	 	RESP   0 L1 ANSWER -4
988.3063 	 	FEEDB  FAIL 3 of 5
989.3692 	 	CUE
989.8871 	 	STIM   0, 0, 2, 3 RULE L1
990.2371 	 	TGT    0,0,2,1; 0,0,0,0; 0,0,3,3; 0,0,1,2
992.5362 	 	RESP   0 L1 ANSWER -3
992.5363 	 	FEEDB  FAIL 3 of 5
993.5958 	 	CUE
994.1113 	 	STIM   0, 0, 3, 2 RULE L1
994.4616 	 	TGT    0,0,2,1; 0,0,0,0; 0,0,3,3; 0,0,1,2
995.4788 	 	RESP   0 L1 ANSWER -4
995.4788 	 	FEEDB  FAIL 3 of 5
996.5324 	 	CUE
997.0500 	 	STIM   0, 0, 3, 2 RULE L1
997.4003 	 	TGT    0,0,2,1; 0,0,0,0; 0,0,3,3; 0,0,1,2
997.8776 	 	RESP   1 L1 ANSWER 3
997.8776 	 	FEEDB  CORRECT 4 of 5
998.9202 	 	CUE
999.4378 	 	STIM   0, 0, 3, 1 RULE L1
999.7883 	 	TGT    0,0,2,1; 0,0,0,0; 0,0,3,3; 0,0,1,2
1000.5243 	 	RESP   1 L1 ANSWER 3
1000.5243 	 	FEEDB  CORRECT 5 of 5
1001.5939 	 	CUE
1002.1093 	 	STIM   0, 0, 1, 1 RULE L2
1002.4596 	 	TGT    0,0,2,1; 0,0,0,0; 0,0,3,3; 0,0,1,2
1003.3547 	 	RESP   0 L2 ANSWER -4
1003.3547 	 	FEEDB  FAIL 0 of 6
1004.4135 	 	CUE
1004.9335 	 	STIM   0, 0, 0, 3 RULE L2
1005.2814 	 	TGT    0,0,2,1; 0,0,0,0; 0,0,3,3; 0,0,1,2
1005.9615 	 	RESP   0 L2 ANSWER -2
1005.9615 	 	FEEDB  FAIL 0 of 6
1007.0013 	 	CUE
1007.5193 	 	STIM   0, 0, 2, 0 RULE L2
1007.8697 	 	TGT    0,0,2,1; 0,0,0,0; 0,0,3,3; 0,0,1,2
1009.5758 	 	RESP   1 L2 ANSWER 2
1009.5758 	 	FEEDB  CORRECT 1 of 6
1010.6264 	 	CUE
1011.1426 	 	STIM   0, 0, 3, 1 RULE L2
1011.4929 	 	TGT    0,0,2,1; 0,0,0,0; 0,0,3,3; 0,0,1,2
1012.3582 	 	RESP   1 L2 ANSWER 1
1012.3583 	 	FEEDB  CORRECT 2 of 6
1013.4132 	 	CUE
1013.9310 	 	STIM   0, 0, 1, 0 RULE L2
1014.2811 	 	TGT    0,0,2,1; 0,0,0,0; 0,0,3,3; 0,0,1,2
1015.2048 	 	RESP   1 L2 ANSWER 2
1015.2049 	 	FEEDB  CORRECT 3 of 6
1016.2518 	 	CUE
1016.7697 	 	STIM   0, 0, 0, 3 RULE L2
1017.1196 	 	TGT    0,0,2,1; 0,0,0,0; 0,0,3,3; 0,0,1,2
1018.1393 	 	RESP   0 L2 ANSWER -2
1018.1393 	 	FEEDB  FAIL 3 of 6
1019.1905 	 	CUE
1019.7083 	 	STIM   0, 0, 0, 3 RULE L2
1020.0583 	 	TGT    0,0,2,1; 0,0,0,0; 0,0,3,3; 0,0,1,2
1021.4578 	 	RESP   1 L2 ANSWER 3
1021.4578 	 	FEEDB  CORRECT 4 of 6
1022.5133 	 	CUE
1023.0309 	 	STIM   0, 0, 1, 3 RULE L2
1023.3813 	 	TGT    0,0,2,1; 0,0,0,0; 0,0,3,3; 0,0,1,2
1024.0563 	 	RESP   1 L2 ANSWER 3
1024.0563 	 	FEEDB  CORRECT 5 of 6
1025.1012 	 	CUE
1025.6191 	 	STIM   0, 0, 1, 0 RULE L2
1025.9692 	 	TGT    0,0,2,1; 0,0,0,0; 0,0,3,3; 0,0,1,2
1026.9111 	 	RESP   1 L2 ANSWER 2
1026.9111 	 	FEEDB  CORRECT 6 of 6
1027.9580 	 	CUE
1028.4744 	 	STIM   0, 0, 0, 3 RULE L1
1028.8247 	 	TGT    0,0,2,1; 0,0,0,0; 0,0,3,3; 0,0,1,2
1030.3493 	 	RESP   0 L1 ANSWER -3
1030.3493 	 	FEEDB  FAIL 0 of 7
1031.4006 	 	CUE
1031.9146 	 	STIM   0, 0, 0, 3 RULE L1
1032.2641 	 	TGT    0,0,2,1; 0,0,0,0; 0,0,3,3; 0,0,1,2
1032.8603 	 	RESP   1 L1 ANSWER 2
1032.8603 	 	FEEDB  CORRECT 1 of 7
1033.9010 	 	CUE
1034.4184 	 	STIM   0, 0, 3, 1 RULE L1
1034.7690 	 	TGT    0,0,2,1; 0,0,0,0; 0,0,3,3; 0,0,1,2
1036.3063 	 	RESP   1 L1 ANSWER 3
1036.3063 	 	FEEDB  CORRECT 2 of 7
1037.3586 	 	CUE
1037.8752 	 	STIM   0, 0, 2, 0 RULE L1
1038.2250 	 	TGT    0,0,2,1; 0,0,0,0; 0,0,3,3; 0,0,1,2
1039.3608 	 	RESP   0 L1 ANSWER -3
1039.3608 	 	FEEDB  FAIL 2 of 7
1040.4127 	 	CUE
1040.9306 	 	STIM   0, 0, 1, 0 RULE L1
1041.2806 	 	TGT    0,0,2,1; 0,0,0,0; 0,0,3,3; 0,0,1,2
1041.9037 	 	RESP   1 L1 ANSWER 4
1041.9037 	 	FEEDB  CORRECT 3 of 7
1042.9506 	 	CUE
1043.4683 	 	STIM   0, 0, 0, 2 RULE L1
1043.8188 	 	TGT    0,0,2,1; 0,0,0,0; 0,0,3,3; 0,0,1,2
1044.3663 	 	RESP   1 L1 ANSWER 2
1044.3663 	 	FEEDB  CORRECT 4 of 7
1045.4066 	 	CUE
1045.9230 	 	STIM   0, 0, 2, 2 RULE L1
1046.2731 	 	TGT    0,0,2,1; 0,0,0,0; 0,0,3,3; 0,0,1,2
1047.8208 	 	RESP   1 L1 ANSWER 1
1047.8208 	 	FEEDB  CORRECT 5 of 7
1048.8631 	 	CUE
1049.3794 	 	STIM   0, 0, 2, 3 RULE L1
1049.7296 	 	TGT    0,0,2,1; 0,0,0,0; 0,0,3,3; 0,0,1,2
1050.5952 	 	RESP   1 L1 ANSWER 1
1050.5952 	 	FEEDB  CORRECT 6 of 7
1051.6501 	 	CUE
1052.1674 	 	STIM   0, 0, 3, 2 RULE L1
1052.5180 	 	TGT    0,0,2,1; 0,0,0,0; 0,0,3,3; 0,0,1,2
1052.9060 	 	RESP   1 L1 ANSWER 3
1052.9060 	 	FEEDB  CORRECT 7 of 7
1053.9540 	 	CUE
1054.4718 	 	STIM   0, 0, 0, 1 RULE L2
1054.8224 	 	TGT    0,0,2,1; 0,0,0,0; 0,0,3,3; 0,0,1,2
1055.2088 	 	RESP   0 L2 ANSWER -2
1055.2088 	 	FEEDB  FAIL 0 of 5
1056.2598 	 	CUE
1056.7764 	 	STIM   0, 0, 3, 2 RULE L2
1057.1262 	 	TGT    0,0,2,1; 0,0,0,0; 0,0,3,3; 0,0,1,2
1058.6793 	 	RESP   1 L2 ANSWER 4
1058.6793 	 	FEEDB  CORRECT 1 of 5
1059.7355 	 	CUE
1060.2497 	 	STIM   0, 0, 0, 1 RULE L2
1060.5995 	 	TGT    0,0,2,1; 0,0,0,0; 0,0,3,3; 0,0,1,2
1061.4219 	 	RESP   0 L2 ANSWER -3
1061.4219 	 	FEEDB  FAIL 1 of 5
1062.4698 	 	CUE
1062.9871 	 	STIM   0, 0, 1, 1 RULE L2
1063.3377 	 	TGT    0,0,2,1; 0,0,0,0; 0,0,3,3; 0,0,1,2
1064.4123 	 	RESP   1 L2 ANSWER 1
1064.4123 	 	FEEDB  CORRECT 2 of 5
1065.4600 	 	CUE
1065.9762 	 	STIM   0, 0, 2, 0 RULE L2
1066.3264 	 	TGT    0,0,2,1; 0,0,0,0; 0,0,3,3; 0,0,1,2
1066.8433 	 	RESP   1 L2 ANSWER 2
1066.8433 	 	FEEDB  CORRECT 3 of 5
1067.8965 	 	CUE
1068.4141 	 	STIM   0, 0, 1, 0 RULE L2
1068.7645 	 	TGT    0,0,2,1; 0,0,0,0; 0,0,3,3; 0,0,1,2
1070.6413 	 	RESP   1 L2 ANSWER 2
1070.6413 	 	FEEDB  CORRECT 4 of 5
1071.6882 	 	CUE
1072.2044 	 	STIM   0, 0, 1, 0 RULE L2
1072.5546 	 	TGT    0,0,2,1; 0,0,0,0; 0,0,3,3; 0,0,1,2
1073.0240 	 	RESP   1 L2 ANSWER 2
1073.0240 	 	FEEDB  CORRECT 5 of 5
1074.0742 	 	CUE
1074.5921 	 	STIM   0, 0, 3, 1 RULE L1
1074.9422 	 	TGT    0,0,2,1; 0,0,0,0; 0,0,3,3; 0,0,1,2
1075.5828 	 	RESP   0 L1 ANSWER -1
1075.5828 	 	FEEDB  FAIL 0 of 6
1076.6306 	 	CUE
1077.1467 	 	STIM   0, 0, 2, 0 RULE L1
1077.4970 	 	TGT    0,0,2,1; 0,0,0,0; 0,0,3,3; 0,0,1,2
1079.6130 	 	RESP   1 L1 ANSWER 1
1079.6130 	 	FEEDB  CORRECT 1 of 6
1080.6719 	 	CUE
1081.1875 	 	STIM   0, 0, 3, 0 RULE L1
1081.5378 	 	TGT    0,0,2,1; 0,0,0,0; 0,0,3,3; 0,0,1,2
1082.2993 	 	RESP   1 L1 ANSWER 3
1082.2994 	 	FEEDB  CORRECT 2 of 6
1083.3412 	 	CUE
1083.8591 	 	STIM   0, 0, 0, 3 RULE L1
1084.2092 	 	TGT    0,0,2,1; 0,0,0,0; 0,0,3,3; 0,0,1,2
1084.8741 	 	RESP   1 L1 ANSWER 2
1084.8741 	 	FEEDB  CORRECT 3 of 6
1085.9140 	 	CUE
1086.4305 	 	STIM   0, 0, 2, 0 RULE L1
1086.7809 	 	TGT    0,0,2,1; 0,0,0,0; 0,0,3,3; 0,0,1,2
1087.3608 	 	RESP   1 L1 ANSWER 1
1087.3609 	 	FEEDB  CORRECT 4 of 6
1088.4005 	 	CUE
1088.9182 	 	STIM   0, 0, 1, 0 RULE L1
1089.2684 	 	TGT    0,0,2,1; 0,0,0,0; 0,0,3,3; 0,0,1,2
1090.1353 	 	RESP   0 L1 ANSWER -3
1090.1353 	 	FEEDB  FAIL 4 of 6
1091.2057 	 	CUE
1091.7235 	 	STIM   0, 0, 0, 3 RULE L1
1092.0735 	 	TGT    0,0,2,1; 0,0,0,0; 0,0,3,3; 0,0,1,2
1092.5983 	 	RESP   1 L1 ANSWER 2
1092.5983 	 	FEEDB  CORRECT 5 of 6
1093.6450 	 	CUE
1094.1612 	 	STIM   0, 0, 2, 0 RULE L1
1094.5115 	 	TGT    0,0,2,1; 0,0,0,0; 0,0,3,3; 0,0,1,2
1095.2848 	 	RESP   1 L1 ANSWER 1
1095.2849 	 	FEEDB  CORRECT 6 of 6
