0.0001 	 	Subj ID: pilot_globals_14.07.22_terje
0.0005 	 	Run: 2014-07-22 13:15:43.790297
0.0005 	 	Age: 18
0.0006 	 	Group: Control
0.0006 	 	--------------------------------------------------------
0.0006 	 	INFO
0.0006 	 	timestamp CUE
0.0006 	 	timestamp STIM  [state for each rule G1 G2 L1 L2 : 0,1,2,3] RULE [current rule]
0.0006 	 	timestamp TGT   [states for each card / Up, Right, Down, Left: 0,1,2,3; 0,1,2,3;...]
0.0006 	 	timestamp RESP  [correct: 1/0] [current rule: G1, G2, L1, L2] ANSWER [card selected: 1(up), 2(right), 3(down), 4(left)]
0.0006 	 	timestamp FEEDB [correct/fail] [correct answers] of [series length]
0.0006 	 	--------------------------------------------------------
44.2624 	 	Running set .\configs\test\faces_of_shapes_1i.json
44.2627 	 	Using deck: 0: 1,1,0,0 | 1: 0,2,1,1 | 2: 2,0,3,2 | 3: 3,3,2,3 
81.2083 	 	CUE
81.7250 	 	STIM   1, 3, 3, 0 RULE L1
82.0752 	 	TGT    3,1,0,0; 1,2,1,1; 0,0,3,2; 2,3,2,3
177.4311 	 	RESP   0 L1 ANSWER -2
177.4311 	 	FEEDB  FAIL 0 of 7
178.5186 	 	CUE
179.0362 	 	STIM   1, 3, 0, 2 RULE L1
179.3863 	 	TGT    3,1,0,0; 1,2,1,1; 0,0,3,2; 2,3,2,3
186.6427 	 	RESP   0 L1 ANSWER -4
186.6427 	 	FEEDB  FAIL 0 of 7
187.6868 	 	CUE
188.2029 	 	STIM   1, 3, 0, 2 RULE L1
188.5533 	 	TGT    3,1,0,0; 1,2,1,1; 0,0,3,2; 2,3,2,3
196.5256 	 	RESP   1 L1 ANSWER 1
196.5256 	 	FEEDB  CORRECT 1 of 7
197.5715 	 	CUE
198.0878 	 	STIM   1, 3, 0, 2 RULE L1
198.4379 	 	TGT    3,1,0,0; 1,2,1,1; 0,0,3,2; 2,3,2,3
205.0174 	 	RESP   1 L1 ANSWER 1
205.0174 	 	FEEDB  CORRECT 2 of 7
206.1022 	 	CUE
206.6200 	 	STIM   0, 2, 0, 3 RULE L1
206.9705 	 	TGT    3,1,0,0; 1,2,1,1; 0,0,3,2; 2,3,2,3
211.2382 	 	RESP   1 L1 ANSWER 1
211.2382 	 	FEEDB  CORRECT 3 of 7
212.2816 	 	CUE
212.7983 	 	STIM   1, 3, 0, 2 RULE L1
213.1481 	 	TGT    3,1,0,0; 1,2,1,1; 0,0,3,2; 2,3,2,3
214.6446 	 	RESP   1 L1 ANSWER 1
214.6446 	 	FEEDB  CORRECT 4 of 7
215.7044 	 	CUE
216.2209 	 	STIM   3, 0, 1, 3 RULE L1
216.5712 	 	TGT    3,1,0,0; 1,2,1,1; 0,0,3,2; 2,3,2,3
217.8432 	 	RESP   1 L1 ANSWER 2
217.8432 	 	FEEDB  CORRECT 5 of 7
218.9093 	 	CUE
219.4269 	 	STIM   3, 0, 2, 1 RULE L1
219.7772 	 	TGT    3,1,0,0; 1,2,1,1; 0,0,3,2; 2,3,2,3
222.6647 	 	RESP   1 L1 ANSWER 4
222.6647 	 	FEEDB  CORRECT 6 of 7
223.7514 	 	CUE
224.2687 	 	STIM   0, 3, 0, 1 RULE L1
224.6192 	 	TGT    3,1,0,0; 1,2,1,1; 0,0,3,2; 2,3,2,3
225.2951 	 	RESP   1 L1 ANSWER 1
225.2951 	 	FEEDB  CORRECT 7 of 7
226.3591 	 	CUE
226.8741 	 	STIM   0, 1, 2, 1 RULE G1
227.2239 	 	TGT    3,1,0,0; 1,2,1,1; 0,0,3,2; 2,3,2,3
228.9497 	 	RESP   0 G1 ANSWER -4
228.9497 	 	FEEDB  FAIL 0 of 6
229.9977 	 	CUE
230.5139 	 	STIM   0, 2, 0, 3 RULE G1
230.8641 	 	TGT    3,1,0,0; 1,2,1,1; 0,0,3,2; 2,3,2,3
256.7356 	 	RESP   1 G1 ANSWER 3
256.7357 	 	FEEDB  CORRECT 1 of 6
257.7973 	 	CUE
258.3147 	 	STIM   2, 0, 0, 1 RULE G1
258.6650 	 	TGT    3,1,0,0; 1,2,1,1; 0,0,3,2; 2,3,2,3
260.6777 	 	RESP   0 G1 ANSWER -3
260.6777 	 	FEEDB  FAIL 1 of 6
261.7383 	 	CUE
262.2552 	 	STIM   3, 2, 3, 3 RULE G1
262.6054 	 	TGT    3,1,0,0; 1,2,1,1; 0,0,3,2; 2,3,2,3
265.8751 	 	RESP   0 G1 ANSWER -3
265.8751 	 	FEEDB  FAIL 1 of 6
266.9153 	 	CUE
267.4314 	 	STIM   0, 2, 0, 3 RULE G1
267.7817 	 	TGT    3,1,0,0; 1,2,1,1; 0,0,3,2; 2,3,2,3
271.3201 	 	RESP   0 G1 ANSWER -4
271.3201 	 	FEEDB  FAIL 1 of 6
272.4070 	 	CUE
272.9248 	 	STIM   1, 1, 3, 3 RULE G1
273.2748 	 	TGT    3,1,0,0; 1,2,1,1; 0,0,3,2; 2,3,2,3
274.5427 	 	RESP   1 G1 ANSWER 2
274.5427 	 	FEEDB  CORRECT 2 of 6
275.6129 	 	CUE
276.1303 	 	STIM   1, 1, 3, 3 RULE G1
276.4808 	 	TGT    3,1,0,0; 1,2,1,1; 0,0,3,2; 2,3,2,3
291.3101 	 	RESP   1 G1 ANSWER 2
291.3102 	 	FEEDB  CORRECT 3 of 6
292.3616 	 	CUE
292.8782 	 	STIM   1, 3, 0, 2 RULE G1
293.2280 	 	TGT    3,1,0,0; 1,2,1,1; 0,0,3,2; 2,3,2,3
322.3667 	 	RESP   1 G1 ANSWER 2
322.3667 	 	FEEDB  CORRECT 4 of 6
323.4337 	 	CUE
323.9514 	 	STIM   1, 0, 2, 0 RULE G1
324.3016 	 	TGT    3,1,0,0; 1,2,1,1; 0,0,3,2; 2,3,2,3
347.5861 	 	RESP   1 G1 ANSWER 2
347.5862 	 	FEEDB  CORRECT 5 of 6
348.6348 	 	CUE
349.1490 	 	STIM   0, 3, 0, 1 RULE G1
349.4978 	 	TGT    3,1,0,0; 1,2,1,1; 0,0,3,2; 2,3,2,3
357.7890 	 	RESP   0 G1 ANSWER -2
357.7890 	 	FEEDB  FAIL 5 of 6
358.8499 	 	CUE
359.3663 	 	STIM   2, 2, 0, 2 RULE G1
359.7166 	 	TGT    3,1,0,0; 1,2,1,1; 0,0,3,2; 2,3,2,3
363.9301 	 	RESP   0 G1 ANSWER -3
363.9301 	 	FEEDB  FAIL 5 of 6
364.9812 	 	CUE
365.4948 	 	STIM   0, 3, 0, 1 RULE G1
365.8446 	 	TGT    3,1,0,0; 1,2,1,1; 0,0,3,2; 2,3,2,3
379.9938 	 	RESP   1 G1 ANSWER 3
379.9938 	 	FEEDB  CORRECT 6 of 6
381.0578 	 	CUE
381.5737 	 	STIM   2, 0, 1, 0 RULE L2
381.9239 	 	TGT    3,1,0,0; 1,2,1,1; 0,0,3,2; 2,3,2,3
385.6392 	 	RESP   1 L2 ANSWER 1
385.6392 	 	FEEDB  CORRECT 1 of 6
386.6844 	 	CUE
387.2005 	 	STIM   3, 2, 3, 3 RULE L2
387.5507 	 	TGT    3,1,0,0; 1,2,1,1; 0,0,3,2; 2,3,2,3
390.5568 	 	RESP   0 L2 ANSWER -2
390.5568 	 	FEEDB  FAIL 1 of 6
391.6420 	 	CUE
392.1594 	 	STIM   3, 3, 1, 2 RULE L2
392.5098 	 	TGT    3,1,0,0; 1,2,1,1; 0,0,3,2; 2,3,2,3
398.0968 	 	RESP   0 L2 ANSWER -1
398.0968 	 	FEEDB  FAIL 1 of 6
399.1402 	 	CUE
399.6569 	 	STIM   1, 0, 0, 3 RULE L2
400.0067 	 	TGT    3,1,0,0; 1,2,1,1; 0,0,3,2; 2,3,2,3
420.5657 	 	RESP   0 L2 ANSWER -1
420.5657 	 	FEEDB  FAIL 1 of 6
421.6149 	 	CUE
422.1311 	 	STIM   1, 1, 3, 3 RULE L2
422.4814 	 	TGT    3,1,0,0; 1,2,1,1; 0,0,3,2; 2,3,2,3
426.5707 	 	RESP   0 L2 ANSWER -1
426.5707 	 	FEEDB  FAIL 1 of 6
427.6580 	 	CUE
428.1753 	 	STIM   0, 2, 2, 0 RULE L2
428.5257 	 	TGT    3,1,0,0; 1,2,1,1; 0,0,3,2; 2,3,2,3
461.5452 	 	RESP   1 L2 ANSWER 1
461.5452 	 	FEEDB  CORRECT 2 of 6
462.6064 	 	CUE
463.1228 	 	STIM   0, 3, 1, 0 RULE L2
463.4731 	 	TGT    3,1,0,0; 1,2,1,1; 0,0,3,2; 2,3,2,3
466.6387 	 	RESP   0 L2 ANSWER -4
466.6387 	 	FEEDB  FAIL 2 of 6
467.6982 	 	CUE
468.2154 	 	STIM   2, 1, 1, 2 RULE L2
468.5658 	 	TGT    3,1,0,0; 1,2,1,1; 0,0,3,2; 2,3,2,3
473.8911 	 	RESP   0 L2 ANSWER -1
473.8911 	 	FEEDB  FAIL 2 of 6
474.9609 	 	CUE
475.4787 	 	STIM   0, 3, 0, 1 RULE L2
475.8292 	 	TGT    3,1,0,0; 1,2,1,1; 0,0,3,2; 2,3,2,3
483.5662 	 	RESP   0 L2 ANSWER -4
483.5662 	 	FEEDB  FAIL 2 of 6
484.6136 	 	CUE
485.1297 	 	STIM   1, 3, 0, 2 RULE L2
485.4801 	 	TGT    3,1,0,0; 1,2,1,1; 0,0,3,2; 2,3,2,3
487.8362 	 	RESP   0 L2 ANSWER -1
487.8362 	 	FEEDB  FAIL 2 of 6
488.8881 	 	CUE
489.4044 	 	STIM   0, 3, 0, 1 RULE L2
489.7547 	 	TGT    3,1,0,0; 1,2,1,1; 0,0,3,2; 2,3,2,3
491.3942 	 	RESP   1 L2 ANSWER 2
491.3942 	 	FEEDB  CORRECT 3 of 6
492.4445 	 	CUE
492.9607 	 	STIM   1, 0, 0, 3 RULE L2
493.3109 	 	TGT    3,1,0,0; 1,2,1,1; 0,0,3,2; 2,3,2,3
495.8002 	 	RESP   1 L2 ANSWER 4
495.8002 	 	FEEDB  CORRECT 4 of 6
496.8527 	 	CUE
497.3689 	 	STIM   2, 0, 1, 0 RULE L2
497.7193 	 	TGT    3,1,0,0; 1,2,1,1; 0,0,3,2; 2,3,2,3
504.7637 	 	RESP   0 L2 ANSWER -2
504.7637 	 	FEEDB  FAIL 4 of 6
505.8511 	 	CUE
506.3684 	 	STIM   3, 2, 2, 2 RULE L2
506.7190 	 	TGT    3,1,0,0; 1,2,1,1; 0,0,3,2; 2,3,2,3
508.2977 	 	RESP   1 L2 ANSWER 3
508.2977 	 	FEEDB  CORRECT 5 of 6
509.3420 	 	CUE
509.8586 	 	STIM   2, 1, 1, 2 RULE L2
510.2085 	 	TGT    3,1,0,0; 1,2,1,1; 0,0,3,2; 2,3,2,3
570.4507 	 	RESP   0 L2 ANSWER -1
570.4507 	 	FEEDB  FAIL 5 of 6
571.5379 	 	CUE
572.0552 	 	STIM   1, 1, 2, 2 RULE L2
572.4058 	 	TGT    3,1,0,0; 1,2,1,1; 0,0,3,2; 2,3,2,3
575.4960 	 	RESP   1 L2 ANSWER 3
575.4960 	 	FEEDB  CORRECT 6 of 6
576.5637 	 	CUE
577.0812 	 	STIM   3, 2, 3, 3 RULE G2
577.4317 	 	TGT    3,1,0,0; 1,2,1,1; 0,0,3,2; 2,3,2,3
580.4537 	 	RESP   0 G2 ANSWER -4
580.4538 	 	FEEDB  FAIL 0 of 5
581.5395 	 	CUE
582.0569 	 	STIM   0, 1, 1, 3 RULE G2
582.4073 	 	TGT    3,1,0,0; 1,2,1,1; 0,0,3,2; 2,3,2,3
590.7926 	 	RESP   1 G2 ANSWER 1
590.7926 	 	FEEDB  CORRECT 1 of 5
591.8431 	 	CUE
592.3594 	 	STIM   0, 3, 1, 0 RULE G2
592.7097 	 	TGT    3,1,0,0; 1,2,1,1; 0,0,3,2; 2,3,2,3
596.0857 	 	RESP   0 G2 ANSWER -1
596.0857 	 	FEEDB  FAIL 1 of 5
597.1515 	 	CUE
597.6693 	 	STIM   2, 2, 3, 0 RULE G2
598.0191 	 	TGT    3,1,0,0; 1,2,1,1; 0,0,3,2; 2,3,2,3
600.2917 	 	RESP   1 G2 ANSWER 2
600.2917 	 	FEEDB  CORRECT 2 of 5
601.3438 	 	CUE
601.8601 	 	STIM   0, 3, 1, 0 RULE G2
602.2102 	 	TGT    3,1,0,0; 1,2,1,1; 0,0,3,2; 2,3,2,3
604.9212 	 	RESP   0 G2 ANSWER -3
604.9212 	 	FEEDB  FAIL 2 of 5
605.9721 	 	CUE
606.4869 	 	STIM   2, 0, 0, 1 RULE G2
606.8355 	 	TGT    3,1,0,0; 1,2,1,1; 0,0,3,2; 2,3,2,3
615.5562 	 	RESP   0 G2 ANSWER -4
615.5562 	 	FEEDB  FAIL 2 of 5
616.6052 	 	CUE
617.1213 	 	STIM   0, 1, 1, 3 RULE G2
617.4716 	 	TGT    3,1,0,0; 1,2,1,1; 0,0,3,2; 2,3,2,3
621.9847 	 	RESP   1 G2 ANSWER 1
621.9847 	 	FEEDB  CORRECT 3 of 5
623.0333 	 	CUE
623.5499 	 	STIM   3, 2, 2, 2 RULE G2
623.8997 	 	TGT    3,1,0,0; 1,2,1,1; 0,0,3,2; 2,3,2,3
626.0707 	 	RESP   1 G2 ANSWER 2
626.0707 	 	FEEDB  CORRECT 4 of 5
627.1242 	 	CUE
627.6408 	 	STIM   0, 2, 0, 3 RULE G2
627.9906 	 	TGT    3,1,0,0; 1,2,1,1; 0,0,3,2; 2,3,2,3
631.9797 	 	RESP   1 G2 ANSWER 2
631.9797 	 	FEEDB  CORRECT 5 of 5
633.0502 	 	CUE
633.5680 	 	STIM   1, 1, 2, 2 RULE L1
633.9181 	 	TGT    3,1,0,0; 1,2,1,1; 0,0,3,2; 2,3,2,3
635.7542 	 	RESP   0 L1 ANSWER -1
635.7542 	 	FEEDB  FAIL 0 of 5
636.8239 	 	CUE
637.3416 	 	STIM   1, 3, 3, 0 RULE L1
637.6921 	 	TGT    3,1,0,0; 1,2,1,1; 0,0,3,2; 2,3,2,3
655.9357 	 	RESP   0 L1 ANSWER -4
655.9357 	 	FEEDB  FAIL 0 of 5
656.9788 	 	CUE
657.4954 	 	STIM   1, 3, 3, 0 RULE L1
657.8454 	 	TGT    3,1,0,0; 1,2,1,1; 0,0,3,2; 2,3,2,3
660.6699 	 	RESP   0 L1 ANSWER -4
660.6700 	 	FEEDB  FAIL 0 of 5
661.7212 	 	CUE
662.2372 	 	STIM   2, 2, 0, 2 RULE L1
662.5875 	 	TGT    3,1,0,0; 1,2,1,1; 0,0,3,2; 2,3,2,3
666.6987 	 	RESP   0 L1 ANSWER -3
666.6987 	 	FEEDB  FAIL 0 of 5
667.7488 	 	CUE
668.2650 	 	STIM   2, 2, 3, 0 RULE L1
668.6153 	 	TGT    3,1,0,0; 1,2,1,1; 0,0,3,2; 2,3,2,3
696.3238 	 	RESP   0 L1 ANSWER -1
696.3238 	 	FEEDB  FAIL 0 of 5
697.3730 	 	CUE
697.8862 	 	STIM   2, 0, 0, 1 RULE L1
698.2359 	 	TGT    3,1,0,0; 1,2,1,1; 0,0,3,2; 2,3,2,3
704.4637 	 	RESP   0 L1 ANSWER -3
704.4637 	 	FEEDB  FAIL 0 of 5
705.5331 	 	CUE
706.0504 	 	STIM   1, 1, 3, 3 RULE L1
706.4009 	 	TGT    3,1,0,0; 1,2,1,1; 0,0,3,2; 2,3,2,3
709.7492 	 	RESP   0 L1 ANSWER -1
709.7492 	 	FEEDB  FAIL 0 of 5
710.7941 	 	CUE
711.3104 	 	STIM   0, 1, 1, 3 RULE L1
711.6608 	 	TGT    3,1,0,0; 1,2,1,1; 0,0,3,2; 2,3,2,3
731.9697 	 	RESP   1 L1 ANSWER 2
731.9697 	 	FEEDB  CORRECT 1 of 5
733.0179 	 	CUE
733.5346 	 	STIM   1, 3, 0, 2 RULE L1
733.8843 	 	TGT    3,1,0,0; 1,2,1,1; 0,0,3,2; 2,3,2,3
745.9947 	 	RESP   1 L1 ANSWER 1
745.9948 	 	FEEDB  CORRECT 2 of 5
747.0436 	 	CUE
747.5603 	 	STIM   3, 2, 2, 2 RULE L1
747.9101 	 	TGT    3,1,0,0; 1,2,1,1; 0,0,3,2; 2,3,2,3
753.6952 	 	RESP   1 L1 ANSWER 4
753.6953 	 	FEEDB  CORRECT 3 of 5
754.7414 	 	CUE
755.2576 	 	STIM   2, 2, 3, 0 RULE L1
755.6078 	 	TGT    3,1,0,0; 1,2,1,1; 0,0,3,2; 2,3,2,3
765.3852 	 	RESP   1 L1 ANSWER 3
765.3852 	 	FEEDB  CORRECT 4 of 5
766.4293 	 	CUE
766.9455 	 	STIM   1, 0, 2, 0 RULE L1
767.2957 	 	TGT    3,1,0,0; 1,2,1,1; 0,0,3,2; 2,3,2,3
771.8377 	 	RESP   1 L1 ANSWER 4
771.8377 	 	FEEDB  CORRECT 5 of 5
772.9061 	 	CUE
773.4239 	 	STIM   0, 2, 2, 0 RULE G1
773.7742 	 	TGT    3,1,0,0; 1,2,1,1; 0,0,3,2; 2,3,2,3
777.1712 	 	RESP   0 G1 ANSWER -2
777.1712 	 	FEEDB  FAIL 0 of 5
778.2174 	 	CUE
778.7339 	 	STIM   2, 2, 3, 0 RULE G1
779.0839 	 	TGT    3,1,0,0; 1,2,1,1; 0,0,3,2; 2,3,2,3
783.3442 	 	RESP   1 G1 ANSWER 4
783.3442 	 	FEEDB  CORRECT 1 of 5
784.3955 	 	CUE
784.9116 	 	STIM   0, 3, 1, 0 RULE G1
785.2620 	 	TGT    3,1,0,0; 1,2,1,1; 0,0,3,2; 2,3,2,3
787.7420 	 	RESP   1 G1 ANSWER 3
787.7421 	 	FEEDB  CORRECT 2 of 5
788.7853 	 	CUE
789.3030 	 	STIM   0, 3, 1, 0 RULE G1
789.6534 	 	TGT    3,1,0,0; 1,2,1,1; 0,0,3,2; 2,3,2,3
791.4282 	 	RESP   1 G1 ANSWER 3
791.4282 	 	FEEDB  CORRECT 3 of 5
792.4770 	 	CUE
792.9931 	 	STIM   0, 3, 0, 1 RULE G1
793.3434 	 	TGT    3,1,0,0; 1,2,1,1; 0,0,3,2; 2,3,2,3
800.2798 	 	RESP   1 G1 ANSWER 3
800.2798 	 	FEEDB  CORRECT 4 of 5
801.3264 	 	CUE
801.8426 	 	STIM   2, 2, 3, 0 RULE G1
802.1929 	 	TGT    3,1,0,0; 1,2,1,1; 0,0,3,2; 2,3,2,3
806.0210 	 	RESP   0 G1 ANSWER -2
806.0210 	 	FEEDB  FAIL 4 of 5
807.0856 	 	CUE
807.6035 	 	STIM   2, 1, 3, 1 RULE G1
807.9533 	 	TGT    3,1,0,0; 1,2,1,1; 0,0,3,2; 2,3,2,3
809.8747 	 	RESP   1 G1 ANSWER 4
809.8747 	 	FEEDB  CORRECT 5 of 5
810.9272 	 	CUE
811.4438 	 	STIM   2, 2, 0, 2 RULE L2
811.7937 	 	TGT    3,1,0,0; 1,2,1,1; 0,0,3,2; 2,3,2,3
812.7853 	 	RESP   0 L2 ANSWER -4
812.7853 	 	FEEDB  FAIL 0 of 7
813.8477 	 	CUE
814.3658 	 	STIM   3, 3, 3, 1 RULE L2
814.7160 	 	TGT    3,1,0,0; 1,2,1,1; 0,0,3,2; 2,3,2,3
821.3172 	 	RESP   1 L2 ANSWER 2
821.3172 	 	FEEDB  CORRECT 1 of 7
822.3650 	 	CUE
822.8811 	 	STIM   1, 1, 2, 2 RULE L2
823.2314 	 	TGT    3,1,0,0; 1,2,1,1; 0,0,3,2; 2,3,2,3
826.3147 	 	RESP   0 L2 ANSWER -1
826.3148 	 	FEEDB  FAIL 1 of 7
827.3609 	 	CUE
827.8751 	 	STIM   0, 3, 0, 1 RULE L2
828.2239 	 	TGT    3,1,0,0; 1,2,1,1; 0,0,3,2; 2,3,2,3
831.3205 	 	RESP   0 L2 ANSWER -4
831.3205 	 	FEEDB  FAIL 1 of 7
832.3680 	 	CUE
832.8828 	 	STIM   0, 2, 0, 3 RULE L2
833.2331 	 	TGT    3,1,0,0; 1,2,1,1; 0,0,3,2; 2,3,2,3
835.7978 	 	RESP   0 L2 ANSWER -2
835.7978 	 	FEEDB  FAIL 1 of 7
836.8412 	 	CUE
837.3578 	 	STIM   3, 2, 2, 2 RULE L2
837.7080 	 	TGT    3,1,0,0; 1,2,1,1; 0,0,3,2; 2,3,2,3
847.0563 	 	RESP   0 L2 ANSWER -1
847.0563 	 	FEEDB  FAIL 1 of 7
848.1273 	 	CUE
848.6451 	 	STIM   0, 1, 2, 1 RULE L2
848.9952 	 	TGT    3,1,0,0; 1,2,1,1; 0,0,3,2; 2,3,2,3
851.1663 	 	RESP   1 L2 ANSWER 2
851.1663 	 	FEEDB  CORRECT 2 of 7
852.2349 	 	CUE
852.7524 	 	STIM   0, 3, 0, 1 RULE L2
853.1027 	 	TGT    3,1,0,0; 1,2,1,1; 0,0,3,2; 2,3,2,3
854.9643 	 	RESP   1 L2 ANSWER 2
854.9643 	 	FEEDB  CORRECT 3 of 7
856.0097 	 	CUE
856.5264 	 	STIM   3, 0, 1, 3 RULE L2
856.8762 	 	TGT    3,1,0,0; 1,2,1,1; 0,0,3,2; 2,3,2,3
858.3387 	 	RESP   0 L2 ANSWER -2
858.3387 	 	FEEDB  FAIL 3 of 7
859.3816 	 	CUE
859.8989 	 	STIM   3, 2, 3, 3 RULE L2
860.2492 	 	TGT    3,1,0,0; 1,2,1,1; 0,0,3,2; 2,3,2,3
861.9768 	 	RESP   1 L2 ANSWER 4
861.9768 	 	FEEDB  CORRECT 4 of 7
863.0226 	 	CUE
863.5392 	 	STIM   3, 2, 3, 3 RULE L2
863.8891 	 	TGT    3,1,0,0; 1,2,1,1; 0,0,3,2; 2,3,2,3
864.9351 	 	RESP   1 L2 ANSWER 4
864.9351 	 	FEEDB  CORRECT 5 of 7
865.9764 	 	CUE
866.4947 	 	STIM   0, 1, 2, 1 RULE L2
866.8443 	 	TGT    3,1,0,0; 1,2,1,1; 0,0,3,2; 2,3,2,3
868.4057 	 	RESP   1 L2 ANSWER 2
868.4057 	 	FEEDB  CORRECT 6 of 7
869.4512 	 	CUE
869.9673 	 	STIM   2, 0, 1, 0 RULE L2
870.3177 	 	TGT    3,1,0,0; 1,2,1,1; 0,0,3,2; 2,3,2,3
873.1792 	 	RESP   0 L2 ANSWER -3
873.1792 	 	FEEDB  FAIL 6 of 7
874.2265 	 	CUE
874.7429 	 	STIM   2, 1, 3, 1 RULE L2
875.0929 	 	TGT    3,1,0,0; 1,2,1,1; 0,0,3,2; 2,3,2,3
876.3778 	 	RESP   1 L2 ANSWER 2
876.3778 	 	FEEDB  CORRECT 7 of 7
877.4311 	 	CUE
877.9486 	 	STIM   0, 1, 2, 1 RULE G2
878.2989 	 	TGT    3,1,0,0; 1,2,1,1; 0,0,3,2; 2,3,2,3
879.3603 	 	RESP   0 G2 ANSWER -2
879.3603 	 	FEEDB  FAIL 0 of 6
880.4031 	 	CUE
880.9207 	 	STIM   1, 0, 0, 3 RULE G2
881.2710 	 	TGT    3,1,0,0; 1,2,1,1; 0,0,3,2; 2,3,2,3
883.6301 	 	RESP   0 G2 ANSWER -1
883.6302 	 	FEEDB  FAIL 0 of 6
884.6792 	 	CUE
885.1954 	 	STIM   0, 1, 2, 1 RULE G2
885.5456 	 	TGT    3,1,0,0; 1,2,1,1; 0,0,3,2; 2,3,2,3
887.3002 	 	RESP   1 G2 ANSWER 1
887.3002 	 	FEEDB  CORRECT 1 of 6
888.3525 	 	CUE
888.8686 	 	STIM   1, 0, 0, 3 RULE G2
889.2189 	 	TGT    3,1,0,0; 1,2,1,1; 0,0,3,2; 2,3,2,3
899.5103 	 	RESP   0 G2 ANSWER -1
899.5103 	 	FEEDB  FAIL 1 of 6
900.5582 	 	CUE
901.0744 	 	STIM   2, 2, 3, 0 RULE G2
901.4247 	 	TGT    3,1,0,0; 1,2,1,1; 0,0,3,2; 2,3,2,3
902.5488 	 	RESP   1 G2 ANSWER 2
902.5488 	 	FEEDB  CORRECT 2 of 6
903.5956 	 	CUE
904.1133 	 	STIM   0, 3, 1, 0 RULE G2
904.4635 	 	TGT    3,1,0,0; 1,2,1,1; 0,0,3,2; 2,3,2,3
906.1949 	 	RESP   1 G2 ANSWER 4
906.1949 	 	FEEDB  CORRECT 3 of 6
907.2369 	 	CUE
907.7531 	 	STIM   2, 2, 0, 2 RULE G2
908.1033 	 	TGT    3,1,0,0; 1,2,1,1; 0,0,3,2; 2,3,2,3
910.2407 	 	RESP   0 G2 ANSWER -1
910.2408 	 	FEEDB  FAIL 3 of 6
911.2944 	 	CUE
911.8106 	 	STIM   1, 3, 0, 2 RULE G2
912.1608 	 	TGT    3,1,0,0; 1,2,1,1; 0,0,3,2; 2,3,2,3
914.1110 	 	RESP   1 G2 ANSWER 4
914.1110 	 	FEEDB  CORRECT 4 of 6
915.1514 	 	CUE
915.6679 	 	STIM   2, 0, 1, 0 RULE G2
916.0178 	 	TGT    3,1,0,0; 1,2,1,1; 0,0,3,2; 2,3,2,3
918.0767 	 	RESP   0 G2 ANSWER -1
918.0767 	 	FEEDB  FAIL 4 of 6
919.1306 	 	CUE
919.6444 	 	STIM   0, 2, 0, 3 RULE G2
919.9917 	 	TGT    3,1,0,0; 1,2,1,1; 0,0,3,2; 2,3,2,3
924.3300 	 	RESP   0 G2 ANSWER -4
924.3301 	 	FEEDB  FAIL 4 of 6
925.3702 	 	CUE
925.8863 	 	STIM   2, 1, 3, 1 RULE G2
926.2367 	 	TGT    3,1,0,0; 1,2,1,1; 0,0,3,2; 2,3,2,3
931.2865 	 	RESP   1 G2 ANSWER 1
931.2865 	 	FEEDB  CORRECT 5 of 6
932.3329 	 	CUE
932.8491 	 	STIM   0, 3, 0, 1 RULE G2
933.1993 	 	TGT    3,1,0,0; 1,2,1,1; 0,0,3,2; 2,3,2,3
935.0603 	 	RESP   1 G2 ANSWER 4
935.0603 	 	FEEDB  CORRECT 6 of 6
936.1064 	 	CUE
936.6231 	 	STIM   0, 1, 2, 1 RULE L2
936.9728 	 	TGT    3,1,0,0; 1,2,1,1; 0,0,3,2; 2,3,2,3
939.9377 	 	RESP   0 L2 ANSWER -1
939.9377 	 	FEEDB  FAIL 0 of 5
940.9820 	 	CUE
941.4986 	 	STIM   2, 1, 3, 1 RULE L2
941.8484 	 	TGT    3,1,0,0; 1,2,1,1; 0,0,3,2; 2,3,2,3
944.7194 	 	RESP   1 L2 ANSWER 2
944.7194 	 	FEEDB  CORRECT 1 of 5
945.7892 	 	CUE
946.3071 	 	STIM   2, 0, 1, 0 RULE L2
946.6574 	 	TGT    3,1,0,0; 1,2,1,1; 0,0,3,2; 2,3,2,3
948.1337 	 	RESP   1 L2 ANSWER 1
948.1338 	 	FEEDB  CORRECT 2 of 5
949.1803 	 	CUE
949.6967 	 	STIM   3, 2, 3, 3 RULE L2
950.0468 	 	TGT    3,1,0,0; 1,2,1,1; 0,0,3,2; 2,3,2,3
952.8272 	 	RESP   1 L2 ANSWER 4
952.8272 	 	FEEDB  CORRECT 3 of 5
953.8721 	 	CUE
954.3889 	 	STIM   0, 1, 1, 3 RULE L2
954.7386 	 	TGT    3,1,0,0; 1,2,1,1; 0,0,3,2; 2,3,2,3
959.1282 	 	RESP   0 L2 ANSWER -3
959.1282 	 	FEEDB  FAIL 3 of 5
960.1991 	 	CUE
960.7166 	 	STIM   2, 2, 0, 2 RULE L2
961.0670 	 	TGT    3,1,0,0; 1,2,1,1; 0,0,3,2; 2,3,2,3
964.3498 	 	RESP   1 L2 ANSWER 3
964.3498 	 	FEEDB  CORRECT 4 of 5
965.3935 	 	CUE
965.9096 	 	STIM   1, 1, 2, 2 RULE L2
966.2599 	 	TGT    3,1,0,0; 1,2,1,1; 0,0,3,2; 2,3,2,3
967.2762 	 	RESP   1 L2 ANSWER 3
967.2762 	 	FEEDB  CORRECT 5 of 5
968.3308 	 	CUE
968.8483 	 	STIM   1, 1, 3, 3 RULE L1
969.1986 	 	TGT    3,1,0,0; 1,2,1,1; 0,0,3,2; 2,3,2,3
970.5227 	 	RESP   0 L1 ANSWER -1
970.5228 	 	FEEDB  FAIL 0 of 6
971.5701 	 	CUE
972.0877 	 	STIM   1, 3, 3, 0 RULE L1
972.4380 	 	TGT    3,1,0,0; 1,2,1,1; 0,0,3,2; 2,3,2,3
975.5042 	 	RESP   0 L1 ANSWER -4
975.5043 	 	FEEDB  FAIL 0 of 6
976.5473 	 	CUE
977.0635 	 	STIM   1, 1, 2, 2 RULE L1
977.4137 	 	TGT    3,1,0,0; 1,2,1,1; 0,0,3,2; 2,3,2,3
981.2212 	 	RESP   0 L1 ANSWER -1
981.2212 	 	FEEDB  FAIL 0 of 6
982.2896 	 	CUE
982.8069 	 	STIM   0, 3, 1, 0 RULE L1
983.1575 	 	TGT    3,1,0,0; 1,2,1,1; 0,0,3,2; 2,3,2,3
988.6575 	 	RESP   1 L1 ANSWER 2
988.6575 	 	FEEDB  CORRECT 1 of 6
989.7044 	 	CUE
990.2210 	 	STIM   1, 0, 2, 0 RULE L1
990.5712 	 	TGT    3,1,0,0; 1,2,1,1; 0,0,3,2; 2,3,2,3
996.5818 	 	RESP   0 L1 ANSWER -1
996.5818 	 	FEEDB  FAIL 1 of 6
997.6511 	 	CUE
998.1686 	 	STIM   2, 0, 0, 1 RULE L1
998.5192 	 	TGT    3,1,0,0; 1,2,1,1; 0,0,3,2; 2,3,2,3
1002.5468 	 	RESP   0 L1 ANSWER -2
1002.5468 	 	FEEDB  FAIL 1 of 6
1003.6002 	 	CUE
1004.1145 	 	STIM   0, 3, 0, 1 RULE L1
1004.4633 	 	TGT    3,1,0,0; 1,2,1,1; 0,0,3,2; 2,3,2,3
1006.4007 	 	RESP   0 L1 ANSWER -4
1006.4007 	 	FEEDB  FAIL 1 of 6
1007.4538 	 	CUE
1007.9699 	 	STIM   3, 0, 2, 1 RULE L1
1008.3203 	 	TGT    3,1,0,0; 1,2,1,1; 0,0,3,2; 2,3,2,3
1009.1033 	 	RESP   0 L1 ANSWER -1
1009.1033 	 	FEEDB  FAIL 1 of 6
1010.1573 	 	CUE
1010.6748 	 	STIM   2, 1, 3, 1 RULE L1
1011.0251 	 	TGT    3,1,0,0; 1,2,1,1; 0,0,3,2; 2,3,2,3
1011.9898 	 	RESP   0 L1 ANSWER -4
1011.9898 	 	FEEDB  FAIL 1 of 6
1013.0305 	 	CUE
1013.5472 	 	STIM   1, 3, 0, 2 RULE L1
1013.8970 	 	TGT    3,1,0,0; 1,2,1,1; 0,0,3,2; 2,3,2,3
1019.0822 	 	RESP   1 L1 ANSWER 1
1019.0822 	 	FEEDB  CORRECT 2 of 6
1020.1269 	 	CUE
1020.6433 	 	STIM   3, 0, 1, 3 RULE L1
1020.9933 	 	TGT    3,1,0,0; 1,2,1,1; 0,0,3,2; 2,3,2,3
1023.8078 	 	RESP   0 L1 ANSWER -4
1023.8078 	 	FEEDB  FAIL 2 of 6
1024.8520 	 	CUE
1025.3687 	 	STIM   0, 1, 1, 3 RULE L1
1025.7185 	 	TGT    3,1,0,0; 1,2,1,1; 0,0,3,2; 2,3,2,3
1027.3102 	 	RESP   0 L1 ANSWER -3
1027.3102 	 	FEEDB  FAIL 2 of 6
1028.3587 	 	CUE
1028.8749 	 	STIM   0, 1, 1, 3 RULE L1
1029.2253 	 	TGT    3,1,0,0; 1,2,1,1; 0,0,3,2; 2,3,2,3
1037.3612 	 	RESP   0 L1 ANSWER -1
1037.3612 	 	FEEDB  FAIL 2 of 6
1038.4105 	 	CUE
1038.9267 	 	STIM   0, 3, 1, 0 RULE L1
1039.2769 	 	TGT    3,1,0,0; 1,2,1,1; 0,0,3,2; 2,3,2,3
1041.5193 	 	RESP   0 L1 ANSWER -3
1041.5193 	 	FEEDB  FAIL 2 of 6
1042.5682 	 	CUE
1043.0843 	 	STIM   1, 3, 0, 2 RULE L1
1043.4347 	 	TGT    3,1,0,0; 1,2,1,1; 0,0,3,2; 2,3,2,3
1046.1487 	 	RESP   0 L1 ANSWER -3
1046.1487 	 	FEEDB  FAIL 2 of 6
1047.1965 	 	CUE
1047.7108 	 	STIM   0, 3, 0, 1 RULE L1
1048.0596 	 	TGT    3,1,0,0; 1,2,1,1; 0,0,3,2; 2,3,2,3
1049.5951 	 	RESP   0 L1 ANSWER -2
1049.5952 	 	FEEDB  FAIL 2 of 6
1050.6494 	 	CUE
1051.1658 	 	STIM   2, 1, 1, 2 RULE L1
1051.5162 	 	TGT    3,1,0,0; 1,2,1,1; 0,0,3,2; 2,3,2,3
1054.3288 	 	RESP   0 L1 ANSWER -4
1054.3288 	 	FEEDB  FAIL 2 of 6
1055.3748 	 	CUE
1055.8911 	 	STIM   2, 0, 1, 0 RULE L1
1056.2414 	 	TGT    3,1,0,0; 1,2,1,1; 0,0,3,2; 2,3,2,3
1057.0152 	 	RESP   0 L1 ANSWER -4
1057.0153 	 	FEEDB  FAIL 2 of 6
1058.0616 	 	CUE
1058.5793 	 	STIM   2, 2, 3, 0 RULE L1
1058.9295 	 	TGT    3,1,0,0; 1,2,1,1; 0,0,3,2; 2,3,2,3
1061.5653 	 	RESP   0 L1 ANSWER -2
1061.5653 	 	FEEDB  FAIL 2 of 6
1062.6366 	 	CUE
1063.1542 	 	STIM   3, 2, 2, 2 RULE L1
1063.5048 	 	TGT    3,1,0,0; 1,2,1,1; 0,0,3,2; 2,3,2,3
1071.5842 	 	RESP   1 L1 ANSWER 4
1071.5842 	 	FEEDB  CORRECT 3 of 6
1072.6549 	 	CUE
1073.1726 	 	STIM   1, 1, 3, 3 RULE L1
1073.5232 	 	TGT    3,1,0,0; 1,2,1,1; 0,0,3,2; 2,3,2,3
1075.2302 	 	RESP   1 L1 ANSWER 3
1075.2302 	 	FEEDB  CORRECT 4 of 6
1076.2797 	 	CUE
1076.7960 	 	STIM   3, 0, 1, 3 RULE L1
1077.1463 	 	TGT    3,1,0,0; 1,2,1,1; 0,0,3,2; 2,3,2,3
1077.9567 	 	RESP   0 L1 ANSWER -1
1077.9567 	 	FEEDB  FAIL 4 of 6
1078.9999 	 	CUE
1079.5177 	 	STIM   1, 0, 2, 0 RULE L1
1079.8677 	 	TGT    3,1,0,0; 1,2,1,1; 0,0,3,2; 2,3,2,3
1082.4348 	 	RESP   0 L1 ANSWER -2
1082.4348 	 	FEEDB  FAIL 4 of 6
1083.4764 	 	CUE
1083.9925 	 	STIM   1, 3, 0, 2 RULE L1
1084.3428 	 	TGT    3,1,0,0; 1,2,1,1; 0,0,3,2; 2,3,2,3
1117.6647 	 	RESP   0 L1 ANSWER -2
1117.6648 	 	FEEDB  FAIL 4 of 6
1118.7072 	 	CUE
1119.2238 	 	STIM   0, 3, 1, 0 RULE L1
1119.5739 	 	TGT    3,1,0,0; 1,2,1,1; 0,0,3,2; 2,3,2,3
1127.8838 	 	RESP   0 L1 ANSWER -1
1127.8838 	 	FEEDB  FAIL 4 of 6
1128.9260 	 	CUE
1129.4427 	 	STIM   0, 3, 0, 1 RULE L1
1129.7925 	 	TGT    3,1,0,0; 1,2,1,1; 0,0,3,2; 2,3,2,3
1132.0897 	 	RESP   0 L1 ANSWER -4
1132.0898 	 	FEEDB  FAIL 4 of 6
1133.1338 	 	CUE
1133.6500 	 	STIM   0, 3, 1, 0 RULE L1
1134.0003 	 	TGT    3,1,0,0; 1,2,1,1; 0,0,3,2; 2,3,2,3
1135.1362 	 	RESP   0 L1 ANSWER -3
1135.1363 	 	FEEDB  FAIL 4 of 6
1136.1879 	 	CUE
1136.7055 	 	STIM   0, 1, 2, 1 RULE L1
1137.0559 	 	TGT    3,1,0,0; 1,2,1,1; 0,0,3,2; 2,3,2,3
1138.7902 	 	RESP   0 L1 ANSWER -1
1138.7902 	 	FEEDB  FAIL 4 of 6
1139.8497 	 	CUE
1140.3641 	 	STIM   0, 3, 0, 1 RULE L1
1140.7124 	 	TGT    3,1,0,0; 1,2,1,1; 0,0,3,2; 2,3,2,3
1144.0997 	 	RESP   0 L1 ANSWER -2
1144.0997 	 	FEEDB  FAIL 4 of 6
1145.1711 	 	CUE
1145.6885 	 	STIM   3, 3, 3, 1 RULE L1
1146.0390 	 	TGT    3,1,0,0; 1,2,1,1; 0,0,3,2; 2,3,2,3
1147.6977 	 	RESP   0 L1 ANSWER -4
1147.6978 	 	FEEDB  FAIL 4 of 6
1148.7455 	 	CUE
1149.2621 	 	STIM   0, 1, 2, 1 RULE L1
1149.6121 	 	TGT    3,1,0,0; 1,2,1,1; 0,0,3,2; 2,3,2,3
1151.9438 	 	RESP   0 L1 ANSWER -2
1151.9438 	 	FEEDB  FAIL 4 of 6
1152.9867 	 	CUE
1153.5034 	 	STIM   0, 2, 0, 3 RULE L1
1153.8532 	 	TGT    3,1,0,0; 1,2,1,1; 0,0,3,2; 2,3,2,3
1162.8583 	 	RESP   1 L1 ANSWER 1
1162.8583 	 	FEEDB  CORRECT 5 of 6
1163.9067 	 	CUE
1164.4234 	 	STIM   1, 1, 2, 2 RULE L1
1164.7731 	 	TGT    3,1,0,0; 1,2,1,1; 0,0,3,2; 2,3,2,3
1166.2968 	 	RESP   1 L1 ANSWER 4
1166.2968 	 	FEEDB  CORRECT 6 of 6
1167.3621 	 	CUE
1167.8794 	 	STIM   3, 0, 2, 1 RULE G2
1168.2297 	 	TGT    3,1,0,0; 1,2,1,1; 0,0,3,2; 2,3,2,3
1169.0873 	 	RESP   0 G2 ANSWER -1
1169.0873 	 	FEEDB  FAIL 0 of 7
1170.1334 	 	CUE
1170.6508 	 	STIM   3, 0, 1, 3 RULE G2
1171.0013 	 	TGT    3,1,0,0; 1,2,1,1; 0,0,3,2; 2,3,2,3
1173.2613 	 	RESP   0 G2 ANSWER -2
1173.2613 	 	FEEDB  FAIL 0 of 7
1174.3093 	 	CUE
1174.8255 	 	STIM   0, 1, 2, 1 RULE G2
1175.1757 	 	TGT    3,1,0,0; 1,2,1,1; 0,0,3,2; 2,3,2,3
1176.0038 	 	RESP   0 G2 ANSWER -3
1176.0038 	 	FEEDB  FAIL 0 of 7
1177.0461 	 	CUE
1177.5636 	 	STIM   0, 2, 0, 3 RULE G2
1177.9140 	 	TGT    3,1,0,0; 1,2,1,1; 0,0,3,2; 2,3,2,3
1178.7703 	 	RESP   0 G2 ANSWER -3
1178.7703 	 	FEEDB  FAIL 0 of 7
1179.8191 	 	CUE
1180.3358 	 	STIM   0, 2, 2, 0 RULE G2
1180.6856 	 	TGT    3,1,0,0; 1,2,1,1; 0,0,3,2; 2,3,2,3
1181.5451 	 	RESP   0 G2 ANSWER -3
1181.5451 	 	FEEDB  FAIL 0 of 7
1182.5895 	 	CUE
1183.1072 	 	STIM   2, 1, 3, 1 RULE G2
1183.4578 	 	TGT    3,1,0,0; 1,2,1,1; 0,0,3,2; 2,3,2,3
1184.1518 	 	RESP   0 G2 ANSWER -4
1184.1518 	 	FEEDB  FAIL 0 of 7
1185.1944 	 	CUE
1185.7117 	 	STIM   0, 1, 1, 3 RULE G2
1186.0622 	 	TGT    3,1,0,0; 1,2,1,1; 0,0,3,2; 2,3,2,3
1186.8702 	 	RESP   0 G2 ANSWER -3
1186.8703 	 	FEEDB  FAIL 0 of 7
1187.9173 	 	CUE
1188.4340 	 	STIM   1, 3, 0, 2 RULE G2
1188.7838 	 	TGT    3,1,0,0; 1,2,1,1; 0,0,3,2; 2,3,2,3
1194.7783 	 	RESP   0 G2 ANSWER -2
1194.7783 	 	FEEDB  FAIL 0 of 7
1195.8470 	 	CUE
1196.3650 	 	STIM   2, 2, 0, 2 RULE G2
1196.7149 	 	TGT    3,1,0,0; 1,2,1,1; 0,0,3,2; 2,3,2,3
1197.2573 	 	RESP   0 G2 ANSWER -4
1197.2573 	 	FEEDB  FAIL 0 of 7
1198.3032 	 	CUE
1198.8193 	 	STIM   0, 2, 0, 3 RULE G2
1199.1697 	 	TGT    3,1,0,0; 1,2,1,1; 0,0,3,2; 2,3,2,3
1204.0858 	 	RESP   0 G2 ANSWER -1
1204.0858 	 	FEEDB  FAIL 0 of 7
1205.1323 	 	CUE
1205.6484 	 	STIM   1, 0, 2, 0 RULE G2
1205.9988 	 	TGT    3,1,0,0; 1,2,1,1; 0,0,3,2; 2,3,2,3
1207.0603 	 	RESP   0 G2 ANSWER -1
1207.0603 	 	FEEDB  FAIL 0 of 7
1208.1030 	 	CUE
1208.6205 	 	STIM   3, 2, 3, 3 RULE G2
1208.9708 	 	TGT    3,1,0,0; 1,2,1,1; 0,0,3,2; 2,3,2,3
1210.0188 	 	RESP   1 G2 ANSWER 2
1210.0188 	 	FEEDB  CORRECT 1 of 7
1211.0583 	 	CUE
1211.5761 	 	STIM   0, 3, 0, 1 RULE G2
1211.9262 	 	TGT    3,1,0,0; 1,2,1,1; 0,0,3,2; 2,3,2,3
1212.9293 	 	RESP   1 G2 ANSWER 4
1212.9293 	 	FEEDB  CORRECT 2 of 7
1213.9804 	 	CUE
1214.4985 	 	STIM   0, 3, 0, 1 RULE G2
1214.8483 	 	TGT    3,1,0,0; 1,2,1,1; 0,0,3,2; 2,3,2,3
1215.6079 	 	RESP   1 G2 ANSWER 4
1215.6080 	 	FEEDB  CORRECT 3 of 7
1216.6518 	 	CUE
1217.1696 	 	STIM   3, 0, 1, 3 RULE G2
1217.5200 	 	TGT    3,1,0,0; 1,2,1,1; 0,0,3,2; 2,3,2,3
1219.2783 	 	RESP   1 G2 ANSWER 3
1219.2783 	 	FEEDB  CORRECT 4 of 7
1220.3269 	 	CUE
1220.8431 	 	STIM   2, 1, 1, 2 RULE G2
1221.1933 	 	TGT    3,1,0,0; 1,2,1,1; 0,0,3,2; 2,3,2,3
1222.1328 	 	RESP   1 G2 ANSWER 1
1222.1328 	 	FEEDB  CORRECT 5 of 7
1223.1807 	 	CUE
1223.7043 	 	STIM   2, 0, 1, 0 RULE G2
1224.0484 	 	TGT    3,1,0,0; 1,2,1,1; 0,0,3,2; 2,3,2,3
1225.2672 	 	RESP   1 G2 ANSWER 3
1225.2672 	 	FEEDB  CORRECT 6 of 7
1226.3198 	 	CUE
1226.8373 	 	STIM   2, 0, 0, 1 RULE G2
1227.1877 	 	TGT    3,1,0,0; 1,2,1,1; 0,0,3,2; 2,3,2,3
1228.9533 	 	RESP   1 G2 ANSWER 3
1228.9534 	 	FEEDB  CORRECT 7 of 7
1229.9944 	 	CUE
1230.5110 	 	STIM   1, 1, 2, 2 RULE G1
1230.8609 	 	TGT    3,1,0,0; 1,2,1,1; 0,0,3,2; 2,3,2,3
1231.9839 	 	RESP   0 G1 ANSWER -1
1231.9839 	 	FEEDB  FAIL 0 of 7
1233.0319 	 	CUE
1233.5498 	 	STIM   1, 0, 0, 3 RULE G1
1233.8998 	 	TGT    3,1,0,0; 1,2,1,1; 0,0,3,2; 2,3,2,3
1238.1487 	 	RESP   1 G1 ANSWER 2
1238.1488 	 	FEEDB  CORRECT 1 of 7
1239.1947 	 	CUE
1239.7108 	 	STIM   0, 2, 2, 0 RULE G1
1240.0612 	 	TGT    3,1,0,0; 1,2,1,1; 0,0,3,2; 2,3,2,3
1241.2913 	 	RESP   0 G1 ANSWER -1
1241.2913 	 	FEEDB  FAIL 1 of 7
1242.3324 	 	CUE
1242.8500 	 	STIM   0, 3, 0, 1 RULE G1
1243.2003 	 	TGT    3,1,0,0; 1,2,1,1; 0,0,3,2; 2,3,2,3
1244.8653 	 	RESP   0 G1 ANSWER -2
1244.8653 	 	FEEDB  FAIL 1 of 7
1245.9069 	 	CUE
1246.4235 	 	STIM   2, 1, 1, 2 RULE G1
1246.7733 	 	TGT    3,1,0,0; 1,2,1,1; 0,0,3,2; 2,3,2,3
1248.4797 	 	RESP   1 G1 ANSWER 4
1248.4797 	 	FEEDB  CORRECT 2 of 7
1249.5355 	 	CUE
1250.0491 	 	STIM   0, 3, 0, 1 RULE G1
1250.3969 	 	TGT    3,1,0,0; 1,2,1,1; 0,0,3,2; 2,3,2,3
1251.6697 	 	RESP   1 G1 ANSWER 3
1251.6697 	 	FEEDB  CORRECT 3 of 7
1252.7178 	 	CUE
1253.2359 	 	STIM   0, 1, 1, 3 RULE G1
1253.5856 	 	TGT    3,1,0,0; 1,2,1,1; 0,0,3,2; 2,3,2,3
1255.7398 	 	RESP   1 G1 ANSWER 3
1255.7398 	 	FEEDB  CORRECT 4 of 7
1256.7934 	 	CUE
1257.3101 	 	STIM   1, 1, 3, 3 RULE G1
1257.6598 	 	TGT    3,1,0,0; 1,2,1,1; 0,0,3,2; 2,3,2,3
1266.9263 	 	RESP   1 G1 ANSWER 2
1266.9263 	 	FEEDB  CORRECT 5 of 7
1267.9959 	 	CUE
1268.5135 	 	STIM   0, 3, 1, 0 RULE G1
1268.8638 	 	TGT    3,1,0,0; 1,2,1,1; 0,0,3,2; 2,3,2,3
1274.8823 	 	RESP   0 G1 ANSWER -1
1274.8823 	 	FEEDB  FAIL 5 of 7
1275.9285 	 	CUE
1276.4453 	 	STIM   0, 1, 2, 1 RULE G1
1276.7950 	 	TGT    3,1,0,0; 1,2,1,1; 0,0,3,2; 2,3,2,3
1277.6647 	 	RESP   1 G1 ANSWER 3
1277.6647 	 	FEEDB  CORRECT 6 of 7
1278.7154 	 	CUE
1279.2333 	 	STIM   1, 3, 0, 2 RULE G1
1279.5833 	 	TGT    3,1,0,0; 1,2,1,1; 0,0,3,2; 2,3,2,3
1281.0393 	 	RESP   1 G1 ANSWER 2
1281.0393 	 	FEEDB  CORRECT 7 of 7
1282.0734 	 	Running set .\configs\sets\letterDJLU_patch.json
1282.0736 	 	Using deck: 0: 1,1,0,0 | 1: 3,2,0,0 | 2: 0,3,0,0 | 3: 2,0,0,0 
1478.2657 	 	CUE
1478.7820 	 	STIM   3, 3, 0, 0 RULE G1
1479.1322 	 	TGT    3,1,0,0; 2,2,0,0; 1,3,0,0; 0,0,0,0
1556.9173 	 	RESP   0 G1 ANSWER -2
1556.9173 	 	FEEDB  FAIL 0 of 5
1557.9649 	 	CUE
1558.4792 	 	STIM   0, 3, 0, 0 RULE G1
1558.8279 	 	TGT    3,1,0,0; 2,2,0,0; 1,3,0,0; 0,0,0,0
1559.3245 	 	Running set .\configs\sets\face2_patch.json
1559.3247 	 	Using deck: 0: 1,0,0,0 | 1: 0,2,0,0 | 2: 2,3,0,0 | 3: 3,1,0,0 
1560.1976 	 	CUE
1560.7150 	 	STIM   2, 0, 0, 0 RULE G1
1561.0655 	 	TGT    3,0,0,0; 1,2,0,0; 0,3,0,0; 2,1,0,0
1561.7002 	 	Running set .\configs\sets\face4_patch.json
1561.7004 	 	Using deck: 0: 2,0,0,0 | 1: 3,1,0,0 | 2: 1,3,0,0 | 3: 0,2,0,0 
1561.9375 	 	CUE
1562.4520 	 	STIM   0, 1, 0, 0 RULE G2
1562.8019 	 	TGT    0,0,0,0; 2,1,0,0; 3,3,0,0; 1,2,0,0
1562.8585 	 	Running set .\configs\sets\letterCGOQ_patch.json
1562.8588 	 	Using deck: 0: 1,0,0,0 | 1: 0,3,0,0 | 2: 2,1,0,0 | 3: 3,2,0,0 
1563.2699 	 	CUE
1563.7873 	 	STIM   0, 0, 0, 0 RULE G1
1564.1378 	 	TGT    3,0,0,0; 1,3,0,0; 0,1,0,0; 2,2,0,0
